2.639129816088825464e-04 -2.411327213048934937e-01 -2.614730298519134521e-01 -2.772702872753143311e-01 1.116584241390228271e-01 -2.882405519485473633e-01 2.960266470909118652e-01
-3.621031641960144043e-01 -3.293365538120269775e-01 2.000046819448471069e-01 -3.480862081050872803e-01 -2.612592279911041260e-01 -2.321517318487167358e-01 -3.405973017215728760e-01
3.220519125461578369e-01 -1.070931786671280861e-03 -3.721674904227256775e-02 1.702217608690261841e-01 3.432048261165618896e-01 -1.540224999189376831e-01 -1.371991336345672607e-01
-3.277351558208465576e-01 -2.077844738960266113e-01 -8.898650854825973511e-02 -7.505201548337936401e-02 -2.404216676950454712e-01 -2.969302535057067871e-01 1.206742748618125916e-01
-3.019174635410308838e-01 1.660308092832565308e-01 -1.459676325321197510e-01 2.344202399253845215e-01 1.181092038750648499e-01 5.356426816433668137e-03 1.395343244075775146e-01
-1.048720851540565491e-01 1.139946207404136658e-01 -3.140700757503509521e-01 2.866306900978088379e-02 7.703699916601181030e-02 -1.678755283355712891e-01 -1.804618537425994873e-01
-1.994713097810745239e-01 1.860473006963729858e-01 -9.677784144878387451e-02 2.290989160537719727e-01 -4.521081689745187759e-03 1.586812199093401432e-03 2.659476101398468018e-01
3.199275434017181396e-01 -2.467544078826904297e-01 -3.350435793399810791e-01 -2.941007912158966064e-01 -3.483159244060516357e-01 2.856253981590270996e-01 -3.081045150756835938e-01
3.652530908584594727e-01 2.500427067279815674e-01 2.545148134231567383e-01 -2.695680260658264160e-01 -3.252784907817840576e-01 2.220836579799652100e-01 5.960600078105926514e-02
3.902933746576309204e-02 3.324114903807640076e-02 -2.254011034965515137e-01 3.323429226875305176e-01 -1.195013970136642456e-01 1.800461709499359131e-01 -2.120704352855682373e-01
1.951644420623779297e-01 2.909709811210632324e-01 2.387240678071975708e-01 -2.053341269493103027e-01 7.192500634118914604e-04 -1.056470423936843872e-01 -7.204713672399520874e-02
-1.987992674112319946e-01 3.530814647674560547e-01 -3.055685162544250488e-01 3.094395697116851807e-01 2.468744851648807526e-02 2.763203904032707214e-02 2.854279577732086182e-01
3.687875568866729736e-01 -4.885853826999664307e-02 2.177940011024475098e-01 2.496205717325210571e-01 2.120684646070003510e-02 3.360352218151092529e-01 -9.478285908699035645e-02
1.446577161550521851e-01 -1.885676234960556030e-01 -3.594843447208404541e-01 1.747914031147956848e-02 -3.390176594257354736e-01 -2.598152160644531250e-01 3.065389394760131836e-01
-2.873072028160095215e-01 -2.165423780679702759e-01 2.135898470878601074e-01 -1.358462125062942505e-01 1.402077525854110718e-01 1.529936343431472778e-01 3.347467780113220215e-01
9.589416533708572388e-02 -2.224705517292022705e-01 -2.181948274374008179e-01 -1.343060880899429321e-01 -2.747771143913269043e-01 1.975752860307693481e-01 -3.601886928081512451e-01
-6.763510406017303467e-02 -1.105252653360366821e-01 -1.438912600278854370e-01 -4.782889783382415771e-02 -2.285037189722061157e-01 2.230885177850723267e-01 -2.632090449333190918e-01
1.787929534912109375e-01 -3.660962283611297607e-01 2.906209826469421387e-01 2.450177520513534546e-01 3.485994338989257812e-01 -2.204991728067398071e-01 2.643797397613525391e-01
-3.113188147544860840e-01 2.712216377258300781e-01 5.828500539064407349e-02 -2.147850096225738525e-01 4.301051795482635498e-02 3.089985847473144531e-01 1.004428267478942871e-01
-3.120147883892059326e-01 8.310541510581970215e-02 3.594339489936828613e-01 -1.432465165853500366e-01 -5.719766393303871155e-02 -2.787201106548309326e-01 -1.177817061543464661e-01
-5.289585888385772705e-02 2.877330482006072998e-01 2.865093350410461426e-01 3.046462833881378174e-01 5.036797374486923218e-02 -3.625867962837219238e-01 -3.427748382091522217e-01
-2.408921271562576294e-01 1.594916731119155884e-02 -1.395394802093505859e-01 -2.761491388082504272e-02 -1.781241446733474731e-01 3.297958970069885254e-01 1.603204607963562012e-01
1.330492049455642700e-01 1.253798156976699829e-01 -1.595091074705123901e-01 3.362742662429809570e-01 2.118671536445617676e-01 -3.829986155033111572e-01 1.457870155572891235e-01
-8.937241137027740479e-02 3.078345358371734619e-01 -3.076899945735931396e-01 2.511831521987915039e-01 4.483410157263278961e-03 -3.745464980602264404e-01 -2.604039907455444336e-01
-2.480131983757019043e-01 -2.500299215316772461e-01 -3.332540988922119141e-01 -1.587944775819778442e-01 -2.507079243659973145e-01 1.327613145112991333e-01 3.272438943386077881e-01
-2.346644252538681030e-01 2.891162037849426270e-01 -9.076883643865585327e-02 -2.916192635893821716e-02 -1.196959614753723145e-01 3.153335750102996826e-01 -2.226931750774383545e-01
2.750611007213592529e-01 3.338737785816192627e-02 1.224318053573369980e-02 -8.025508373975753784e-02 -9.183170646429061890e-02 -1.478483378887176514e-01 -2.632481753826141357e-01
2.999699413776397705e-01 3.288513720035552979e-01 -1.531492173671722412e-02 -3.844402730464935303e-02 -1.050967024639248848e-03 -2.442913055419921875e-01 -2.327455431222915649e-01
-1.872059404850006104e-01 1.706650853157043457e-01 -2.411924488842487335e-02 -1.504643708467483521e-01 1.717114895582199097e-01 2.658203840255737305e-01 3.623388707637786865e-01
-2.979728281497955322e-01 3.723592162132263184e-01 -3.770209848880767822e-01 -5.189543124288320541e-03 1.963248997926712036e-01 1.231440305709838867e-01 5.131354928016662598e-02
1.428477764129638672e-01 3.064503669738769531e-01 -9.120418690145015717e-03 8.927984535694122314e-02 -3.950120881199836731e-02 -7.085013389587402344e-02 -6.333933025598526001e-02
-2.933109998703002930e-01 1.616708636283874512e-01 2.238141372799873352e-02 2.643414735794067383e-01 -2.783347964286804199e-01 2.840165495872497559e-01 7.756678760051727295e-02
6.355568766593933105e-02 -3.558733761310577393e-01 2.222041040658950806e-01 -7.362665981054306030e-02 -2.937168180942535400e-01 -1.884791813790798187e-02 2.276225388050079346e-01
-1.444675177335739136e-01 2.367958873510360718e-01 4.420402646064758301e-02 -2.259358167648315430e-01 9.261480718851089478e-02 -9.234345704317092896e-02 -9.924963861703872681e-02
3.083979785442352295e-01 -1.599705666303634644e-01 -1.256913542747497559e-01 -1.127883195877075195e-01 4.815483931452035904e-03 2.966899871826171875e-01 -2.078896909952163696e-01
1.100653931498527527e-01 1.915668509900569916e-02 -2.722748816013336182e-01 -1.930367387831211090e-02 7.525465637445449829e-02 -1.522182673215866089e-01 -3.795734643936157227e-01
1.246298328042030334e-01 7.305316627025604248e-02 -2.070515453815460205e-01 -1.349787414073944092e-01 5.766474455595016479e-02 1.963850855827331543e-01 3.884294256567955017e-02
1.985092908143997192e-01 -1.459698081016540527e-01 -2.919880487024784088e-02 -1.054337993264198303e-01 2.019556015729904175e-01 3.390998244285583496e-01 5.375692620873451233e-02
3.136999160051345825e-02 -2.441933900117874146e-01 1.076700463891029358e-01 -3.024379611015319824e-01 2.922767698764801025e-01 -6.060530245304107666e-02 3.687931969761848450e-02
1.333359032869338989e-01 -3.464674949645996094e-01 -2.717766463756561279e-01 -3.562809824943542480e-01 -2.736617028713226318e-01 1.977715790271759033e-01 6.965427100658416748e-02
-3.471730351448059082e-01 -1.153913885354995728e-01 -4.085649922490119934e-02 7.581666857004165649e-02 7.708662655204534531e-03 -1.689808815717697144e-01 2.462140843272209167e-02
1.832334250211715698e-01 -2.147617936134338379e-01 9.324006736278533936e-02 -1.878453642129898071e-01 -3.872141838073730469e-01 -1.266518533229827881e-01 -3.592217266559600830e-01
-5.959392338991165161e-02 3.520074784755706787e-01 2.963111996650695801e-01 1.702026724815368652e-01 3.537253439426422119e-01 -2.184430360794067383e-01 -3.366137146949768066e-01
-1.278605014085769653e-01 -1.107988134026527405e-01 -1.531271263957023621e-03 2.367180287837982178e-01 8.265885524451732635e-03 -2.329000383615493774e-01 -2.851690351963043213e-01
-3.056980967521667480e-01 -1.089531481266021729e-01 -2.401669621467590332e-01 1.030050441622734070e-01 1.743153929710388184e-01 1.717509031295776367e-01 -1.172724664211273193e-01
2.150414735078811646e-01 -2.710651755332946777e-01 -3.198830410838127136e-03 -3.718361258506774902e-01 2.095774412155151367e-01 3.108385801315307617e-01 -1.827670931816101074e-01
2.601429522037506104e-01 -1.229795739054679871e-01 3.364632129669189453e-01 -2.953892648220062256e-01 -1.508702039718627930e-01 -2.583620250225067139e-01 -3.477138876914978027e-01
-2.442462146282196045e-01 -2.442198991775512695e-01 6.116009503602981567e-02 -2.164510488510131836e-01 2.159748822450637817e-01 4.650110378861427307e-02 -2.889330089092254639e-01
3.414779603481292725e-01 -6.755571067333221436e-02 -1.937706470489501953e-01 1.804743111133575439e-01 1.197741329669952393e-01 -3.825674653053283691e-01 1.160143315792083740e-01
3.241065442562103271e-01 -1.255815476179122925e-01 1.665403880178928375e-02 -6.549789011478424072e-02 5.469062924385070801e-02 5.827994644641876221e-02 2.838607728481292725e-01
1.628153026103973389e-01 -3.219271600246429443e-01 2.313675880432128906e-01 -3.257274925708770752e-01 -1.045692414045333862e-01 -2.418894618749618530e-01 -3.536068797111511230e-01
1.300097554922103882e-01 -5.922815762460231781e-04 7.236471772193908691e-02 -2.269794791936874390e-01 3.456754684448242188e-01 -5.359692126512527466e-02 3.300037384033203125e-01
-1.221995148807764053e-02 1.025572791695594788e-02 -1.426475197076797485e-01 -3.421090841293334961e-01 2.608295083045959473e-01 2.884960770606994629e-01 1.879302784800529480e-02
-5.591859668493270874e-02 3.254507184028625488e-01 3.621091842651367188e-01 1.184522882103919983e-01 -1.858713030815124512e-01 1.360392421483993530e-01 2.344071716070175171e-01
2.574631273746490479e-01 3.658206164836883545e-01 3.556934893131256104e-01 -2.229263782501220703e-01 2.666263468563556671e-02 5.676510557532310486e-02 1.960056573152542114e-01
3.861125409603118896e-01 -2.117023617029190063e-01 1.317144036293029785e-01 5.194394290447235107e-02 3.170457780361175537e-01 -2.398817092180252075e-01 -3.732733726501464844e-01
2.436879836022853851e-02 -1.348305046558380127e-01 7.284263521432876587e-02 -3.033055663108825684e-01 -3.132931590080261230e-01 3.269953653216362000e-02 -2.586983144283294678e-01
-3.294750154018402100e-01 3.337289765477180481e-02 2.427695877850055695e-02 -1.688442826271057129e-01 -3.335618972778320312e-02 2.860135138034820557e-01 -2.600784897804260254e-01
2.965165078639984131e-01 -1.294878274202346802e-01 -9.028086811304092407e-02 -2.885263264179229736e-01 2.086337506771087646e-01 -2.103946506977081299e-01 1.982599049806594849e-01
9.374623000621795654e-02 -2.307434827089309692e-01 -9.535332769155502319e-02 -3.196415305137634277e-01 -3.626887500286102295e-01 5.597957223653793335e-02 -1.305022388696670532e-01
3.714468479156494141e-01 -1.470317691564559937e-02 -1.223176568746566772e-01 -1.860204637050628662e-01 2.003102302551269531e-01 2.583643496036529541e-01 8.530317991971969604e-02
2.358397394418716431e-01 -9.220943599939346313e-02 2.198994457721710205e-01 -1.626616418361663818e-01 -1.369783729314804077e-01 3.649539947509765625e-01 -4.292410984635353088e-02
3.584914803504943848e-01 1.990285366773605347e-01 2.066957354545593262e-01 2.520915865898132324e-01 8.405695110559463501e-02 1.616621762514114380e-01 2.644218206405639648e-01
-1.504103094339370728e-01 2.685164473950862885e-02 -2.739072740077972412e-01 1.305681616067886353e-01 -2.271717786788940430e-01 -2.079605460166931152e-01 -3.002021610736846924e-01
-3.254869952797889709e-02 -6.842136383056640625e-02 2.715180218219757080e-01 2.572241127490997314e-01 1.064696256071329117e-02 3.761574327945709229e-01 7.877907902002334595e-02
-1.080123037099838257e-01 2.929664850234985352e-01 -1.433891505002975464e-01 1.425048112869262695e-01 2.438157983124256134e-02 3.468905016779899597e-02 -1.648075506091117859e-02
2.977045476436614990e-01 1.356416493654251099e-01 3.244132995605468750e-01 -1.549896299839019775e-01 -3.191835582256317139e-01 -1.071251332759857178e-01 5.845810472965240479e-02
1.429876834154129028e-01 -3.746313452720642090e-01 -3.459686338901519775e-01 -1.247058510780334473e-01 -1.482331454753875732e-01 6.476868689060211182e-02 2.000320702791213989e-01
-2.344450801610946655e-01 3.230994045734405518e-01 -3.676044344902038574e-01 3.161875605583190918e-01 -4.056796431541442871e-03 1.315894443541765213e-02 -2.125421464443206787e-01
-2.814911007881164551e-01 2.315669953823089600e-01 3.141435384750366211e-01 -2.652922272682189941e-01 -1.572636961936950684e-01 -1.734556853771209717e-01 -2.310438156127929688e-01
-3.504721522331237793e-01 -1.210241094231605530e-01 2.576920688152313232e-01 -2.026738375425338745e-01 -2.029097378253936768e-01 1.409143358469009399e-01 -3.315425813198089600e-01
-1.217073947191238403e-01 7.748042792081832886e-02 4.749389737844467163e-02 -2.589268051087856293e-02 -2.586194276809692383e-01 8.233172446489334106e-02 -1.535681076347827911e-03
-2.061351239681243896e-01 5.778569728136062622e-03 -1.716728955507278442e-01 2.515778541564941406e-01 2.092238701879978180e-02 2.943853139877319336e-01 1.470441493438556790e-04
2.452465891838073730e-01 1.529881805181503296e-01 -6.634361296892166138e-02 2.922929525375366211e-01 3.125618398189544678e-01 1.823550313711166382e-01 6.698183715343475342e-02
-9.599265456199645996e-02 1.432470679283142090e-01 1.661840975284576416e-01 1.805717945098876953e-01 -8.339896798133850098e-03 5.023974552750587463e-02 -1.477251946926116943e-01
3.246185779571533203e-01 1.251260191202163696e-01 2.028060555458068848e-01 -2.831647992134094238e-01 3.165196478366851807e-01 -8.077780716121196747e-03 -1.388247460126876831e-01
-2.112571895122528076e-02 -3.278642594814300537e-01 3.717284500598907471e-01 -3.130646347999572754e-01 -2.556266784667968750e-01 2.291039377450942993e-01 1.941331028938293457e-01
-6.381922215223312378e-02 2.352299168705940247e-02 -2.468484342098236084e-01 4.817474633455276489e-02 -1.112247556447982788e-01 -3.362974524497985840e-01 3.712819516658782959e-02
2.626471221446990967e-01 -8.476521074771881104e-02 1.220271438360214233e-01 -2.422373890876770020e-01 1.669317036867141724e-01 2.708598375320434570e-01 -3.357845544815063477e-01
-4.380125179886817932e-02 2.314238846302032471e-01 3.072670996189117432e-01 -3.574284315109252930e-01 -2.444916032254695892e-02 -3.241733610630035400e-01 8.726553618907928467e-02
3.331095278263092041e-01 -3.469887375831604004e-01 2.468716949224472046e-01 3.264315426349639893e-01 2.216446399688720703e-01 2.384232431650161743e-01 -8.016960322856903076e-02
1.924592256546020508e-01 -2.227340191602706909e-01 2.375814765691757202e-01 -1.710635572671890259e-01 6.157942488789558411e-02 -1.859457790851593018e-01 -1.168105378746986389e-02
2.120336331427097321e-02 3.464809954166412354e-01 3.731116056442260742e-01 -1.529302299022674561e-01 2.480086386203765869e-01 7.847194373607635498e-02 -1.425560265779495239e-01
-1.154164411127567291e-02 -5.906776338815689087e-02 -1.428942978382110596e-01 2.730180919170379639e-01 -4.898945987224578857e-02 5.204301699995994568e-02 -3.457339107990264893e-01
3.505187928676605225e-01 2.984793484210968018e-01 1.118254289031028748e-01 9.463317692279815674e-02 -2.167880535125732422e-01 -3.112812638282775879e-01 1.629991680383682251e-01
-2.511583864688873291e-01 -9.094643406569957733e-03 1.199178174138069153e-01 -1.666129827499389648e-01 -3.221427202224731445e-01 3.000603616237640381e-01 -3.498658835887908936e-01
-2.938305139541625977e-01 7.399307936429977417e-02 7.227370887994766235e-02 -4.328270256519317627e-02 -3.001028895378112793e-01 -3.272747993469238281e-01 -3.206191658973693848e-01
2.437264770269393921e-01 5.192201584577560425e-02 6.645549833774566650e-02 -1.052865386009216309e-02 -4.108926653861999512e-02 1.510086655616760254e-01 -1.815588921308517456e-01
1.148395165801048279e-01 1.928345113992691040e-01 1.437121331691741943e-01 -3.243904411792755127e-01 -4.115622937679290771e-01 3.169982433319091797e-01 -2.761432528495788574e-01
2.889139056205749512e-01 1.120089143514633179e-01 3.550768792629241943e-01 8.355404436588287354e-02 -1.735478341579437256e-01 -1.987419128417968750e-01 1.429940313100814819e-01
3.664466142654418945e-01 1.944717764854431152e-02 -1.341032236814498901e-01 -1.854582130908966064e-01 -1.618605256080627441e-01 2.727959491312503815e-02 3.461680412292480469e-01
2.046598494052886963e-01 2.630762755870819092e-01 2.681084871292114258e-01 -1.159614995121955872e-01 -1.413324028253555298e-01 2.064121514558792114e-01 3.467872440814971924e-01
4.207858443260192871e-02 -2.599744871258735657e-02 3.566299974918365479e-01 -3.293257951736450195e-01 8.729252964258193970e-03 -2.298635840415954590e-01 2.558509111404418945e-01
-3.003285527229309082e-01 3.249363005161285400e-01 1.769260615110397339e-01 3.199804201722145081e-02 1.995475590229034424e-01 1.564372628927230835e-01 1.695962548255920410e-01
2.653005123138427734e-01 1.168625056743621826e-02 1.737718284130096436e-01 1.551104933023452759e-01 -2.713328227400779724e-02 -2.778717279434204102e-01 4.741812869906425476e-02
3.504866957664489746e-01 2.938870787620544434e-01 2.160456627607345581e-01 8.068213611841201782e-02 3.558019399642944336e-01 2.315826416015625000e-01 -3.296023607254028320e-01
2.589702606201171875e-01 -1.351146847009658813e-01 -3.363119661808013916e-01 1.584662199020385742e-01 1.077662557363510132e-01 -2.829293906688690186e-01 2.714225947856903076e-01
3.098118603229522705e-01 1.964493691921234131e-01 -3.586718440055847168e-01 3.673988878726959229e-01 -1.777104735374450684e-01 1.127864420413970947e-01 2.369892299175262451e-01
2.372184991836547852e-01 -3.194120824337005615e-01 -1.947526484727859497e-01 1.609366834163665771e-01 -3.551171720027923584e-01 -2.302435487508773804e-01 3.154911696910858154e-01
-2.495015785098075867e-02 -2.886369228363037109e-01 2.069863379001617432e-01 -1.338351052254438400e-02 -2.404623329639434814e-01 3.336378633975982666e-01 -2.480210214853286743e-01
1.405015438795089722e-01 -2.528708279132843018e-01 1.722378432750701904e-01 -2.015135735273361206e-01 2.853119671344757080e-01 3.243355751037597656e-01 3.104795701801776886e-02
2.829628586769104004e-01 3.703730702400207520e-01 1.815824508666992188e-01 -1.799538731575012207e-01 -1.074701324105262756e-01 -1.094643473625183105e-01 -3.692745864391326904e-01
-2.512277662754058838e-01 -2.916707992553710938e-01 -2.505212426185607910e-01 3.447621166706085205e-01 -3.290501236915588379e-01 1.632812805473804474e-02 1.342176645994186401e-01
-3.084091246128082275e-01 3.587934374809265137e-01 -2.250573188066482544e-01 1.203676871955394745e-02 -1.929087489843368530e-01 -2.069065272808074951e-01 4.639185965061187744e-02
-1.830358952283859253e-01 2.630859315395355225e-01 -2.125441730022430420e-01 -2.765917181968688965e-01 4.739033430814743042e-02 -2.621593773365020752e-01 -4.669810459017753601e-02
1.967759132385253906e-01 -2.920756340026855469e-01 1.908819191157817841e-02 -1.063797473907470703e-01 -1.200691685080528259e-01 2.133503258228302002e-01 -3.557107448577880859e-01
1.229460388422012329e-01 -1.192413419485092163e-01 -2.682129479944705963e-02 6.809378415346145630e-02 3.463724851608276367e-01 3.398796319961547852e-01 2.071361988782882690e-01
1.703329086303710938e-01 1.443584263324737549e-01 3.345863223075866699e-01 -2.347691506147384644e-01 3.632763028144836426e-01 -2.921510338783264160e-01 2.403605133295059204e-01
3.601747155189514160e-01 -3.142571151256561279e-01 9.549942612648010254e-02 -3.046009875833988190e-02 3.100775778293609619e-01 8.938800543546676636e-02 -1.598053872585296631e-01
-3.362253606319427490e-01 -2.633115947246551514e-01 -2.326802462339401245e-01 7.401422411203384399e-02 -2.297394871711730957e-01 1.533835381269454956e-01 1.435745805501937866e-01
9.286992996931076050e-02 2.196466624736785889e-01 1.899983584880828857e-01 1.767789870500564575e-01 3.511707782745361328e-01 9.782210737466812134e-02 4.661834985017776489e-02
5.609692260622978210e-02 -1.324930489063262939e-01 -1.900218278169631958e-01 -3.301097154617309570e-01 2.801669836044311523e-01 3.749887347221374512e-01 2.530602514743804932e-01
3.665969669818878174e-01 -2.252539545297622681e-01 -1.003757119178771973e-01 1.323972791433334351e-01 -1.147225499153137207e-01 1.883611083030700684e-02 2.088840585201978683e-03
2.445401400327682495e-01 5.080343782901763916e-02 -1.565166004002094269e-02 1.748246997594833374e-01 6.677349098026752472e-03 -1.770489662885665894e-02 2.604400515556335449e-01
-3.580900728702545166e-01 2.281750142574310303e-01 -2.930992841720581055e-01 -1.280363555997610092e-02 -1.287224739789962769e-01 5.786404013633728027e-02 7.920776307582855225e-02
5.406247079372406006e-02 -3.080232441425323486e-01 1.862881183624267578e-01 2.369153946638107300e-01 -3.704875707626342773e-01 3.240155279636383057e-01 -4.968909174203872681e-02
-3.204137384891510010e-01 4.305188730359077454e-02 -1.972564458847045898e-01 -1.107984930276870728e-01 2.647134065628051758e-01 -3.184439539909362793e-01 -3.792058229446411133e-01
1.826798766851425171e-01 3.574924468994140625e-01 1.962746381759643555e-01 6.511622667312622070e-02 1.395141333341598511e-01 -2.994088232517242432e-01 -1.443683356046676636e-02
-2.995836138725280762e-01 -9.114093333482742310e-02 -1.511780321598052979e-01 -3.571222722530364990e-02 2.702763676643371582e-01 -2.741883695125579834e-01 1.839552819728851318e-01
-3.191173374652862549e-01 -7.987537235021591187e-02 5.992012470960617065e-02 -1.125623658299446106e-01 -2.148980051279067993e-01 -3.400774598121643066e-01 -3.706838786602020264e-01
3.508419394493103027e-01 -1.410637944936752319e-01 -3.166772723197937012e-01 6.321939080953598022e-02 -1.327735483646392822e-01 -3.708306699991226196e-02 2.210209518671035767e-01
-3.653540313243865967e-01 -2.127486616373062134e-01 2.995162010192871094e-01 -1.938364058732986450e-01 7.572127133607864380e-02 2.836935594677925110e-02 6.868594139814376831e-02
-1.965105347335338593e-02 1.663938909769058228e-01 2.575314640998840332e-01 2.520880401134490967e-01 -9.316376596689224243e-02 -2.348219975829124451e-02 3.397102952003479004e-01
-7.810066640377044678e-02 1.333689093589782715e-01 3.735750615596771240e-01 1.454485058784484863e-01 1.750344634056091309e-01 6.159492582082748413e-02 -1.046308502554893494e-02
2.834323346614837646e-01 -2.809010446071624756e-01 -2.816476523876190186e-01 3.217287957668304443e-01 8.639974147081375122e-02 1.672803983092308044e-02 -1.188474986702203751e-02
1.644342392683029175e-02 2.139977961778640747e-01 1.317970752716064453e-01 -2.348865009844303131e-02 3.243678808212280273e-01 -2.785542607307434082e-01 1.922766715288162231e-01
-2.056944072246551514e-01 2.000615149736404419e-01 -1.773133277893066406e-01 2.343405187129974365e-01 -2.696092426776885986e-01 -1.121597513556480408e-01 1.867378503084182739e-01
3.801372945308685303e-01 3.446281552314758301e-01 1.364983338862657547e-02 1.493179649114608765e-01 -2.465921491384506226e-01 1.041649356484413147e-01 -1.406260430812835693e-01
-1.291756629943847656e-01 -2.532205283641815186e-01 8.218692243099212646e-02 8.152854442596435547e-02 2.602733671665191650e-01 3.171679079532623291e-01 -2.428262084722518921e-01
-1.878180652856826782e-01 1.451909542083740234e-01 -9.544458985328674316e-02 1.705442667007446289e-01 1.106868311762809753e-02 -1.476042270660400391e-01 -1.165740787982940674e-01
1.754429340362548828e-01 9.517980366945266724e-02 2.382319718599319458e-01 2.218946665525436401e-01 1.641333848237991333e-01 3.750734031200408936e-02 3.743979036808013916e-01
-2.037585526704788208e-01 -2.352668344974517822e-02 1.740947663784027100e-01 -2.099156528711318970e-01 2.692078053951263428e-01 -2.211583256721496582e-01 -2.011159956455230713e-01
-3.514604568481445312e-01 -2.513551414012908936e-01 2.520896792411804199e-01 2.187226861715316772e-01 -3.012703061103820801e-01 -1.374645978212356567e-01 3.501096665859222412e-01
1.244615018367767334e-01 6.825655698776245117e-02 -2.195827960968017578e-01 -3.106331825256347656e-01 7.655953615903854370e-02 2.799982726573944092e-01 -5.294937640428543091e-03
-2.729880511760711670e-01 1.063032522797584534e-01 3.696355223655700684e-01 -3.675711452960968018e-01 -1.157929524779319763e-01 1.798574328422546387e-01 -2.919225096702575684e-01
9.316058456897735596e-02 2.246426492929458618e-01 1.773873567581176758e-01 -3.466470912098884583e-02 -3.032531440258026123e-01 -3.406680822372436523e-01 8.624976873397827148e-02
9.020601212978363037e-02 3.389904797077178955e-01 -1.853078305721282959e-01 -2.870981581509113312e-02 1.594605147838592529e-01 1.432352066040039062e-01 -1.249972283840179443e-01
-3.011921606957912445e-02 1.609220206737518311e-01 4.204642772674560547e-02 3.464774787425994873e-01 -1.128517612814903259e-01 -1.997755914926528931e-01 3.109838627278804779e-02
-2.869121730327606201e-01 -3.384730517864227295e-01 1.377284526824951172e-01 2.952217757701873779e-01 -1.009838804602622986e-01 1.041434556245803833e-01 -1.590393036603927612e-01
-1.522589921951293945e-01 -8.462049812078475952e-02 -2.948373556137084961e-01 -1.854570955038070679e-01 1.968179047107696533e-01 -1.007688865065574646e-01 -3.828811943531036377e-01
1.748027801513671875e-01 2.630558907985687256e-01 -1.140819936990737915e-01 -3.102490305900573730e-01 3.453984260559082031e-01 1.583585143089294434e-01 1.380960084497928619e-02
-1.212775260210037231e-01 -3.116651475429534912e-01 9.124494343996047974e-02 2.618346512317657471e-01 -1.304054558277130127e-01 6.214516237378120422e-02 1.796243637800216675e-01
2.604059875011444092e-02 2.813010215759277344e-01 1.668382734060287476e-01 -2.916314601898193359e-01 -1.640542149543762207e-01 -1.810388565063476562e-01 -2.218175381422042847e-01
-2.242641597986221313e-01 -1.663249284029006958e-01 3.770654201507568359e-01 5.340645089745521545e-02 2.218380719423294067e-01 5.867624282836914062e-02 1.761212944984436035e-01
8.019425719976425171e-02 2.599041163921356201e-01 3.834057226777076721e-02 3.043008148670196533e-01 1.722187399864196777e-01 -3.994898498058319092e-01 -2.893809080123901367e-01
-1.903413534164428711e-01 2.236710935831069946e-01 -3.755559623241424561e-01 1.855418235063552856e-01 -2.473374009132385254e-01 3.113444149494171143e-01 1.518948748707771301e-02
3.440865874290466309e-01 -1.872811838984489441e-02 -2.240313738584518433e-01 -1.832125186920166016e-01 -2.764112651348114014e-01 3.628604486584663391e-02 2.019120156764984131e-01
-1.857565045356750488e-01 -1.625340133905410767e-01 -1.123567149043083191e-01 1.037944704294204712e-01 1.443298012018203735e-01 2.972141802310943604e-01 -2.969047427177429199e-01
-1.624871939420700073e-01 -3.574896752834320068e-01 -2.403506636619567871e-01 1.979148238897323608e-01 1.905736029148101807e-01 -3.861965835094451904e-01 1.861757636070251465e-01
-3.275758326053619385e-01 2.217451184988021851e-01 2.826915979385375977e-01 -1.546019315719604492e-01 3.217257186770439148e-02 1.498010009527206421e-01 -7.984321564435958862e-02
