1.834314018487930298e-01 5.785208567976951599e-02 -1.186975985765457153e-01 -1.091087460517883301e-01 -3.479861095547676086e-02 -2.156864106655120850e-01 1.584045588970184326e-02 6.854538619518280029e-02 -3.016677498817443848e-01
-1.009016558527946472e-01 -2.306731231510639191e-02 -2.413554787635803223e-01 2.755939662456512451e-01 -8.621814101934432983e-02 -4.106545820832252502e-02 -1.639921069145202637e-01 1.299614310264587402e-01 -1.939532756805419922e-01
-1.650231424719095230e-03 -1.771640330553054810e-01 2.295643836259841919e-01 -4.405211657285690308e-02 -3.322310447692871094e-01 1.357847452163696289e-01 -2.291126996278762817e-01 -1.416696310043334961e-01 -1.921824216842651367e-01
2.983385324478149414e-01 -8.798394352197647095e-02 1.215671226382255554e-01 3.052609860897064209e-01 -7.285828143358230591e-02 2.222783677279949188e-02 7.434545457363128662e-02 1.476548612117767334e-01 -2.226536720991134644e-01
1.039671152830123901e-01 1.177226528525352478e-01 1.785725802183151245e-01 -7.954424945637583733e-04 -7.219878584146499634e-02 6.304938346147537231e-02 -4.831320047378540039e-02 -2.565385401248931885e-01 -1.925141215324401855e-01
-2.261071838438510895e-02 5.251145362854003906e-02 9.386561810970306396e-02 -1.626807302236557007e-01 -1.311214454472064972e-02 -3.152917027473449707e-01 2.704952359199523926e-01 -2.383788228034973145e-01 -1.312032528221607208e-02
3.024737164378166199e-02 -3.753418475389480591e-02 1.835093200206756592e-01 3.075720667839050293e-01 -3.135214149951934814e-01 1.700239628553390503e-01 2.752755582332611084e-01 -2.392325922846794128e-02 -2.713645398616790771e-01
1.081124916672706604e-01 3.140072822570800781e-01 -1.248129904270172119e-01 -2.827151119709014893e-01 -1.602648012340068817e-02 -2.777239382266998291e-01 -1.912312060594558716e-01 -2.221842482686042786e-02 -1.212105378508567810e-01
4.033433273434638977e-02 4.314456135034561157e-02 -1.857517957687377930e-01 -5.676301196217536926e-02 -1.747175753116607666e-01 2.582935392856597900e-01 -2.656646072864532471e-01 -3.080132305622100830e-01 1.650334149599075317e-02
-6.021843105554580688e-02 -2.520958185195922852e-01 -2.055220156908035278e-01 1.740911453962326050e-01 -3.910029307007789612e-03 -1.736229509115219116e-01 -1.314137578010559082e-01 -2.933205366134643555e-01 3.050047457218170166e-01
8.964241296052932739e-02 2.414224892854690552e-01 1.520246639847755432e-02 -2.587042152881622314e-01 -6.902645528316497803e-02 -1.004857346415519714e-01 1.109306514263153076e-01 1.278438325971364975e-02 -3.143370151519775391e-02
3.057815134525299072e-01 2.917162179946899414e-01 2.692422866821289062e-01 -2.179336547851562500e-01 -2.355694621801376343e-01 1.266421377658843994e-01 -8.331006392836570740e-03 -3.266292810440063477e-01 1.711106598377227783e-01
-1.184261813759803772e-01 -2.192603796720504761e-02 1.025401800870895386e-01 2.260859310626983643e-01 1.350067406892776489e-01 -8.356116712093353271e-02 -1.822864115238189697e-01 -1.594222486019134521e-01 2.626619115471839905e-02
-2.387381494045257568e-01 1.529505550861358643e-01 -2.157130092382431030e-02 -2.331581413745880127e-01 -2.106869071722030640e-01 2.899986505508422852e-01 -4.269662499427795410e-02 -3.255984187126159668e-01 2.958778440952301025e-01
1.863305568695068359e-01 -2.610254585742950439e-01 3.208671808242797852e-01 3.009031414985656738e-01 -1.370490789413452148e-01 2.119505405426025391e-01 -2.618014514446258545e-01 -2.157634645700454712e-01 -2.958931028842926025e-01
-2.067550271749496460e-01 1.296024620532989502e-01 -9.447818994522094727e-02 3.151571154594421387e-01 4.723527003079652786e-03 1.683597713708877563e-01 -2.288005650043487549e-01 1.446616500616073608e-01 -7.863306254148483276e-02
-2.795052528381347656e-01 2.136512100696563721e-01 -1.417827010154724121e-01 -1.440687570720911026e-02 -2.848997116088867188e-01 8.112902194261550903e-02 -2.753497660160064697e-01 1.572251468896865845e-01 -2.566730082035064697e-01
6.674687564373016357e-02 1.526687294244766235e-01 1.820661276578903198e-01 -2.226724475622177124e-01 2.730855345726013184e-01 -8.249487727880477905e-03 1.596891283988952637e-01 1.644047647714614868e-01 -2.953844964504241943e-01
-1.216962710022926331e-01 6.889589875936508179e-02 -1.630239933729171753e-01 -3.187237381935119629e-01 -5.175345018506050110e-02 -1.503567099571228027e-01 2.081484496593475342e-01 3.099520206451416016e-01 -2.419029027223587036e-01
2.293671369552612305e-01 7.395494729280471802e-02 3.324377834796905518e-01 -2.512802183628082275e-02 -2.140894383192062378e-01 -7.477851957082748413e-02 -3.084251284599304199e-01 3.077810108661651611e-01 -1.716295331716537476e-01
-2.077493257820606232e-02 7.612611353397369385e-02 -7.526040077209472656e-02 2.556297928094863892e-02 2.344078719615936279e-01 -6.521548493765294552e-04 1.232839748263359070e-02 -3.018316030502319336e-01 -1.887368112802505493e-01
-1.902340725064277649e-02 1.558424383401870728e-01 2.437943406403064728e-02 -1.814069151878356934e-01 -1.749999523162841797e-01 1.414009928703308105e-01 1.958089172840118408e-01 7.983022183179855347e-02 2.939858138561248779e-01
1.000393182039260864e-01 -1.937184184789657593e-01 -2.541923820972442627e-01 -1.258535534143447876e-01 1.195987537503242493e-01 2.679975926876068115e-01 4.443806409835815430e-02 2.088177502155303955e-01 -1.769994795322418213e-01
1.510128527879714966e-01 -2.300258725881576538e-01 3.075729310512542725e-01 -3.109536506235599518e-02 -1.579269170761108398e-01 1.318693608045578003e-01 2.039458900690078735e-01 -1.949902176856994629e-01 9.577949345111846924e-02
2.951338291168212891e-01 7.469432801008224487e-02 3.000773191452026367e-01 1.728892326354980469e-01 2.704157531261444092e-01 2.534737288951873779e-01 9.646181017160415649e-02 -4.114141315221786499e-02 -1.316022723913192749e-01
-1.427596956491470337e-01 1.561482250690460205e-01 -3.162095695734024048e-02 2.277682721614837646e-02 1.374489814043045044e-01 -4.532825201749801636e-02 2.086444497108459473e-01 -2.861626744270324707e-01 3.849117783829569817e-03
-3.103860318660736084e-01 -2.792795002460479736e-02 1.731354147195816040e-01 2.187634110450744629e-01 -9.899814426898956299e-02 2.150759994983673096e-01 -7.383054494857788086e-02 -4.998459666967391968e-02 -2.605758905410766602e-01
4.621295258402824402e-02 2.892461121082305908e-01 -3.082498013973236084e-01 9.573587775230407715e-02 -5.980571731925010681e-02 -2.541979849338531494e-01 1.041415482759475708e-01 -2.719151079654693604e-01 1.705304235219955444e-01
-1.729936599731445312e-01 -4.823797196149826050e-02 1.389990095049142838e-02 -1.576876938343048096e-01 -3.019188642501831055e-01 2.934483289718627930e-01 8.437354117631912231e-02 -1.453413069248199463e-01 2.115023285150527954e-01
-8.472914993762969971e-02 -1.077537536621093750e-01 -1.785147935152053833e-01 -1.033964753150939941e-01 9.182198345661163330e-02 3.028357923030853271e-01 2.613504789769649506e-02 4.738780262414366007e-04 -4.118888080120086670e-02
2.255463451147079468e-01 -2.756833732128143311e-01 3.146460056304931641e-01 2.624965310096740723e-01 -2.927512526512145996e-01 -3.145181536674499512e-01 2.565711140632629395e-01 -1.051274240016937256e-01 1.890070438385009766e-01
1.946875005960464478e-01 1.649801284074783325e-01 -2.813241779804229736e-01 -2.685872614383697510e-01 -2.197351604700088501e-01 -1.194848865270614624e-01 -7.659306377172470093e-02 3.207405805587768555e-01 -3.483196347951889038e-02
-2.170003205537796021e-01 -8.250568062067031860e-04 1.988323777914047241e-01 -3.001815378665924072e-01 1.817874014377593994e-01 -3.022679686546325684e-01 -1.470118910074234009e-01 2.182137221097946167e-01 -2.684286832809448242e-01
1.319906953722238541e-02 2.258102744817733765e-01 -3.181102573871612549e-01 -2.125253081321716309e-01 2.772352397441864014e-01 -3.910104557871818542e-02 2.136877179145812988e-01 2.920894324779510498e-01 -1.681406497955322266e-01
7.544492930173873901e-02 2.303254902362823486e-01 3.019846975803375244e-01 2.215247750282287598e-01 9.316157549619674683e-02 -2.534463405609130859e-01 1.819629967212677002e-01 2.123358249664306641e-01 -2.866591215133666992e-01
-2.447803467512130737e-01 4.161194711923599243e-02 1.172995716333389282e-01 -2.847764641046524048e-02 2.386008352041244507e-01 3.331227898597717285e-01 -2.373384535312652588e-01 2.907903790473937988e-01 -1.741667538881301880e-01
-2.137622237205505371e-01 -1.600574254989624023e-01 -5.350884795188903809e-02 -6.110323593020439148e-04 1.677295267581939697e-01 -2.962546646595001221e-01 1.859023049473762512e-02 -1.125336997210979462e-02 1.574942842125892639e-02
-3.120591938495635986e-01 -1.082978099584579468e-01 -1.835062652826309204e-01 -2.666663229465484619e-01 3.396705538034439087e-02 -1.571858301758766174e-03 -1.837707161903381348e-01 1.792069873772561550e-03 7.189510762691497803e-02
6.452968716621398926e-02 2.137120813131332397e-01 -1.046781539916992188e-01 -8.798856288194656372e-02 3.101382963359355927e-02 2.013173103332519531e-01 -1.569587886333465576e-01 1.263619512319564819e-01 4.083819314837455750e-02
1.402005851268768311e-01 -2.426679581403732300e-01 1.926712244749069214e-01 -2.103523015975952148e-01 2.507591247558593750e-01 -5.194249097257852554e-03 8.236805349588394165e-02 2.215555906295776367e-01 -9.421924501657485962e-02
8.957066386938095093e-02 1.671695113182067871e-01 2.481314390897750854e-01 -1.844799220561981201e-01 2.316132634878158569e-01 3.216609060764312744e-01 -2.622639536857604980e-01 1.504376679658889771e-01 -2.479273974895477295e-01
1.011345535516738892e-01 -4.280214384198188782e-02 -1.504076570272445679e-01 1.533996462821960449e-01 2.402269467711448669e-02 -1.474394500255584717e-01 -2.923201918601989746e-01 -4.184740781784057617e-02 -6.286104768514633179e-02
2.625133395195007324e-01 1.766418516635894775e-01 -3.162765502929687500e-01 2.294234633445739746e-01 1.848436146974563599e-01 -2.902710139751434326e-01 -1.831049323081970215e-01 -2.565963566303253174e-02 -1.735265403985977173e-01
4.594262689352035522e-02 9.807512909173965454e-02 3.141894936561584473e-01 5.897306837141513824e-03 3.132947385311126709e-01 2.667261287569999695e-02 -2.132119834423065186e-01 -1.042498946189880371e-01 -3.228319585323333740e-01
-1.678429394960403442e-01 1.647232472896575928e-01 1.563283950090408325e-01 -3.319199681282043457e-01 -6.244938820600509644e-02 -1.003237515687942505e-01 1.679972261190414429e-01 6.116493418812751770e-02 -3.074688911437988281e-01
-1.308586299419403076e-01 8.529262244701385498e-02 -2.898443639278411865e-01 3.276094496250152588e-01 -2.796757519245147705e-01 2.743880152702331543e-01 -4.162251204252243042e-02 1.381661891937255859e-01 3.198659718036651611e-01
-2.936906218528747559e-01 1.501306332647800446e-02 -3.266446292400360107e-01 -2.850866913795471191e-01 -9.297999739646911621e-02 9.232520312070846558e-02 -2.523863315582275391e-01 -2.666281759738922119e-01 -1.426207423210144043e-01
-4.419343173503875732e-02 -2.745870053768157959e-01 -1.013866811990737915e-01 -1.107236742973327637e-01 1.114414632320404053e-02 -6.635198742151260376e-02 2.016429007053375244e-01 -1.604920029640197754e-01 -2.793709039688110352e-01
-6.985283643007278442e-02 4.162831604480743408e-02 2.055108845233917236e-01 2.403997778892517090e-01 1.593072265386581421e-01 -3.252967596054077148e-01 1.013453677296638489e-01 9.998320043087005615e-02 1.642563194036483765e-01
-1.457003355026245117e-01 1.905167549848556519e-01 -2.117497026920318604e-01 -7.571861147880554199e-02 1.641041040420532227e-01 -3.115571141242980957e-01 8.290411531925201416e-02 1.250528693199157715e-01 -5.642322823405265808e-02
-2.189012467861175537e-01 -5.197009071707725525e-03 -2.808272540569305420e-01 3.157740831375122070e-01 7.773145288228988647e-02 -3.023707568645477295e-01 -1.027852967381477356e-01 -7.053849846124649048e-02 1.721253097057342529e-01
-9.244877099990844727e-02 -1.577820032835006714e-01 1.511562168598175049e-01 -1.146611347794532776e-01 2.470830976963043213e-01 1.759649366140365601e-01 -1.957705169916152954e-01 3.641878021880984306e-03 -3.098667599260807037e-02
-4.748260602355003357e-02 -1.411039084196090698e-01 -8.664145320653915405e-02 2.241057455539703369e-01 1.733780056238174438e-01 3.302890658378601074e-01 1.625167876482009888e-01 -7.171602547168731689e-02 -2.244282513856887817e-01
-2.352660000324249268e-01 -1.702216863632202148e-01 3.192712664604187012e-01 1.009912639856338501e-01 1.773886978626251221e-01 2.135294675827026367e-01 -4.301257431507110596e-02 -8.519553393125534058e-02 -8.333067595958709717e-02
-3.097265064716339111e-01 1.772034466266632080e-01 -2.463071048259735107e-01 5.742292478680610657e-02 -5.770325195044279099e-03 3.166632056236267090e-01 1.757006645202636719e-01 -5.228093639016151428e-02 -2.899083197116851807e-01
-9.599425643682479858e-02 2.378482967615127563e-01 -5.029257014393806458e-02 1.380652189254760742e-01 -1.171697378158569336e-01 -3.033494353294372559e-01 8.839862793684005737e-02 1.188443973660469055e-01 3.120895326137542725e-01
1.285003870725631714e-01 -8.706100285053253174e-02 5.072133988142013550e-02 -1.348034143447875977e-01 1.754753440618515015e-01 7.106882333755493164e-02 2.530321106314659119e-02 1.450337022542953491e-01 -2.493080198764801025e-01
1.909242719411849976e-01 -1.968607902526855469e-01 -1.732079386711120605e-01 -2.519717514514923096e-01 -2.493838071823120117e-01 -1.294566243886947632e-01 6.617680191993713379e-02 -2.809419035911560059e-01 3.079651594161987305e-01
3.127919733524322510e-01 -2.463603615760803223e-01 8.573368191719055176e-02 -3.146497607231140137e-01 2.231196016073226929e-01 2.700300812721252441e-01 1.607286185026168823e-01 -1.244892254471778870e-01 -4.224230349063873291e-02
-2.472009807825088501e-01 -1.938889771699905396e-01 -9.301084280014038086e-02 2.660312354564666748e-01 9.170147031545639038e-02 -1.861860752105712891e-01 2.050763964653015137e-01 2.549739480018615723e-01 -3.323062509298324585e-02
-6.304346770048141479e-02 1.249046698212623596e-01 1.761068850755691528e-01 -5.853214114904403687e-02 3.198347091674804688e-01 1.298687905073165894e-01 -7.657565176486968994e-03 1.133464202284812927e-01 3.095866143703460693e-01
3.247081041336059570e-01 -3.123128712177276611e-01 3.262859880924224854e-01 1.649348437786102295e-01 -2.829435467720031738e-01 2.067136764526367188e-01 -2.300030291080474854e-01 -1.053948104381561279e-01 -5.629869550466537476e-02
-2.383591681718826294e-01 1.302002221345901489e-01 -2.871254086494445801e-01 -5.051417276263237000e-02 6.241988018155097961e-02 -2.055753767490386963e-01 1.619623154401779175e-01 1.446572691202163696e-01 -1.614086329936981201e-01
-6.220575422048568726e-02 -1.905654817819595337e-01 2.647848725318908691e-01 -2.863090038299560547e-01 2.839273512363433838e-01 3.138050138950347900e-01 2.970994710922241211e-01 -1.758316159248352051e-01 2.688334137201309204e-02
1.682667732238769531e-01 1.858646571636199951e-01 2.375978082418441772e-01 6.324177235364913940e-02 2.458956986665725708e-01 -3.053491711616516113e-01 -3.270642757415771484e-01 -9.201046079397201538e-02 -2.970030605792999268e-01
-1.113597154617309570e-01 -1.448334902524948120e-01 1.799873411655426025e-01 2.165722995996475220e-01 2.362649440765380859e-01 8.596900850534439087e-02 1.147030293941497803e-01 -2.009277045726776123e-02 2.685462683439254761e-02
-3.906313702464103699e-02 -2.481444738805294037e-02 3.011160790920257568e-01 1.949862837791442871e-01 1.856365501880645752e-01 -1.051267907023429871e-01 4.821115173399448395e-03 -8.261431008577346802e-02 -1.300427317619323730e-01
8.536824584007263184e-02 2.916348576545715332e-01 7.894738763570785522e-02 2.894760370254516602e-01 1.134331244975328445e-02 -3.212079107761383057e-01 -9.037704020738601685e-02 -1.655987501144409180e-01 -1.578620225191116333e-01
3.159339427947998047e-01 -2.930403053760528564e-01 -1.453274935483932495e-01 -1.248586177825927734e-01 2.018323838710784912e-01 -2.409559488296508789e-01 -2.703871726989746094e-01 -2.620888650417327881e-01 -1.092175915837287903e-01
-2.137025073170661926e-02 3.074509203433990479e-01 -2.855384051799774170e-01 -8.986473083496093750e-02 -2.028669565916061401e-01 8.102756924927234650e-03 -2.970331609249114990e-01 -6.943236291408538818e-02 -2.543377578258514404e-01
-6.722069531679153442e-02 -2.274186164140701294e-01 2.348261475563049316e-01 -1.904426664113998413e-01 1.730531603097915649e-01 -2.616219222545623779e-01 -1.737907230854034424e-01 2.656825184822082520e-01 1.662482917308807373e-01
4.011044278740882874e-02 3.311043977737426758e-01 -2.816648967564105988e-02 1.451605707406997681e-01 -1.382815390825271606e-01 6.512032449245452881e-02 -2.687230110168457031e-01 -3.017969802021980286e-02 3.233358263969421387e-01
-2.284669131040573120e-01 3.094512224197387695e-01 2.022293061017990112e-01 2.288986593484878540e-01 5.765267834067344666e-02 -4.575310647487640381e-02 -3.075070679187774658e-01 -1.630830913782119751e-01 3.099058568477630615e-01
3.161861002445220947e-02 -9.881294518709182739e-02 -2.268149405717849731e-01 9.798797965049743652e-02 1.188106909394264221e-01 2.122324854135513306e-01 8.508937805891036987e-02 -3.110592663288116455e-01 -2.856162190437316895e-01
1.990895271301269531e-01 -2.971374690532684326e-01 -5.035720393061637878e-02 6.779834628105163574e-02 -2.542955577373504639e-01 1.092193648219108582e-01 -1.013787277042865753e-02 -2.537735402584075928e-01 -2.146734893321990967e-01
6.288671493530273438e-02 1.190946921706199646e-01 -1.887924852780997753e-03 -7.692629843950271606e-02 -1.222625747323036194e-01 1.587779223918914795e-01 -1.778753101825714111e-01 -1.329304650425910950e-02 4.806209821254014969e-03
-2.159630656242370605e-01 2.234220057725906372e-01 8.869649469852447510e-02 -2.840898633003234863e-01 3.877862542867660522e-02 -1.842853873968124390e-01 1.784497946500778198e-01 6.737343966960906982e-02 -3.059147894382476807e-01
2.874995768070220947e-01 -1.472422480583190918e-01 -2.113335430622100830e-01 3.315263390541076660e-01 1.577906459569931030e-01 2.529055178165435791e-01 4.225479811429977417e-02 -9.176558256149291992e-02 1.708660721778869629e-01
-1.118501871824264526e-01 -2.115021497011184692e-01 -2.195445597171783447e-01 2.640526555478572845e-02 -2.460455149412155151e-01 1.666128039360046387e-01 1.189828291535377502e-01 2.898295521736145020e-01 -2.467069923877716064e-01
-3.213691711425781250e-01 -2.036392986774444580e-01 7.291770726442337036e-02 1.024445593357086182e-01 -1.236849501729011536e-01 3.220119327306747437e-02 6.682655215263366699e-02 4.702117294073104858e-02 -3.102677166461944580e-01
-1.898079067468643188e-01 1.159584522247314453e-01 -1.599682122468948364e-02 -7.153154909610748291e-02 -1.055960580706596375e-01 7.004172657616436481e-04 1.426040083169937134e-01 -2.697096168994903564e-01 1.144744828343391418e-01
-1.195560675114393234e-03 -2.676264643669128418e-01 -3.073283135890960693e-01 -1.875041872262954712e-01 2.486784756183624268e-01 2.442431747913360596e-01 2.727839052677154541e-01 -1.462641209363937378e-01 2.225520610809326172e-01
-6.911893934011459351e-02 7.113075256347656250e-02 1.244163513183593750e-01 2.591429352760314941e-01 6.192089617252349854e-02 1.509113889187574387e-02 1.745024770498275757e-01 -2.790492177009582520e-01 2.278689295053482056e-01
-4.782187193632125854e-02 1.077596917748451233e-01 -9.288336336612701416e-02 2.390420585870742798e-01 2.966106534004211426e-01 -3.168771564960479736e-01 9.034742414951324463e-02 1.486831009387969971e-01 2.384985685348510742e-01
-2.495911270380020142e-01 -3.048873506486415863e-02 -2.372338622808456421e-01 -2.609316706657409668e-01 2.623127400875091553e-01 7.105652242898941040e-02 2.211798280477523804e-01 -3.224376440048217773e-01 -3.016973845660686493e-02
2.799441218376159668e-01 -2.848146297037601471e-02 -9.346377849578857422e-02 -1.467931419610977173e-01 2.994403541088104248e-01 -7.861267030239105225e-02 9.479263424873352051e-02 3.223766684532165527e-01 -9.565916657447814941e-02
1.049939841032028198e-01 1.826462335884571075e-02 2.168192565441131592e-01 -9.156234562397003174e-03 -3.068371443077921867e-03 2.222953177988529205e-02 -1.071621850132942200e-01 1.537362784147262573e-01 -1.699501872062683105e-01
-1.484664827585220337e-01 1.400715559720993042e-01 1.132439747452735901e-01 -2.559503316879272461e-01 2.547315061092376709e-01 -3.189965486526489258e-01 4.895288497209548950e-02 1.196249350905418396e-01 1.636906564235687256e-01
8.407853543758392334e-02 -2.795713841915130615e-01 -1.998562961816787720e-01 3.246642053127288818e-01 1.551336050033569336e-01 -4.033939540386199951e-02 -2.720896005630493164e-01 -3.802553564310073853e-02 -1.387517005205154419e-01
-2.512652873992919922e-01 -3.257124722003936768e-01 -2.032246589660644531e-01 3.576246649026870728e-02 2.038217708468437195e-02 -2.965037822723388672e-01 1.848275810480117798e-01 3.175621032714843750e-01 1.624203920364379883e-01
-1.027918979525566101e-01 1.669061183929443359e-02 -1.132342517375946045e-01 -2.782311439514160156e-01 2.316933721303939819e-01 -2.404500991106033325e-01 8.961493521928787231e-02 -9.940557181835174561e-02 -3.021445870399475098e-01
1.350750625133514404e-01 -7.483748346567153931e-02 -2.130736559629440308e-01 -1.653204113245010376e-01 3.133462667465209961e-01 2.527666091918945312e-01 -1.833556443452835083e-01 2.149883806705474854e-01 -2.538666427135467529e-01
5.866625905036926270e-02 -1.843494325876235962e-01 -1.149573251605033875e-01 8.545297384262084961e-02 9.012317168526351452e-04 1.729416102170944214e-01 -1.827775835990905762e-01 -3.095371723175048828e-01 -1.550482064485549927e-01
-2.479085326194763184e-01 -1.023469939827919006e-01 -2.471888959407806396e-01 -2.646300010383129120e-02 -1.078161895275115967e-01 -2.033158540725708008e-01 -5.223961919546127319e-02 -2.650279402732849121e-01 5.234319716691970825e-02
-2.948244214057922363e-01 -2.161972224712371826e-01 -3.091423511505126953e-01 1.406029164791107178e-01 2.700397968292236328e-01 1.054253652691841125e-01 2.339512407779693604e-01 -1.357104480266571045e-01 -1.133507862687110901e-01
3.090712726116180420e-01 9.174992889165878296e-02 3.145349323749542236e-01 -4.487822577357292175e-02 -1.459899991750717163e-01 -2.156098634004592896e-01 -2.978073060512542725e-01 -3.562578558921813965e-02 2.508640587329864502e-01
-7.711452245712280273e-02 -1.375116705894470215e-01 3.080694079399108887e-01 1.675632596015930176e-01 2.310528159141540527e-01 2.816060781478881836e-01 2.448939085006713867e-01 2.465788573026657104e-01 -2.470996081829071045e-01
1.468118280172348022e-01 -1.676767505705356598e-02 -3.035577833652496338e-01 1.808994859457015991e-01 2.073898762464523315e-01 1.552984267473220825e-01 -1.664992868900299072e-01 -2.214873880147933960e-01 -1.057569310069084167e-01
1.487933993339538574e-01 -1.160633191466331482e-01 -2.165361046791076660e-01 4.721559211611747742e-02 1.276142150163650513e-01 2.463164031505584717e-01 -2.906208336353302002e-01 -3.646561130881309509e-02 -2.507381513714790344e-02
9.521935135126113892e-02 1.535118669271469116e-01 9.783694893121719360e-02 -1.157374158501625061e-01 8.474910631775856018e-03 2.099082469940185547e-01 -3.275900483131408691e-01 2.492830157279968262e-01 1.570484638214111328e-01
2.531878054141998291e-01 9.937617927789688110e-02 -2.086632139980792999e-02 -1.544953733682632446e-01 -1.825100183486938477e-01 5.958239361643791199e-02 -4.880938306450843811e-02 -1.273760795593261719e-01 -3.194989860057830811e-01
-2.684282958507537842e-01 -1.643882244825363159e-01 -1.065615117549896240e-01 2.367077618837356567e-01 2.057968378067016602e-01 -3.351242095232009888e-02 2.017410099506378174e-01 -2.487715631723403931e-01 8.397336304187774658e-02
-8.373370021581649780e-02 2.977981269359588623e-01 -2.867711484432220459e-01 2.831771075725555420e-01 -1.165000349283218384e-01 -1.608861833810806274e-01 -8.805174380540847778e-02 -1.465618610382080078e-01 8.301821351051330566e-02
9.131645783782005310e-03 -1.355230957269668579e-01 2.627663910388946533e-01 -2.790708541870117188e-01 -1.840282380580902100e-01 -2.692568898200988770e-01 5.491117946803569794e-03 8.555790036916732788e-02 -1.956539303064346313e-01
-2.194634526968002319e-01 1.331536620855331421e-01 -1.414154767990112305e-01 1.849540472030639648e-01 3.055271804332733154e-01 -2.329648882150650024e-01 7.656928151845932007e-02 2.314308136701583862e-01 -6.214137375354766846e-02
-1.304090321063995361e-01 -2.212674319744110107e-01 -3.038140535354614258e-01 2.514153718948364258e-02 2.608081996440887451e-01 -1.458591520786285400e-01 1.278662532567977905e-01 -2.414261847734451294e-01 -1.105438265949487686e-02
-2.176853269338607788e-01 1.216669082641601562e-01 1.913408488035202026e-01 -3.271896243095397949e-01 -1.243391856551170349e-01 3.446625918149948120e-02 -6.972738355398178101e-02 8.657120168209075928e-03 3.217906877398490906e-02
-2.164709419012069702e-01 2.825706601142883301e-01 2.863520681858062744e-01 1.222547441720962524e-01 -3.667985275387763977e-02 6.403940916061401367e-02 1.989010274410247803e-01 1.505188643932342529e-01 2.460384815931320190e-01
2.002075910568237305e-01 -9.643362835049629211e-03 3.323141112923622131e-02 -1.310020834207534790e-01 1.212867093272507191e-03 4.234742000699043274e-02 2.275558859109878540e-01 -7.816630601882934570e-02 -1.395068764686584473e-01
1.681211590766906738e-01 -2.537389099597930908e-01 4.862276837229728699e-02 5.708216130733489990e-02 1.963089704513549805e-01 -2.791855335235595703e-01 -8.665870875120162964e-02 -3.658164641819894314e-04 -1.448879539966583252e-01
1.505954116582870483e-01 -6.668076664209365845e-02 -2.196736037731170654e-01 7.417919114232063293e-03 -5.711603164672851562e-02 3.299689292907714844e-01 3.159486129879951477e-02 3.046028614044189453e-01 -4.850969463586807251e-02
2.614208459854125977e-01 -1.426357030868530273e-01 -1.177151873707771301e-01 8.176096528768539429e-02 2.297049313783645630e-01 -8.172289282083511353e-02 -3.107459247112274170e-01 -3.254378139972686768e-01 3.257783651351928711e-01
2.482237815856933594e-01 3.328565955162048340e-01 1.092262491583824158e-01 1.600531637668609619e-01 -2.680401206016540527e-01 1.897655278444290161e-01 -2.701963186264038086e-01 -1.560548669658601284e-03 2.122156620025634766e-01
-4.222951084375381470e-02 2.836061716079711914e-01 4.271725937724113464e-02 -1.910499036312103271e-01 -1.460579931735992432e-01 2.702523469924926758e-01 1.196273118257522583e-01 -2.102327495813369751e-01 1.486432254314422607e-01
5.667317658662796021e-02 1.102202013134956360e-01 -2.566813230514526367e-01 1.727831214666366577e-01 -2.509114444255828857e-01 2.361617535352706909e-01 -9.964379668235778809e-02 9.678243845701217651e-02 -1.458808928728103638e-01
5.355414375662803650e-02 -2.442471683025360107e-01 1.461401581764221191e-01 -2.636574208736419678e-01 2.512305080890655518e-01 -2.451550066471099854e-01 4.060391336679458618e-02 -2.262983024120330811e-01 1.714277565479278564e-01
-4.759582504630088806e-02 -8.982884138822555542e-02 -1.354902237653732300e-01 -2.765532732009887695e-01 -7.887089252471923828e-02 5.374032258987426758e-02 2.752328515052795410e-01 2.656975388526916504e-01 3.098435997962951660e-01
-1.857534945011138916e-01 8.538302034139633179e-02 1.436771154403686523e-01 1.423808783292770386e-01 4.434841684997081757e-04 -2.937395274639129639e-01 -2.371579259634017944e-01 -9.476566314697265625e-02 1.476641148328781128e-01
-1.623027324676513672e-01 1.763794571161270142e-01 2.542639076709747314e-01 3.318063318729400635e-01 -2.854134142398834229e-01 2.144675105810165405e-01 -6.552261766046285629e-03 -1.330027878284454346e-01 -1.802502572536468506e-01
-2.908554077148437500e-01 -2.616553604602813721e-01 1.581224650144577026e-01 1.162836700677871704e-02 2.256546169519424438e-01 2.843697667121887207e-01 -2.899716980755329132e-02 -1.521614342927932739e-01 6.775923073291778564e-02
-8.409219980239868164e-02 5.129373818635940552e-02 2.645053863525390625e-01 2.116428464651107788e-01 3.255268931388854980e-01 1.033380851149559021e-01 -2.312020659446716309e-01 1.556023955345153809e-01 1.791640967130661011e-01
-3.207896947860717773e-01 1.428826302289962769e-01 1.003867238759994507e-01 1.062900871038436890e-01 2.247842103242874146e-01 1.322916448116302490e-01 3.104279935359954834e-02 -3.295503556728363037e-01 -9.635524451732635498e-02
2.511208951473236084e-01 2.972941100597381592e-01 1.905694603919982910e-01 -2.039684355258941650e-01 3.332344442605972290e-02 -2.476740479469299316e-01 2.111775279045104980e-01 -2.220710963010787964e-01 1.903722733259201050e-01
-1.187717765569686890e-01 -5.823229998350143433e-02 -6.974744796752929688e-02 3.151830434799194336e-01 -2.334043383598327637e-01 -1.437995284795761108e-01 -1.097812578082084656e-01 3.277778327465057373e-01 -1.481545064598321915e-02
2.691103518009185791e-01 6.783082336187362671e-02 -3.940770775079727173e-02 2.652440667152404785e-01 -2.543528564274311066e-02 6.276382505893707275e-02 3.177016079425811768e-01 -2.411487847566604614e-01 -1.294638663530349731e-01
-2.311867773532867432e-01 1.815661340951919556e-01 -1.799551248550415039e-01 1.653326749801635742e-01 -3.743938729166984558e-02 1.947873085737228394e-01 2.196544259786605835e-01 3.277146220207214355e-01 -2.522841393947601318e-01
1.846795380115509033e-01 8.572918362915515900e-03 -6.829661875963211060e-02 -2.099627628922462463e-02 -2.588444054126739502e-01 -3.107024915516376495e-02 -6.373001635074615479e-02 3.183480501174926758e-01 3.290107250213623047e-01
4.644326120615005493e-02 -1.496496051549911499e-01 -2.300017699599266052e-02 -3.021345436573028564e-01 1.127065904438495636e-02 3.037858903408050537e-01 -1.147931143641471863e-01 -5.057029798626899719e-02 -3.053000867366790771e-01
-1.657171398401260376e-01 3.066286742687225342e-01 -2.069082558155059814e-01 -1.210200134664773941e-03 2.678224444389343262e-01 -4.778458550572395325e-02 -1.022177338600158691e-01 3.645606711506843567e-02 -5.068575963377952576e-02
1.328839361667633057e-01 -6.237671524286270142e-02 6.267159432172775269e-02 -5.359068512916564941e-02 -2.943832576274871826e-01 -1.269117146730422974e-01 2.986705601215362549e-01 -1.328948587179183960e-01 1.320877820253372192e-01
2.427883446216583252e-02 -4.025258868932723999e-02 2.505182474851608276e-02 5.523593723773956299e-02 3.679112298414111137e-03 -2.934094965457916260e-01 2.028723657131195068e-01 -1.038602516055107117e-01 -2.003002017736434937e-01
2.822233140468597412e-01 1.462040394544601440e-01 -7.996447384357452393e-02 -2.323627024888992310e-01 2.309344261884689331e-01 -2.362844794988632202e-01 -3.123847246170043945e-01 -2.832491993904113770e-01 4.884113743901252747e-02
-2.650987803936004639e-01 -5.675528943538665771e-02 4.787395894527435303e-02 -2.795212566852569580e-01 -1.557243149727582932e-02 -1.512858271598815918e-01 1.812722682952880859e-01 2.288030982017517090e-01 -1.954541653394699097e-01
-1.923478096723556519e-01 2.372479289770126343e-01 -6.481208652257919312e-02 -3.087571263313293457e-01 -2.365131825208663940e-01 1.755555272102355957e-01 -3.093813657760620117e-01 3.960743173956871033e-02 -3.030962646007537842e-01
7.537531852722167969e-02 2.054290920495986938e-01 6.913205236196517944e-02 -2.048860341310501099e-01 2.409299761056900024e-01 2.914875149726867676e-01 7.299509365111589432e-03 -6.403371691703796387e-02 -7.147289812564849854e-02
-2.060799300670623779e-01 -2.398418039083480835e-01 7.525296509265899658e-02 2.666684091091156006e-01 1.805659234523773193e-01 1.072853431105613708e-01 2.681407034397125244e-01 -2.063817381858825684e-01 8.597111701965332031e-02
8.854637295007705688e-02 2.964878678321838379e-01 2.945154905319213867e-01 2.473120242357254028e-01 2.398318946361541748e-01 2.397297918796539307e-01 2.112390995025634766e-01 -2.966597676277160645e-01 1.729960441589355469e-01
-2.946165502071380615e-01 -1.550097912549972534e-01 -1.294271796941757202e-01 -3.330843895673751831e-02 -2.848771810531616211e-01 1.419884413480758667e-01 -2.210769802331924438e-02 2.840128540992736816e-01 -1.495690792798995972e-01
-2.133027166128158569e-01 8.999245241284370422e-03 7.621215190738439560e-03 -5.577657744288444519e-02 -2.893545329570770264e-01 -1.344524975866079330e-02 6.945716589689254761e-02 7.458068430423736572e-02 -1.819425374269485474e-01
-3.235694766044616699e-02 1.535578630864620209e-02 1.364243775606155396e-02 4.648619890213012695e-02 1.376235932111740112e-01 -2.880392670631408691e-01 -2.595703601837158203e-01 -2.880878746509552002e-01 -2.697667181491851807e-01
1.640790849924087524e-01 -2.954392731189727783e-01 -2.675777971744537354e-01 1.266806479543447495e-02 -2.709378600120544434e-01 2.547772787511348724e-02 2.801226638257503510e-02 -7.916098833084106445e-02 -4.607607051730155945e-02
1.202243193984031677e-01 6.667280197143554688e-02 1.845102310180664062e-01 -1.688047647476196289e-01 2.109734714031219482e-02 -1.571789532899856567e-01 2.201631069183349609e-01 5.618318542838096619e-02 2.038863152265548706e-01
-2.989238798618316650e-01 2.131779678165912628e-02 2.952992618083953857e-01 -2.881135046482086182e-01 1.233873739838600159e-01 1.394787281751632690e-01 -2.629486620426177979e-01 2.424502223730087280e-01 1.091993004083633423e-01
5.842735618352890015e-02 -3.180292248725891113e-01 2.322460561990737915e-01 -2.810902893543243408e-01 -3.229345977306365967e-01 -2.395524829626083374e-01 2.083057463169097900e-01 5.680884793400764465e-02 2.514537870883941650e-01
-1.910586804151535034e-01 8.835188299417495728e-02 3.285810947418212891e-01 -2.376163899898529053e-01 1.324327141046524048e-01 2.096747308969497681e-01 8.595114201307296753e-02 2.974001169204711914e-01 3.019331395626068115e-01
-1.719828099012374878e-01 1.715001761913299561e-01 2.035815566778182983e-01 -1.052827388048171997e-01 -2.743852734565734863e-01 2.747166752815246582e-01 -9.881128370761871338e-02 -1.198664456605911255e-01 -3.162494599819183350e-01
-2.659729123115539551e-01 1.428313106298446655e-01 5.818863585591316223e-02 -2.556276321411132812e-01 -2.230979949235916138e-01 -2.093964666128158569e-01 -1.965957432985305786e-01 1.832895427942276001e-01 -2.802778184413909912e-01
-2.979710325598716736e-02 -3.275336921215057373e-01 1.513714343309402466e-01 -2.834944427013397217e-01 -1.917061507701873779e-01 -1.469147056341171265e-01 -2.203226089477539062e-01 -2.664946913719177246e-01 1.784168928861618042e-01
-8.086155354976654053e-02 -8.230756223201751709e-02 3.024173378944396973e-01 -7.925590127706527710e-02 1.194858923554420471e-01 -1.266243308782577515e-01 2.229825258255004883e-01 -1.712508052587509155e-01 -1.414984017610549927e-01
-5.041196197271347046e-02 1.790130697190761566e-02 1.033270731568336487e-01 -2.313243448734283447e-01 -8.687753230333328247e-03 -3.029567599296569824e-01 -5.016039311885833740e-02 2.883035242557525635e-01 2.006905339658260345e-02
1.176133975386619568e-01 -1.802261024713516235e-01 -2.471532523632049561e-01 2.435891926288604736e-01 -2.889270782470703125e-01 -1.951403021812438965e-01 1.958335489034652710e-01 1.629254817962646484e-01 -2.119470387697219849e-01
2.301284372806549072e-01 4.834315925836563110e-02 -5.628446862101554871e-02 -2.645438909530639648e-01 -1.233685463666915894e-01 1.312357634305953979e-01 -7.149758189916610718e-02 6.862314045429229736e-02 -2.765017449855804443e-01
3.199856355786323547e-02 1.458043158054351807e-01 7.050781697034835815e-02 3.602859377861022949e-02 -2.807967066764831543e-01 -1.906372606754302979e-01 -2.644050717353820801e-01 1.308470070362091064e-01 1.830949932336807251e-01
1.686401292681694031e-02 -1.902875304222106934e-02 2.391969859600067139e-01 4.711010307073593140e-02 2.645521461963653564e-01 1.325999796390533447e-01 2.549835145473480225e-01 1.060575321316719055e-01 2.465377599000930786e-01
-3.879056125879287720e-02 2.284973412752151489e-01 2.456518262624740601e-01 8.508215844631195068e-02 -3.240079581737518311e-01 -1.918773502111434937e-01 -2.104359567165374756e-01 8.702079765498638153e-03 -1.172488322481513023e-03
1.294443756341934204e-01 3.253941237926483154e-02 -2.386869192123413086e-01 -2.241892665624618530e-01 -9.135553240776062012e-02 -2.335077822208404541e-01 -1.786457300186157227e-01 -6.981419771909713745e-02 -8.015040308237075806e-02
-3.316982090473175049e-01 7.669305056333541870e-02 -2.571361325681209564e-02 2.758443057537078857e-01 1.317494511604309082e-01 -1.823072135448455811e-01 -8.362522203242406249e-05 2.985765039920806885e-01 -4.280986730009317398e-03
2.168602198362350464e-01 -2.899966239929199219e-01 2.180029898881912231e-01 9.542912244796752930e-02 -2.558523118495941162e-01 -2.442160546779632568e-01 1.054018829017877579e-02 -2.651135027408599854e-01 1.026134192943572998e-01
-1.502845436334609985e-01 -7.377023994922637939e-02 8.846713602542877197e-02 2.133194506168365479e-01 -2.990165725350379944e-02 -3.049920126795768738e-02 2.769190073013305664e-01 -5.424002930521965027e-02 -5.287078395485877991e-02
2.340556979179382324e-01 -1.072614490985870361e-01 -3.327014446258544922e-01 1.158850193023681641e-01 -1.073069050908088684e-01 1.063682977110147476e-02 -2.882247567176818848e-01 2.192902117967605591e-01 1.536203473806381226e-01
-8.765216171741485596e-02 1.070034727454185486e-01 -2.094405740499496460e-01 -3.235456347465515137e-02 2.684173882007598877e-01 1.070644333958625793e-02 3.097211122512817383e-01 -1.296103699132800102e-03 -7.523582875728607178e-02
2.480574548244476318e-01 -5.812906101346015930e-02 1.231903359293937683e-01 -6.973218917846679688e-02 2.159315049648284912e-01 9.499505162239074707e-02 -4.693936929106712341e-02 1.365837603807449341e-01 -1.765320748090744019e-01
1.525750756263732910e-01 -1.733209788799285889e-01 2.629457116127014160e-01 -1.707233488559722900e-01 1.696217060089111328e-01 -2.188509553670883179e-01 7.705973088741302490e-02 -3.174923658370971680e-01 -8.799605071544647217e-03
-1.969626694917678833e-01 3.327489793300628662e-01 -1.234872862696647644e-01 -1.680077761411666870e-01 9.518560022115707397e-02 -1.647828221321105957e-01 2.100552618503570557e-01 2.424537837505340576e-01 -9.636029601097106934e-03
8.267143368721008301e-02 3.451620042324066162e-02 -2.601504921913146973e-01 -1.420221179723739624e-01 8.005493879318237305e-02 -1.801600605249404907e-01 -3.548648208379745483e-02 -1.547335088253021240e-01 -5.789050087332725525e-02
1.814183294773101807e-01 1.937889680266380310e-02 -1.319993287324905396e-01 8.084710687398910522e-02 -2.367445081472396851e-01 -2.207656204700469971e-01 3.314084112644195557e-01 -2.765523195266723633e-01 4.571593552827835083e-02
-1.574591100215911865e-01 -2.217731922864913940e-01 3.319882750511169434e-01 3.278298974037170410e-01 -9.314352646470069885e-03 -1.727255433797836304e-01 -1.991323977708816528e-01 1.217924356460571289e-01 3.214740753173828125e-02
2.004843670874834061e-03 -2.742734551429748535e-01 5.748090520501136780e-02 -1.113389283418655396e-01 4.804955422878265381e-02 2.239942848682403564e-01 -6.973084062337875366e-02 6.591971218585968018e-02 2.326103001832962036e-01
-3.262413144111633301e-01 -9.321861714124679565e-02 -3.307902812957763672e-02 3.010787069797515869e-01 3.351014852523803711e-02 -1.782146245241165161e-01 7.653538137674331665e-03 6.787905842065811157e-02 3.319911956787109375e-01
-2.282940149307250977e-01 9.461786597967147827e-02 2.571580111980438232e-01 -4.510310664772987366e-02 -3.277895450592041016e-01 1.222609728574752808e-01 2.570223994553089142e-03 6.019482016563415527e-02 -1.657859385013580322e-01
1.356312930583953857e-01 1.941182091832160950e-02 1.553188562393188477e-01 1.677258014678955078e-01 -1.381760835647583008e-01 -8.239712566137313843e-03 -2.007389813661575317e-01 -1.923630535602569580e-01 3.241755962371826172e-01
1.080727353692054749e-01 8.730594813823699951e-02 1.885748207569122314e-01 2.796771526336669922e-01 2.032478898763656616e-01 -5.256069824099540710e-02 -8.169058710336685181e-02 1.422599256038665771e-01 -2.197217941284179688e-02
-4.889155924320220947e-02 -1.507181674242019653e-01 -3.170380592346191406e-01 -1.100267190486192703e-02 9.392705745995044708e-03 -2.727921903133392334e-01 7.878070324659347534e-02 2.507401108741760254e-01 -2.285348325967788696e-01
2.840468883514404297e-01 -1.633000224828720093e-01 -1.900221556425094604e-01 2.675276696681976318e-01 -7.523935288190841675e-03 -2.992178797721862793e-01 -2.562368810176849365e-01 3.071113228797912598e-01 8.146646618843078613e-02
-1.205894201993942261e-01 1.562355905771255493e-01 -1.269794702529907227e-01 -1.437182575464248657e-01 1.438119262456893921e-01 -2.093315273523330688e-01 1.852369457483291626e-01 -7.441689074039459229e-02 -2.161749154329299927e-01
2.532843053340911865e-01 -1.145363748073577881e-01 1.654571294784545898e-01 3.569155698642134666e-03 2.899267971515655518e-01 2.943555712699890137e-01 2.015015929937362671e-01 1.172694284468889236e-02 1.958976387977600098e-01
9.603055194020271301e-03 2.880980633199214935e-02 -1.612157523632049561e-01 -4.152479395270347595e-02 -7.410641759634017944e-02 -5.670032650232315063e-02 1.212197020649909973e-01 -1.466943472623825073e-01 -3.124192170798778534e-02
-1.685097664594650269e-01 2.348887026309967041e-01 1.001733541488647461e-01 1.280681192874908447e-01 -1.654159426689147949e-01 1.176369749009609222e-02 -1.641937182284891605e-03 -5.578686832450330257e-04 2.376623600721359253e-01
2.288118451833724976e-01 -2.278974503278732300e-01 4.307568073272705078e-02 1.126694865524768829e-02 2.452845424413681030e-01 -1.088529899716377258e-01 1.735764145851135254e-01 -6.135288998484611511e-02 3.036075234413146973e-01
1.892585754394531250e-01 -2.694704830646514893e-01 -3.004785478115081787e-01 -1.932529658079147339e-01 -4.077194258570671082e-02 -9.849102050065994263e-02 2.544307336211204529e-02 -8.091142773628234863e-02 -1.311325188726186752e-02
-3.669676184654235840e-02 1.068542823195457458e-01 -1.734562776982784271e-02 2.769861817359924316e-01 -8.886381983757019043e-02 2.658753693103790283e-01 1.252495031803846359e-02 -2.092402726411819458e-01 -1.690718084573745728e-01
2.643833458423614502e-01 -2.438337951898574829e-01 -1.314645856618881226e-01 -1.390057057142257690e-01 -3.163136243820190430e-01 -4.758382216095924377e-02 -8.352514356374740601e-02 1.008829548954963684e-01 8.830749988555908203e-02
-4.243940580636262894e-03 1.733948439359664917e-01 -1.308075189590454102e-01 1.540482975542545319e-02 -5.288060754537582397e-02 1.301635950803756714e-01 9.074373543262481689e-02 3.105783164501190186e-01 2.746941149234771729e-01
3.085061311721801758e-01 -1.478345990180969238e-01 6.941183656454086304e-02 -7.821766287088394165e-02 -5.254291370511054993e-02 -2.894409596920013428e-01 -8.176927268505096436e-02 -6.860238313674926758e-02 1.024546101689338684e-02
2.833292782306671143e-01 -2.600033069029450417e-03 -2.315814495086669922e-01 -6.044289469718933105e-02 -4.276871308684349060e-02 1.056142300367355347e-01 1.613660342991352081e-02 -2.424548268318176270e-01 2.393151074647903442e-01
2.249269187450408936e-01 -1.855981349945068359e-01 -2.463757246732711792e-01 -1.229921355843544006e-01 1.275646686553955078e-01 5.834679678082466125e-02 2.080434858798980713e-01 2.062960714101791382e-01 -2.081538289785385132e-01
2.489144206047058105e-01 -1.293696016073226929e-01 -3.263240754604339600e-01 1.523500233888626099e-01 -2.438170015811920166e-01 -1.804457902908325195e-01 -1.887601464986801147e-01 -6.425574887543916702e-03 -1.943677514791488647e-01
1.822843104600906372e-01 -4.408792033791542053e-02 -2.708042226731777191e-02 1.088645458221435547e-01 3.139123022556304932e-01 -1.603548377752304077e-01 -1.672578454017639160e-01 2.276210933923721313e-01 1.523521244525909424e-01
-1.181197538971900940e-01 2.334670722484588623e-01 2.834175229072570801e-01 1.600757539272308350e-01 -2.646707892417907715e-01 -1.190447434782981873e-01 9.223864227533340454e-02 -3.251205980777740479e-01 1.827141046524047852e-01
3.252080976963043213e-01 1.926203221082687378e-01 -3.263669908046722412e-01 -3.029990196228027344e-01 -2.836696505546569824e-01 2.279489934444427490e-01 -5.451227352023124695e-02 3.107104301452636719e-01 -1.094705890864133835e-02
-1.183393523097038269e-01 -2.327935695648193359e-01 2.700604200363159180e-01 -1.351740360260009766e-01 -1.157610714435577393e-01 -1.223542168736457825e-01 1.197302639484405518e-01 2.358475513756275177e-02 2.590753436088562012e-01
3.168146908283233643e-01 9.029269963502883911e-02 3.936473280191421509e-02 2.519701234996318817e-02 3.276892304420471191e-01 2.707149386405944824e-01 1.692255884408950806e-01 -2.683867216110229492e-01 -1.862806975841522217e-01
6.017214432358741760e-02 -3.065910637378692627e-01 1.278350949287414551e-01 -1.684683263301849365e-01 -1.226987540721893311e-01 6.652985513210296631e-02 -1.698876023292541504e-01 -9.178885817527770996e-02 -2.965791150927543640e-02
9.079743176698684692e-02 1.718337386846542358e-01 1.349965631961822510e-01 2.733603417873382568e-01 1.936716139316558838e-01 1.481017172336578369e-01 -1.619352251291275024e-01 1.814876794815063477e-01 1.076312661170959473e-01
-1.706816852092742920e-01 3.065101802349090576e-02 2.181642651557922363e-01 -3.302381187677383423e-02 -2.105877399444580078e-01 1.305011808872222900e-01 1.610122323036193848e-01 -3.064874745905399323e-02 2.329327762126922607e-01
-3.194021880626678467e-01 -3.294217586517333984e-02 -2.439022213220596313e-01 -3.131002187728881836e-01 -5.634052306413650513e-02 2.411592006683349609e-01 -3.180119991302490234e-01 -2.907249629497528076e-01 7.109108567237854004e-02
-9.911025315523147583e-02 7.554863393306732178e-02 -2.397097647190093994e-01 -9.330304712057113647e-02 -1.652699708938598633e-01 -2.827513515949249268e-01 -1.793850511312484741e-01 -2.368395030498504639e-01 -2.001075148582458496e-01
-2.141387760639190674e-01 -3.086172342300415039e-01 -1.564655452966690063e-01 4.922604560852050781e-02 -3.272298872470855713e-01 4.890169948339462280e-03 -2.125302404165267944e-01 -2.128398567438125610e-01 1.074536517262458801e-01
4.540034383535385132e-02 8.386871218681335449e-02 -1.035001054406166077e-01 2.996655106544494629e-01 2.278448045253753662e-01 -3.147482499480247498e-02 -3.055845499038696289e-01 3.040311336517333984e-01 2.025730609893798828e-01
-1.206104829907417297e-01 2.041493356227874756e-01 3.313806653022766113e-01 -2.142390459775924683e-01 1.263589113950729370e-01 -6.594142317771911621e-02 2.361737787723541260e-01 -1.495973169803619385e-01 8.592943102121353149e-02
