3.116002082824707031e-01 3.540343046188354492e-01 8.443182706832885742e-02 7.310701999813318253e-03 6.906001269817352295e-02 3.284462094306945801e-01 9.773535281419754028e-02 -3.161415159702301025e-01
-1.486323121935129166e-02 -7.784394174814224243e-02 3.106763660907745361e-01 1.590474545955657959e-01 1.646028757095336914e-01 -2.844637632369995117e-01 -1.771392971277236938e-01 2.339489012956619263e-01
1.050900109112262726e-02 2.760496437549591064e-01 -6.753399223089218140e-02 -6.644433736801147461e-02 1.284382194280624390e-01 -6.504473835229873657e-02 1.003574654459953308e-01 -3.077040985226631165e-02
-1.785075962543487549e-01 -5.813554674386978149e-02 -2.309866249561309814e-01 -2.535139918327331543e-01 3.552642464637756348e-01 4.052032232284545898e-01 1.764798760414123535e-01 -1.394423097372055054e-01
3.092979639768600464e-02 3.249398767948150635e-01 -1.610061377286911011e-01 -1.857590526342391968e-01 1.704559475183486938e-01 -7.390274852514266968e-02 -3.053543567657470703e-01 -2.657364010810852051e-01
-3.150083124637603760e-01 2.604141235351562500e-01 1.475040912628173828e-01 2.459843009710311890e-01 3.382367789745330811e-01 -1.563852094113826752e-02 -2.447783499956130981e-01 -2.464184910058975220e-01
-3.308737277984619141e-01 1.124407052993774414e-01 6.270017474889755249e-02 6.995618343353271484e-02 1.352337151765823364e-01 -5.954148247838020325e-02 9.320838004350662231e-02 1.083661690354347229e-01
1.522827446460723877e-01 -2.366514652967453003e-01 1.720485985279083252e-01 1.893967241048812866e-01 -2.645623125135898590e-02 1.800951212644577026e-01 -3.237199038267135620e-02 2.335858792066574097e-01
-3.380113244056701660e-01 8.397861570119857788e-02 1.684211343526840210e-01 1.338672339916229248e-01 2.952508628368377686e-01 1.322614699602127075e-01 3.126102685928344727e-01 9.428342431783676147e-02
3.033450245857238770e-01 7.025189232081174850e-03 -1.094890311360359192e-01 -2.665364146232604980e-01 -2.585104703903198242e-01 4.033590108156204224e-02 2.825192734599113464e-02 -3.222191333770751953e-01
2.793690562248229980e-02 -2.119281291961669922e-01 -3.135262429714202881e-01 -1.774353981018066406e-01 -3.187895715236663818e-01 -2.264282703399658203e-01 1.544063836336135864e-01 -1.567219346761703491e-01
1.812303811311721802e-01 1.776738911867141724e-01 -3.435281515121459961e-01 2.146156970411539078e-03 -9.188086539506912231e-02 3.517321497201919556e-02 -6.192157417535781860e-02 -4.037979245185852051e-02
8.962777256965637207e-02 7.356970012187957764e-02 9.738518297672271729e-02 -1.289879381656646729e-01 -4.562031477689743042e-02 -3.766936957836151123e-01 2.776586115360260010e-01 3.394080102443695068e-01
3.471202552318572998e-01 1.284884065389633179e-01 -9.657515585422515869e-02 -1.506444364786148071e-01 5.415664613246917725e-02 9.266778826713562012e-02 -4.844016209244728088e-02 2.667742669582366943e-01
-3.404767215251922607e-01 4.200557991862297058e-02 3.514952361583709717e-01 4.344233125448226929e-02 -1.294754296541213989e-01 -4.701096564531326294e-02 2.228422611951828003e-01 1.302124559879302979e-01
1.741635650396347046e-01 -2.383475899696350098e-01 -3.385673761367797852e-01 1.334836333990097046e-01 4.369657859206199646e-02 -1.803391724824905396e-01 -6.185127794742584229e-02 1.244356110692024231e-01
-3.146853148937225342e-01 1.341944634914398193e-01 2.179898172616958618e-01 -2.968320250511169434e-01 8.861389942467212677e-03 9.133192896842956543e-02 -2.943655550479888916e-01 -1.526184082031250000e-01
-1.950478553771972656e-01 1.354917138814926147e-01 -3.110322058200836182e-01 -3.125160038471221924e-01 -2.453726381063461304e-01 4.313076660037040710e-02 -1.548278778791427612e-01 -2.152332961559295654e-01
-2.742854356765747070e-01 -2.176215499639511108e-01 2.534659579396247864e-02 1.355960965156555176e-01 2.553802430629730225e-01 -1.966432034969329834e-01 7.700905948877334595e-02 -2.640136182308197021e-01
9.822564572095870972e-02 3.314298987388610840e-01 1.485470682382583618e-01 -1.101656034588813782e-01 1.769876331090927124e-01 3.115693032741546631e-01 9.254620969295501709e-02 1.605025976896286011e-01
-1.577021479606628418e-01 1.051892861723899841e-01 -3.454023599624633789e-01 -9.282644093036651611e-02 8.811759203672409058e-02 -9.799393266439437866e-02 2.775953896343708038e-02 3.724730610847473145e-01
-1.322479099035263062e-01 -2.998464107513427734e-01 7.549154013395309448e-02 2.453681677579879761e-01 -2.603759169578552246e-01 2.977571636438369751e-02 3.425865471363067627e-01 2.512137591838836670e-01
-2.220458686351776123e-01 2.559244334697723389e-01 2.083743549883365631e-02 -5.381589010357856750e-02 -6.154387723654508591e-03 2.912871539592742920e-01 3.438055813312530518e-01 -2.658770419657230377e-02
-3.245435357093811035e-01 -6.168819498270750046e-03 -2.901010215282440186e-01 2.286706715822219849e-01 -2.916365563869476318e-01 -1.114164888858795166e-01 -1.059743687510490417e-01 -7.177528925240039825e-03
3.412159085273742676e-01 2.711030840873718262e-01 1.381431370973587036e-01 5.535342264920473099e-03 2.251596003770828247e-01 -2.270193099975585938e-01 -1.884289383888244629e-01 -6.330981850624084473e-02
-3.334318399429321289e-01 2.031234651803970337e-01 -1.561382263898849487e-01 -2.289228737354278564e-01 2.049342989921569824e-01 3.390432149171829224e-02 1.636499911546707153e-01 -3.044789433479309082e-01
1.409646570682525635e-01 2.422736287117004395e-01 2.509385943412780762e-01 -2.808374762535095215e-01 -3.532851040363311768e-01 7.540600001811981201e-02 -3.914429545402526855e-01 2.519208788871765137e-01
4.259308800101280212e-02 -2.212321460247039795e-01 -2.639985978603363037e-01 -3.081347942352294922e-01 3.718518316745758057e-01 -1.300505548715591431e-01 2.909136414527893066e-01 1.811960935592651367e-01
1.990394443273544312e-01 3.055453598499298096e-01 2.288251519203186035e-01 -1.528275907039642334e-01 1.572619229555130005e-01 1.735458076000213623e-01 -1.784868091344833374e-01 1.942739821970462799e-03
-1.278767138719558716e-01 -2.899370789527893066e-01 1.717709153890609741e-01 -3.298413380980491638e-02 3.152108192443847656e-01 2.049787789583206177e-01 -3.248979151248931885e-01 -9.240587800741195679e-02
-8.698212355375289917e-02 -2.216472625732421875e-01 1.353063732385635376e-01 2.331062778830528259e-02 3.453686535358428955e-01 2.585761547088623047e-01 -7.853500545024871826e-02 1.325440555810928345e-01
2.328428253531455994e-02 -2.422374114394187927e-02 -1.719837486743927002e-01 -2.016346305608749390e-01 -3.923292458057403564e-02 -2.622654736042022705e-01 1.286861747503280640e-01 1.402660310268402100e-01
-3.042795658111572266e-01 1.922329366207122803e-01 1.288992911577224731e-01 -1.508236378431320190e-01 2.609282135963439941e-01 -6.030872464179992676e-02 2.868263423442840576e-01 -2.482867389917373657e-01
1.637765951454639435e-02 -3.949039801955223083e-02 2.379294633865356445e-01 7.827772200107574463e-02 -3.008832223713397980e-03 -2.189688235521316528e-01 2.573055624961853027e-01 6.469197571277618408e-02
2.704344391822814941e-01 -6.136465817689895630e-02 -3.197798132896423340e-02 -2.405940592288970947e-01 -2.027242816984653473e-02 -1.751009225845336914e-01 -1.185360699892044067e-01 1.694666147232055664e-01
3.418326079845428467e-01 2.089265584945678711e-01 2.406754195690155029e-01 3.450918495655059814e-01 3.471587598323822021e-01 3.092039227485656738e-01 1.235604584217071533e-01 3.106556236743927002e-01
2.653314732015132904e-02 1.302614212036132812e-01 -1.540842503309249878e-01 -4.352653026580810547e-01 -4.221834614872932434e-02 2.470863109920173883e-04 4.167930409312248230e-02 3.939931392669677734e-01
2.442871034145355225e-01 -3.109571039676666260e-01 -2.338492721319198608e-01 2.700345218181610107e-01 -1.047473326325416565e-01 -2.459685057401657104e-01 -1.289212852716445923e-01 -3.613053858280181885e-01
-2.590358257293701172e-01 2.886886000633239746e-01 -2.192106842994689941e-01 -1.618050485849380493e-01 -2.907229363918304443e-01 -9.532856196165084839e-02 -2.880183458328247070e-01 -1.656802743673324585e-01
2.841317951679229736e-01 1.103902310132980347e-01 -1.720484644174575806e-01 3.995434939861297607e-02 1.350439935922622681e-01 2.240352630615234375e-01 -2.527291476726531982e-01 1.956934779882431030e-01
-1.919173598289489746e-01 -1.906182020902633667e-01 4.712861403822898865e-02 1.726291775703430176e-01 1.156377121806144714e-01 2.163203805685043335e-01 1.593316495418548584e-01 3.796892240643501282e-02
-3.463003039360046387e-01 -1.036061942577362061e-01 -3.418682217597961426e-01 2.986367605626583099e-02 1.479473896324634552e-02 7.531518116593360901e-03 2.300587482750415802e-02 1.917760446667671204e-02
-2.835358679294586182e-01 -4.646892845630645752e-02 -3.008961081504821777e-01 -1.100831255316734314e-01 8.713070303201675415e-02 -3.102421462535858154e-01 1.977655589580535889e-01 3.487562015652656555e-02
2.903624810278415680e-02 1.091779842972755432e-01 -2.761095762252807617e-01 8.366150781512260437e-03 9.564647823572158813e-02 2.661370933055877686e-01 -1.830822080373764038e-01 -3.430831134319305420e-01
2.895353138446807861e-01 -2.239046990871429443e-01 -1.892737448215484619e-01 2.565051317214965820e-01 -1.543882191181182861e-01 -5.888395383954048157e-02 -7.947976142168045044e-02 6.068731099367141724e-02
2.714914679527282715e-01 3.053258359432220459e-01 1.643443554639816284e-01 -5.723623558878898621e-02 -3.013721108436584473e-01 8.810722082853317261e-02 -1.333464235067367554e-01 -6.749269366264343262e-02
-1.915931105613708496e-01 7.114330679178237915e-02 1.049487143754959106e-01 -1.048647835850715637e-01 -3.444927930831909180e-01 -2.850570678710937500e-01 1.547164767980575562e-01 1.250119954347610474e-01
2.280946969985961914e-01 1.987023651599884033e-01 -8.304689824581146240e-02 -2.821539938449859619e-01 -1.615586318075656891e-02 -2.957325577735900879e-01 -6.592854857444763184e-02 -9.672342985868453979e-02
-1.254080832004547119e-01 2.807960510253906250e-01 3.529663756489753723e-02 -3.286677002906799316e-01 -2.041387259960174561e-01 2.702185511589050293e-01 -1.505234837532043457e-01 -2.606755197048187256e-01
-2.277619093656539917e-01 -3.514761924743652344e-01 3.060415685176849365e-01 3.473285138607025146e-01 8.472458273172378540e-02 6.206797435879707336e-03 2.393195405602455139e-02 -1.149794086813926697e-01
3.126673400402069092e-01 -3.089719712734222412e-01 -3.328227400779724121e-01 2.600269019603729248e-01 -1.955323852598667145e-02 -1.899953782558441162e-01 2.794708125293254852e-02 -1.394135951995849609e-01
6.260485947132110596e-02 -1.131714731454849243e-01 5.413768813014030457e-02 8.971601724624633789e-02 -2.555265128612518311e-01 7.581500336527824402e-03 -2.446827143430709839e-01 1.218807473778724670e-01
2.061482369899749756e-01 2.096821516752243042e-01 2.370685935020446777e-01 1.672896593809127808e-01 -2.413466721773147583e-01 -3.140613064169883728e-02 2.970339357852935791e-01 -5.109994858503341675e-02
2.038907259702682495e-01 2.578877210617065430e-01 -1.028584912419319153e-01 3.332404792308807373e-01 1.313872486352920532e-01 2.288174480199813843e-01 2.901322245597839355e-01 -3.132477700710296631e-01
-3.396203368902206421e-02 1.480921059846878052e-01 -1.034379228949546814e-01 2.400944381952285767e-01 6.048795953392982483e-02 -3.404381275177001953e-01 7.562572509050369263e-02 2.389605194330215454e-01
1.852039992809295654e-01 5.188196152448654175e-02 -8.935509622097015381e-02 3.156724274158477783e-01 1.891743540763854980e-01 -2.813010811805725098e-01 1.370802819728851318e-01 -3.381507098674774170e-01
-1.539072543382644653e-01 -2.739262999966740608e-03 2.082413285970687866e-01 9.015860036015510559e-03 2.806339561939239502e-01 -2.131619304418563843e-01 -1.156338900327682495e-01 3.274959921836853027e-01
-2.244786918163299561e-01 1.262005716562271118e-01 -2.573183365166187286e-02 -1.830668896436691284e-01 4.267221987247467041e-01 -2.831633687019348145e-01 2.510881125926971436e-01 -8.399518579244613647e-02
-3.038855828344821930e-02 -6.821945309638977051e-02 5.774941667914390564e-02 -1.707733422517776489e-01 -2.584067285060882568e-01 3.630224764347076416e-01 -6.431158632040023804e-02 -6.906604021787643433e-02
-1.765505671501159668e-01 8.554235100746154785e-03 2.481626123189926147e-01 6.146956980228424072e-02 3.832010924816131592e-02 -3.211798965930938721e-01 3.149453699588775635e-01 -1.864085048437118530e-01
5.863184109330177307e-02 1.423498690128326416e-01 -5.955671891570091248e-02 -3.158337771892547607e-01 -6.147272884845733643e-02 2.855014204978942871e-01 8.346383273601531982e-02 -3.936617076396942139e-01
-1.233458966016769409e-01 2.930509746074676514e-01 2.556126415729522705e-01 8.938616514205932617e-02 -3.569925725460052490e-01 1.696789264678955078e-01 -2.879884652793407440e-02 -1.501244902610778809e-01
-1.600730232894420624e-02 3.239835798740386963e-01 2.238357663154602051e-01 2.835370600223541260e-01 7.913330942392349243e-02 2.708370387554168701e-01 -1.171809732913970947e-01 8.856782317161560059e-02
1.358299255371093750e-01 -1.069426164031028748e-01 -1.572505235671997070e-01 3.514711931347846985e-02 2.064147889614105225e-01 3.192438483238220215e-01 6.654422730207443237e-02 2.129092253744602203e-02
2.562321722507476807e-01 1.494214236736297607e-01 -2.311447262763977051e-01 3.227382004261016846e-01 -2.042049616575241089e-01 -2.524237930774688721e-01 3.182007670402526855e-01 3.128908276557922363e-01
-2.393550574779510498e-01 -6.998317781835794449e-03 1.421979069709777832e-01 -2.600189447402954102e-01 2.507365942001342773e-01 -3.591060638427734375e-02 -2.928470671176910400e-01 -2.668075561523437500e-01
-2.420583218336105347e-01 3.992506489157676697e-02 2.922282516956329346e-01 3.046390786767005920e-02 2.978353202342987061e-02 -1.918378919363021851e-01 3.510840535163879395e-01 -1.568671315908432007e-01
3.000430203974246979e-02 3.346759378910064697e-01 1.004929021000862122e-01 -2.399308979511260986e-01 -2.477454096078872681e-01 -3.377928957343101501e-02 3.098588585853576660e-01 2.642446160316467285e-01
3.031486868858337402e-01 -2.095755487680435181e-01 -2.199767529964447021e-01 -3.253603279590606689e-01 2.235766649246215820e-01 2.229761630296707153e-01 -2.364985048770904541e-01 3.173685073852539062e-01
-2.882677614688873291e-01 -1.884340643882751465e-01 2.431510686874389648e-01 3.315787017345428467e-01 -3.418534100055694580e-01 1.577756702899932861e-01 4.047199338674545288e-02 2.923180460929870605e-01
3.628930449485778809e-02 -2.588322460651397705e-01 5.949567630887031555e-02 -5.851014703512191772e-02 -7.414182648062705994e-03 -4.260497540235519409e-02 1.318840980529785156e-01 2.842703759670257568e-01
-9.320057928562164307e-03 3.307087719440460205e-01 -1.113530844449996948e-01 -1.132209450006484985e-01 4.101511090993881226e-03 -2.032131403684616089e-01 -1.683568209409713745e-01 -1.586346141993999481e-02
3.246918693184852600e-02 -1.369427740573883057e-01 5.529307574033737183e-02 -7.196163386106491089e-02 -9.941025823354721069e-02 -2.767430245876312256e-01 1.019288599491119385e-01 -2.029912620782852173e-01
3.040520250797271729e-01 -9.096045047044754028e-02 -1.386497020721435547e-01 3.157718777656555176e-01 1.791419833898544312e-01 -3.373209387063980103e-02 -4.014169052243232727e-02 1.119090169668197632e-01
-2.448786348104476929e-01 -9.007476270198822021e-02 3.411622643470764160e-01 4.238669574260711670e-01 1.339838504791259766e-01 1.253548860549926758e-01 3.196452930569648743e-02 1.144269034266471863e-01
-2.865504026412963867e-01 -2.984028160572052002e-01 2.204742878675460815e-01 5.567516386508941650e-02 2.449438534677028656e-02 9.035971015691757202e-02 8.952990919351577759e-02 -3.573870360851287842e-01
-1.010345369577407837e-01 -2.088567242026329041e-03 -3.020551204681396484e-01 -3.623507916927337646e-03 -3.913235068321228027e-01 2.001234740018844604e-01 4.035375267267227173e-02 4.188188910484313965e-01
-1.431657075881958008e-01 -3.333116471767425537e-01 -2.670541107654571533e-01 -6.677550077438354492e-02 -1.270557641983032227e-01 -1.258761584758758545e-01 1.195432022213935852e-01 2.786282300949096680e-01
-1.340830922126770020e-01 2.072576135396957397e-01 1.994201689958572388e-01 9.383130818605422974e-02 -1.110813096165657043e-01 1.800546795129776001e-01 1.998019218444824219e-02 -3.554772138595581055e-01
-1.459795683622360229e-01 3.298320248723030090e-02 -1.464174687862396240e-01 -1.473885923624038696e-01 1.652692705392837524e-01 3.519403934478759766e-01 -2.523471117019653320e-01 -2.984123229980468750e-01
-5.458049476146697998e-02 -2.232845127582550049e-01 2.475691139698028564e-01 2.304527759552001953e-01 -2.530749142169952393e-01 4.042028263211250305e-02 1.119787693023681641e-01 2.510864138603210449e-01
-3.230528235435485840e-01 2.369947582483291626e-01 1.883417516946792603e-01 -3.475053310394287109e-01 -2.953521013259887695e-01 1.034181267023086548e-01 2.201145291328430176e-01 3.481546640396118164e-01
3.393634557723999023e-01 2.764456272125244141e-01 -3.511621654033660889e-01 3.609903752803802490e-01 1.693558543920516968e-01 -2.779864072799682617e-01 -7.582495361566543579e-02 -2.590005695819854736e-01
2.000899612903594971e-01 2.604475915431976318e-01 1.133317351341247559e-01 -1.986465454101562500e-01 -1.298879273235797882e-02 -3.848446309566497803e-01 -5.549163743853569031e-02 1.650163978338241577e-01
-7.427977025508880615e-02 1.865358650684356689e-01 2.466843426227569580e-01 1.246873140335083008e-01 6.940528005361557007e-02 -2.728102803230285645e-01 -2.459617108106613159e-01 -6.446725875139236450e-02
3.049655258655548096e-01 -2.243807315826416016e-01 1.839459687471389771e-01 1.129129901528358459e-01 -7.579103112220764160e-02 1.050789207220077515e-01 -1.471026241779327393e-01 -4.046358540654182434e-02
-1.355276852846145630e-01 3.009003996849060059e-01 -9.058051556348800659e-02 -3.179248869419097900e-01 -3.188575208187103271e-01 6.006005406379699707e-02 3.075847402215003967e-02 3.039582073688507080e-01
-2.230634987354278564e-01 -1.198872551321983337e-01 -3.323602974414825439e-01 -1.311270594596862793e-01 -2.454285621643066406e-01 1.417102068662643433e-01 -2.693288773298263550e-02 1.072912216186523438e-01
-1.860319077968597412e-01 8.818566799163818359e-02 -2.851672470569610596e-01 -3.359836041927337646e-01 -2.307046651840209961e-01 -1.152940243482589722e-01 -3.035900369286537170e-02 2.201125323772430420e-01
3.003039360046386719e-01 -1.809886097908020020e-01 -1.351159065961837769e-01 -2.892576754093170166e-01 -3.290984332561492920e-01 -9.595189243555068970e-02 1.190256774425506592e-01 2.126833423972129822e-02
2.048798501491546631e-01 -2.362797111272811890e-01 1.247639954090118408e-01 1.036588568240404129e-02 -1.026453524827957153e-01 2.155216336250305176e-01 -2.865571677684783936e-01 9.092877060174942017e-02
2.217686772346496582e-01 1.010647714138031006e-01 1.721898466348648071e-02 -3.257125914096832275e-01 7.453198730945587158e-02 3.410155177116394043e-01 -7.112760562449693680e-03 2.345234751701354980e-01
3.184402585029602051e-01 2.860509157180786133e-01 1.276894062757492065e-01 1.553821414709091187e-01 -7.948664575815200806e-02 -1.919662952423095703e-01 2.143332958221435547e-01 7.084588706493377686e-02
-2.402558624744415283e-01 -3.491149544715881348e-01 2.931665182113647461e-01 2.632969319820404053e-01 -2.551898956298828125e-01 3.078750669956207275e-01 3.842854201793670654e-01 -3.915402293205261230e-02
2.982036769390106201e-01 -1.082882955670356750e-01 -1.624765992164611816e-02 2.970824837684631348e-01 -1.435391306877136230e-01 4.763797670602798462e-02 2.610263526439666748e-01 4.133736714720726013e-02
2.692260444164276123e-01 6.486419588327407837e-02 1.017962582409381866e-02 2.748484909534454346e-01 1.741945743560791016e-01 1.881688982248306274e-01 6.908627599477767944e-02 3.101904392242431641e-01
-3.308200240135192871e-01 -3.250506520271301270e-01 -7.853474467992782593e-02 2.700383663177490234e-01 -2.494126260280609131e-01 -2.971933186054229736e-01 3.081628978252410889e-01 -1.978568285703659058e-01
1.901169307529926300e-02 3.338764309883117676e-01 2.574484348297119141e-01 7.267756015062332153e-02 4.678799957036972046e-02 1.806794703006744385e-01 -3.880673050880432129e-01 -3.078329265117645264e-01
-2.312454432249069214e-01 -3.065169751644134521e-01 -2.501190304756164551e-01 6.513875722885131836e-02 5.481586232781410217e-02 -3.388707339763641357e-02 8.690861053764820099e-03 1.789322793483734131e-01
-2.789680659770965576e-01 -2.384877800941467285e-01 -6.032608449459075928e-03 -2.857222855091094971e-01 2.573704719543457031e-01 -1.982105821371078491e-01 7.395838201045989990e-02 -3.153073489665985107e-01
8.989581465721130371e-02 2.101922184228897095e-01 1.442329436540603638e-01 2.543842792510986328e-01 7.121760398149490356e-02 -3.265959024429321289e-01 -3.529537320137023926e-01 -1.888093203306198120e-01
1.679554134607315063e-01 5.649160221219062805e-02 -1.013259440660476685e-01 6.530722230672836304e-02 1.686354428529739380e-01 -5.197611451148986816e-02 -9.699654579162597656e-02 2.493397891521453857e-01
-3.236272335052490234e-01 -3.525187671184539795e-01 1.875016093254089355e-01 -2.288020998239517212e-01 -2.285439521074295044e-01 -1.117372885346412659e-01 -1.469519734382629395e-01 1.089000180363655090e-01
-3.096848167479038239e-02 2.955904901027679443e-01 -1.294482648372650146e-01 -3.123829066753387451e-01 1.372065991163253784e-01 -1.388287246227264404e-01 -1.276697814464569092e-01 -1.607787311077117920e-01
-2.597078382968902588e-01 3.462785780429840088e-01 1.399312764406204224e-01 -2.843785285949707031e-01 3.571376502513885498e-01 3.401107192039489746e-01 -8.191981166601181030e-02 6.050611659884452820e-02
-2.894235253334045410e-01 -1.472593694925308228e-01 2.435326427221298218e-01 -3.642235696315765381e-02 1.063440665602684021e-01 -1.182524263858795166e-01 -9.700479358434677124e-02 -1.520025283098220825e-01
-1.657580286264419556e-01 -1.310271918773651123e-01 -5.148033797740936279e-02 -1.979419440031051636e-01 -4.636103659868240356e-02 -8.932207524776458740e-02 2.874211072921752930e-01 -8.055196958594024181e-04
1.807443946599960327e-01 1.613866984844207764e-01 8.814460039138793945e-02 2.004682272672653198e-01 3.525347411632537842e-01 -3.267783522605895996e-01 1.454905867576599121e-01 -7.641146332025527954e-02
-4.904653131961822510e-02 -5.473224446177482605e-02 3.290067911148071289e-01 -1.031335741281509399e-01 2.717175185680389404e-01 2.371099144220352173e-01 1.972966045141220093e-01 9.690809994935989380e-02
3.202374577522277832e-01 -5.129012092947959900e-02 -1.029330305755138397e-02 -3.968796432018280029e-01 1.312022358179092407e-01 -2.211606949567794800e-01 -6.208766717463731766e-03 -3.327210247516632080e-01
1.374817639589309692e-01 1.367456912994384766e-01 6.739056855440139771e-02 -2.326091751456260681e-02 2.984207868576049805e-01 -4.062313437461853027e-01 -2.586687207221984863e-01 -2.880710661411285400e-01
-1.365984380245208740e-01 2.890691161155700684e-01 -2.135345488786697388e-01 2.000131905078887939e-01 1.718740612268447876e-01 -3.315379144623875618e-03 3.056181967258453369e-01 -7.203131169080734253e-02
7.793473452329635620e-02 -3.295302093029022217e-01 2.880288064479827881e-01 2.227271199226379395e-01 8.786538243293762207e-02 4.593610391020774841e-02 4.432491213083267212e-02 -6.198653951287269592e-03
-3.500897586345672607e-01 1.641150005161762238e-02 2.072021067142486572e-01 -1.101640053093433380e-02 3.214097619056701660e-01 -9.382656216621398926e-02 -2.580738365650177002e-01 2.973514497280120850e-01
1.849820464849472046e-01 1.876856386661529541e-02 -2.501894533634185791e-01 5.906702578067779541e-02 -1.858124136924743652e-01 -2.278822362422943115e-01 -2.910832166671752930e-01 -1.226586550474166870e-01
-7.715562731027603149e-02 -2.812143974006175995e-02 3.532211482524871826e-01 -2.679890096187591553e-01 -2.275940030813217163e-01 2.040344029664993286e-01 1.306944936513900757e-01 7.658990472555160522e-02
-3.000263571739196777e-01 -2.012574672698974609e-01 3.033143877983093262e-01 -1.790134608745574951e-01 3.104560375213623047e-01 -1.810991913080215454e-01 -3.226197063922882080e-01 -8.574574440717697144e-02
2.262722700834274292e-01 -1.567009240388870239e-01 3.530981950461864471e-03 -2.905095219612121582e-01 -1.969891414046287537e-02 1.605593264102935791e-01 4.078204557299613953e-02 -3.880420029163360596e-01
1.272066086530685425e-01 -2.480462426319718361e-03 -2.240943759679794312e-01 -2.689490318298339844e-01 5.699715763330459595e-02 -1.740232557058334351e-01 2.914465963840484619e-02 -1.871258169412612915e-01
2.190799415111541748e-01 -2.663596272468566895e-01 -1.633531413972377777e-02 -1.230699792504310608e-01 -8.261426538228988647e-02 -1.934084445238113403e-01 1.550984084606170654e-01 3.518313467502593994e-01
2.660310268402099609e-01 1.129155531525611877e-01 -4.347858205437660217e-02 2.202676385641098022e-01 -3.516260087490081787e-01 2.836616635322570801e-01 -1.120610628277063370e-02 1.773819476366043091e-01
-1.972153633832931519e-01 3.239640891551971436e-01 -2.470850944519042969e-01 2.364818751811981201e-01 6.231008842587471008e-02 7.687701284885406494e-02 5.244182422757148743e-02 3.153561055660247803e-01
2.350463718175888062e-01 4.386807326227426529e-03 5.336594954133033752e-02 2.716959118843078613e-01 -2.195130586624145508e-01 -3.784031420946121216e-02 6.870979815721511841e-02 1.405083090066909790e-01
1.559279412031173706e-01 5.584225524216890335e-03 -2.577318251132965088e-02 2.691633105278015137e-01 -1.955765932798385620e-01 3.122436404228210449e-01 2.847411632537841797e-01 1.778842359781265259e-01
2.552771866321563721e-01 -1.970162242650985718e-01 2.389368265867233276e-01 -2.222127169370651245e-01 -1.162753403186798096e-01 2.390486150979995728e-01 3.019676208496093750e-01 2.804542481899261475e-01
-1.780072599649429321e-01 7.817169278860092163e-02 -6.320212781429290771e-02 -9.049529209733009338e-03 -2.283609956502914429e-01 3.509629368782043457e-01 1.553328186273574829e-01 -1.873240917921066284e-01
-1.644811034202575684e-01 -3.042753040790557861e-02 -2.877334654331207275e-01 5.683340132236480713e-02 3.263439536094665527e-01 -2.178490012884140015e-01 -1.249481290578842163e-01 2.740012407302856445e-01
-9.017299115657806396e-02 -1.903620213270187378e-01 1.475348919630050659e-01 -2.855862379074096680e-01 1.724282056093215942e-01 -1.093088313937187195e-01 -3.247631341218948364e-02 -8.664337545633316040e-02
2.458479106426239014e-01 7.552783936262130737e-02 -1.638511568307876587e-01 1.442626267671585083e-01 4.427213966846466064e-02 -8.567687869071960449e-02 2.971248328685760498e-01 1.138617992401123047e-01
-1.120913252234458923e-01 1.758105009794235229e-01 -2.254251390695571899e-01 -7.589047402143478394e-02 2.941383421421051025e-02 -7.274429500102996826e-02 2.342323362827301025e-01 2.329303175210952759e-01
-1.333040297031402588e-01 -7.738602906465530396e-02 6.542372703552246094e-02 2.037683315575122833e-02 1.768062412738800049e-01 -1.533683389425277710e-01 -8.914711326360702515e-02 1.289553046226501465e-01
-8.461984246969223022e-02 2.475513368844985962e-01 1.604036092758178711e-01 -2.610324621200561523e-01 -2.042240351438522339e-01 -3.389315903186798096e-01 1.197803691029548645e-01 -7.573425769805908203e-02
1.119732856750488281e-01 -2.286461293697357178e-01 2.359497249126434326e-01 3.715475201606750488e-01 -3.691643103957176208e-02 -2.484415471553802490e-02 8.646852523088455200e-02 -2.628618180751800537e-01
-3.432633876800537109e-01 -2.433383911848068237e-01 -1.893273442983627319e-01 -1.712867915630340576e-01 2.325984239578247070e-01 1.786574870347976685e-01 1.827292330563068390e-02 3.000205755233764648e-01
2.437527775764465332e-01 -1.826801002025604248e-01 2.929910421371459961e-01 1.993903219699859619e-01 -2.022034078836441040e-01 -1.300098747014999390e-02 3.622989654541015625e-01 2.940192818641662598e-02
-3.057906329631805420e-01 2.010767161846160889e-01 -2.746596932411193848e-01 1.310440003871917725e-01 -2.489413022994995117e-01 3.249039947986602783e-01 3.536279499530792236e-01 -2.249123007059097290e-01
-2.987222969532012939e-01 -2.375810146331787109e-01 -3.362919017672538757e-02 -1.625377237796783447e-01 2.613587677478790283e-02 -1.411485671997070312e-01 -1.008632965385913849e-02 2.440333366394042969e-01
-2.753728032112121582e-01 7.655420806258916855e-03 2.684897184371948242e-01 -1.614287346601486206e-01 -1.690407842397689819e-01 -3.177983760833740234e-01 1.877665668725967407e-01 1.163457110524177551e-01
-1.590698212385177612e-01 -8.130689151585102081e-03 9.020050056278705597e-04 -4.203538969159126282e-02 2.221184317022562027e-03 1.864989101886749268e-01 3.461220562458038330e-01 2.644479870796203613e-01
3.449225425720214844e-02 1.472532050684094429e-03 8.521054685115814209e-02 -1.589903384447097778e-01 8.072012662887573242e-02 3.003813624382019043e-01 -2.550664842128753662e-01 -2.506222426891326904e-01
1.092670708894729614e-01 1.773246675729751587e-01 -3.408426344394683838e-01 -3.259859234094619751e-02 -2.844950854778289795e-01 1.370653510093688965e-01 3.080723583698272705e-01 -2.093945443630218506e-01
1.684480719268321991e-02 1.472636964172124863e-02 8.118476718664169312e-02 -4.758350923657417297e-02 -2.597922384738922119e-01 -1.964043229818344116e-01 2.822017967700958252e-01 2.393159717321395874e-01
2.060673758387565613e-02 3.516051173210144043e-01 2.610662281513214111e-01 -2.983261048793792725e-01 2.386583238840103149e-01 1.669475734233856201e-01 -1.022310629487037659e-01 9.500087797641754150e-02
-1.797495633363723755e-01 1.873608529567718506e-01 3.513949215412139893e-01 1.338285356760025024e-01 -7.454673200845718384e-02 -3.260226249694824219e-01 1.845854371786117554e-01 4.872032254934310913e-02
-7.231187075376510620e-03 2.795326709747314453e-01 -1.578306257724761963e-01 -1.536077409982681274e-01 -9.284789115190505981e-02 -1.605890691280364990e-01 7.214783877134323120e-02 3.647004067897796631e-01
6.032208353281021118e-02 -3.491650223731994629e-01 -1.981333047151565552e-01 2.362729981541633606e-02 8.914827555418014526e-02 -7.048379629850387573e-03 3.019745945930480957e-01 3.058595955371856689e-01
-9.856636822223663330e-02 -1.732514798641204834e-01 4.865548387169837952e-02 2.670553624629974365e-01 -3.512042164802551270e-01 -2.245965898036956787e-01 -8.941122330725193024e-03 -1.206617131829261780e-01
-1.215744391083717346e-01 -3.122365176677703857e-01 2.520434260368347168e-01 -4.879940301179885864e-02 -1.517608016729354858e-02 3.174684941768646240e-01 1.580590456724166870e-01 1.548397988080978394e-01
-1.788698881864547729e-02 -3.105297386646270752e-01 -3.054918944835662842e-01 2.765448093414306641e-01 -1.099582836031913757e-01 -3.241365253925323486e-01 2.730603329837322235e-02 4.297572374343872070e-02
-2.963153719902038574e-01 -6.833566725254058838e-02 -2.693977952003479004e-01 -7.013707607984542847e-02 -2.284921556711196899e-01 5.057527497410774231e-02 5.107723176479339600e-02 2.782570384442806244e-02
2.528758347034454346e-01 7.248345017433166504e-02 -3.031733036041259766e-01 -2.335939705371856689e-01 4.383643344044685364e-02 -4.608550574630498886e-03 2.431164495646953583e-02 -1.325352042913436890e-01
-2.729720175266265869e-01 4.314795136451721191e-02 -1.045179218053817749e-01 4.735175520181655884e-02 2.572002708911895752e-01 -1.541129797697067261e-01 1.483842879533767700e-01 3.483916223049163818e-01
-2.945823669433593750e-01 9.673504531383514404e-02 -5.920002609491348267e-02 -1.267092376947402954e-01 2.440933734178543091e-01 -2.801175229251384735e-02 -3.594360351562500000e-01 -5.731572583317756653e-02
-2.938073575496673584e-01 -2.145747691392898560e-01 -1.985297352075576782e-01 -3.032972514629364014e-01 -2.579255588352680206e-02 2.273902529850602150e-03 2.702897191047668457e-01 4.801155999302864075e-02
1.453070342540740967e-01 3.089110553264617920e-01 -1.156231313943862915e-01 2.125202715396881104e-01 5.142533406615257263e-02 2.019838392734527588e-01 3.384850323200225830e-01 2.374651096761226654e-02
-3.151748776435852051e-01 -1.435357779264450073e-01 2.249392867088317871e-01 2.348281145095825195e-01 -2.086889185011386871e-02 7.961551100015640259e-02 -1.006232425570487976e-01 1.899414509534835815e-01
1.861850321292877197e-01 -1.962036825716495514e-02 1.732726097106933594e-01 -6.887373328208923340e-02 3.260403275489807129e-01 3.520725071430206299e-01 -1.554999500513076782e-01 6.793603301048278809e-02
-3.917208313941955566e-02 -1.134844049811363220e-01 -3.514162302017211914e-01 2.184009253978729248e-01 2.932258248329162598e-01 -3.611332476139068604e-01 2.137141525745391846e-01 2.307825982570648193e-01
2.621865570545196533e-01 9.595242887735366821e-02 5.684758722782135010e-02 -2.602569758892059326e-01 -1.570324972271919250e-02 -3.094226419925689697e-01 -7.603231072425842285e-02 -2.432145625352859497e-01
1.834774911403656006e-01 4.468020517379045486e-03 -6.217450369149446487e-03 1.645108610391616821e-01 -1.157684028148651123e-01 4.639893770217895508e-02 1.212391778826713562e-01 -6.596935540437698364e-02
-2.230400145053863525e-01 2.478211820125579834e-01 1.402735263109207153e-01 -2.246717214584350586e-01 1.496253758668899536e-01 4.914421960711479187e-02 1.280129998922348022e-01 -2.083799093961715698e-01
-1.063282862305641174e-01 -2.050563246011734009e-01 -3.985868021845817566e-02 -1.718970760703086853e-02 -4.525466263294219971e-02 3.509212732315063477e-01 3.836010992527008057e-01 -2.412446141242980957e-01
4.464027285575866699e-02 -2.900899648666381836e-01 -3.296896219253540039e-01 3.248934447765350342e-02 -1.279250234365463257e-01 2.686495184898376465e-01 1.045302748680114746e-01 -1.447452902793884277e-01
3.276434242725372314e-01 -1.760144084692001343e-01 9.966991841793060303e-02 2.007962763309478760e-02 6.578692048788070679e-02 -2.218716293573379517e-01 8.829915896058082581e-03 2.733196914196014404e-01
1.627741754055023193e-01 -1.182983592152595520e-01 -2.486864626407623291e-01 -1.447539925575256348e-01 -2.406885176897048950e-01 1.925516724586486816e-01 1.047591120004653931e-01 -2.359937690198421478e-02
-1.439464744180440903e-02 -2.379192411899566650e-02 3.025971353054046631e-01 1.687166988849639893e-01 3.930118381977081299e-01 -2.550152540206909180e-01 -2.920280396938323975e-01 6.728138774633407593e-02
-9.162603877484798431e-03 4.399454593658447266e-02 -1.255042403936386108e-01 -3.931438922882080078e-01 2.015580683946609497e-01 -2.550836205482482910e-01 4.001451730728149414e-01 1.618310660123825073e-01
3.199912011623382568e-01 -6.959235668182373047e-02 -1.006500329822301865e-02 -2.569535672664642334e-01 -2.694535553455352783e-01 -3.298544287681579590e-01 -1.081790551543235779e-01 -2.041738182306289673e-01
-2.820881307125091553e-01 -1.420591026544570923e-01 1.807979643344879150e-01 -1.740881800651550293e-02 2.137961834669113159e-01 -4.869910702109336853e-02 2.529838085174560547e-01 1.888539642095565796e-02
-2.863752543926239014e-01 -2.136159241199493408e-01 1.838841848075389862e-02 -5.398183315992355347e-02 9.295500814914703369e-03 9.606656432151794434e-02 -6.273815780878067017e-02 -2.695890963077545166e-01
3.177390620112419128e-02 -4.669200628995895386e-02 1.568010151386260986e-01 -2.456225901842117310e-01 -4.070573747158050537e-01 1.165261790156364441e-01 1.157793495804071426e-02 2.673899531364440918e-01
-5.125969275832176208e-02 1.832469701766967773e-01 2.212353497743606567e-01 -6.898061931133270264e-02 -9.496216475963592529e-02 8.488687872886657715e-02 1.445550173521041870e-01 2.653087377548217773e-01
-2.158071547746658325e-01 -2.438125312328338623e-01 1.571139246225357056e-01 -2.436188459396362305e-01 -3.234104514122009277e-01 -2.431340366601943970e-01 -7.317505776882171631e-02 -5.330841988325119019e-02
-3.846885636448860168e-02 5.952452868223190308e-02 3.505747765302658081e-02 3.405216932296752930e-01 3.785779774188995361e-01 -1.149490028619766235e-01 -3.635131940245628357e-02 -2.678908109664916992e-01
2.628328800201416016e-01 2.955872416496276855e-01 2.084713727235794067e-01 2.819682657718658447e-01 3.209351897239685059e-01 -1.406351029872894287e-01 -1.677985787391662598e-01 -3.424816727638244629e-01
-1.642625480890274048e-01 1.523720175027847290e-01 -3.017047941684722900e-01 3.218231797218322754e-01 -5.569384247064590454e-02 2.175439745187759399e-01 6.105949170887470245e-03 1.271813958883285522e-01
2.191768288612365723e-01 2.677367329597473145e-01 -5.146256461739540100e-02 -3.201652318239212036e-02 1.431250870227813721e-01 2.178151160478591919e-01 -1.359855979681015015e-01 2.293428927659988403e-01
-2.540892958641052246e-01 -3.524829745292663574e-01 -1.381307095289230347e-01 -1.541233435273170471e-02 3.099376261234283447e-01 -1.269613802433013916e-01 -1.009477302432060242e-01 -2.740755975246429443e-01
2.743637859821319580e-01 2.013125866651535034e-01 -3.273408412933349609e-01 1.644670367240905762e-01 4.948565619997680187e-04 7.061632722616195679e-02 -1.318301707506179810e-01 1.242785528302192688e-01
-2.257920503616333008e-01 -3.210389018058776855e-01 -1.228842288255691528e-01 9.208861738443374634e-02 2.213272452354431152e-01 3.190616369247436523e-01 2.301480993628501892e-02 -1.889988183975219727e-01
-1.084448471665382385e-01 2.756575942039489746e-01 3.021526932716369629e-01 -3.883112221956253052e-02 -5.722621083259582520e-02 1.987168788909912109e-01 -1.458145081996917725e-01 -8.488012105226516724e-02
-1.995947360992431641e-01 1.931782662868499756e-01 3.110989034175872803e-01 3.926004283130168915e-04 2.716651856899261475e-01 2.924349308013916016e-01 2.960715889930725098e-01 -6.986545026302337646e-02
-1.220907717943191528e-01 -8.233307301998138428e-02 2.463239133358001709e-01 -9.187553822994232178e-02 3.301292359828948975e-01 -1.688533723354339600e-01 3.781549632549285889e-01 -1.243788897991180420e-01
4.197599738836288452e-02 -3.232070207595825195e-01 1.945849806070327759e-01 -1.033388972282409668e-01 7.942902296781539917e-02 -2.077981643378734589e-02 2.936972081661224365e-01 1.652739755809307098e-02
-1.723467856645584106e-01 3.019700050354003906e-01 3.184484839439392090e-01 1.310167908668518066e-01 -8.454979956150054932e-02 6.533040106296539307e-02 1.048973277211189270e-01 -2.499624490737915039e-01
1.305373311042785645e-01 1.074035391211509705e-01 -3.404023051261901855e-01 4.885591100901365280e-03 -2.858143746852874756e-01 -2.211872786283493042e-01 2.161384522914886475e-01 1.013510152697563171e-01
5.198232084512710571e-02 4.566834121942520142e-02 5.356749892234802246e-02 -8.867157250642776489e-02 -2.744189798831939697e-01 -3.412053883075714111e-01 3.821432217955589294e-02 4.101987481117248535e-01
-3.189409524202346802e-02 1.074781361967325211e-02 2.836818695068359375e-01 4.760782122611999512e-01 -1.833908259868621826e-01 -1.197757571935653687e-01 2.275760173797607422e-01 -2.129691988229751587e-01
7.589992135763168335e-03 -3.144761621952056885e-01 -2.314310073852539062e-01 -4.072691500186920166e-01 3.043865971267223358e-02 2.549856305122375488e-01 -6.527107208967208862e-02 1.666793227195739746e-01
3.232129290699958801e-02 -2.294571548700332642e-01 5.360655114054679871e-02 -1.836023628711700439e-01 -2.351993769407272339e-01 3.391321748495101929e-02 -8.213689923286437988e-02 -3.511400520801544189e-01
-2.967856228351593018e-01 -2.225717604160308838e-01 2.745714485645294189e-01 3.229968547821044922e-01 3.438894152641296387e-01 1.825029551982879639e-01 -2.932550609111785889e-01 3.296341300010681152e-01
1.406606733798980713e-01 -3.350770175457000732e-01 -1.810235381126403809e-01 -3.473039567470550537e-01 -1.880310028791427612e-01 1.680636256933212280e-01 -8.590924739837646484e-02 -1.053499057888984680e-01
-1.369604170322418213e-01 3.104995489120483398e-01 3.280030786991119385e-01 -1.169942095875740051e-01 -2.203513085842132568e-01 2.249584645032882690e-01 1.656510084867477417e-01 3.085992932319641113e-01
5.830090120434761047e-02 -1.876785904169082642e-01 9.283874183893203735e-03 -1.771432757377624512e-01 1.131135225296020508e-01 2.070116624236106873e-02 -8.222469128668308258e-03 -3.050577342510223389e-01
-4.497925564646720886e-02 -1.007375791668891907e-01 -2.120930105447769165e-01 -1.887684762477874756e-01 -2.097541093826293945e-01 1.632652133703231812e-01 8.032354526221752167e-03 3.369015455245971680e-01
1.324130445718765259e-01 1.393053531646728516e-01 -2.930271625518798828e-01 -2.793838679790496826e-01 -1.193568855524063110e-01 -1.432859003543853760e-01 3.103239834308624268e-01 -3.074726760387420654e-01
-5.536135658621788025e-02 3.505875766277313232e-01 9.985962510108947754e-02 1.579031944274902344e-01 2.770923674106597900e-01 2.656350731849670410e-01 -1.173829510807991028e-01 -2.840753793716430664e-01
-2.116679400205612183e-01 1.179621592164039612e-01 4.285207763314247131e-02 6.139382347464561462e-02 3.314237296581268311e-01 -3.548433184623718262e-01 4.277119040489196777e-02 -8.389298617839813232e-02
3.557990789413452148e-01 -2.506226003170013428e-01 -5.457430705428123474e-02 2.482078410685062408e-02 -1.060172989964485168e-01 -1.961321085691452026e-01 -2.086930721998214722e-02 -1.504259854555130005e-01
-2.582591772079467773e-01 -2.296749502420425415e-01 -3.119724094867706299e-01 -1.843442618846893311e-01 -2.683006227016448975e-01 1.917303204536437988e-01 3.032298982143402100e-01 3.092253208160400391e-01
