-3.028161264955997467e-02 3.216505050659179688e-01 -3.856740891933441162e-01 3.175954520702362061e-01 1.450794488191604614e-01 -1.637995839118957520e-01 -1.219912990927696228e-01 -2.329505980014801025e-01
1.768665760755538940e-01 -2.424799650907516479e-01 1.511716842651367188e-01 1.340575963258743286e-01 -2.551289796829223633e-01 -3.313840329647064209e-01 2.653925716876983643e-01 -6.610460579395294189e-02
-1.261981129646301270e-01 3.449891805648803711e-01 -9.407971054315567017e-03 -2.281425297260284424e-01 -1.259070932865142822e-01 1.614300161600112915e-01 1.644716970622539520e-02 -1.935352534055709839e-01
-9.423785842955112457e-03 1.755399852991104126e-01 -3.601423501968383789e-01 -3.494579493999481201e-01 1.240119710564613342e-01 -2.657625675201416016e-01 -9.140777587890625000e-02 -1.593514233827590942e-01
3.535967469215393066e-01 -3.391154706478118896e-01 -3.268772363662719727e-01 9.300995618104934692e-02 1.625566035509109497e-01 -3.191061690449714661e-02 1.499905139207839966e-01 -2.341711660847067833e-03
2.536517977714538574e-01 3.459590971469879150e-01 5.802134051918983459e-02 2.601487040519714355e-01 5.323237925767898560e-02 5.571407079696655273e-02 2.043096870183944702e-01 -3.064900636672973633e-01
6.740337610244750977e-02 1.026950478553771973e-01 2.843555510044097900e-01 -4.834639653563499451e-02 2.109207510948181152e-01 2.622115015983581543e-01 -2.189639955759048462e-02 1.057378798723220825e-01
3.088389039039611816e-01 -3.502768874168395996e-01 1.301255822181701660e-01 -1.724122613668441772e-01 -2.517198622226715088e-01 2.025103420019149780e-01 -1.400562971830368042e-01 -7.033067196607589722e-02
3.045548452064394951e-03 -1.679020822048187256e-01 -3.408861160278320312e-01 7.049187272787094116e-02 3.317082524299621582e-01 2.541417479515075684e-01 -1.496435999870300293e-01 -1.467974334955215454e-01
-2.859098613262176514e-01 -2.356980741024017334e-01 -2.956104837357997894e-02 1.293019056320190430e-01 1.334114372730255127e-01 1.619009673595428467e-01 -3.139725029468536377e-01 7.293799519538879395e-02
2.287857830524444580e-01 -1.354451924562454224e-01 -5.278671905398368835e-02 -2.224572896957397461e-01 3.234344068914651871e-03 -3.075765371322631836e-01 3.733070939779281616e-02 -3.219634592533111572e-01
-1.959375143051147461e-01 -4.248213768005371094e-02 -1.524068862199783325e-01 -2.050669491291046143e-01 1.557226330041885376e-01 1.558278650045394897e-01 -1.272366940975189209e-01 3.111725449562072754e-01
-1.531247645616531372e-01 2.629322111606597900e-01 -8.317749202251434326e-02 -9.604039043188095093e-02 -5.319977179169654846e-02 1.189226508140563965e-01 -2.291097193956375122e-01 3.153412342071533203e-01
5.245292931795120239e-02 1.888706237077713013e-01 -2.936762869358062744e-01 -3.099936805665493011e-02 3.559217453002929688e-01 1.384248584508895874e-01 2.989081144332885742e-01 1.488491296768188477e-01
-1.823066473007202148e-01 2.506934106349945068e-01 9.112785011529922485e-02 8.829997479915618896e-02 -2.608735263347625732e-01 8.654761314392089844e-02 -1.371551454067230225e-01 2.605970501899719238e-01
-8.367606252431869507e-02 -3.050054013729095459e-01 -3.558957874774932861e-01 1.321597695350646973e-01 3.070209547877311707e-02 -3.564876616001129150e-01 -3.730305731296539307e-01 2.008334696292877197e-01
1.889584362506866455e-01 -4.059212282299995422e-03 6.095773354172706604e-02 -1.791464686393737793e-01 -3.246322572231292725e-01 -3.908258974552154541e-01 -2.738247513771057129e-01 2.895398139953613281e-01
-1.623587161302566528e-01 -1.708593070507049561e-01 2.264825701713562012e-01 -2.982594668865203857e-01 -2.401881515979766846e-01 -3.134140968322753906e-01 2.930530607700347900e-01 -8.820810355246067047e-03
3.078545629978179932e-01 -1.130915582180023193e-01 1.424249857664108276e-01 7.834187150001525879e-02 2.682439088821411133e-01 8.449992537498474121e-02 -1.341485381126403809e-01 5.001849681138992310e-02
2.269810736179351807e-01 6.589862704277038574e-02 3.109913170337677002e-01 3.338164091110229492e-01 2.217108607292175293e-01 -2.362823188304901123e-01 3.668765425682067871e-01 1.232786756008863449e-02
3.105213940143585205e-01 -7.637726515531539917e-02 6.465184688568115234e-02 2.267586886882781982e-01 2.968265116214752197e-01 -1.771694570779800415e-01 1.402743309736251831e-01 -4.046847671270370483e-02
-1.795456260442733765e-01 -1.841076314449310303e-01 1.544658007333055139e-04 1.065077409148216248e-01 -1.325375586748123169e-01 3.373609185218811035e-01 1.802900731563568115e-01 -3.286934494972229004e-01
2.606836706399917603e-02 -3.176770508289337158e-01 -1.851772516965866089e-01 6.210639700293540955e-02 -2.796579897403717041e-02 8.533539623022079468e-02 -4.650612920522689819e-02 -1.528825610876083374e-01
3.077208697795867920e-01 2.020272165536880493e-01 -1.022790893912315369e-01 -1.649464368820190430e-01 3.220765590667724609e-01 -1.865158975124359131e-01 -9.224542975425720215e-02 -2.701020240783691406e-02
2.091035246849060059e-01 -3.355898261070251465e-01 -4.926845431327819824e-02 -1.613491773605346680e-01 -8.289677649736404419e-02 1.884068995714187622e-01 -1.731971278786659241e-02 2.061751186847686768e-01
2.577950060367584229e-01 -2.300710082054138184e-01 -2.970564961433410645e-01 1.400015596300363541e-02 -2.120683044195175171e-01 2.914335131645202637e-01 2.173343151807785034e-01 1.887672245502471924e-01
7.639311999082565308e-02 3.356209397315979004e-01 -6.788547150790691376e-03 -1.969229131937026978e-01 -2.427615076303482056e-01 -9.916491061449050903e-02 2.236183546483516693e-02 -5.639826133847236633e-02
-2.050656378269195557e-01 1.593935936689376831e-01 1.054676324129104614e-01 -2.361354827880859375e-01 -1.649562418460845947e-01 3.259487822651863098e-02 2.068469971418380737e-01 -6.312686949968338013e-02
6.151824444532394409e-02 3.102596402168273926e-01 2.009152770042419434e-01 -2.725004553794860840e-01 -3.264616057276725769e-02 -2.387047410011291504e-01 -2.754983901977539062e-01 4.292857944965362549e-01
-9.481120109558105469e-02 -5.091023817658424377e-02 -2.242354750633239746e-01 -1.741029769182205200e-01 -1.396960318088531494e-01 3.895022869110107422e-01 2.843931615352630615e-01 1.793211847543716431e-01
-1.689902842044830322e-01 2.879795730113983154e-01 -2.855955064296722412e-01 1.092447191476821899e-01 -3.395048677921295166e-01 -1.661440879106521606e-01 3.015578091144561768e-01 8.712585270404815674e-02
2.132809907197952271e-01 -3.005533218383789062e-01 -2.501793503761291504e-01 1.547563374042510986e-01 2.761044502258300781e-01 3.026427924633026123e-01 1.573674529790878296e-01 -2.386337816715240479e-01
-6.154835596680641174e-02 -1.152797602117061615e-02 2.389869093894958496e-01 2.202609926462173462e-01 -2.802754342555999756e-01 -1.117947045713663101e-02 -2.026571333408355713e-01 -1.732646673917770386e-01
1.030090674757957458e-01 -2.756147384643554688e-01 -2.775679528713226318e-02 3.618666529655456543e-02 -1.885045319795608521e-01 -1.595984548330307007e-01 -3.384585380554199219e-01 -3.532890975475311279e-01
-2.693463265895843506e-01 -2.712835669517517090e-01 -2.645834088325500488e-01 -2.423210144042968750e-01 -2.591217160224914551e-01 2.635435461997985840e-01 4.910258576273918152e-02 -2.584343552589416504e-01
-2.302701771259307861e-01 -8.997151255607604980e-02 1.892956942319869995e-01 -1.336839497089385986e-01 2.895568311214447021e-01 2.412839233875274658e-01 2.896799445152282715e-01 -1.900669187307357788e-01
-1.357127279043197632e-01 1.701958328485488892e-01 -2.736174874007701874e-02 -2.048426568508148193e-01 -7.731195539236068726e-02 -3.622634410858154297e-01 4.759719222784042358e-02 1.685032546520233154e-01
1.261413544416427612e-01 -3.268191590905189514e-02 1.505512893199920654e-01 3.032134771347045898e-01 6.251324713230133057e-02 -1.627183109521865845e-01 6.504879891872406006e-02 1.678715460002422333e-02
8.172889798879623413e-02 -2.832201123237609863e-01 -3.180993255227804184e-03 -2.046379446983337402e-01 -1.214812099933624268e-01 -2.013005018234252930e-01 1.303472835570573807e-02 1.530289649963378906e-02
-2.431003749370574951e-01 1.407382637262344360e-01 -1.397503167390823364e-01 1.895085722208023071e-01 2.106088995933532715e-01 2.052364349365234375e-01 -2.404854297637939453e-01 2.808776497840881348e-01
3.436827361583709717e-01 -1.912448555231094360e-01 -2.803413867950439453e-01 1.353194750845432281e-02 1.289986968040466309e-01 2.874654233455657959e-01 -3.028912544250488281e-01 -1.463136523962020874e-01
7.013318687677383423e-02 3.012813441455364227e-02 1.887521594762802124e-01 -1.445079892873764038e-01 9.130595251917839050e-03 1.036965996026992798e-01 1.660856753587722778e-01 2.316835671663284302e-01
-2.899143695831298828e-01 2.996246814727783203e-01 -4.235022142529487610e-02 1.037926226854324341e-01 6.731636822223663330e-02 -3.204846978187561035e-01 -2.132805287837982178e-01 -3.507961630821228027e-01
-1.161211431026458740e-01 -2.547488808631896973e-01 2.855304256081581116e-02 -1.480863988399505615e-01 -2.663988471031188965e-01 8.609630167484283447e-02 1.045704074203968048e-02 2.284019887447357178e-01
-8.136939257383346558e-02 -8.054810762405395508e-02 1.255458593368530273e-01 7.856778800487518311e-02 -3.372587561607360840e-01 3.231332600116729736e-01 2.345455139875411987e-01 1.335494965314865112e-01
-1.926021724939346313e-01 -3.401837348937988281e-01 1.444146782159805298e-01 -2.636414468288421631e-01 -2.427876740694046021e-01 -1.260205265134572983e-02 2.864892184734344482e-01 3.291663527488708496e-01
-3.282132744789123535e-01 -4.368078336119651794e-02 3.135860860347747803e-01 7.709973305463790894e-02 1.738836318254470825e-01 1.603316664695739746e-01 7.158571481704711914e-02 1.498690247535705566e-01
2.037775069475173950e-01 -3.575860261917114258e-01 -2.793190777301788330e-01 4.388557747006416321e-03 -4.487701132893562317e-02 -1.069705113768577576e-01 2.296814508736133575e-02 -5.081672966480255127e-02
3.366383612155914307e-01 1.553335189819335938e-01 -8.208945393562316895e-02 -4.774008691310882568e-02 -3.139544427394866943e-01 -6.523022055625915527e-02 -2.172727882862091064e-01 -1.324698608368635178e-02
2.093934118747711182e-01 3.331578522920608521e-02 1.680440753698348999e-01 2.161710560321807861e-01 6.243099924176931381e-04 2.997772395610809326e-01 -2.867729365825653076e-01 -5.036319792270660400e-02
1.058945152908563614e-02 -2.471137642860412598e-01 2.776615023612976074e-01 -2.420893013477325439e-01 3.191216588020324707e-01 2.823915779590606689e-01 1.300594210624694824e-01 2.937259152531623840e-03
-2.217426151037216187e-01 -1.149421185255050659e-01 2.951436638832092285e-01 -3.485901951789855957e-01 -3.343253731727600098e-01 -1.840066164731979370e-01 2.133685499429702759e-01 1.639700829982757568e-01
8.482448756694793701e-02 3.003484010696411133e-02 2.129267752170562744e-01 1.593138277530670166e-01 7.041529566049575806e-02 5.016836896538734436e-02 1.015499085187911987e-01 1.593298316001892090e-01
1.739753037691116333e-01 2.517602145671844482e-01 -2.828927934169769287e-01 -8.974230289459228516e-02 -1.805968955159187317e-02 -3.958217427134513855e-02 -2.608098685741424561e-01 -1.905299872159957886e-01
-6.178589537739753723e-02 -5.658362433314323425e-02 -2.583845146000385284e-02 2.061651349067687988e-01 1.070714648813009262e-02 1.220722496509552002e-01 -1.596396788954734802e-02 -2.575157880783081055e-01
-3.092911243438720703e-01 3.265081048011779785e-01 -3.358973860740661621e-01 -2.101420611143112183e-01 2.543410658836364746e-01 -3.633439242839813232e-01 2.211515009403228760e-01 -2.938895225524902344e-01
-7.293566595762968063e-03 2.003101110458374023e-01 -3.429027497768402100e-01 5.132302641868591309e-02 -7.258217781782150269e-02 2.722050249576568604e-01 1.308177262544631958e-01 -2.141333743929862976e-02
2.622958272695541382e-02 -2.067821174860000610e-01 -1.476525664329528809e-01 -4.574538394808769226e-02 1.121203079819679260e-01 3.281427323818206787e-01 -1.983693055808544159e-02 -1.872850954532623291e-01
6.337980180978775024e-02 2.153943181037902832e-01 -3.297272324562072754e-01 8.921010047197341919e-02 2.036278396844863892e-01 3.391478359699249268e-01 -1.079173982143402100e-01 1.518024057149887085e-01
3.067813515663146973e-01 3.061150610446929932e-01 -2.587633728981018066e-01 -8.993038535118103027e-02 -1.543796062469482422e-01 2.438251376152038574e-01 1.240801885724067688e-01 2.893898189067840576e-01
-2.373616099357604980e-01 2.082298547029495239e-01 3.250309824943542480e-01 -1.787159144878387451e-01 2.904047071933746338e-01 -1.548816263675689697e-01 1.241227611899375916e-01 -3.070043921470642090e-01
-7.628858834505081177e-02 2.274967581033706665e-01 -2.572886347770690918e-01 2.751822471618652344e-01 -2.705309391021728516e-01 -1.304485350847244263e-01 -8.911218494176864624e-02 -2.397449873387813568e-02
2.252908349037170410e-01 3.949485346674919128e-02 -1.545063108205795288e-01 2.782931625843048096e-01 -1.087914034724235535e-01 -7.169161736965179443e-02 3.564193546772003174e-01 -2.852650582790374756e-01
-2.359144948422908783e-02 5.167041346430778503e-02 -3.753146231174468994e-01 -5.893027875572443008e-03 -5.856001004576683044e-02 2.386889308691024780e-01 -8.593044430017471313e-02 1.815086007118225098e-01
2.087456881999969482e-01 5.166902020573616028e-02 -1.608308702707290649e-01 -1.233423687517642975e-02 -2.587045133113861084e-01 -4.311278462409973145e-01 -2.017780244350433350e-01 3.346724063158035278e-02
-2.522464394569396973e-01 2.316692024469375610e-01 1.267247498035430908e-01 -1.433640271425247192e-01 -2.593437731266021729e-01 -3.117086589336395264e-01 1.657196581363677979e-01 3.168354034423828125e-01
4.328492656350135803e-02 2.671805918216705322e-01 -1.255326122045516968e-01 1.992907524108886719e-01 1.838414371013641357e-01 8.714441210031509399e-02 1.747833490371704102e-01 -1.698479354381561279e-01
-1.636068522930145264e-01 4.754806868731975555e-03 9.542321413755416870e-02 -2.268359512090682983e-01 2.488839477300643921e-01 -1.048548966646194458e-01 -9.124433249235153198e-02 -1.515053063631057739e-01
-2.060113549232482910e-01 -3.195621818304061890e-02 3.204566240310668945e-01 2.038803994655609131e-01 -1.763870269060134888e-01 1.861745566129684448e-01 2.515009045600891113e-02 2.088556252419948578e-02
1.092998534440994263e-01 1.672304123640060425e-01 -1.215768158435821533e-01 2.113754600286483765e-01 1.683142185211181641e-01 -7.387225329875946045e-02 3.498644232749938965e-01 3.384814262390136719e-01
-2.701667253859341145e-04 1.826801449060440063e-01 5.964259151369333267e-03 -3.260297179222106934e-01 -6.200695782899856567e-02 2.731668353080749512e-01 1.478637009859085083e-01 1.026696711778640747e-01
-3.661620989441871643e-02 -8.961696177721023560e-02 3.076916933059692383e-02 -2.694816291332244873e-01 -2.856596410274505615e-01 3.305115699768066406e-01 -9.447773545980453491e-02 4.443825185298919678e-01
-3.110581636428833008e-01 -1.832935661077499390e-01 -1.854396313428878784e-01 -1.163675561547279358e-01 -3.002388775348663330e-01 4.388937726616859436e-02 2.222644537687301636e-01 5.509833246469497681e-02
3.062781691551208496e-01 3.283138573169708252e-01 -6.943058222532272339e-02 3.051182813942432404e-02 -3.341563940048217773e-01 -3.024718463420867920e-01 2.122820913791656494e-02 -3.280405104160308838e-01
3.261574506759643555e-01 3.009475469589233398e-01 7.235444616526365280e-03 -1.420589089393615723e-01 -3.222943246364593506e-01 -2.240787446498870850e-01 1.526354067027568817e-02 2.150519192218780518e-01
1.511930823326110840e-01 -3.334308862686157227e-01 -4.630715399980545044e-02 -1.542532742023468018e-01 -1.964133679866790771e-01 3.068827986717224121e-01 8.136603236198425293e-02 -1.766864210367202759e-01
2.129647433757781982e-01 -1.076393648982048035e-01 1.766521483659744263e-01 2.495281994342803955e-01 2.737300656735897064e-02 -7.308857887983322144e-02 -2.573188841342926025e-01 -2.934955656528472900e-01
-2.706575691699981689e-01 1.219067256897687912e-02 -3.468119725584983826e-02 8.254720270633697510e-02 -2.669680118560791016e-01 -3.906434401869773865e-02 -2.724154591560363770e-01 -3.329417407512664795e-01
-3.436974287033081055e-01 8.408301323652267456e-02 -2.885819077491760254e-01 4.728457715827971697e-04 6.777676939964294434e-02 -2.087522447109222412e-01 -1.755464076995849609e-01 5.477483570575714111e-02
-2.771444022655487061e-01 1.752799898386001587e-01 1.889195293188095093e-01 -1.752250343561172485e-01 9.133906662464141846e-02 1.276211887598037720e-01 3.230430185794830322e-01 -1.623538583517074585e-01
-2.627253234386444092e-01 -1.805085986852645874e-01 -1.295749694108963013e-01 2.298661768436431885e-01 3.956066071987152100e-02 -1.154591441154479980e-01 -3.226023614406585693e-01 -1.708803027868270874e-01
-8.994450420141220093e-02 -2.708797752857208252e-01 -2.205983698368072510e-01 -4.666865617036819458e-02 -3.019438087940216064e-01 -2.060498148202896118e-01 -7.471223175525665283e-02 -1.838815957307815552e-01
3.037847280502319336e-01 2.024585753679275513e-01 -2.017499506473541260e-01 -1.701276898384094238e-01 -2.996828258037567139e-01 -2.674958705902099609e-01 -1.547589898109436035e-01 2.373328953981399536e-01
3.202760219573974609e-01 1.505467593669891357e-01 2.230370193719863892e-01 2.871972322463989258e-01 1.113127917051315308e-01 -8.456090092658996582e-02 2.396866679191589355e-01 -1.397251188755035400e-01
-1.658588051795959473e-01 -7.781717926263809204e-02 -1.102152243256568909e-01 3.983644843101501465e-01 -6.085808947682380676e-02 2.442502826452255249e-01 -1.194612681865692139e-01 1.487823128700256348e-01
2.548573911190032959e-01 -8.896734565496444702e-03 -2.182314544916152954e-01 -2.363732829689979553e-02 9.323456883430480957e-02 1.653138101100921631e-01 2.461437433958053589e-01 2.903771400451660156e-01
-1.223901957273483276e-01 -3.044434189796447754e-01 -5.363213643431663513e-02 2.493683993816375732e-01 3.633289933204650879e-01 -2.470428943634033203e-01 6.597279757261276245e-02 4.283969104290008545e-02
-1.163015514612197876e-01 -2.261141389608383179e-01 -3.175304830074310303e-02 -1.954483389854431152e-01 -1.441842317581176758e-01 -1.438778489828109741e-01 -2.230113595724105835e-01 1.845536231994628906e-01
-2.267901599407196045e-01 -3.283188045024871826e-01 7.178842276334762573e-02 7.659312337636947632e-02 -2.997261881828308105e-01 -2.925717830657958984e-01 -7.854616641998291016e-02 1.616757214069366455e-01
-1.644067168235778809e-01 2.916438579559326172e-01 1.681458204984664917e-01 4.130794405937194824e-01 2.986226975917816162e-01 -1.886502206325531006e-01 9.724700450897216797e-02 6.674659997224807739e-02
1.944846808910369873e-01 -2.649688124656677246e-01 2.490058839321136475e-01 -3.205726444721221924e-01 1.274019032716751099e-01 1.468308120965957642e-01 -2.465141862630844116e-01 8.440100401639938354e-02
6.407293025404214859e-03 3.569916784763336182e-01 -3.023677766323089600e-01 3.093016743659973145e-01 5.360494181513786316e-02 -3.630759119987487793e-01 3.458998799324035645e-01 1.982897520065307617e-02
-3.849613666534423828e-01 1.990370005369186401e-01 1.736705899238586426e-01 1.611747741699218750e-01 2.124810367822647095e-01 4.048789292573928833e-02 3.174344450235366821e-02 -2.994148433208465576e-01
-4.267798364162445068e-01 1.857876777648925781e-01 -2.208894342184066772e-01 2.592086195945739746e-01 1.063748914748430252e-02 2.104053273797035217e-02 2.235639095306396484e-01 -1.910528689622879028e-01
1.861000657081604004e-01 -3.355422019958496094e-01 1.426705867052078247e-01 -2.434452623128890991e-01 1.422157883644104004e-01 4.402323812246322632e-02 8.844367414712905884e-02 -3.354330956935882568e-01
-2.870952188968658447e-01 -2.270810455083847046e-01 -2.410837113857269287e-01 1.920700669288635254e-01 -1.006592884659767151e-01 6.149476394057273865e-02 -5.534165725111961365e-02 2.123255878686904907e-01
3.906692937016487122e-02 1.969901323318481445e-01 1.823485493659973145e-01 -2.841225126758217812e-03 -2.008047103881835938e-01 2.641316317021846771e-02 -2.808598875999450684e-01 -2.622252702713012695e-01
1.298660635948181152e-01 -3.715067729353904724e-02 -2.375693917274475098e-01 1.361005753278732300e-01 -3.343954682350158691e-01 -1.219849288463592529e-01 2.675450742244720459e-01 -3.329166471958160400e-01
1.976880282163619995e-01 -1.861453354358673096e-01 -2.070733159780502319e-01 1.533841490745544434e-01 1.929918080568313599e-01 1.053118258714675903e-01 8.889793604612350464e-02 -2.045393437147140503e-01
-1.066214218735694885e-02 1.918181777000427246e-01 -2.108697406947612762e-02 1.870616972446441650e-01 -2.321665436029434204e-01 3.257599174976348877e-01 9.401769191026687622e-02 1.215739250183105469e-01
2.153967320919036865e-01 2.753598690032958984e-01 -1.700687557458877563e-01 6.489559262990951538e-02 3.173006176948547363e-01 -1.485930979251861572e-01 1.911392956972122192e-01 -2.709205746650695801e-01
3.046195507049560547e-01 -1.921033412218093872e-01 3.153191208839416504e-01 -3.527328968048095703e-01 2.726785540580749512e-01 -2.325297892093658447e-01 -3.319128155708312988e-01 -3.830395340919494629e-01
-1.145528256893157959e-01 -3.271529376506805420e-01 -3.438503742218017578e-01 1.176595762372016907e-01 3.424859046936035156e-01 2.322848141193389893e-02 -3.301197290420532227e-01 -2.090591937303543091e-01
-1.563971489667892456e-02 -1.321034133434295654e-01 1.824939101934432983e-01 3.597821891307830811e-01 -1.594630628824234009e-01 2.372842878103256226e-01 3.265093564987182617e-01 2.248143702745437622e-01
2.714049518108367920e-01 1.055844351649284363e-01 7.586735766381025314e-03 1.334470361471176147e-01 -5.684458464384078979e-02 -2.137714922428131104e-01 -4.128409922122955322e-02 4.200612381100654602e-02
2.277862578630447388e-01 1.029566302895545959e-01 2.249253690242767334e-01 -2.247956097126007080e-01 -3.408004641532897949e-01 -2.494904212653636932e-02 -2.737874984741210938e-01 -2.488406747579574585e-01
-1.665745228528976440e-01 -2.598047256469726562e-01 -1.174275297671556473e-02 -1.264226343482732773e-02 -2.986482344567775726e-02 2.222751639783382416e-02 1.910943239927291870e-01 -1.337034255266189575e-01
1.712718307971954346e-01 -8.326815441250801086e-03 -1.858768612146377563e-01 1.013577803969383240e-01 3.130454123020172119e-01 -2.271300852298736572e-01 -1.419274210929870605e-01 3.780252113938331604e-02
3.049570620059967041e-01 -2.044416368007659912e-01 3.010142445564270020e-01 -1.917948573827743530e-01 -3.641665279865264893e-01 2.450117319822311401e-01 1.965163797140121460e-01 3.363433182239532471e-01
-2.542643994092941284e-02 3.217166662216186523e-01 1.078797355294227600e-01 4.985002577304840088e-01 2.360045611858367920e-01 -2.815160155296325684e-01 -4.481326937675476074e-01 9.543992578983306885e-02
1.858979165554046631e-01 -1.294388324022293091e-01 1.685021668672561646e-01 3.184466063976287842e-01 -2.729434370994567871e-01 3.164055049419403076e-01 3.178382217884063721e-01 2.831795513629913330e-01
2.972748875617980957e-01 2.929215691983699799e-02 -2.186249494552612305e-01 -2.593742869794368744e-02 1.586428880691528320e-01 -2.287477999925613403e-02 -1.411795467138290405e-01 -3.681579530239105225e-01
1.079430654644966125e-01 -7.574391365051269531e-02 3.327267467975616455e-01 -2.143129706382751465e-01 1.448643505573272705e-01 -2.507798671722412109e-01 -3.095687627792358398e-01 -1.845672130584716797e-01
-2.417645901441574097e-01 3.213844001293182373e-01 2.236109673976898193e-01 1.679030656814575195e-01 -3.177826404571533203e-01 3.175701014697551727e-03 -2.505586743354797363e-01 2.905727326869964600e-01
2.582236230373382568e-01 -3.454829454421997070e-01 1.885250657796859741e-01 -2.675488218665122986e-02 -1.429853290319442749e-01 8.719380199909210205e-02 -9.137356281280517578e-02 -8.922046422958374023e-02
-3.435400724411010742e-01 -6.031904742121696472e-02 -5.587283521890640259e-02 -2.218001782894134521e-01 -2.008049041032791138e-01 -1.094438135623931885e-01 2.174631506204605103e-01 -5.031825229525566101e-02
1.871896535158157349e-01 1.295968741178512573e-01 1.563580930233001709e-01 2.561838328838348389e-01 3.224099874496459961e-01 -2.894510626792907715e-01 -1.532734185457229614e-01 2.826174795627593994e-01
2.000615149736404419e-01 8.997013419866561890e-02 -2.810651063919067383e-01 1.283151563256978989e-02 3.088256418704986572e-01 -2.903108000755310059e-01 2.473887354135513306e-01 3.520176708698272705e-01
-2.810590267181396484e-01 3.246913105249404907e-02 1.419343650341033936e-01 -1.340410411357879639e-01 2.826876640319824219e-01 3.070006668567657471e-01 1.075137779116630554e-01 -1.030442416667938232e-01
-3.103755712509155273e-01 -9.270898252725601196e-02 -2.440821677446365356e-01 3.230100125074386597e-02 -5.422653630375862122e-02 -3.735586255788803101e-02 -1.614590287208557129e-01 -3.436094522476196289e-01
-6.552271661348640919e-04 3.179148137569427490e-01 -3.290668725967407227e-01 -1.671900600194931030e-02 2.444346547126770020e-01 1.652784347534179688e-01 -2.137456089258193970e-01 1.470195055007934570e-01
-5.450314283370971680e-02 -2.462337166070938110e-01 -5.048529058694839478e-02 1.743234880268573761e-02 -3.408227264881134033e-01 1.930227852426469326e-03 -1.635068468749523163e-02 8.967170864343643188e-02
2.950297482311725616e-02 6.295957416296005249e-02 -2.278481721878051758e-01 4.641401767730712891e-02 -1.345129758119583130e-01 -3.314601629972457886e-02 -6.308568269014358521e-02 1.375666260719299316e-02
2.378686219453811646e-01 3.353114426136016846e-01 -2.107146233320236206e-01 2.338849902153015137e-01 -1.018441990017890930e-01 -1.045205295085906982e-01 1.101811677217483521e-01 -1.069411337375640869e-01
-3.502039313316345215e-01 -6.992471963167190552e-02 -3.220103308558464050e-02 -3.120359182357788086e-01 -2.202057987451553345e-01 -3.122212886810302734e-01 2.522178888320922852e-01 -3.219838142395019531e-01
-3.224374353885650635e-01 -2.009048759937286377e-01 -4.662274569272994995e-02 -1.344341188669204712e-01 -2.514674961566925049e-01 3.295884728431701660e-01 -2.605228424072265625e-01 -5.156697705388069153e-02
1.434891670942306519e-01 -1.488046348094940186e-01 -3.673963546752929688e-01 -1.421037465333938599e-01 -3.474189639091491699e-01 -1.263905037194490433e-02 -6.774737685918807983e-02 -1.036374494433403015e-01
3.445469774305820465e-03 1.966594755649566650e-01 2.001540958881378174e-01 1.618448942899703979e-01 -2.260113656520843506e-01 3.718002140522003174e-01 -1.965223103761672974e-01 -1.588733792304992676e-01
3.284492790699005127e-01 2.093342542648315430e-01 -6.185235828161239624e-02 1.042953580617904663e-01 2.514388561248779297e-01 -2.429206222295761108e-01 2.996202707290649414e-01 2.502727806568145752e-01
-5.986570939421653748e-02 2.164352983236312866e-01 1.245906800031661987e-01 -2.138497233390808105e-01 3.352536857128143311e-01 -9.406236559152603149e-02 2.155509144067764282e-01 -1.526363939046859741e-01
-1.313934773206710815e-01 -2.294577509164810181e-01 -3.429067432880401611e-01 -7.788264006376266479e-02 6.954638659954071045e-02 2.916348874568939209e-01 1.488151252269744873e-01 1.825456321239471436e-01
3.460172191262245178e-02 2.969178259372711182e-01 2.395235002040863037e-01 2.209706306457519531e-01 8.303371816873550415e-02 2.530004084110260010e-01 2.221125513315200806e-01 -1.561226099729537964e-01
-1.571016944944858551e-02 1.003638803958892822e-01 6.602904945611953735e-02 -4.448486492037773132e-02 4.920463636517524719e-02 -3.109481334686279297e-01 -3.523816764354705811e-01 2.240138798952102661e-01
2.713474333286285400e-01 -1.543349176645278931e-01 1.671466380357742310e-01 2.657093405723571777e-01 -4.087022319436073303e-02 -8.698550611734390259e-02 -3.516387343406677246e-01 -7.033678144216537476e-02
-2.715669199824333191e-02 1.433594077825546265e-01 2.006270140409469604e-01 -1.007027626037597656e-01 -3.736597672104835510e-02 -2.704698145389556885e-01 -7.344084978103637695e-02 1.615370064973831177e-02
1.843173801898956299e-01 2.663335502147674561e-01 -2.234382480382919312e-01 2.048946171998977661e-01 -1.497982740402221680e-01 2.345114499330520630e-01 -2.396305799484252930e-01 1.803425699472427368e-01
-2.122616916894912720e-01 -5.976302176713943481e-02 2.726185023784637451e-01 2.340313345193862915e-01 2.419764250516891479e-01 -1.215912625193595886e-01 -2.077802568674087524e-01 1.437187474220991135e-02
-2.482413500547409058e-01 -3.398913741111755371e-01 -3.477317094802856445e-01 2.517539560794830322e-01 -5.022935941815376282e-02 -6.939642876386642456e-02 1.246124580502510071e-01 4.419563114643096924e-01
-5.275358445942401886e-03 -2.981359958648681641e-01 -8.675466477870941162e-02 -3.225731849670410156e-01 -3.184785246849060059e-01 -7.044540345668792725e-02 3.127163052558898926e-01 1.787116229534149170e-01
-5.799916759133338928e-02 3.062421977519989014e-01 1.473693996667861938e-01 -1.736527681350708008e-01 2.981301248073577881e-01 3.445264399051666260e-01 2.074372917413711548e-01 1.980528980493545532e-01
-8.387829363346099854e-02 1.853573173284530640e-01 1.656687706708908081e-01 2.239465713500976562e-02 1.133380234241485596e-01 -3.257540762424468994e-01 -2.664777636528015137e-01 -2.272364646196365356e-01
1.009828299283981323e-01 1.991127990186214447e-02 -1.980307698249816895e-02 -2.623607218265533447e-01 -6.207086890935897827e-02 -3.229686915874481201e-01 3.450927436351776123e-01 2.507475018501281738e-01
-2.241153419017791748e-01 -5.430481955409049988e-02 -1.059826910495758057e-01 -3.015722036361694336e-01 -7.997224479913711548e-02 -1.849050819873809814e-01 6.990864494582638144e-05 -3.085640668869018555e-01
3.412627577781677246e-01 2.393854111433029175e-01 9.685070812702178955e-02 -1.068162992596626282e-01 2.381891906261444092e-01 3.033425807952880859e-01 1.555847376585006714e-01 3.018019199371337891e-01
2.969113886356353760e-01 3.702820464968681335e-02 3.561579287052154541e-01 2.141685932874679565e-01 3.560206294059753418e-01 -1.863565742969512939e-01 -3.570198714733123779e-01 -4.252546280622482300e-02
2.066285312175750732e-01 -7.135617733001708984e-02 9.064531326293945312e-02 -2.958394885063171387e-01 -8.643226325511932373e-02 9.268962591886520386e-02 -1.413508355617523193e-01 -7.408417761325836182e-02
7.189175486564636230e-02 5.036424845457077026e-03 -9.863413125276565552e-02 3.290462493896484375e-01 -2.128079384565353394e-01 1.730211675167083740e-01 8.616726845502853394e-02 1.783048361539840698e-01
-3.136875629425048828e-01 2.266823202371597290e-01 1.680274009704589844e-01 -1.204500645399093628e-01 6.891474872827529907e-02 2.961777383461594582e-03 -1.090794950723648071e-01 -7.283863425254821777e-02
-1.150695607066154480e-01 3.022002577781677246e-01 3.249812722206115723e-01 2.168411612510681152e-01 2.995273172855377197e-01 -3.308066725730895996e-01 -9.489744156599044800e-02 2.338505983352661133e-01
1.497409343719482422e-01 2.438131868839263916e-01 1.262068003416061401e-01 2.885915040969848633e-01 1.606920957565307617e-01 2.034865319728851318e-01 3.183893859386444092e-01 -7.826637476682662964e-02
2.477783858776092529e-01 1.001633927226066589e-01 2.531588971614837646e-01 2.112156152725219727e-01 -3.051135540008544922e-01 -2.976467609405517578e-01 2.708490788936614990e-01 3.009969294071197510e-01
-1.374498754739761353e-01 3.256519436836242676e-01 3.091428577899932861e-01 4.943714663386344910e-02 -1.280243545770645142e-01 -4.524582251906394958e-02 4.984326660633087158e-02 3.029517531394958496e-01
2.302471548318862915e-01 -1.160953789949417114e-01 4.919187352061271667e-02 2.124647200107574463e-01 3.014689981937408447e-01 -1.681687235832214355e-01 -9.566144645214080811e-02 1.210395991802215576e-01
8.134421706199645996e-02 3.479627966880798340e-01 1.980268359184265137e-01 2.635073661804199219e-01 1.691052913665771484e-01 2.636763155460357666e-01 2.255418449640274048e-01 -2.911290712654590607e-02
-2.046443223953247070e-01 2.833310663700103760e-01 -1.172200068831443787e-01 1.455697882920503616e-02 -1.937218825332820415e-03 3.939676880836486816e-01 -1.892486959695816040e-01 1.021442934870719910e-01
-2.893393933773040771e-01 -3.457427620887756348e-01 3.070685453712940216e-02 -3.122566044330596924e-01 -1.373296976089477539e-01 -9.346403926610946655e-02 -1.384888142347335815e-01 -3.713927417993545532e-02
-1.166939660906791687e-01 5.350065976381301880e-02 6.135862693190574646e-02 3.364744484424591064e-01 -3.146935701370239258e-01 3.708159178495407104e-02 -9.711265563964843750e-02 -2.860262989997863770e-01
-4.208756685256958008e-01 -2.025675922632217407e-01 5.205453932285308838e-02 2.679908871650695801e-01 -5.338870733976364136e-02 -1.050950773060321808e-02 4.220247268676757812e-03 6.315791048109531403e-03
3.558834493160247803e-01 2.948691137135028839e-03 1.928255259990692139e-01 3.913094475865364075e-02 1.311179846525192261e-01 1.273922175168991089e-01 7.910678535699844360e-02 1.208947449922561646e-01
-2.736663222312927246e-01 -2.606209814548492432e-01 -1.980379037559032440e-02 -3.365013599395751953e-01 -6.587500125169754028e-02 1.623724699020385742e-01 -1.408206298947334290e-02 1.206058356910943985e-02
-1.168489754199981689e-01 3.967249393463134766e-02 -3.087216317653656006e-01 -1.800653934478759766e-01 1.929254233837127686e-01 -2.026124298572540283e-02 -1.392360925674438477e-01 -2.675887942314147949e-01
-1.555704623460769653e-01 -1.532116532325744629e-01 2.603776752948760986e-01 -1.070120483636856079e-01 -2.304004132747650146e-01 1.372254043817520142e-01 3.866835832595825195e-01 3.699480295181274414e-01
-5.799799328087829053e-05 2.554821074008941650e-01 1.767844855785369873e-01 -3.058188222348690033e-02 -3.380952775478363037e-01 -1.186823621392250061e-01 -2.925952970981597900e-01 3.056508302688598633e-01
-3.914222419261932373e-01 -2.897459864616394043e-01 -1.212315186858177185e-01 4.500233381986618042e-02 2.012837082147598267e-01 -1.636539548635482788e-01 1.102515086531639099e-01 2.809448540210723877e-01
-6.480758544057607651e-03 3.134648203849792480e-01 -2.513732314109802246e-01 -1.969008296728134155e-01 -9.357651323080062866e-02 3.565936088562011719e-01 9.002485126256942749e-02 -3.322407901287078857e-01
-6.306233257055282593e-02 -4.484539479017257690e-02 1.006604917347431183e-02 -1.404301375150680542e-01 -2.078590914607048035e-02 3.150115609169006348e-01 -7.180431485176086426e-02 -5.682823434472084045e-02
2.868507206439971924e-01 -1.047519296407699585e-01 1.240314543247222900e-01 3.469992280006408691e-01 -5.177836865186691284e-02 -2.879465371370315552e-02 -3.200354576110839844e-01 9.381723403930664062e-02
-2.264758944511413574e-01 -1.564302891492843628e-01 1.433446854352951050e-01 1.164110377430915833e-02 -1.630831360816955566e-01 -1.747739315032958984e-01 -3.216066658496856689e-01 -1.662656664848327637e-01
-2.218976467847824097e-01 -2.174258083105087280e-01 1.009319722652435303e-01 -3.042530715465545654e-01 -4.382255673408508301e-02 -2.295824289321899414e-01 2.165926992893218994e-02 1.579770892858505249e-01
-2.486188896000385284e-02 -4.484393820166587830e-02 -3.682997822761535645e-01 1.589047536253929138e-02 1.602209806442260742e-01 -3.171150684356689453e-01 6.112508475780487061e-02 2.539927065372467041e-01
-1.999120786786079407e-02 -3.544634282588958740e-01 3.300454616546630859e-01 -2.856834828853607178e-01 5.473731085658073425e-02 5.947078391909599304e-02 2.215513586997985840e-01 -3.872280567884445190e-02
2.871271073818206787e-01 5.959704890847206116e-02 1.378722041845321655e-01 2.597381472587585449e-01 -5.300212278962135315e-02 2.597585320472717285e-01 2.772610485553741455e-01 2.726156711578369141e-01
6.252369284629821777e-02 2.571982704102993011e-02 -8.735664933919906616e-02 -2.584061119705438614e-03 1.922810077667236328e-01 1.634265929460525513e-01 -9.244795143604278564e-02 -3.550834059715270996e-01
-1.047719120979309082e-01 3.133934140205383301e-01 -1.571748703718185425e-01 1.882192343473434448e-01 -1.741965860128402710e-02 3.166150450706481934e-01 2.133181542158126831e-01 -1.201960444450378418e-01
1.649689078330993652e-01 -3.374477028846740723e-01 7.128080725669860840e-02 5.324244499206542969e-02 2.414761185646057129e-01 -1.048744246363639832e-01 2.233472913503646851e-01 5.020465701818466187e-02
-2.480450272560119629e-01 -5.844847485423088074e-02 -2.946162521839141846e-01 -1.856711953878402710e-01 2.246269285678863525e-01 -7.295959442853927612e-02 -1.085978746414184570e-01 -2.580222189426422119e-01
2.615236639976501465e-01 -1.584428846836090088e-01 -1.589312553405761719e-01 -5.697885155677795410e-02 -7.376471161842346191e-02 2.192932665348052979e-01 -2.134302444756031036e-02 -1.180613040924072266e-01
2.617987394332885742e-01 3.367774784564971924e-01 2.760093212127685547e-01 3.080089986324310303e-01 -1.324655115604400635e-01 2.287189960479736328e-01 -1.016483232378959656e-01 2.005212604999542236e-01
-1.869867742061614990e-01 -2.848963439464569092e-01 3.727727383375167847e-02 6.902886182069778442e-02 5.770125612616539001e-02 -1.574259698390960693e-01 1.197226569056510925e-01 2.355648577213287354e-01
7.187011837959289551e-02 1.268921941518783569e-01 2.561008036136627197e-01 -5.199005454778671265e-02 1.577096134424209595e-01 2.516157925128936768e-01 -1.567306816577911377e-01 -4.781954586505889893e-01
1.567373573780059814e-01 3.226417899131774902e-01 -1.800183504819869995e-01 3.558174669742584229e-01 -1.375862210988998413e-01 -2.653301060199737549e-01 2.306932359933853149e-01 -1.618755012750625610e-01
-1.263647228479385376e-01 1.237519234418869019e-01 4.084165394306182861e-02 -3.452642858028411865e-01 -3.208728730678558350e-01 5.024094134569168091e-02 9.144265204668045044e-02 1.151262670755386353e-01
-4.768186248838901520e-03 -2.169708311557769775e-01 -1.306697428226470947e-01 5.252106189727783203e-01 -2.557733058929443359e-01 1.184058487415313721e-01 -7.304672151803970337e-02 -3.217271268367767334e-01
2.242831699550151825e-02 2.887157201766967773e-01 -1.989216655492782593e-01 1.183106191456317902e-02 1.593931466341018677e-01 -1.093376576900482178e-01 3.303386643528938293e-02 -4.058667123317718506e-01
3.337722718715667725e-01 -9.018322080373764038e-02 1.576081216335296631e-01 1.544689089059829712e-01 3.615097701549530029e-01 8.102413266897201538e-02 -2.165130376815795898e-01 -2.162393778562545776e-01
2.323752045631408691e-01 2.913975417613983154e-01 -2.666682898998260498e-01 -2.476585060358047485e-01 -2.341183573007583618e-01 -3.523528873920440674e-01 -2.670573890209197998e-01 -3.543947935104370117e-01
2.247969210147857666e-01 3.188030719757080078e-01 -1.062789857387542725e-01 1.546724736690521240e-01 3.419015407562255859e-01 1.201425492763519287e-01 -2.177574038505554199e-01 -2.573330998420715332e-01
1.999458074569702148e-01 -4.730408638715744019e-02 2.326394170522689819e-01 1.084899529814720154e-01 1.157805323600769043e-01 -1.188157275319099426e-01 1.406130939722061157e-01 9.841927140951156616e-02
-1.265377998352050781e-01 -3.032057285308837891e-01 3.762461841106414795e-01 -3.217039406299591064e-01 3.041915297508239746e-01 3.220075964927673340e-01 -1.679804525338113308e-03 1.445284858345985413e-02
-1.397408396005630493e-01 -3.016135692596435547e-01 2.189853489398956299e-01 -2.558209300041198730e-01 -2.513663172721862793e-01 9.853646904230117798e-02 -9.797331690788269043e-02 2.152622938156127930e-01
9.368165582418441772e-02 -2.477810904383659363e-02 1.782114356756210327e-01 2.215765565633773804e-01 7.868219166994094849e-02 -3.280267119407653809e-01 9.433780610561370850e-02 5.856622382998466492e-02
3.907975554466247559e-02 2.548662126064300537e-01 3.228231966495513916e-01 2.551168799400329590e-01 -2.756358385086059570e-01 -2.218933403491973877e-01 6.803922355175018311e-02 1.112541630864143372e-01
2.331740260124206543e-01 -2.434687465429306030e-01 1.629952192306518555e-01 2.905519008636474609e-01 2.155741117894649506e-02 -1.244195178151130676e-01 4.325921833515167236e-02 3.024220168590545654e-01
-2.452450543642044067e-01 1.729395091533660889e-01 -1.099444627761840820e-01 -6.488458812236785889e-02 2.710869610309600830e-01 -2.312093228101730347e-01 3.875003755092620850e-02 2.959553711116313934e-02
-5.506494082510471344e-03 2.815394997596740723e-01 -1.873614490032196045e-01 1.624063551425933838e-01 2.875513434410095215e-01 2.339334934949874878e-01 1.818414479494094849e-01 -8.640477061271667480e-02
-1.174461748450994492e-02 1.833291649818420410e-01 2.521304488182067871e-01 8.370364084839820862e-04 9.760125540196895599e-03 -3.440394401550292969e-01 8.334829658269882202e-02 3.029189407825469971e-01
-2.049288898706436157e-01 1.193405240774154663e-01 -8.892355859279632568e-02 1.927863955497741699e-01 3.647184073925018311e-01 -1.207213848829269409e-01 -2.838196158409118652e-01 -1.330395936965942383e-01
1.840220838785171509e-01 1.789401471614837646e-02 -3.327112197875976562e-01 -3.620798587799072266e-01 1.863062977790832520e-01 -2.237809002399444580e-01 1.330419927835464478e-01 -2.692454159259796143e-01
-1.562332361936569214e-01 -3.122879266738891602e-01 2.550923228263854980e-01 4.892397299408912659e-02 -2.990728318691253662e-01 -1.357626914978027344e-01 -2.493300437927246094e-01 3.423802256584167480e-01
-3.111307919025421143e-01 -1.026225686073303223e-01 -2.000709921121597290e-01 3.579236567020416260e-01 1.865945458412170410e-01 -1.599462032318115234e-01 1.730105429887771606e-01 -1.691781580448150635e-01
