2.724031507968902588e-01 8.614891767501831055e-02 1.309079527854919434e-01 -2.105077505111694336e-01 4.604966193437576294e-02 -5.876664817333221436e-02 -2.154463902115821838e-02 -6.467812508344650269e-02
-1.233600825071334839e-02 -1.519334018230438232e-01 -9.610894322395324707e-02 7.813812792301177979e-02 -2.363410741090774536e-01 3.121667727828025818e-02 -2.504296302795410156e-01 -2.048792093992233276e-01
1.568403542041778564e-01 -2.533940076828002930e-01 2.758101820945739746e-01 -4.199890047311782837e-02 6.822860240936279297e-02 2.943924367427825928e-01 1.999279409646987915e-01 -2.161560356616973877e-01
2.757526040077209473e-01 -7.159578800201416016e-02 -2.995107471942901611e-01 -1.147171258926391602e-01 -2.599342763423919678e-01 -3.302510380744934082e-01 -3.099670112133026123e-01 -6.962098926305770874e-02
2.898902595043182373e-01 -1.160601302981376648e-01 -2.929702401161193848e-01 2.767470777034759521e-01 -2.854736447334289551e-01 -3.305142521858215332e-01 2.465593814849853516e-01 2.828421294689178467e-01
-1.126341447234153748e-01 2.968536019325256348e-01 6.993708666414022446e-03 -2.114775124937295914e-03 -1.200451627373695374e-01 6.926384288817644119e-03 -3.137059882283210754e-02 1.963393986225128174e-01
-1.734168082475662231e-01 -3.178470581769943237e-02 -2.075220942497253418e-01 -2.061558067798614502e-01 -3.477408587932586670e-01 1.162454038858413696e-01 -2.027274072170257568e-01 -1.518359333276748657e-01
-2.348502129316329956e-01 -3.267168700695037842e-01 5.400531366467475891e-02 -2.556066513061523438e-01 3.196044266223907471e-01 -2.374960035085678101e-01 -2.994905412197113037e-01 -1.423243805766105652e-02
-3.960268199443817139e-01 -2.797700762748718262e-01 -1.461605280637741089e-01 9.169842116534709930e-03 1.036481745541095734e-02 1.985984295606613159e-02 -1.938824355602264404e-01 2.908032238483428955e-01
-2.897321581840515137e-01 1.708955913782119751e-01 5.219493806362152100e-02 -2.918304502964019775e-01 -2.457060813903808594e-01 -2.887500524520874023e-01 -7.601788640022277832e-02 2.877164185047149658e-01
1.640144288539886475e-01 -9.756306558847427368e-02 2.066046148538589478e-01 -1.705459877848625183e-02 -1.688298285007476807e-01 1.224220022559165955e-01 -2.441092729568481445e-01 -2.822368144989013672e-01
1.402360349893569946e-01 -2.454555630683898926e-01 -3.096885383129119873e-01 -6.574020534753799438e-02 -9.929755330085754395e-02 2.984553575515747070e-01 -7.508608698844909668e-02 -1.680054217576980591e-01
-3.064432442188262939e-01 -1.205334439873695374e-01 1.239166036248207092e-01 3.198262155055999756e-01 -1.490186452865600586e-01 3.153877705335617065e-02 -2.491497099399566650e-01 -2.337182015180587769e-01
3.664118349552154541e-01 5.389192327857017517e-02 2.046152949333190918e-01 2.534987330436706543e-01 -1.518803685903549194e-01 -2.316456288099288940e-02 -1.171103641390800476e-01 -8.038198202848434448e-02
-2.707718685269355774e-02 1.150795444846153259e-01 -9.860976785421371460e-02 -1.031140703707933426e-02 5.582279060035943985e-03 -3.219721615314483643e-01 -2.758687436580657959e-01 4.614338104147464037e-04
-2.018986940383911133e-01 1.897868067026138306e-01 2.277657203376293182e-02 1.496862918138504028e-01 1.409504562616348267e-01 3.117293715476989746e-01 -1.479657739400863647e-01 -8.211868256330490112e-02
-1.854719594120979309e-02 1.774170994758605957e-01 3.354216516017913818e-01 -1.059536337852478027e-01 1.561182290315628052e-01 -2.819990515708923340e-01 2.482850104570388794e-01 -3.793204575777053833e-02
-2.966510951519012451e-01 -1.888528764247894287e-01 2.070420235395431519e-01 5.764833465218544006e-02 -1.937644779682159424e-01 -1.530854105949401855e-01 -3.110533021390438080e-02 -6.601534783840179443e-02
-3.508476018905639648e-01 -3.412448167800903320e-01 -1.633867621421813965e-01 -2.189526110887527466e-01 -1.644345968961715698e-01 -3.035098612308502197e-01 -3.437411189079284668e-01 -2.493534237146377563e-01
-4.745821282267570496e-02 1.723547428846359253e-01 -4.481808841228485107e-02 -5.656555294990539551e-02 -3.240846693515777588e-01 -2.881619334220886230e-01 -2.021389156579971313e-01 -1.724476367235183716e-01
1.483837366104125977e-01 2.493155449628829956e-01 2.078321278095245361e-01 2.564755380153656006e-01 3.094044625759124756e-01 1.619207113981246948e-01 -1.802457720041275024e-01 -2.672598958015441895e-01
3.303004205226898193e-01 4.069470614194869995e-02 1.481014192104339600e-01 7.478440552949905396e-02 1.039871871471405029e-01 6.490083038806915283e-02 -1.885758340358734131e-01 -3.390810191631317139e-01
5.502285435795783997e-02 3.085729777812957764e-01 1.410162001848220825e-01 -2.914620041847229004e-01 -1.371646970510482788e-01 -3.029009094461798668e-03 -3.797882050275802612e-02 -3.063241243362426758e-01
-9.862580150365829468e-02 2.757055163383483887e-01 2.758896350860595703e-01 -1.168852671980857849e-01 -2.154814898967742920e-01 3.202874362468719482e-01 -2.824606895446777344e-01 -1.344801485538482666e-01
3.213331997394561768e-01 2.229964882135391235e-01 6.846201419830322266e-02 1.384471505880355835e-01 1.112647056579589844e-01 3.163767978549003601e-02 6.994152814149856567e-02 1.326772719621658325e-01
-3.203023970127105713e-01 2.963171303272247314e-01 1.049038022756576538e-01 -1.492745243012905121e-02 -3.567728772759437561e-02 -6.363497674465179443e-02 1.667179465293884277e-01 -2.744574546813964844e-01
-2.577261328697204590e-01 -2.977785766124725342e-01 1.189465895295143127e-01 6.995116919279098511e-02 -2.954303324222564697e-01 -1.124856472015380859e-01 -3.092195987701416016e-01 7.665414363145828247e-02
2.410921901464462280e-01 -1.866800189018249512e-01 -1.753837466239929199e-01 -3.662433922290802002e-01 1.511576920747756958e-01 -4.485688731074333191e-02 2.145488709211349487e-01 4.661014303565025330e-02
-1.296208053827285767e-01 -1.151313856244087219e-01 4.681818932294845581e-02 1.860465854406356812e-01 -1.763766407966613770e-01 2.664387822151184082e-01 -8.299423009157180786e-02 3.079437315464019775e-01
1.051380336284637451e-01 8.430095016956329346e-02 -2.948494255542755127e-01 3.389511108398437500e-01 1.133539900183677673e-01 -1.392652392387390137e-01 -1.877422481775283813e-01 2.828988730907440186e-01
-1.521638184785842896e-01 1.971659660339355469e-01 -3.158021569252014160e-01 3.481845855712890625e-01 1.059986464679241180e-02 1.689340472221374512e-01 2.363737206906080246e-03 -1.061757281422615051e-01
-3.720273971557617188e-01 2.789630889892578125e-01 1.293728202581405640e-01 -2.712576389312744141e-01 2.559872567653656006e-01 3.007086217403411865e-01 1.181823760271072388e-01 -5.850280635058879852e-03
-3.738041222095489502e-01 1.076572388410568237e-02 -1.288444548845291138e-01 1.063297465443611145e-01 2.702338099479675293e-01 6.075589917600154877e-03 -1.450487971305847168e-01 -2.062802910804748535e-01
-5.062463879585266113e-02 -1.971336305141448975e-01 -1.280306577682495117e-01 -2.314735651016235352e-01 -7.430418580770492554e-02 -1.206893008202314377e-02 -2.655826881527900696e-02 -2.982460558414459229e-01
-2.794515341520309448e-02 -3.782886639237403870e-02 -2.637671828269958496e-01 1.975090056657791138e-01 3.051528334617614746e-01 8.272485435009002686e-02 1.149717345833778381e-02 -1.482520550489425659e-01
3.247653245925903320e-01 -1.131921261548995972e-02 -3.311139345169067383e-01 -1.354040652513504028e-01 -1.925663352012634277e-01 3.503156006336212158e-01 -2.687414288520812988e-01 -1.032446995377540588e-01
-1.161156967282295227e-01 1.378191113471984863e-01 -9.276176989078521729e-02 2.467898093163967133e-02 -6.787770241498947144e-02 -4.490605369210243225e-02 5.730196833610534668e-02 -2.689442932605743408e-01
2.294324934482574463e-01 1.780470162630081177e-01 3.734875470399856567e-02 3.513096868991851807e-01 -8.600159734487533569e-02 1.782326102256774902e-01 -2.963698506355285645e-01 -2.636648118495941162e-01
-2.850008010864257812e-01 3.292688131332397461e-01 5.466455221176147461e-02 2.410229444503784180e-01 3.781273066997528076e-01 3.589721620082855225e-01 2.826671600341796875e-01 -8.567401766777038574e-02
3.017717897891998291e-01 -2.588073611259460449e-01 -1.178968623280525208e-01 1.989397108554840088e-01 -1.149959638714790344e-01 1.325571835041046143e-01 -1.338688433170318604e-01 -2.457803785800933838e-01
2.656391859054565430e-01 7.557867467403411865e-02 -4.727502539753913879e-02 -2.365612983703613281e-01 1.980756074190139771e-01 6.321414257399737835e-04 3.050811290740966797e-01 2.920140922069549561e-01
2.990060746669769287e-01 9.316334873437881470e-02 1.955857127904891968e-01 -1.486922800540924072e-01 3.201818466186523438e-01 1.288108825683593750e-01 -1.591409891843795776e-01 -1.019609421491622925e-01
3.325103819370269775e-01 3.523745834827423096e-01 5.352137982845306396e-02 -2.494819462299346924e-01 3.403134047985076904e-01 1.604680418968200684e-01 -3.325353562831878662e-01 3.115052580833435059e-01
3.397847712039947510e-01 2.785360515117645264e-01 8.902451395988464355e-02 2.110788673162460327e-01 2.863329946994781494e-01 -1.041895747184753418e-01 2.089012414216995239e-01 2.643920481204986572e-01
-6.179584190249443054e-02 -1.372855305671691895e-01 -3.846118971705436707e-02 -3.663969039916992188e-02 -1.655436903238296509e-01 -2.112330347299575806e-01 2.456700205802917480e-01 -1.469189766794443130e-02
-7.557881623506546021e-02 -2.643150091171264648e-01 6.755338609218597412e-02 -9.909622371196746826e-02 -3.134008347988128662e-01 2.283891290426254272e-01 3.377830386161804199e-01 -3.232851326465606689e-01
-1.150018125772476196e-01 1.717256754636764526e-02 1.249993368983268738e-01 1.364635080099105835e-01 2.401050627231597900e-01 2.777907550334930420e-01 1.759295612573623657e-01 -2.173767387866973877e-01
2.751583456993103027e-01 -6.459555774927139282e-02 2.243440598249435425e-02 -4.600640013813972473e-02 3.710044175386428833e-02 2.228803932666778564e-01 3.471096456050872803e-01 -6.230309233069419861e-02
9.618414915166795254e-04 -9.021179378032684326e-02 -1.488781571388244629e-01 -2.022773623466491699e-01 2.261991947889328003e-01 3.261189162731170654e-01 6.686219479888677597e-03 -3.917752802371978760e-01
-1.325198113918304443e-01 -1.565227508544921875e-01 3.204966485500335693e-01 -1.428373008966445923e-01 -4.884907230734825134e-02 1.491602063179016113e-01 3.108437173068523407e-02 3.713025152683258057e-01
2.583232820034027100e-01 -1.623052954673767090e-01 -1.401969194412231445e-01 -1.927902251482009888e-01 2.235078215599060059e-01 7.477711141109466553e-02 8.372426778078079224e-02 -1.655125617980957031e-01
3.277722895145416260e-01 -6.746475398540496826e-02 -3.196603059768676758e-01 -2.248418778181076050e-01 -1.775163710117340088e-01 2.069254070520401001e-01 1.480421125888824463e-01 1.390081197023391724e-01
1.271137446165084839e-01 4.007366299629211426e-02 9.638944268226623535e-02 1.823828220367431641e-01 1.791865229606628418e-01 -1.349379420280456543e-01 -1.994115114212036133e-02 -3.711002320051193237e-02
-2.066965252161026001e-01 2.252783030271530151e-01 2.056757658720016479e-01 7.961008697748184204e-02 -9.890890866518020630e-02 -2.866485118865966797e-01 1.746495366096496582e-01 -2.227756194770336151e-02
-3.442450165748596191e-01 -1.408400386571884155e-01 1.340757906436920166e-01 -2.309502959251403809e-01 2.843204140663146973e-01 -8.891670405864715576e-02 -2.614186108112335205e-01 -6.399467587471008301e-02
2.919204831123352051e-01 -2.753729224205017090e-01 3.503887653350830078e-01 -4.806740581989288330e-02 3.392920792102813721e-01 2.657230794429779053e-01 2.192224711179733276e-01 1.818624138832092285e-01
2.070212662220001221e-01 -1.840170621871948242e-01 -1.370158493518829346e-01 1.617372334003448486e-01 2.630303204059600830e-01 2.850900292396545410e-01 -6.058811768889427185e-02 1.366261299699544907e-02
-2.232915908098220825e-01 2.447544187307357788e-01 -1.676427125930786133e-01 -8.003737777471542358e-02 2.621808648109436035e-01 -1.673387479968369007e-03 -2.711826562881469727e-01 -2.576347291469573975e-01
9.704147279262542725e-02 1.738453954458236694e-01 -1.339033544063568115e-01 -1.018159464001655579e-01 1.306578665971755981e-01 2.103846818208694458e-01 -2.562690079212188721e-01 -3.499801158905029297e-01
1.745691448450088501e-01 -4.932284355163574219e-02 2.740121185779571533e-01 -5.597622692584991455e-02 2.108662724494934082e-01 -6.659867614507675171e-02 3.153614997863769531e-01 1.195411309599876404e-01
2.914862520992755890e-02 -2.081604450941085815e-01 -2.582916319370269775e-01 -9.003075212240219116e-02 -8.683567494153976440e-02 -2.677776217460632324e-01 -1.706059277057647705e-01 -2.511788308620452881e-01
-2.617033421993255615e-01 -2.777092158794403076e-01 1.341156363487243652e-01 3.935755491256713867e-01 -1.215242296457290649e-01 2.587253153324127197e-01 5.059421807527542114e-02 6.216967850923538208e-02
-5.937363207340240479e-02 -9.654197841882705688e-02 -2.281849086284637451e-01 -6.284549832344055176e-02 2.950450405478477478e-02 -3.555738329887390137e-01 8.696482330560684204e-02 -1.016131937503814697e-01
-7.722076773643493652e-02 1.775121549144387245e-03 -2.953918464481830597e-02 -3.310014903545379639e-01 -1.939377486705780029e-01 1.688289083540439606e-02 -5.782121419906616211e-02 -3.361357748508453369e-01
1.965420693159103394e-01 2.440713047981262207e-01 3.225517570972442627e-01 2.655034065246582031e-01 -5.407711490988731384e-02 1.084885895252227783e-01 -2.345075160264968872e-01 2.830993533134460449e-01
-3.588424921035766602e-01 3.227084279060363770e-01 -2.144002765417098999e-01 -1.564629077911376953e-01 -3.066107034683227539e-01 2.636488080024719238e-01 -7.269485294818878174e-02 4.149169847369194031e-02
1.329632699489593506e-01 3.241822719573974609e-01 -2.438912913203239441e-02 1.597003787755966187e-01 -1.343041509389877319e-01 -3.758689463138580322e-01 -4.899380356073379517e-02 -2.767425775527954102e-01
4.534562677145004272e-02 -2.257949486374855042e-02 -2.654713988304138184e-01 -1.452400237321853638e-01 -2.518342435359954834e-01 -2.881541550159454346e-01 1.702179759740829468e-02 4.335101544857025146e-01
-2.679333984851837158e-01 -3.809788823127746582e-02 -2.210250943899154663e-01 1.165285892784595490e-02 2.690229415893554688e-01 -2.021587789058685303e-01 -2.033119797706604004e-01 -2.841939330101013184e-01
-9.130079299211502075e-02 -1.766557544469833374e-01 2.447917610406875610e-01 3.064336776733398438e-01 -1.120403036475181580e-01 1.553521491587162018e-02 1.298139989376068115e-02 2.554713487625122070e-01
-2.238794267177581787e-01 -1.122260373085737228e-02 -3.113330304622650146e-01 -3.548612296581268311e-01 -2.652547359466552734e-01 1.260656714439392090e-01 -1.273921728134155273e-01 7.639009505510330200e-02
1.882631182670593262e-01 -2.104759663343429565e-01 2.828359305858612061e-01 6.437460333108901978e-02 -4.438185691833496094e-02 -3.483011201024055481e-02 -2.699271142482757568e-01 2.103933840990066528e-01
-2.856005728244781494e-02 3.428611457347869873e-01 -1.431096345186233521e-01 2.926463484764099121e-01 3.937290310859680176e-01 9.264761954545974731e-02 -2.735725641250610352e-01 -3.661558032035827637e-01
-3.005672395229339600e-01 3.113773465156555176e-02 2.880155146121978760e-01 -1.230094507336616516e-01 2.857337296009063721e-01 -1.590334624052047729e-01 6.708269566297531128e-02 2.944317758083343506e-01
1.786801069974899292e-01 3.362944424152374268e-01 2.197503596544265747e-01 -7.311240583658218384e-02 1.327741742134094238e-01 1.169595047831535339e-01 -8.166854083538055420e-02 -1.000464260578155518e-01
-1.387087553739547729e-01 -1.941671520471572876e-01 -1.818632520735263824e-02 -1.959139704704284668e-01 -8.569028228521347046e-02 -1.842145770788192749e-01 -2.771202325820922852e-01 -4.636428877711296082e-02
1.052964776754379272e-01 2.730570733547210693e-01 -3.226145803928375244e-01 -3.792326748371124268e-01 2.274527102708816528e-01 -2.032725960016250610e-01 2.172945439815521240e-02 -7.851865142583847046e-02
-9.815052896738052368e-02 2.547599375247955322e-01 1.120948716998100281e-01 3.103913068771362305e-01 -6.473969668149948120e-02 2.348640561103820801e-01 -2.725049555301666260e-01 2.692141830921173096e-01
9.832541644573211670e-02 -1.263197362422943115e-01 -5.538780987262725830e-02 -7.019173819571733475e-03 5.622850358486175537e-02 1.938592195510864258e-01 9.823208302259445190e-02 -2.140907645225524902e-01
-5.639780312776565552e-02 -1.836867481470108032e-01 1.846703700721263885e-02 -1.931811720132827759e-01 -1.406631171703338623e-01 -9.815275669097900391e-02 7.174710929393768311e-02 -1.274104695767164230e-02
1.236841380596160889e-01 -2.298727929592132568e-01 2.635085880756378174e-01 -3.358225822448730469e-01 -2.447371743619441986e-02 -3.079809844493865967e-01 -9.505460411310195923e-02 -7.040499150753021240e-02
-2.091214358806610107e-01 -2.380310446023941040e-01 2.133330851793289185e-01 -9.140152484178543091e-02 -3.302352130413055420e-01 -2.849884927272796631e-01 5.888140294700860977e-03 -2.199537456035614014e-01
4.443246871232986450e-02 1.230899542570114136e-01 1.153780519962310791e-01 -7.380266487598419189e-02 1.363274008035659790e-01 -2.212384790182113647e-01 2.571914792060852051e-01 -3.492437601089477539e-01
-1.283403187990188599e-01 -2.001281678676605225e-01 -3.035956621170043945e-01 3.509792685508728027e-01 -2.375839054584503174e-01 3.136399686336517334e-01 -1.362958848476409912e-01 5.619905516505241394e-02
-1.088516861200332642e-01 1.043765917420387268e-01 2.950344085693359375e-01 -1.098981350660324097e-01 2.643848657608032227e-01 4.762131720781326294e-02 3.142520189285278320e-01 -9.146259725093841553e-02
9.507102519273757935e-02 2.042932659387588501e-01 -6.702855974435806274e-02 1.416586488485336304e-01 -2.766257897019386292e-02 9.088102728128433228e-02 1.913215368986129761e-01 -4.206587001681327820e-02
1.333421766757965088e-01 1.267521269619464874e-02 -3.167732059955596924e-01 -1.045710295438766479e-01 1.571357846260070801e-01 1.678405553102493286e-01 2.713494002819061279e-01 6.114353891462087631e-03
-3.662490248680114746e-01 -5.682503432035446167e-02 -3.034414164721965790e-02 -2.871417701244354248e-01 8.372913114726543427e-03 1.786455959081649780e-01 7.777228206396102905e-02 1.913005411624908447e-01
2.271316200494766235e-01 -2.373472899198532104e-01 1.329696029424667358e-01 2.193353176116943359e-01 -4.173227027058601379e-02 2.628670036792755127e-01 3.347560763359069824e-01 -1.084497869014739990e-01
-3.020692244172096252e-02 -1.816046684980392456e-01 2.006733715534210205e-01 -9.504579007625579834e-02 -1.154979038983583450e-02 1.561146229505538940e-01 -2.717315852642059326e-01 -3.128211945295333862e-02
8.907757699489593506e-03 -1.618802398443222046e-01 -4.130655527114868164e-02 -2.408616431057453156e-02 -1.781229078769683838e-01 2.522152662277221680e-01 -3.147372305393218994e-01 2.903399765491485596e-01
1.260166168212890625e-01 1.756075918674468994e-01 2.989692091941833496e-01 -2.865538001060485840e-01 -2.710838317871093750e-01 2.417196147143840790e-02 1.771792173385620117e-01 -2.736906334757804871e-02
2.456489019095897675e-03 -3.172879517078399658e-01 -2.701373696327209473e-01 1.973844133317470551e-02 1.334708184003829956e-01 -4.781166836619377136e-02 -2.898215651512145996e-01 1.498978585004806519e-01
3.669945895671844482e-01 2.795690596103668213e-01 -1.094398573040962219e-01 2.816483378410339355e-01 -1.789271384477615356e-01 -1.862752735614776611e-01 1.380499601364135742e-01 1.211662217974662781e-01
-2.762312889099121094e-01 -1.595973819494247437e-01 -3.514124751091003418e-01 -3.158832788467407227e-01 -2.623094022274017334e-01 1.495876908302307129e-02 -3.133353888988494873e-01 2.947806417942047119e-01
-1.201577931642532349e-01 -1.946793347597122192e-01 -7.665053009986877441e-02 -6.038057431578636169e-02 2.300415486097335815e-01 2.000886201858520508e-01 1.247209962457418442e-02 2.867436707019805908e-01
3.537953197956085205e-01 3.908871114253997803e-02 1.418786495923995972e-01 6.508879363536834717e-02 -3.449693694710731506e-02 -1.590136252343654633e-02 -1.035341620445251465e-01 2.102091908454895020e-01
3.337283805012702942e-02 1.704988479614257812e-01 -2.750764489173889160e-01 -1.325499713420867920e-01 -9.266395866870880127e-02 8.636879920959472656e-02 -1.307529807090759277e-01 -3.052649497985839844e-01
-2.510101199150085449e-01 9.483778849244117737e-03 1.905600540339946747e-02 1.466510444879531860e-01 5.087983608245849609e-02 2.454110048711299896e-02 7.746690511703491211e-02 -2.411186993122100830e-01
-2.876792335882782936e-03 -8.994925022125244141e-02 3.068269789218902588e-01 3.409638702869415283e-01 1.516216993331909180e-01 2.575812488794326782e-02 -3.581559956073760986e-01 2.800221145153045654e-01
3.161339461803436279e-01 -2.359689623117446899e-01 1.928833872079849243e-01 -1.943581104278564453e-01 -1.060500815510749817e-01 2.514397501945495605e-01 -7.868340611457824707e-02 5.403690505772829056e-03
-2.967934608459472656e-01 2.148700952529907227e-01 -2.240722626447677612e-01 -1.400344222784042358e-01 3.535230457782745361e-02 1.024920418858528137e-01 8.085881918668746948e-02 -9.422602504491806030e-02
1.645136028528213501e-01 -2.019855566322803497e-02 1.542074829339981079e-01 1.570990532636642456e-01 -3.028633594512939453e-01 2.425696402788162231e-01 -9.942686557769775391e-02 -1.227878257632255554e-01
8.695338666439056396e-02 -2.184701412916183472e-01 2.458665519952774048e-03 3.133835494518280029e-01 -7.605840265750885010e-02 3.520397543907165527e-01 1.272133290767669678e-01 1.028280928730964661e-01
-8.867806941270828247e-02 -1.091624051332473755e-01 -4.629445448517799377e-02 2.797313630580902100e-01 2.293855324387550354e-02 3.396584987640380859e-01 1.856178343296051025e-01 -3.207212090492248535e-01
2.592915296554565430e-01 3.220526576042175293e-01 -9.494729340076446533e-02 2.576484344899654388e-03 8.246826380491256714e-02 -1.246805116534233093e-01 -1.231070756912231445e-01 -3.033555299043655396e-02
2.358399480581283569e-01 5.551793426275253296e-02 -6.308460980653762817e-02 1.723672896623611450e-01 -3.153593540191650391e-01 1.692964434623718262e-01 5.804180353879928589e-02 2.498581111431121826e-01
2.949356734752655029e-01 -2.409992814064025879e-01 -1.151112914085388184e-01 5.819110944867134094e-02 3.327782154083251953e-01 -2.804996669292449951e-01 -1.327579617500305176e-01 3.240706026554107666e-01
1.228808797895908356e-02 1.408079713582992554e-01 -2.454052567481994629e-01 1.924505382776260376e-01 1.932421326637268066e-02 -1.620716750621795654e-01 1.413548141717910767e-01 -1.748981773853302002e-01
2.038770020008087158e-01 3.098019957542419434e-01 1.744898408651351929e-02 1.263704746961593628e-01 -2.068120986223220825e-02 -1.165486574172973633e-01 -2.672651223838329315e-02 -2.044686228036880493e-01
-2.870692610740661621e-01 -1.523903608322143555e-01 2.884702384471893311e-01 1.300840545445680618e-02 -1.452876478433609009e-01 8.058963343501091003e-03 3.597085773944854736e-01 -1.896644234657287598e-01
6.590283662080764771e-02 -3.825932368636131287e-02 -3.086418211460113525e-01 -4.658456519246101379e-02 -6.800263375043869019e-02 1.243700683116912842e-01 -1.428784430027008057e-01 -3.347670733928680420e-01
2.833953201770782471e-01 3.352072834968566895e-01 1.182025149464607239e-01 -2.886457145214080811e-01 -2.270441353321075439e-01 1.622892022132873535e-01 -2.283622771501541138e-01 -2.810038439929485321e-02
2.795428335666656494e-01 -1.318202465772628784e-01 -3.432937562465667725e-01 2.823021411895751953e-01 1.104486733675003052e-01 -2.907878160476684570e-01 -8.590514212846755981e-02 -2.221139818429946899e-01
5.754891410470008850e-02 -3.456471115350723267e-02 -1.038957387208938599e-01 1.427122973836958408e-03 3.553132116794586182e-01 9.834892302751541138e-02 7.429269701242446899e-02 -1.291160881519317627e-01
3.560577332973480225e-02 3.356816470623016357e-01 -1.352586299180984497e-01 8.324854820966720581e-02 -3.417203426361083984e-01 -2.874821424484252930e-01 -1.911233551800251007e-02 -1.046096067875623703e-02
-1.604368984699249268e-01 -4.698376730084419250e-02 3.306923508644104004e-01 3.260799646377563477e-01 -3.228351771831512451e-01 -1.190328747034072876e-01 2.314644753932952881e-01 -2.168380618095397949e-01
4.096280783414840698e-02 -9.726538509130477905e-02 2.363927960395812988e-01 -2.412237413227558136e-02 -3.118255734443664551e-01 2.665056586265563965e-01 3.855163604021072388e-02 3.341327607631683350e-01
-1.537115722894668579e-01 -2.839588820934295654e-01 -2.687914669513702393e-01 2.090877853333950043e-02 3.042978644371032715e-01 -2.302365452051162720e-01 -6.798297166824340820e-02 1.480288356542587280e-01
3.059288859367370605e-01 -8.131817728281021118e-02 2.937415838241577148e-01 -1.999685168266296387e-01 2.959307730197906494e-01 3.902395069599151611e-02 -2.380786985158920288e-01 2.493930906057357788e-01
2.643442451953887939e-01 -2.741090655326843262e-01 1.915270239114761353e-01 2.791201174259185791e-01 3.312613368034362793e-01 2.002056390047073364e-01 5.865172669291496277e-02 -3.175893127918243408e-01
1.305078715085983276e-01 -2.841302454471588135e-01 -3.479688763618469238e-01 1.411283016204833984e-01 4.123171418905258179e-02 -1.275500208139419556e-01 -2.227861136198043823e-01 2.757982313632965088e-01
-1.338130561634898186e-03 3.063370659947395325e-02 -2.977257072925567627e-01 -3.025491833686828613e-01 -1.155502200126647949e-01 -5.170845985412597656e-02 1.608183532953262329e-01 -1.646860837936401367e-01
2.746096551418304443e-01 -3.711134940385818481e-02 2.540286481380462646e-01 -1.358641982078552246e-01 -1.745805889368057251e-01 -2.662975788116455078e-01 -1.206008344888687134e-01 -1.970599591732025146e-01
2.941015064716339111e-01 -3.062983416020870209e-02 2.097991257905960083e-01 -1.511237025260925293e-01 -2.569167912006378174e-01 8.776117861270904541e-02 -2.439564466476440430e-01 -2.340695112943649292e-01
-1.762497723102569580e-01 3.185831606388092041e-01 -3.030220046639442444e-02 -7.137005031108856201e-02 -1.632205098867416382e-01 1.115181371569633484e-01 -2.006902694702148438e-01 3.874746859073638916e-01
1.165994778275489807e-01 -3.066069781780242920e-01 -1.561170518398284912e-01 -1.254169046878814697e-01 2.551607415080070496e-02 3.623011410236358643e-01 7.594278454780578613e-02 1.062582060694694519e-01
-9.944452345371246338e-02 7.840751111507415771e-02 1.130556836724281311e-01 2.351509630680084229e-01 2.532632946968078613e-01 -2.536358535289764404e-01 -3.162949681282043457e-01 -3.470245003700256348e-02
4.631040990352630615e-02 -1.741222888231277466e-01 1.018865182995796204e-01 2.796614170074462891e-01 2.874394953250885010e-01 -1.394657939672470093e-01 2.555406093597412109e-01 -2.779045999050140381e-01
-7.263221591711044312e-02 2.516506314277648926e-01 1.188957393169403076e-01 3.391638696193695068e-01 -1.984091550111770630e-01 -2.043711096048355103e-01 -4.971514269709587097e-02 -3.471541702747344971e-01
1.804603040218353271e-01 -1.392513662576675415e-01 -6.709587574005126953e-02 -5.953140184283256531e-02 -1.074599940329790115e-02 3.086931630969047546e-02 -2.329788636416196823e-03 -3.188283443450927734e-01
2.387540042400360107e-01 -1.771209239959716797e-01 -3.486148118972778320e-01 3.837006911635398865e-02 -3.361961245536804199e-01 5.868794396519660950e-02 1.946310847997665405e-01 -2.572677731513977051e-01
-5.369130987673997879e-03 6.578165292739868164e-02 -3.631103038787841797e-02 3.056433796882629395e-01 7.875931262969970703e-02 -2.396461181342601776e-02 2.574694156646728516e-01 -5.270024761557579041e-02
-1.871864795684814453e-01 -1.094734892249107361e-01 -2.496849745512008667e-01 -1.419035941362380981e-01 3.412398993968963623e-01 -2.693584859371185303e-01 4.344476014375686646e-02 2.288448661565780640e-01
-1.182597354054450989e-01 8.660325780510902405e-03 1.439054310321807861e-01 -3.142264485359191895e-01 -8.485761284828186035e-02 -2.376478016376495361e-01 -1.331592649221420288e-01 -2.977109141647815704e-02
-1.785046458244323730e-01 1.071436256170272827e-01 1.380165815353393555e-01 9.106019139289855957e-02 1.776874810457229614e-02 4.067803919315338135e-01 -2.646434679627418518e-02 -7.823370397090911865e-02
-1.583187654614448547e-02 3.138150274753570557e-01 1.907122433185577393e-01 2.803978323936462402e-01 -2.124976962804794312e-01 -1.313004940748214722e-01 5.406290292739868164e-02 1.187831908464431763e-01
-5.949809402227401733e-02 -9.049019962549209595e-02 3.164288103580474854e-01 -3.637046366930007935e-02 2.263284474611282349e-01 1.722403615713119507e-01 -3.368048742413520813e-02 -2.389601767063140869e-01
1.943809986114501953e-01 5.435096099972724915e-02 8.431569486856460571e-02 -3.019814006984233856e-02 -1.173082366585731506e-01 -2.731043146923184395e-03 -3.599426895380020142e-02 1.173370108008384705e-01
-7.529354095458984375e-02 2.677248418331146240e-01 6.432149559259414673e-02 -1.559209972620010376e-01 -1.902147531509399414e-01 3.234205543994903564e-01 3.029898703098297119e-01 1.641288399696350098e-01
-4.075034055858850479e-03 1.676267087459564209e-01 1.764927953481674194e-01 1.391588747501373291e-01 2.304009795188903809e-01 7.756996154785156250e-02 -3.454563617706298828e-01 1.022391673177480698e-02
-1.095273494720458984e-01 3.118927478790283203e-01 2.304444611072540283e-01 3.492537140846252441e-02 -1.204386800527572632e-01 -8.320433646440505981e-02 7.136125117540359497e-02 -2.449529767036437988e-01
1.015548482537269592e-01 -6.262367218732833862e-02 3.056357204914093018e-01 -2.332149744033813477e-01 -1.213694214820861816e-01 3.348388075828552246e-01 1.502403765916824341e-01 -7.620250433683395386e-02
-6.408093124628067017e-02 -3.242335617542266846e-01 3.146860301494598389e-01 -2.819083034992218018e-01 3.382418751716613770e-01 -3.328931927680969238e-01 -2.862403988838195801e-01 4.332713037729263306e-02
-8.720151335000991821e-02 -7.330238074064254761e-02 2.164353132247924805e-01 1.934316307306289673e-01 1.156687736511230469e-01 3.221183121204376221e-01 1.964597105979919434e-01 -4.672753810882568359e-02
2.349178120493888855e-02 -3.486921489238739014e-01 2.052773088216781616e-01 2.274275273084640503e-01 2.300320863723754883e-01 -3.356515467166900635e-01 1.652051508426666260e-02 3.437242507934570312e-01
-8.487351983785629272e-02 -1.295962035655975342e-01 -2.046175748109817505e-01 1.918720901012420654e-01 -2.925277650356292725e-01 1.193364784121513367e-01 2.991749644279479980e-01 6.208288669586181641e-02
2.187369614839553833e-01 2.564947307109832764e-01 1.403088867664337158e-01 9.245117753744125366e-02 3.512166738510131836e-01 -2.871557474136352539e-01 -2.344895005226135254e-01 -2.178781330585479736e-01
-1.660929992794990540e-02 -1.113054081797599792e-01 2.853976748883724213e-02 9.908545017242431641e-02 -3.099598549306392670e-02 8.930089324712753296e-02 2.282069027423858643e-01 1.343042105436325073e-01
-3.169100731611251831e-02 -5.451293662190437317e-02 -2.694076299667358398e-01 -2.873166203498840332e-01 1.273248940706253052e-01 2.835217118263244629e-01 -2.634950876235961914e-01 -3.069181144237518311e-01
