-6.000027060508728027e-02 -1.819116771221160889e-01 3.070178627967834473e-01 -2.011055499315261841e-01 2.807086147367954254e-02 3.005797564983367920e-01 -1.460080891847610474e-01 -5.860201641917228699e-02
2.458573132753372192e-01 2.833216786384582520e-01 -1.735464036464691162e-01 2.266532480716705322e-01 1.750947237014770508e-01 3.172262907028198242e-01 3.536735773086547852e-01 -9.117883630096912384e-03
-2.830655872821807861e-01 6.035792082548141479e-02 1.154425218701362610e-01 -5.453668162226676941e-02 -2.944700121879577637e-01 -3.975797072052955627e-02 7.291740179061889648e-02 -2.459819018840789795e-01
-3.398522436618804932e-01 -1.144643407315015793e-02 5.595680698752403259e-02 1.002544537186622620e-01 2.414243519306182861e-01 -1.453620940446853638e-02 3.080308204516768456e-03 -1.172834038734436035e-01
3.301585614681243896e-01 -2.190712094306945801e-01 -2.338401973247528076e-01 -3.020323514938354492e-01 1.904128640890121460e-01 -1.371852308511734009e-01 1.949667930603027344e-01 1.557153761386871338e-01
-1.036498788744211197e-02 -1.984917670488357544e-01 2.872622907161712646e-01 1.562841683626174927e-01 -3.576745390892028809e-01 7.012113183736801147e-02 2.648449540138244629e-01 2.854927815496921539e-02
2.358677536249160767e-01 -7.152767479419708252e-02 7.894433289766311646e-02 -2.179808914661407471e-01 1.825354397296905518e-01 2.076978832483291626e-01 1.170068383216857910e-01 2.659997642040252686e-01
3.241551518440246582e-01 1.142749115824699402e-01 1.547826230525970459e-01 1.056507825851440430e-01 2.270203679800033569e-01 3.497852981090545654e-01 -1.907772123813629150e-01 1.999208927154541016e-01
-1.242317035794258118e-01 9.220007061958312988e-02 1.037588939070701599e-01 -3.340015709400177002e-01 -2.852088510990142822e-01 1.060575693845748901e-01 -2.190440148115158081e-01 8.381103724241256714e-02
-1.443009171634912491e-02 4.295945912599563599e-02 8.935429155826568604e-02 -2.641393244266510010e-01 -3.366931676864624023e-01 2.495983988046646118e-01 3.291707336902618408e-01 -1.036915555596351624e-01
3.368857502937316895e-01 3.028047978878021240e-01 -2.170297354459762573e-01 -2.926030457019805908e-01 -2.578935325145721436e-01 3.362177908420562744e-01 -7.179856300354003906e-02 -1.443842351436614990e-01
3.093705512583255768e-02 2.907663583755493164e-01 3.090735375881195068e-01 1.405063569545745850e-01 3.129941523075103760e-01 -2.042230591177940369e-02 2.821139395236968994e-01 -2.174554914236068726e-01
6.006347388029098511e-02 -1.433587372303009033e-01 -7.399657275527715683e-03 5.994006618857383728e-02 1.325630843639373779e-01 -9.646505862474441528e-02 1.548336911946535110e-02 -3.005351722240447998e-01
8.486396074295043945e-02 -2.888956964015960693e-01 -3.187167644500732422e-01 -3.080412447452545166e-01 -1.091513186693191528e-01 -1.694000214338302612e-01 -2.920674085617065430e-01 -1.308320015668869019e-01
7.501228712499141693e-03 -1.928690820932388306e-02 1.133722364902496338e-01 -1.496448367834091187e-01 3.056569397449493408e-01 -1.077471300959587097e-01 4.355208203196525574e-02 2.104658633470535278e-01
2.373736500740051270e-01 3.154103457927703857e-01 -2.910690009593963623e-01 -2.621327340602874756e-01 -5.587681382894515991e-02 3.293711543083190918e-01 1.296752542257308960e-01 5.054449662566184998e-03
-2.077963575720787048e-02 1.126692965626716614e-01 2.480186335742473602e-02 -3.125820755958557129e-01 -2.548951208591461182e-01 -4.899442940950393677e-02 -3.530884981155395508e-01 -3.414959311485290527e-01
-3.862767815589904785e-01 2.648892700672149658e-01 3.445545136928558350e-01 -2.789909541606903076e-01 -7.297582179307937622e-02 1.897820532321929932e-01 -3.452648520469665527e-01 3.357080370187759399e-02
-7.285672426223754883e-02 4.098537564277648926e-02 -5.935534462332725525e-02 -1.780630201101303101e-01 5.706734582781791687e-02 8.852219581604003906e-02 3.834430873394012451e-01 -3.095597028732299805e-01
1.149981394410133362e-01 -4.828352853655815125e-02 2.289704382419586182e-01 2.899560034275054932e-01 -6.405206024646759033e-02 -2.993191778659820557e-01 1.471180319786071777e-01 2.465389482676982880e-02
-4.060894250869750977e-02 -1.509781181812286377e-01 3.101499080657958984e-01 -2.523871362209320068e-01 -3.151704370975494385e-01 -1.927367597818374634e-01 1.710797250270843506e-01 3.421204090118408203e-01
-8.708545565605163574e-02 -1.700417697429656982e-01 1.037852466106414795e-01 9.978906065225601196e-02 -1.403781622648239136e-01 2.693262100219726562e-01 -2.949084900319576263e-02 6.735070794820785522e-02
-9.361271560192108154e-02 -2.301226407289505005e-01 -2.630582153797149658e-01 1.584534645080566406e-01 -3.053053654730319977e-02 -3.164937719702720642e-02 -3.486459851264953613e-01 -1.063917726278305054e-01
2.550885081291198730e-01 -3.071304038166999817e-02 -3.962334990501403809e-02 2.931069135665893555e-01 -3.622142374515533447e-01 7.578558474779129028e-02 1.222434639930725098e-01 -7.545669376850128174e-02
-1.143132057040929794e-02 2.472226023674011230e-01 1.326057761907577515e-01 9.786663949489593506e-02 -8.164492249488830566e-02 1.074316203594207764e-01 2.797376215457916260e-01 -8.878310024738311768e-02
8.323062211275100708e-03 -3.453718721866607666e-01 2.899161577224731445e-01 2.587275207042694092e-01 -2.432531565427780151e-01 3.204669430851936340e-02 9.490129351615905762e-02 -2.570987343788146973e-01
3.399215042591094971e-01 -1.793404519557952881e-01 -2.507290840148925781e-01 -2.635524868965148926e-01 5.283430218696594238e-02 3.317262530326843262e-01 1.001810282468795776e-01 1.813032925128936768e-01
-3.497274219989776611e-01 -4.076416604220867157e-03 2.906251549720764160e-01 -8.207675069570541382e-02 6.130336597561836243e-02 -8.588353544473648071e-02 -2.414187192916870117e-01 -6.925769895315170288e-02
-1.353755146265029907e-01 -6.703309714794158936e-02 -2.231282591819763184e-01 2.172736078500747681e-01 -1.132530793547630310e-01 4.870256036520004272e-02 -1.831576228141784668e-01 3.505873307585716248e-02
-2.060047239065170288e-01 3.702318295836448669e-02 2.359924316406250000e-01 -9.818658977746963501e-02 2.470263540744781494e-01 4.313025623559951782e-02 2.591905891895294189e-01 1.927978396415710449e-01
5.179638415575027466e-02 -6.156477332115173340e-02 -2.521221339702606201e-01 2.978302240371704102e-01 2.812454700469970703e-01 -2.434789389371871948e-01 -1.888258606195449829e-01 -2.755427658557891846e-01
1.286832690238952637e-01 -2.632528543472290039e-01 -3.189621865749359131e-02 1.354320943355560303e-01 6.019522622227668762e-02 -5.899671092629432678e-02 2.574529349803924561e-01 -3.144793808460235596e-01
-2.897209227085113525e-01 2.551609277725219727e-01 -1.041139010339975357e-03 -2.163194417953491211e-01 -2.933264076709747314e-01 -4.756467416882514954e-02 -2.939707040786743164e-01 3.145986497402191162e-01
2.176698148250579834e-01 3.529018461704254150e-01 -1.154849454760551453e-01 3.272816836833953857e-01 2.144749909639358521e-01 -1.813066303730010986e-01 3.146836459636688232e-01 -2.940487489104270935e-02
2.488526254892349243e-01 3.366260528564453125e-01 -3.978880494832992554e-02 -1.553007960319519043e-01 -4.385649412870407104e-02 3.441921472549438477e-01 2.181838899850845337e-01 3.530336543917655945e-02
2.180662155151367188e-01 2.307832092046737671e-01 1.166543439030647278e-01 -1.871999911963939667e-02 2.679928243160247803e-01 6.127356737852096558e-02 2.127241156995296478e-02 -2.180793136358261108e-02
2.406577169895172119e-01 5.455525219440460205e-02 1.297229677438735962e-01 4.146382561884820461e-04 -2.254744768142700195e-01 1.640981286764144897e-01 -3.633145987987518311e-01 -3.262296020984649658e-01
2.361688017845153809e-01 9.353858977556228638e-02 -2.124450169503688812e-02 2.188899964094161987e-01 7.111766189336776733e-02 -3.100384399294853210e-02 2.119111269712448120e-01 -3.042883276939392090e-01
9.493253380060195923e-02 -1.137459725141525269e-01 -2.996656894683837891e-01 -2.072482258081436157e-01 -3.008386790752410889e-01 -3.294227719306945801e-01 -1.028200462460517883e-01 2.031798809766769409e-01
6.031918153166770935e-02 -3.521670103073120117e-01 -1.163495704531669617e-01 1.009415239095687866e-01 -3.308146819472312927e-02 -2.282505035400390625e-01 2.205145806074142456e-01 1.228162199258804321e-01
2.615002393722534180e-01 2.424090802669525146e-01 1.277037411928176880e-01 2.840982377529144287e-01 -1.093473806977272034e-01 -3.973165526986122131e-02 -1.048605293035507202e-01 2.631719410419464111e-01
2.183667421340942383e-01 -2.594544589519500732e-01 -2.049837559461593628e-01 -2.284921705722808838e-01 3.485613036900758743e-03 -9.062719345092773438e-02 -8.944728225469589233e-02 -3.289587795734405518e-01
2.061595767736434937e-02 2.295842617750167847e-01 4.206068813800811768e-02 3.109355568885803223e-01 -3.178173899650573730e-01 2.609069645404815674e-02 5.581589881330728531e-03 1.995422989130020142e-01
3.049384057521820068e-01 -1.773810386657714844e-01 2.965387403964996338e-01 3.225024640560150146e-01 -1.198803931474685669e-01 2.384912073612213135e-01 -2.951516807079315186e-01 -1.132657825946807861e-01
6.504828482866287231e-02 2.690574824810028076e-01 3.368737697601318359e-01 -2.891245484352111816e-01 -2.879702299833297729e-02 8.323609083890914917e-02 -1.247680857777595520e-01 -3.070830106735229492e-01
1.900673061609268188e-01 -2.084925323724746704e-01 -1.814924627542495728e-01 -1.104745715856552124e-01 1.421355903148651123e-01 -1.497270613908767700e-01 -1.025440841913223267e-01 -2.343647554516792297e-02
-1.483631581068038940e-01 -1.811720877885818481e-01 -3.477171659469604492e-01 -2.350849360227584839e-01 -1.034277305006980896e-01 -2.310010045766830444e-01 -2.887132465839385986e-01 1.031297743320465088e-01
-1.826037019491195679e-01 -2.372046858072280884e-01 2.918698191642761230e-01 3.112805187702178955e-01 -6.410221755504608154e-02 -1.888204365968704224e-01 -1.572179198265075684e-01 -2.296156883239746094e-01
1.207425668835639954e-01 -1.404277682304382324e-01 -1.866808533668518066e-01 7.847870886325836182e-02 1.489209085702896118e-01 -6.058576330542564392e-02 -7.472064346075057983e-02 -7.275430113077163696e-02
5.195676535367965698e-02 -1.516916453838348389e-01 -2.398635447025299072e-01 -1.511192787438631058e-02 2.305995523929595947e-01 -2.212469875812530518e-01 -1.083108112215995789e-01 1.178931370377540588e-01
2.507813647389411926e-02 2.188847810029983521e-01 -1.918926648795604706e-02 1.263300776481628418e-01 1.865828484296798706e-01 -9.705523401498794556e-02 -2.059934586286544800e-01 1.303335372358560562e-02
-1.361459344625473022e-01 -2.758334279060363770e-01 -1.861449629068374634e-01 -1.975388452410697937e-02 2.535755932331085205e-01 2.789777517318725586e-01 4.969790205359458923e-02 3.819360584020614624e-02
4.739476367831230164e-02 -3.208415806293487549e-01 -1.741392314434051514e-01 -3.378936350345611572e-01 1.893891841173171997e-01 -1.623203977942466736e-02 2.305426150560379028e-01 -2.678106129169464111e-01
2.081970305880531669e-04 8.009096235036849976e-02 1.797527521848678589e-01 7.669688761234283447e-02 2.240555137395858765e-01 4.090680181980133057e-02 -2.201666980981826782e-01 -4.717935249209403992e-02
-1.415103022009134293e-02 2.741028070449829102e-01 3.207031264901161194e-02 -1.163204945623874664e-02 2.758053541183471680e-01 -2.729513943195343018e-01 -3.021504282951354980e-01 2.257267534732818604e-01
1.104117184877395630e-01 2.111920118331909180e-01 9.336487203836441040e-02 2.653969228267669678e-01 3.207566738128662109e-01 9.233424812555313110e-02 3.372787535190582275e-01 -3.188956379890441895e-01
-1.104008629918098450e-01 -2.026737034320831299e-01 2.452273368835449219e-01 1.766110062599182129e-01 1.695832610130310059e-01 1.733160912990570068e-01 -7.075633108615875244e-02 -3.138811588287353516e-01
-1.847974509000778198e-01 -2.881660759449005127e-01 -1.945522725582122803e-01 1.736695617437362671e-01 -3.278447091579437256e-01 6.079386919736862183e-02 2.287208288908004761e-02 4.267546162009239197e-02
1.262476891279220581e-01 -1.203220114111900330e-01 5.362690985202789307e-02 2.205220758914947510e-01 1.231007054448127747e-01 -3.076000213623046875e-01 1.074944511055946350e-01 -9.708520770072937012e-02
1.815150082111358643e-01 -1.856646500527858734e-02 -1.659586131572723389e-01 1.585790216922760010e-01 -1.678158342838287354e-01 -3.102386891841888428e-01 -9.471630305051803589e-02 1.674700975418090820e-01
5.893953889608383179e-02 2.149071991443634033e-01 -3.627071380615234375e-01 -3.594405949115753174e-02 -2.766269147396087646e-01 -1.969074606895446777e-01 1.429727822542190552e-01 1.177890375256538391e-01
2.775017023086547852e-01 -1.825756579637527466e-01 -1.974810361862182617e-01 -1.231402158737182617e-01 -1.778129190206527710e-01 3.410767614841461182e-01 1.571384817361831665e-01 -9.165665507316589355e-02
2.316866964101791382e-01 2.513495981693267822e-01 1.719854027032852173e-01 2.189802825450897217e-01 -3.684203624725341797e-01 -3.621135279536247253e-02 -2.650485336780548096e-01 -3.455743193626403809e-01
8.563343435525894165e-03 1.209157053381204605e-02 -3.475022315979003906e-02 -3.269827365875244141e-01 2.580248713493347168e-01 1.418926864862442017e-01 1.619154363870620728e-01 -1.396543532609939575e-01
1.580342054367065430e-01 1.932946294546127319e-01 1.324037760496139526e-01 -2.495830357074737549e-01 9.153644740581512451e-02 -1.632731556892395020e-01 -9.517509490251541138e-02 2.825465798377990723e-01
-1.429385095834732056e-01 -1.397231072187423706e-01 -2.484212666749954224e-01 -2.304310649633407593e-01 4.841103777289390564e-02 -1.122601926326751709e-01 7.471321523189544678e-02 -2.585542500019073486e-01
2.120414972305297852e-01 1.603000760078430176e-01 4.663719795644283295e-03 9.078807383775711060e-02 1.132409349083900452e-01 -2.647970616817474365e-01 -1.207253038883209229e-01 2.163280844688415527e-01
-7.058660686016082764e-02 1.130810156464576721e-01 2.746392786502838135e-01 -7.225855439901351929e-02 -7.683266699314117432e-02 3.004860877990722656e-01 -1.610287278890609741e-01 4.495393484830856323e-02
-2.888487577438354492e-01 -1.721738651394844055e-02 1.662268042564392090e-01 9.985898435115814209e-02 -2.662618458271026611e-01 -8.756043016910552979e-02 2.755953967571258545e-01 -5.193030089139938354e-02
2.790686190128326416e-01 -2.528485655784606934e-01 1.184897348284721375e-01 -3.010306879878044128e-02 -1.425868570804595947e-01 -1.510254573076963425e-03 -2.700677216053009033e-01 3.194180130958557129e-01
8.244861662387847900e-02 1.771459579467773438e-01 -2.299256324768066406e-01 4.863757267594337463e-02 1.850515902042388916e-01 -1.313669532537460327e-01 -2.272661402821540833e-02 -2.309259176254272461e-01
-9.492578357458114624e-02 1.316193193197250366e-01 -2.166058719158172607e-01 2.094938457012176514e-01 -4.000983014702796936e-02 4.024314880371093750e-01 -1.280959043651819229e-02 1.740879714488983154e-01
-3.054755330085754395e-01 7.854496687650680542e-02 2.988098859786987305e-01 1.767934560775756836e-01 1.397188305854797363e-01 1.476002931594848633e-01 -3.199661374092102051e-01 3.193003535270690918e-01
5.159666016697883606e-02 6.724570691585540771e-02 8.399333059787750244e-02 1.178705543279647827e-01 2.945292294025421143e-01 1.655963361263275146e-01 2.826201170682907104e-02 2.991488575935363770e-01
5.766380578279495239e-02 5.590001493692398071e-02 -3.102502524852752686e-01 7.384637743234634399e-02 7.953857630491256714e-02 -2.215962484478950500e-02 -3.230071961879730225e-01 -1.932005584239959717e-01
2.528196275234222412e-01 -5.250384658575057983e-02 4.976864159107208252e-02 4.060409963130950928e-02 2.518909573554992676e-01 -2.797466218471527100e-01 3.082414865493774414e-01 -2.743607573211193085e-02
3.293393179774284363e-02 1.696700789034366608e-02 3.241440653800964355e-01 1.988501399755477905e-01 -2.096607983112335205e-01 5.774273537099361420e-03 -1.969176977872848511e-01 -2.473735213279724121e-01
6.685709953308105469e-02 7.094310224056243896e-02 -3.439958691596984863e-01 4.680759157054126263e-04 -2.311197519302368164e-01 -1.325396597385406494e-01 1.495589464902877808e-01 2.105476558208465576e-01
-1.366792619228363037e-02 -3.552483320236206055e-01 1.870275586843490601e-01 -1.253352761268615723e-01 3.427994847297668457e-01 -1.118251215666532516e-02 1.665187329053878784e-01 -1.870400458574295044e-01
-4.371626302599906921e-02 -1.934045702219009399e-01 -7.592885196208953857e-02 1.395276039838790894e-01 -3.059563338756561279e-01 1.267038192600011826e-02 -3.189370632171630859e-01 -2.530681788921356201e-01
4.166883975267410278e-02 2.915831282734870911e-02 2.281942516565322876e-01 -1.313869357109069824e-01 -1.304260268807411194e-02 -6.360874325037002563e-02 -1.813579350709915161e-01 -2.492792606353759766e-01
-1.258564740419387817e-01 3.066846430301666260e-01 -6.560636311769485474e-02 -2.336857914924621582e-01 -1.121455952525138855e-01 -4.634263366460800171e-02 8.795706182718276978e-02 -9.737723320722579956e-02
-7.317796349525451660e-02 -3.330025970935821533e-01 9.547197073698043823e-02 -2.972148954868316650e-01 5.502036958932876587e-02 -1.877637207508087158e-01 -4.356614127755165100e-02 6.554860621690750122e-02
9.735861420631408691e-02 -1.032036393880844116e-01 -6.596959382295608521e-02 3.139272928237915039e-01 1.852249056100845337e-01 9.607416577637195587e-03 3.511090874671936035e-01 -1.086807437241077423e-02
-1.360433995723724365e-01 2.772142589092254639e-01 3.475479781627655029e-01 1.913530081510543823e-01 -1.458394527435302734e-01 -1.755207180976867676e-01 -1.640887111425399780e-01 -1.033058986067771912e-01
-2.563620358705520630e-02 5.361046269536018372e-02 1.457417458295822144e-01 -1.319469697773456573e-02 2.347485870122909546e-01 9.559320658445358276e-02 1.354005634784698486e-01 2.886771857738494873e-01
2.299871891736984253e-01 1.964801847934722900e-01 2.566606998443603516e-01 2.890493869781494141e-01 3.514414429664611816e-01 3.414950370788574219e-01 3.257944583892822266e-01 3.107799887657165527e-01
1.926920413970947266e-01 3.121376037597656250e-01 -6.945173442363739014e-02 1.276399940252304077e-01 -2.202633917331695557e-01 -2.382756173610687256e-01 1.777697652578353882e-01 -8.824129588901996613e-03
2.335249334573745728e-01 2.538767158985137939e-01 3.926329687237739563e-02 1.312109380960464478e-01 -2.969866991043090820e-01 1.528495252132415771e-01 1.518485993146896362e-01 1.768343448638916016e-01
2.429543063044548035e-02 3.263260126113891602e-01 2.895050346851348877e-01 -2.407262623310089111e-01 -2.589749097824096680e-01 -1.988674253225326538e-01 1.886538416147232056e-01 3.975998237729072571e-02
-1.978226453065872192e-01 -7.715719193220138550e-02 -2.051600217819213867e-01 1.126911565661430359e-01 1.678001880645751953e-01 -2.567093968391418457e-01 -3.336027562618255615e-01 2.828901112079620361e-01
-3.155334591865539551e-01 -3.212850689888000488e-01 -1.409398764371871948e-01 -2.667725980281829834e-01 -1.436112225055694580e-01 1.458998173475265503e-01 -2.631063759326934814e-01 3.247729837894439697e-01
-3.351762294769287109e-01 4.035807028412818909e-02 2.648091018199920654e-01 -2.681415677070617676e-01 1.506218463182449341e-01 -3.681014105677604675e-02 -1.809098273515701294e-01 -5.954599473625421524e-03
-7.230404764413833618e-02 -3.226347565650939941e-01 -3.398154079914093018e-01 1.141235381364822388e-01 3.179555535316467285e-01 -1.566165313124656677e-02 -2.400525361299514771e-01 -2.898826897144317627e-01
1.248413622379302979e-01 -2.591055631637573242e-01 9.887482225894927979e-02 -2.864297628402709961e-01 -2.578938305377960205e-01 -2.086075395345687866e-01 -3.251174986362457275e-01 -2.682542502880096436e-01
-5.996023118495941162e-02 -2.388525158166885376e-01 -3.130632638931274414e-01 3.341327011585235596e-01 2.499739080667495728e-01 3.273428231477737427e-02 -1.083048284053802490e-01 3.403455615043640137e-01
-1.774582564830780029e-01 -3.470985293388366699e-01 3.427374362945556641e-01 -2.419187873601913452e-01 -2.359669208526611328e-01 2.471820414066314697e-01 -2.825231254100799561e-01 -1.988642662763595581e-02
4.494675248861312866e-02 1.267698258161544800e-01 1.265625357627868652e-01 3.224952220916748047e-01 -1.825527995824813843e-01 -4.189117997884750366e-02 -2.979421019554138184e-01 -1.373093873262405396e-01
2.946106493473052979e-01 1.453506201505661011e-01 1.355026811361312866e-01 -2.526240944862365723e-01 8.820101618766784668e-02 1.512731462717056274e-01 3.193202912807464600e-01 -2.299917116761207581e-02
2.762950062751770020e-01 1.683242917060852051e-01 1.986036300659179688e-01 -2.396617382764816284e-01 3.198089301586151123e-01 -5.137906968593597412e-02 -6.749866157770156860e-02 5.832394957542419434e-02
-1.087678074836730957e-01 3.050293624401092529e-01 6.069231405854225159e-02 -6.375969946384429932e-02 7.007702440023422241e-02 -9.045521914958953857e-02 -1.035108789801597595e-01 4.244064539670944214e-02
-2.483952194452285767e-01 2.373677492141723633e-01 -2.182760536670684814e-01 2.280819928273558617e-03 -2.239257395267486572e-01 2.403330057859420776e-01 -2.714952453970909119e-03 -7.615018635988235474e-02
-9.692486375570297241e-02 -2.308058738708496094e-01 -2.429523691534996033e-02 3.343534469604492188e-01 2.315424084663391113e-01 2.260892242193222046e-01 -4.879966750741004944e-02 -2.611371576786041260e-01
-2.895936965942382812e-01 2.590129673480987549e-01 -9.466555714607238770e-02 -3.241399824619293213e-01 2.796842716634273529e-02 3.374831676483154297e-01 3.284760713577270508e-01 1.448888033628463745e-01
2.379368543624877930e-01 -3.466977477073669434e-01 2.078127413988113403e-01 -5.770763382315635681e-03 -1.534394770860671997e-01 3.066028356552124023e-01 -7.087087631225585938e-02 -2.766357064247131348e-01
-4.961220547556877136e-03 -1.037229597568511963e-01 -3.605820238590240479e-01 -1.037756130099296570e-01 9.916146844625473022e-02 -2.704766392707824707e-01 1.608979851007461548e-01 9.741145372390747070e-02
5.852054804563522339e-02 -2.823325097560882568e-01 -2.089220285415649414e-01 -1.224224641919136047e-01 2.645636498928070068e-01 9.635216742753982544e-02 1.561103016138076782e-01 -2.476980537176132202e-01
-1.547368317842483521e-01 2.732198312878608704e-02 3.439992666244506836e-01 2.628426551818847656e-01 2.201977223157882690e-01 3.467896878719329834e-01 8.304304629564285278e-02 -4.630495607852935791e-02
-2.839203476905822754e-01 -2.741002142429351807e-01 -2.412788271903991699e-01 -2.452039346098899841e-02 2.511549890041351318e-01 1.694745272397994995e-01 2.139027416706085205e-02 -2.392628230154514313e-02
2.056235820055007935e-01 6.693612784147262573e-02 -3.532717227935791016e-01 -2.542988359928131104e-01 -1.390782743692398071e-01 3.236602842807769775e-01 3.158683180809020996e-01 5.605128034949302673e-02
3.369693458080291748e-01 -2.817786931991577148e-01 5.210516043007373810e-03 -5.663160979747772217e-02 -1.903371699154376984e-02 -1.085876375436782837e-01 2.878800630569458008e-01 -1.557212024927139282e-01
1.310321688652038574e-01 -8.737350255250930786e-02 3.437095582485198975e-01 -1.200500875711441040e-01 -1.224180757999420166e-01 -1.495157480239868164e-01 2.042408436536788940e-01 1.835186481475830078e-01
1.389976143836975098e-01 -1.805752217769622803e-01 2.202306836843490601e-01 -2.786594927310943604e-01 7.873280346393585205e-02 -3.378919363021850586e-01 -7.234277576208114624e-02 5.371312424540519714e-02
-3.631358221173286438e-02 2.522344328463077545e-02 -3.409520089626312256e-01 6.831571459770202637e-02 -5.064591765403747559e-02 7.762856036424636841e-02 4.814097192138433456e-03 8.999900519847869873e-02
-4.958340432494878769e-03 -1.191267445683479309e-01 3.123136162757873535e-01 9.384398907423019409e-02 3.437851965427398682e-01 3.154324293136596680e-01 7.172924280166625977e-02 -1.448411121964454651e-02
3.204937577247619629e-01 -2.207065373659133911e-02 -1.895429790019989014e-01 -1.724372357130050659e-01 -3.263250589370727539e-01 4.824930429458618164e-02 -3.273134231567382812e-01 7.381677627563476562e-02
-1.967717409133911133e-01 1.337316930294036865e-01 -2.430990338325500488e-02 -1.802375018596649170e-01 3.263863623142242432e-01 1.950025707483291626e-01 2.859233319759368896e-01 -1.901271492242813110e-01
-2.161156386137008667e-02 -2.130608856678009033e-01 -3.152976557612419128e-02 -2.299830615520477295e-01 1.062031686305999756e-01 -1.428363174200057983e-01 -6.960616260766983032e-02 -3.471148386597633362e-02
1.707110367715358734e-02 3.028693199157714844e-01 -1.330264359712600708e-01 -2.377872020006179810e-01 -2.496583946049213409e-02 2.910286784172058105e-01 1.048973109573125839e-02 -1.144347786903381348e-01
-3.857221454381942749e-02 1.002442985773086548e-01 1.753751337528228760e-01 2.516035735607147217e-01 1.778588294982910156e-01 1.283970624208450317e-01 1.146057993173599243e-01 -1.686567217111587524e-01
2.862965166568756104e-01 3.363311290740966797e-01 1.566604077816009521e-01 2.917946279048919678e-01 5.795880034565925598e-02 1.150669157505035400e-01 2.189692258834838867e-01 1.415284723043441772e-01
9.819481521844863892e-02 1.423994153738021851e-01 3.378090858459472656e-01 -8.574926294386386871e-03 1.481528878211975098e-01 -8.080357313156127930e-02 -1.274322867393493652e-01 2.090530544519424438e-01
1.534023582935333252e-01 -2.327375710010528564e-01 8.198234438896179199e-02 -2.037031948566436768e-01 -3.480345606803894043e-01 -1.888050734996795654e-01 -2.092624083161354065e-02 -3.277112841606140137e-01
9.714507311582565308e-02 -1.680137664079666138e-01 2.675441503524780273e-01 -3.443771302700042725e-01 -2.285732515156269073e-02 -2.458316832780838013e-01 -2.984475158154964447e-02 -2.706705033779144287e-01
-1.176877394318580627e-01 -3.070718348026275635e-01 -7.956115901470184326e-02 9.098802506923675537e-02 -2.349170446395874023e-01 1.338519006967544556e-01 1.770358532667160034e-03 3.133468031883239746e-01
9.885618463158607483e-03 -2.102531343698501587e-01 1.267206519842147827e-01 1.543761491775512695e-01 -9.471080452203750610e-02 -1.416728794574737549e-01 -2.540659606456756592e-01 5.757323279976844788e-02
-3.477022647857666016e-01 3.166052699089050293e-01 -3.077874481678009033e-01 3.484713435173034668e-01 -3.462475240230560303e-01 1.052813511341810226e-02 -2.403672933578491211e-01 2.461690306663513184e-01
-6.058372929692268372e-02 -4.540634527802467346e-02 3.099346458911895752e-01 2.256087809801101685e-01 -3.290907740592956543e-01 -1.345710456371307373e-01 2.012529373168945312e-01 -2.054993361234664917e-01
-2.568785548210144043e-01 2.275097519159317017e-01 -2.722429335117340088e-01 3.180507421493530273e-01 1.159632354974746704e-01 -8.067924529314041138e-02 2.892026305198669434e-01 -5.631930008530616760e-02
9.559339284896850586e-02 -3.063605912029743195e-02 3.379113078117370605e-01 1.131033971905708313e-01 5.315693840384483337e-02 -2.741099707782268524e-02 -3.381789326667785645e-01 2.271746397018432617e-01
-2.615880966186523438e-01 -2.048732936382293701e-01 2.999884188175201416e-01 1.354408264160156250e-01 -1.099478080868721008e-01 -3.194266930222511292e-02 -2.649461627006530762e-01 -2.504562437534332275e-01
-2.487711608409881592e-01 -3.566738590598106384e-02 -1.267202198505401611e-01 -2.898072004318237305e-01 2.417793869972229004e-01 1.591792255640029907e-01 9.026242047548294067e-02 -3.119599223136901855e-01
-5.914579704403877258e-02 1.742077618837356567e-01 -1.136394217610359192e-02 -2.007061690092086792e-01 4.164474308490753174e-01 1.863352060317993164e-01 -2.621968090534210205e-01 -1.344599202275276184e-02
1.902103722095489502e-01 1.885435283184051514e-01 -2.411830238997936249e-02 2.113886922597885132e-01 3.466586768627166748e-01 3.212007284164428711e-01 -1.634087413549423218e-01 -3.004508614540100098e-01
1.121111139655113220e-01 -1.594841629266738892e-01 2.265119999647140503e-01 -9.319453686475753784e-02 -9.262838214635848999e-02 -3.358219563961029053e-01 2.582612633705139160e-01 -3.655137866735458374e-02
7.031317055225372314e-02 2.060201317071914673e-01 2.358687371015548706e-01 -2.395932525396347046e-01 -2.654141373932361603e-02 1.353113502264022827e-01 5.175659433007240295e-03 3.366278409957885742e-01
-5.949660018086433411e-02 -5.851481482386589050e-02 1.427213251590728760e-01 2.909821830689907074e-02 -1.025938764214515686e-01 -2.603002488613128662e-01 -1.928869038820266724e-01 3.441860973834991455e-01
1.439929753541946411e-01 1.349139958620071411e-01 -3.042400777339935303e-01 -6.938730180263519287e-02 2.442356348037719727e-01 -3.379230201244354248e-01 1.611341536045074463e-01 -7.096730917692184448e-02
1.594918817281723022e-01 -2.906419634819030762e-01 5.927045270800590515e-02 -4.731415212154388428e-02 -2.148746103048324585e-01 2.057643830776214600e-01 1.684104204177856445e-01 1.106581017374992371e-01
-1.478092074394226074e-01 2.693115472793579102e-01 -1.343759894371032715e-01 2.953882813453674316e-01 -2.462319433689117432e-01 2.222822159528732300e-01 -7.642277330160140991e-02 -2.535589337348937988e-01
3.375774919986724854e-01 -9.970133006572723389e-02 3.132226467132568359e-01 2.828963696956634521e-01 3.093661367893218994e-01 -2.693561315536499023e-01 -4.720503091812133789e-02 -3.291291892528533936e-01
2.092285603284835815e-01 2.776286900043487549e-01 -1.238989979028701782e-01 -2.330632805824279785e-01 -6.491117924451828003e-02 -3.225377202033996582e-01 -8.145492523908615112e-02 2.468692213296890259e-01
3.416329026222229004e-01 -8.670217543840408325e-02 -1.920091509819030762e-01 -2.860227227210998535e-01 -8.520760573446750641e-03 -6.092736031860113144e-03 -9.951900690793991089e-03 -1.535075157880783081e-01
2.957721054553985596e-01 -3.180105388164520264e-01 -6.523109227418899536e-02 -1.213019266724586487e-01 1.855866909027099609e-01 -1.885182112455368042e-01 1.228836402297019958e-01 -6.259742379188537598e-02
-1.444163322448730469e-01 -2.021460086107254028e-01 3.144627204164862633e-03 -2.944787144660949707e-01 1.665545254945755005e-01 -3.145301342010498047e-01 1.503337472677230835e-01 -3.310182094573974609e-01
-1.971630901098251343e-01 -2.121268510818481445e-01 -2.019088417291641235e-01 1.253231912851333618e-01 -2.190092355012893677e-01 3.400754928588867188e-01 2.679425477981567383e-01 1.999260485172271729e-01
-2.118815332651138306e-01 -4.533626139163970947e-02 1.018303260207176208e-01 2.759343087673187256e-01 -2.666237950325012207e-01 2.832057178020477295e-01 3.272930681705474854e-01 3.223150670528411865e-01
1.292025744915008545e-01 -1.764230132102966309e-01 -8.068978786468505859e-02 -2.230664789676666260e-01 -2.765238881111145020e-01 -2.032506912946701050e-01 1.615181416273117065e-01 -2.660928070545196533e-01
-2.406886406242847443e-02 2.051275372505187988e-01 5.235199630260467529e-02 1.828412115573883057e-01 -1.381027251482009888e-01 1.069451570510864258e-01 1.133046075701713562e-01 2.787691056728363037e-01
1.171677783131599426e-01 2.673234641551971436e-01 3.237594366073608398e-01 -2.501941919326782227e-01 -4.603914543986320496e-02 -2.826969139277935028e-02 1.120904982089996338e-01 -2.726784348487854004e-01
-2.506625652313232422e-01 -3.332976996898651123e-01 3.079628050327301025e-01 7.001180946826934814e-02 2.322912514209747314e-01 -1.575916856527328491e-01 -6.783027201890945435e-02 3.251714259386062622e-02
-2.874003946781158447e-01 -2.272731065750122070e-01 -1.758288741111755371e-01 8.115570992231369019e-02 -2.434682548046112061e-01 3.093862235546112061e-01 2.664980292320251465e-01 2.569188475608825684e-01
-2.607142031192779541e-01 -3.326514363288879395e-01 -3.074994087219238281e-01 3.026698529720306396e-01 3.315478265285491943e-01 1.113243997097015381e-01 1.156703531742095947e-01 -2.245358824729919434e-01
3.171863853931427002e-01 2.105078101158142090e-01 1.899826824665069580e-01 1.354585289955139160e-01 1.240447461605072021e-01 2.266499549150466919e-01 -8.319619297981262207e-02 1.459538340568542480e-01
-2.568565309047698975e-01 -6.613885052502155304e-03 1.478455364704132080e-01 -2.237206846475601196e-01 -2.407555133104324341e-01 6.689263507723808289e-03 -1.116106286644935608e-01 2.029120475053787231e-01
1.468929499387741089e-01 1.959775835275650024e-01 -9.414227306842803955e-02 8.477050065994262695e-02 2.282946258783340454e-01 1.201347634196281433e-02 3.128249645233154297e-01 -1.296000331640243530e-01
-1.338352710008621216e-01 -2.448344603180885315e-02 -1.538596153259277344e-01 -1.036313399672508240e-01 -6.539937108755111694e-02 2.961378097534179688e-01 3.605328500270843506e-01 1.082039531320333481e-02
-1.220826506614685059e-01 -2.696595489978790283e-01 -1.293792575597763062e-01 -6.749561429023742676e-02 2.634009718894958496e-01 9.481900930404663086e-02 1.202733144164085388e-01 3.583041429519653320e-01
-2.037434875965118408e-01 -2.221173644065856934e-01 2.303896248340606689e-01 -2.364479303359985352e-01 -3.180903196334838867e-01 2.553150057792663574e-01 1.768026351928710938e-01 -9.172518737614154816e-03
1.494072079658508301e-01 -1.755234599113464355e-01 4.950219765305519104e-02 1.072920262813568115e-01 -3.359107673168182373e-01 -2.629335820674896240e-01 3.896360844373703003e-02 1.511191874742507935e-01
-1.465328931808471680e-01 8.732099831104278564e-02 2.530459165573120117e-01 2.184559404850006104e-01 1.607551239430904388e-02 -2.765366733074188232e-01 -1.608878523111343384e-01 -3.399509936571121216e-02
9.966607391834259033e-02 -1.730245202779769897e-01 6.064498797059059143e-02 -8.817368070594966412e-04 -2.410934716463088989e-01 -9.056640416383743286e-02 1.566237509250640869e-01 -1.913795173168182373e-01
9.419780969619750977e-02 -1.755130439996719360e-01 -2.964834868907928467e-02 -6.446892023086547852e-02 2.130080163478851318e-01 -3.834076225757598877e-02 -1.299666762351989746e-01 -1.098580583930015564e-01
-9.632343053817749023e-02 2.681293785572052002e-01 -1.625581681728363037e-01 -8.765393495559692383e-02 5.631942674517631531e-02 -2.265058606863021851e-01 -3.555874228477478027e-01 -2.063410729169845581e-01
2.398331463336944580e-01 -1.358836144208908081e-01 2.310251891613006592e-01 2.997337579727172852e-01 2.562977969646453857e-01 6.343951821327209473e-02 1.775822341442108154e-01 -1.667741537094116211e-01
5.513825267553329468e-02 -5.294524878263473511e-02 -2.083576619625091553e-01 2.378959208726882935e-03 3.044878244400024414e-01 -3.424015045166015625e-01 -2.578291594982147217e-01 -1.231171190738677979e-02
1.231779232621192932e-01 -2.505304217338562012e-01 -6.763412803411483765e-02 -3.458797633647918701e-01 -1.732431203126907349e-01 2.316322624683380127e-01 -3.146021366119384766e-01 1.493461579084396362e-01
9.565094858407974243e-02 1.691221073269844055e-02 8.523033559322357178e-02 -2.901009023189544678e-01 -5.074083805084228516e-02 -3.061646223068237305e-01 -1.124377474188804626e-01 1.882479339838027954e-01
-2.335542887449264526e-01 2.467193007469177246e-01 1.870114505290985107e-01 1.479005813598632812e-01 -2.956643998622894287e-01 2.159522026777267456e-01 -2.414934188127517700e-01 -1.226728782057762146e-01
7.129376381635665894e-02 -2.708356976509094238e-01 -1.593218445777893066e-01 -3.482075780630111694e-02 -1.586050689220428467e-01 -2.136713713407516479e-01 1.776203513145446777e-02 2.549210190773010254e-01
-2.965646237134933472e-02 -7.299699634313583374e-02 -1.398894637823104858e-01 1.448775529861450195e-01 -3.101286292076110840e-01 -1.839698553085327148e-01 2.436570376157760620e-01 -3.504267334938049316e-01
6.620612740516662598e-02 -9.829511493444442749e-02 -1.760976314544677734e-01 -2.450323104858398438e-02 5.319739878177642822e-02 -1.060711741447448730e-01 2.803655862808227539e-01 -3.402218818664550781e-01
-2.190861105918884277e-01 -1.107399445027112961e-02 2.776443660259246826e-01 -6.234453991055488586e-02 2.165426611900329590e-01 -6.322412192821502686e-02 1.165164634585380554e-01 -6.199239939451217651e-02
4.214341193437576294e-02 3.023015856742858887e-01 3.604705259203910828e-02 -2.823049426078796387e-01 4.569938778877258301e-02 2.758226990699768066e-01 -2.173708081245422363e-01 -2.923802435398101807e-01
2.977908253669738770e-01 -2.199829965829849243e-01 -1.177271530032157898e-01 1.244003251194953918e-01 -2.087911823764443398e-03 1.786453835666179657e-02 2.281764894723892212e-01 3.241237401962280273e-01
-9.019355475902557373e-02 -2.649291604757308960e-02 -1.764911413192749023e-01 -2.778214514255523682e-01 -9.973133355379104614e-02 -1.963359862565994263e-01 1.469168663024902344e-01 2.848620712757110596e-01
-2.857181727886199951e-01 4.236499220132827759e-02 -3.426431715488433838e-01 1.191617026925086975e-01 -2.499895095825195312e-01 -2.399038523435592651e-01 -2.881179451942443848e-01 2.431659102439880371e-01
2.517162263393402100e-02 2.456897646188735962e-01 -3.813466429710388184e-02 1.109800934791564941e-01 3.717344254255294800e-02 -3.113232851028442383e-01 1.955313235521316528e-01 2.981168627738952637e-01
-3.478872478008270264e-01 -1.933999508619308472e-01 6.494688987731933594e-02 6.441812217235565186e-02 -1.310620903968811035e-01 2.485319525003433228e-01 2.028102874755859375e-01 -2.306419461965560913e-01
2.950898110866546631e-01 9.536908566951751709e-02 -1.266558319330215454e-01 -3.494040668010711670e-01 -1.926846057176589966e-02 2.860447168350219727e-01 -2.255361080169677734e-01 -8.813692629337310791e-02
4.783195629715919495e-02 -2.097702175378799438e-01 2.032708525657653809e-01 2.659297287464141846e-01 7.693055272102355957e-02 -5.109579116106033325e-02 -1.575326621532440186e-01 -5.868312716484069824e-02
-3.080374300479888916e-01 2.580536603927612305e-01 -1.058854758739471436e-01 1.208546310663223267e-01 -3.879960626363754272e-02 -2.779766321182250977e-01 -1.750896126031875610e-01 7.602284848690032959e-02
3.995415195822715759e-02 -6.279489398002624512e-02 -1.498248130083084106e-01 -3.159325420856475830e-01 -7.379845529794692993e-02 -7.044548541307449341e-02 1.547352820634841919e-01 -2.720733284950256348e-01
-3.511973917484283447e-01 3.017064929008483887e-01 -4.877431318163871765e-02 7.448327541351318359e-02 2.333321422338485718e-02 -1.350074559450149536e-01 1.938883662223815918e-01 1.456031799316406250e-01
-2.353334054350852966e-02 -1.663471460342407227e-01 2.393599748611450195e-01 2.189139574766159058e-01 6.206214427947998047e-02 -2.672391198575496674e-02 -2.883772253990173340e-01 -3.107282519340515137e-01
-2.368868440389633179e-01 2.332534193992614746e-01 -1.474733054637908936e-01 3.101554512977600098e-01 1.850555688142776489e-01 2.818624675273895264e-02 -2.897469997406005859e-01 1.998574435710906982e-01
-6.839258223772048950e-02 2.412909567356109619e-01 2.411106228828430176e-02 -3.853665292263031006e-02 -1.765725463628768921e-01 3.066840767860412598e-01 -1.788150221109390259e-01 3.202366828918457031e-01
-3.671819269657135010e-01 3.435334861278533936e-01 -1.439036615192890167e-02 5.884908884763717651e-02 -1.269686967134475708e-01 1.024283096194267273e-01 2.909169532358646393e-02 -1.926613897085189819e-01
-1.943868398666381836e-01 -2.901111356914043427e-02 4.288207739591598511e-02 -9.673086553812026978e-02 -3.045834302902221680e-01 1.924907565116882324e-01 1.875633932650089264e-02 -2.675867974758148193e-01
1.709775626659393311e-01 1.556394714862108231e-02 -1.754216849803924561e-01 -1.190730556845664978e-01 -2.893709242343902588e-01 2.907230257987976074e-01 -1.109037771821022034e-01 -1.450108587741851807e-01
-1.183688193559646606e-01 -1.299702972173690796e-01 3.216048181056976318e-01 -3.021080493927001953e-01 -3.246328234672546387e-01 -2.016892582178115845e-01 6.275297701358795166e-02 9.598904103040695190e-02
-1.530155390501022339e-01 3.326353728771209717e-01 7.639362663030624390e-02 1.259115785360336304e-01 3.351341187953948975e-02 -1.491615772247314453e-01 3.655738532543182373e-01 -5.565864965319633484e-02
4.887036234140396118e-02 -7.851984351873397827e-02 1.213521882891654968e-01 -2.911839261651039124e-02 1.087756901979446411e-01 -3.560366034507751465e-01 -8.085937052965164185e-02 -1.859564892947673798e-02
-4.085010662674903870e-02 2.247162610292434692e-01 -2.122710347175598145e-01 -2.996971309185028076e-01 -3.186267018318176270e-01 6.172041408717632294e-03 -3.234998285770416260e-01 -2.306869924068450928e-01
9.749157726764678955e-02 1.763226836919784546e-01 -2.615978121757507324e-01 1.367034763097763062e-01 -1.807628571987152100e-01 7.093827426433563232e-02 -1.634858362376689911e-02 -1.155877560377120972e-01
-1.489835232496261597e-01 3.218847811222076416e-01 4.688144102692604065e-02 2.806948423385620117e-01 7.682874798774719238e-02 1.595812439918518066e-01 -5.460267141461372375e-02 1.686836779117584229e-01
-3.117553889751434326e-01 1.560160666704177856e-01 2.963362336158752441e-01 -2.934486269950866699e-01 1.036799512803554535e-02 3.290407359600067139e-02 2.047867327928543091e-01 2.336374223232269287e-01
2.006274014711380005e-01 -1.964095979928970337e-01 -2.353638559579849243e-01 -1.093624457716941833e-01 3.315571546554565430e-01 1.227641999721527100e-01 3.360389173030853271e-01 3.055774569511413574e-01
2.786249816417694092e-01 1.412224769592285156e-01 -7.360466569662094116e-02 2.025605142116546631e-01 -2.218815088272094727e-01 1.132641658186912537e-01 -1.057083010673522949e-01 2.518862718716263771e-03
-1.729058027267456055e-01 -2.454911358654499054e-02 -3.296807110309600830e-01 1.881833672523498535e-01 1.304528564214706421e-01 2.882752381265163422e-02 -2.069881856441497803e-01 -2.737731337547302246e-01
