-4.921441525220870972e-02 -2.566602826118469238e-01 -2.613340318202972412e-01 -3.082371354103088379e-01 2.860869765281677246e-01 -2.970766723155975342e-01 2.578650712966918945e-01 -1.115218549966812134e-01
-1.355857104063034058e-01 -6.848301272839307785e-03 -1.930611729621887207e-01 1.524367630481719971e-01 2.860784530639648438e-01 -5.554921925067901611e-02 4.078149795532226562e-02 2.160114496946334839e-01
-5.780947953462600708e-02 3.218166828155517578e-01 -1.333461552858352661e-01 -1.566721200942993164e-01 -2.089181244373321533e-01 2.795776128768920898e-01 2.770288288593292236e-01 5.398155376315116882e-02
-4.930838569998741150e-02 -8.166604489088058472e-02 1.994733959436416626e-01 2.703991830348968506e-01 7.978053390979766846e-02 2.948548495769500732e-01 1.278617680072784424e-01 2.903031744062900543e-02
1.655069589614868164e-01 4.111895337700843811e-02 -3.423195779323577881e-01 -2.152182161808013916e-01 3.128559142351150513e-02 2.415411174297332764e-01 -1.879755407571792603e-01 1.127677038311958313e-01
2.306063473224639893e-01 1.035326048731803894e-01 2.500538527965545654e-01 -1.521150767803192139e-01 3.098969459533691406e-01 -3.093625307083129883e-01 -2.993903458118438721e-01 1.810853183269500732e-01
2.258433997631072998e-01 3.069899380207061768e-01 2.199334204196929932e-01 3.450016081333160400e-01 -1.884569823741912842e-01 7.782646268606185913e-02 1.559507101774215698e-01 2.153566330671310425e-01
-1.542145311832427979e-01 1.102279946208000183e-01 -2.527376115322113037e-01 4.946397617459297180e-02 -3.102329671382904053e-01 3.467718958854675293e-01 -2.613063454627990723e-01 2.778664231300354004e-01
-1.268707960844039917e-01 3.091785013675689697e-01 1.186079978942871094e-01 -7.545231282711029053e-02 -1.765936315059661865e-01 -2.248862683773040771e-01 1.007378846406936646e-01 7.068636268377304077e-02
8.986414223909378052e-02 1.467267517000436783e-02 -3.932669386267662048e-02 3.036365509033203125e-01 -3.343264460563659668e-01 2.256273627281188965e-01 -1.326765567064285278e-01 -3.434171676635742188e-01
2.485866397619247437e-01 8.223460614681243896e-02 1.803263723850250244e-01 -3.115684688091278076e-01 2.049853503704071045e-01 -4.191492684185504913e-03 -2.155082523822784424e-01 5.599965527653694153e-02
-3.432783531025052071e-03 5.059218779206275940e-02 -2.792907059192657471e-01 1.727778911590576172e-01 1.032870933413505554e-01 -2.887076232582330704e-03 8.516743779182434082e-02 -3.575470149517059326e-01
-2.917622327804565430e-01 1.966753900051116943e-01 7.289906591176986694e-02 2.790439724922180176e-01 2.462447136640548706e-01 1.446498036384582520e-01 -3.554605245590209961e-01 -1.701367050409317017e-01
-1.171687021851539612e-01 -2.785789966583251953e-01 -1.434895992279052734e-01 3.018269240856170654e-01 1.963635981082916260e-01 1.552480161190032959e-01 -8.503348380327224731e-02 5.515562370419502258e-02
-7.452406734228134155e-02 -1.054964512586593628e-01 3.332214355468750000e-01 1.987323462963104248e-01 1.943216025829315186e-01 -1.291776150465011597e-01 4.495677072554826736e-03 1.802480667829513550e-01
2.987516112625598907e-02 1.805316209793090820e-01 -2.678847312927246094e-01 3.339310288429260254e-01 1.491057127714157104e-01 2.067336291074752808e-01 -3.545680940151214600e-01 -1.078361272811889648e-01
1.635712981224060059e-01 1.109250783920288086e-01 -2.886118292808532715e-01 3.710996732115745544e-02 -1.495141237974166870e-01 -3.137349784374237061e-01 -3.313880264759063721e-01 1.356095224618911743e-01
2.490993589162826538e-01 -1.356041431427001953e-01 5.817412957549095154e-02 -3.291628658771514893e-01 1.802003532648086548e-01 2.033041268587112427e-01 1.503988653421401978e-01 3.082796931266784668e-01
-2.614460699260234833e-02 -1.901406943798065186e-01 -1.881755292415618896e-01 -6.953398883342742920e-02 -2.132543325424194336e-01 8.862396329641342163e-02 -1.146527975797653198e-01 1.229187399148941040e-01
2.425249963998794556e-01 1.329227089881896973e-01 -3.288244903087615967e-01 -3.512629568576812744e-01 -1.828294843435287476e-01 -7.461575418710708618e-02 -6.508388370275497437e-02 2.178670465946197510e-01
1.209856476634740829e-02 2.342403084039688110e-01 -2.578062415122985840e-01 2.568363025784492493e-02 1.660364866256713867e-01 1.925797015428543091e-02 -3.662980720400810242e-02 -1.780363023281097412e-01
8.569038659334182739e-02 -2.702909409999847412e-01 -9.508162736892700195e-03 -1.457401514053344727e-01 -3.024656772613525391e-01 -7.313965260982513428e-02 -9.253824502229690552e-02 2.945917546749114990e-01
-1.693190783262252808e-01 -2.865923643112182617e-01 1.344493310898542404e-02 3.113850653171539307e-01 1.011196449398994446e-01 -2.324756979942321777e-01 -1.598662347532808781e-03 4.255424812436103821e-02
2.517993748188018799e-01 2.065136879682540894e-01 -8.383796550333499908e-03 2.551463544368743896e-01 -4.277677740901708603e-03 -3.539266586303710938e-01 -3.107464015483856201e-01 -2.936778068542480469e-01
-3.577364608645439148e-02 -1.306796446442604065e-02 1.994058191776275635e-01 -1.704194545745849609e-01 -1.460913419723510742e-01 6.550232321023941040e-02 -2.276219986379146576e-02 1.281923353672027588e-01
-1.473132967948913574e-01 -3.293632268905639648e-01 1.751709543168544769e-02 1.268711239099502563e-01 1.454181671142578125e-01 -2.471866458654403687e-01 2.595693767070770264e-01 -8.659856021404266357e-02
-3.778859227895736694e-02 2.020141631364822388e-01 -3.338546752929687500e-01 -3.707180172204971313e-02 2.082229107618331909e-01 -2.550380118191242218e-02 -1.119536682963371277e-01 9.791395813226699829e-02
-1.194861084222793579e-01 -1.622355878353118896e-01 1.622626632452011108e-01 -2.778943181037902832e-01 2.764217257499694824e-01 -2.200731039047241211e-01 1.809779107570648193e-01 -3.125132918357849121e-01
1.850829273462295532e-01 -2.981841564178466797e-01 3.544332683086395264e-01 -1.631116867065429688e-01 1.940896660089492798e-01 -2.599394321441650391e-01 -1.197897866368293762e-01 2.544256746768951416e-01
-2.643764019012451172e-01 1.638933122158050537e-01 -1.982738971710205078e-01 -2.710423469543457031e-01 7.789693772792816162e-02 2.147434055805206299e-01 2.968311011791229248e-01 -5.308742448687553406e-02
-4.361093044281005859e-02 1.683431565761566162e-01 2.259246855974197388e-01 -1.048418954014778137e-01 6.493201106786727905e-02 1.976549625396728516e-01 -3.273456692695617676e-01 -2.305764257907867432e-01
1.785901486873626709e-01 -2.573954164981842041e-01 -1.886235177516937256e-01 -3.369979262351989746e-01 2.320029735565185547e-01 2.378145456314086914e-01 -1.682024635374546051e-02 7.930345088243484497e-02
-1.166908517479896545e-01 -1.198769658803939819e-01 7.795846462249755859e-02 6.273985654115676880e-02 -2.549488842487335205e-02 -1.611704677343368530e-01 1.982032507658004761e-01 -3.223395347595214844e-01
1.099813804030418396e-01 -1.147821173071861267e-01 1.305534690618515015e-01 1.133657321333885193e-01 -2.152907103300094604e-01 2.457911074161529541e-01 -3.303884863853454590e-01 -1.225442886352539062e-01
1.201734840869903564e-01 2.075329124927520752e-01 9.826170653104782104e-02 -1.730347871780395508e-01 3.464696705341339111e-01 5.638115853071212769e-02 1.619869023561477661e-01 -1.735605597496032715e-01
-2.293860465288162231e-01 1.254723072052001953e-01 -1.545407325029373169e-01 1.979303359985351562e-02 -2.591493427753448486e-01 -2.136816829442977905e-01 5.048483982682228088e-02 -1.314420551061630249e-01
-3.261098563671112061e-01 2.381799966096878052e-01 2.512100636959075928e-01 -1.051211580634117126e-01 1.457769125699996948e-01 -7.294008880853652954e-02 3.065184354782104492e-01 1.267581880092620850e-01
-3.274663388729095459e-01 -4.500329867005348206e-02 -1.209366172552108765e-01 -1.603056788444519043e-01 3.245149552822113037e-02 -1.766181737184524536e-01 -3.189471364021301270e-01 2.325928956270217896e-01
-3.344847857952117920e-01 -7.892830669879913330e-02 3.105948269367218018e-01 3.382924199104309082e-01 1.212134212255477905e-01 3.368579149246215820e-01 2.481649257242679596e-02 2.017216682434082031e-01
-3.029733300209045410e-01 -2.136551737785339355e-01 8.558090031147003174e-02 -3.268896937370300293e-01 -1.806797087192535400e-01 1.555878669023513794e-01 4.987776651978492737e-02 -1.495146304368972778e-01
-2.611645758152008057e-01 2.705315947532653809e-01 -2.923785708844661713e-02 -3.376941382884979248e-02 -3.395035862922668457e-01 4.493148997426033020e-02 -2.392260124906897545e-03 -7.419601827859878540e-02
-2.158609218895435333e-02 2.321757934987545013e-02 2.946665287017822266e-01 -3.229570388793945312e-01 -2.327790260314941406e-01 1.561920046806335449e-01 2.527246177196502686e-01 -4.513810575008392334e-02
-1.542822569608688354e-01 2.005655914545059204e-01 2.537447810173034668e-01 1.613601446151733398e-01 -2.866440713405609131e-01 -2.239768207073211670e-01 1.494780927896499634e-01 1.322080194950103760e-01
2.030830085277557373e-01 -2.422505766153335571e-01 -3.044897615909576416e-01 4.159037955105304718e-03 -8.895082771778106689e-02 -8.895284496247768402e-03 -3.399374485015869141e-01 2.566848695278167725e-01
7.304044812917709351e-02 5.727800354361534119e-02 1.490414887666702271e-01 -3.836543485522270203e-02 2.230366766452789307e-01 -2.913633584976196289e-01 -1.465820074081420898e-01 -9.693180210888385773e-03
-1.137207299470901489e-01 1.665485948324203491e-01 -1.919496059417724609e-01 -4.582359641790390015e-02 -1.242202669382095337e-01 -3.435535430908203125e-01 -2.030936628580093384e-01 1.143114492297172546e-01
3.190386891365051270e-01 -1.487796455621719360e-01 -1.062817871570587158e-01 -2.831998467445373535e-01 2.385762184858322144e-01 -1.797100454568862915e-01 -2.263654470443725586e-01 2.700358331203460693e-01
-3.568314248695969582e-03 2.042391896247863770e-01 -2.689691185951232910e-01 -1.675122678279876709e-01 3.511973321437835693e-01 -6.100086960941553116e-03 1.554869264364242554e-01 2.252751141786575317e-01
-2.365830838680267334e-01 9.967358410358428955e-02 2.859551608562469482e-01 -1.267378926277160645e-01 2.286834456026554108e-02 -4.356658086180686951e-02 1.665943861007690430e-01 1.780164800584316254e-02
9.473274648189544678e-02 1.450651139020919800e-01 2.168346010148525238e-02 2.092885822057723999e-01 -2.869383096694946289e-01 2.007203698158264160e-01 -2.058295458555221558e-01 8.546455949544906616e-02
8.660128712654113770e-02 -2.818019986152648926e-01 -1.143334135413169861e-01 1.454020887613296509e-01 2.192043662071228027e-01 -1.053336113691329956e-01 4.792243987321853638e-02 -2.731168866157531738e-01
-6.816253066062927246e-02 -1.341647058725357056e-01 3.107305765151977539e-01 -3.386051654815673828e-01 -1.879918724298477173e-01 8.339854329824447632e-02 -2.311684191226959229e-01 -5.702381953597068787e-02
-2.072839736938476562e-01 -8.577445149421691895e-02 -1.888770908117294312e-01 7.738920301198959351e-02 -2.653717100620269775e-01 -1.240546330809593201e-01 3.430185467004776001e-02 -2.205630987882614136e-01
1.290313601493835449e-01 3.261989951133728027e-01 -3.072009086608886719e-01 -3.137910366058349609e-01 -1.384883522987365723e-01 3.375272452831268311e-01 5.576658248901367188e-02 -3.371765017509460449e-01
-1.309691220521926880e-01 -1.177349537611007690e-01 -2.426912337541580200e-01 4.124427959322929382e-02 2.150933295488357544e-01 -2.252838015556335449e-01 -1.722411215305328369e-01 -7.525150477886199951e-02
1.339856814593076706e-02 2.957015037536621094e-01 3.505551218986511230e-01 -1.047515422105789185e-01 -2.098710387945175171e-01 -1.135429367423057556e-02 4.517062380909919739e-02 2.809957861900329590e-01
6.908179819583892822e-02 -3.136649131774902344e-01 -8.041394501924514771e-02 8.814162760972976685e-02 2.418443374335765839e-02 -2.041397392749786377e-01 -3.209750354290008545e-01 -3.289777040481567383e-02
4.485649988055229187e-02 -3.125045299530029297e-01 -3.272009193897247314e-01 3.345112502574920654e-01 -2.240582406520843506e-01 1.225508525967597961e-01 -2.086196467280387878e-02 2.353457547724246979e-02
-3.195591270923614502e-01 -1.879070140421390533e-02 6.798301637172698975e-02 2.404236793518066406e-01 -1.221372187137603760e-01 -1.785770058631896973e-01 2.453045994043350220e-01 -2.332591637969017029e-02
6.274192035198211670e-02 -3.078700602054595947e-01 -1.990054249763488770e-01 2.200035303831100464e-01 -2.244791835546493530e-01 1.739407032728195190e-01 -2.806635499000549316e-01 -2.202695608139038086e-01
-1.652527451515197754e-01 1.047101393342018127e-01 -4.197401925921440125e-02 2.011327296495437622e-01 -1.252288818359375000e-01 3.315815627574920654e-01 5.594924837350845337e-02 1.723682284355163574e-01
-3.417896926403045654e-01 1.012907996773719788e-01 -9.858094155788421631e-02 -1.215938255190849304e-01 2.874735593795776367e-01 -4.804104939103126526e-02 -3.084500133991241455e-01 -1.123747825622558594e-01
1.458825469017028809e-01 2.811898589134216309e-01 3.458398878574371338e-01 2.920633256435394287e-01 -1.257839649915695190e-01 2.373155802488327026e-01 2.863948345184326172e-01 -3.204304575920104980e-01
6.227864697575569153e-02 1.953362673521041870e-01 1.217494253069162369e-02 7.988862693309783936e-02 5.249960720539093018e-02 1.355331540107727051e-01 -6.759555637836456299e-02 2.884685695171356201e-01
3.186833858489990234e-02 -3.855766728520393372e-02 -3.268075287342071533e-01 -2.560701370239257812e-01 2.622351050376892090e-01 -1.167068853974342346e-01 -1.294548064470291138e-01 1.629270054399967194e-02
-1.075257509946823120e-01 -3.060579299926757812e-01 3.984910994768142700e-02 -9.285819530487060547e-02 2.112563550472259521e-01 7.091415673494338989e-02 -2.796925902366638184e-01 1.864350028336048126e-02
-3.275745213031768799e-01 -1.770415529608726501e-02 -9.572435915470123291e-02 -1.730516999959945679e-01 -2.756797075271606445e-01 -3.196710348129272461e-01 -3.296577036380767822e-01 2.703422009944915771e-01
-2.216053605079650879e-01 2.689281105995178223e-01 -1.483267992734909058e-01 -3.503081202507019043e-01 -6.112360954284667969e-02 2.274174690246582031e-01 -2.250597774982452393e-01 2.803623378276824951e-01
1.812414377927780151e-01 -2.808149755001068115e-01 1.050673872232437134e-01 -2.364017218351364136e-01 -2.140747755765914917e-01 -3.590249419212341309e-01 1.010150238871574402e-01 4.320976883172988892e-02
-5.086177960038185120e-02 3.261972665786743164e-01 9.659941494464874268e-02 1.995322108268737793e-01 2.012012153863906860e-01 -1.331513673067092896e-01 3.357061371207237244e-02 1.846232861280441284e-01
1.024039983749389648e-01 -2.404743880033493042e-01 1.980354636907577515e-01 1.103839725255966187e-01 1.463448852300643921e-01 -8.547800779342651367e-02 -1.352407187223434448e-01 1.732909977436065674e-01
-2.617745697498321533e-01 1.075484752655029297e-01 1.192243322730064392e-01 -2.161131650209426880e-01 9.227337688207626343e-02 -2.074174880981445312e-01 -1.482351496815681458e-02 -5.816996470093727112e-02
-1.462540179491043091e-01 -8.437249064445495605e-02 -1.729438602924346924e-01 2.827434837818145752e-01 -2.636491507291793823e-02 -7.629140466451644897e-02 1.378258317708969116e-01 2.313213199377059937e-01
5.216106027364730835e-02 -2.303103804588317871e-01 1.696141362190246582e-01 -2.503713667392730713e-01 1.251800954341888428e-01 -2.369537055492401123e-01 -2.809643447399139404e-01 -1.965346932411193848e-02
5.951048061251640320e-02 3.448245823383331299e-01 -1.275381743907928467e-01 2.604601979255676270e-01 7.932565361261367798e-02 7.360187917947769165e-02 2.653731405735015869e-01 -6.568922847509384155e-02
-3.396392762660980225e-01 -2.047996670007705688e-01 1.318786144256591797e-01 7.748140394687652588e-02 6.838406622409820557e-02 -3.205611705780029297e-01 -2.066086977720260620e-01 -2.285541445016860962e-01
2.418458163738250732e-01 1.118814870715141296e-01 1.395193636417388916e-01 -9.438761323690414429e-02 -1.608280390501022339e-01 -1.791400015354156494e-01 -2.854053676128387451e-01 2.811892032623291016e-01
-9.860964864492416382e-02 -6.794127076864242554e-02 2.703543305397033691e-01 -2.933957576751708984e-01 2.148151844739913940e-01 -1.772823929786682129e-01 -2.284052670001983643e-01 2.836509943008422852e-01
2.889275848865509033e-01 -1.821617484092712402e-01 1.222018972039222717e-01 2.349790334701538086e-01 -2.113407403230667114e-01 -2.802967727184295654e-01 -2.717028856277465820e-01 1.943263411521911621e-01
-2.935808598995208740e-01 -6.845681369304656982e-02 -1.659560650587081909e-01 -4.037611931562423706e-02 -1.509878784418106079e-01 9.512577205896377563e-02 -2.143954783678054810e-01 -2.252708524465560913e-01
3.195491433143615723e-01 -1.771238446235656738e-01 2.280406057834625244e-01 1.236004605889320374e-01 3.232209086418151855e-01 2.498778253793716431e-01 -2.229726910591125488e-01 3.290933072566986084e-01
2.498599886894226074e-02 -1.302133053541183472e-01 -1.287318915128707886e-01 1.475830227136611938e-01 7.501960545778274536e-02 2.786214649677276611e-01 1.422276161611080170e-02 -2.881351113319396973e-01
-1.356085985898971558e-01 -1.030219942331314087e-01 1.245075315237045288e-01 1.035551801323890686e-01 -5.301073193550109863e-02 9.096962958574295044e-02 -8.532617241144180298e-02 1.042482703924179077e-01
2.392903715372085571e-02 3.163508474826812744e-01 2.244927734136581421e-01 3.528506960719823837e-03 -1.299497485160827637e-01 9.906420856714248657e-02 6.274845451116561890e-02 -2.538768947124481201e-01
9.591704607009887695e-02 5.474568903446197510e-02 5.110064148902893066e-02 3.329004049301147461e-01 -9.960404783487319946e-02 -2.007351368665695190e-01 -6.351701915264129639e-02 -1.119462400674819946e-01
-1.499829739332199097e-01 7.809869945049285889e-02 -2.136840969324111938e-01 -6.332710385322570801e-02 2.211943417787551880e-01 2.042520046234130859e-02 -3.500622212886810303e-01 -2.796083390712738037e-01
2.451820373535156250e-01 1.582768708467483521e-01 1.706552952527999878e-01 1.172722876071929932e-01 3.129631280899047852e-01 -1.728439517319202423e-02 -1.023817360401153564e-01 -5.250683799386024475e-02
7.992754876613616943e-02 1.257419139146804810e-01 2.181985527276992798e-01 2.795201539993286133e-01 1.192994564771652222e-01 -1.267455071210861206e-01 -4.298860952258110046e-02 -2.193990498781204224e-01
-3.238369226455688477e-01 1.938671916723251343e-01 1.568269729614257812e-02 1.852041035890579224e-01 -1.670930534601211548e-01 6.021973863244056702e-02 -3.144767284393310547e-01 -1.716724932193756104e-01
-2.869858443737030029e-01 -1.842348873615264893e-01 1.496914178133010864e-01 2.542529702186584473e-01 -2.336860150098800659e-01 3.399413526058197021e-01 3.649328947067260742e-01 -9.195648878812789917e-02
5.239974334836006165e-02 -1.926472783088684082e-02 -5.031152814626693726e-02 -1.916623860597610474e-01 -1.157928928732872009e-01 3.026689291000366211e-01 2.061726152896881104e-02 -3.561051487922668457e-01
-1.839378774166107178e-01 -2.372986376285552979e-01 1.239422187209129333e-01 2.915335297584533691e-01 1.158011928200721741e-01 -3.061041533946990967e-01 1.385906487703323364e-01 1.323171406984329224e-01
-4.311547672841697931e-04 1.979187577962875366e-01 -2.040222436189651489e-01 2.281310111284255981e-01 -1.433879435062408447e-01 1.516339555382728577e-02 2.002931684255599976e-01 -2.610777914524078369e-01
-1.951186805963516235e-01 3.102994756773114204e-03 7.349798828363418579e-02 4.038342460989952087e-02 -6.256441120058298111e-03 6.244350224733352661e-02 1.900171488523483276e-01 -1.201884541660547256e-02
-8.563369512557983398e-02 2.244482487440109253e-01 7.825612276792526245e-02 -2.541309595108032227e-01 -3.467585444450378418e-01 -5.870106816291809082e-02 -2.718963921070098877e-01 2.864604294300079346e-01
6.825383752584457397e-02 -3.011522591114044189e-01 -3.245314359664916992e-01 -1.615578867495059967e-02 2.135900706052780151e-01 2.234384268522262573e-01 -1.345878988504409790e-01 -2.172135412693023682e-01
2.384311854839324951e-01 1.138045564293861389e-01 2.730234563350677490e-01 2.648810744285583496e-01 1.636968702077865601e-01 3.442671895027160645e-01 1.425856202840805054e-01 -3.052223026752471924e-01
3.258140683174133301e-01 -9.128013998270034790e-02 -1.566366106271743774e-02 -2.805770933628082275e-01 -1.231753677129745483e-01 1.487305853515863419e-02 -1.330858375877141953e-02 3.238433897495269775e-01
-1.884394884109497070e-01 6.898618489503860474e-02 6.316487491130828857e-02 2.010466307401657104e-01 2.520834505558013916e-01 -2.992712557315826416e-01 -2.183075100183486938e-01 2.283992767333984375e-01
6.427603960037231445e-02 -2.125236988067626953e-01 -2.360820770263671875e-02 -2.784898579120635986e-01 1.355378478765487671e-01 -2.892192304134368896e-01 1.392055153846740723e-01 1.468594223260879517e-01
-1.493823826313018799e-01 7.810178399085998535e-02 -1.940715014934539795e-01 -1.240349039435386658e-01 -1.614363938570022583e-01 2.841365635395050049e-01 -7.648528367280960083e-02 2.714487724006175995e-02
7.743021845817565918e-02 -1.081834509968757629e-01 2.651427090167999268e-01 -8.776187896728515625e-02 8.835121989250183105e-02 2.630109190940856934e-01 2.818650901317596436e-01 -1.678050011396408081e-01
2.952794134616851807e-01 -3.748092427849769592e-02 -2.320471107959747314e-01 2.846428751945495605e-01 1.902425438165664673e-01 -3.028539419174194336e-01 -1.629587076604366302e-02 1.207685843110084534e-01
2.087979316711425781e-01 1.433527842164039612e-02 -1.753465682268142700e-01 -2.575751841068267822e-01 -2.168457955121994019e-01 -1.531751942820847034e-03 -3.123850524425506592e-01 -2.278066575527191162e-01
2.724487483501434326e-01 -3.320671916007995605e-01 -1.111366376280784607e-01 8.768232166767120361e-02 1.951579153537750244e-01 -1.368951946496963501e-01 6.404504179954528809e-02 1.930056214332580566e-01
2.045248746871948242e-01 -2.188811600208282471e-01 1.100683957338333130e-01 1.504530757665634155e-01 -1.748796552419662476e-01 4.598451778292655945e-02 2.764721587300300598e-02 1.925788819789886475e-01
-3.502766191959381104e-01 -2.047200128436088562e-02 4.942732304334640503e-02 2.055352553725242615e-02 2.362230569124221802e-01 1.987245976924896240e-01 1.688243150711059570e-01 -3.367525637149810791e-01
2.709894776344299316e-01 2.756001949310302734e-01 -2.056429535150527954e-01 7.657708972692489624e-02 3.818519413471221924e-02 1.546392887830734253e-01 1.979179531335830688e-01 -1.817011535167694092e-01
-2.154417634010314941e-01 3.446004539728164673e-02 3.247001469135284424e-01 1.585455834865570068e-01 -1.069977134466171265e-01 1.592518016695976257e-02 2.325659543275833130e-01 1.116660311818122864e-01
2.931227684020996094e-01 1.303019523620605469e-01 3.891935944557189941e-02 -3.364445865154266357e-01 -1.737829856574535370e-02 3.388907015323638916e-01 2.206514030694961548e-01 6.717520207166671753e-02
1.279416084289550781e-01 -9.976250678300857544e-02 -1.500228233635425568e-02 -1.960334628820419312e-01 -1.814440935850143433e-01 1.377304047346115112e-01 -3.251577913761138916e-01 -2.765054106712341309e-01
3.025172352790832520e-01 -1.822595745325088501e-01 5.777544528245925903e-02 1.519875079393386841e-01 -1.187118962407112122e-01 2.138748466968536377e-01 -2.741542458534240723e-01 -3.032014891505241394e-02
-2.001056522130966187e-01 9.897187352180480957e-03 -6.754731386899948120e-02 -3.036081194877624512e-01 4.394886642694473267e-02 -1.829797178506851196e-01 -6.026880070567131042e-02 -3.306242823600769043e-01
-4.655606672167778015e-02 3.146521151065826416e-01 2.831308245658874512e-01 3.151641488075256348e-01 -3.145931065082550049e-01 -2.739216387271881104e-01 -1.453041583299636841e-01 -1.356193572282791138e-01
-8.967066556215286255e-02 6.520657986402511597e-02 3.069711029529571533e-01 -2.756516635417938232e-01 -2.536394298076629639e-01 7.564277853816747665e-03 -2.950034141540527344e-01 -2.119716852903366089e-01
-2.454947829246520996e-01 2.915327250957489014e-01 2.147557139396667480e-01 5.851494893431663513e-02 -1.218573227524757385e-01 1.003552749752998352e-01 -2.489917166531085968e-02 1.570490449666976929e-01
-1.632667034864425659e-01 6.950163841247558594e-02 -3.442552983760833740e-01 -3.429232537746429443e-01 -2.655113935470581055e-01 8.096450567245483398e-02 2.941270470619201660e-01 -1.646771579980850220e-01
-1.519137471914291382e-01 -9.385538101196289062e-02 -3.065192401409149170e-01 2.700079083442687988e-01 2.600160427391529083e-02 9.835992753505706787e-02 -1.776424497365951538e-01 8.394479751586914062e-02
-1.855442859232425690e-02 -2.256528586149215698e-01 -2.107107341289520264e-01 -1.377578824758529663e-01 -2.246316373348236084e-01 -1.225986704230308533e-01 -1.281568408012390137e-01 -7.055905461311340332e-02
1.710752695798873901e-01 1.249172631651163101e-02 -2.312346920371055603e-02 -1.339722722768783569e-01 1.751796305179595947e-01 2.723757028579711914e-01 1.728694885969161987e-01 -3.771846368908882141e-02
-2.507267147302627563e-02 -3.227277100086212158e-02 1.765782386064529419e-02 -2.284323573112487793e-01 -2.602406740188598633e-01 2.887879870831966400e-02 7.506803423166275024e-02 1.726518869400024414e-01
4.109230637550354004e-02 -2.530005872249603271e-01 -8.686906844377517700e-02 -3.517356216907501221e-01 -1.052749529480934143e-01 -1.477440297603607178e-01 1.338190436363220215e-01 2.601647078990936279e-01
9.845446050167083740e-02 -8.157379925251007080e-03 1.453710794448852539e-01 1.826126873493194580e-01 1.291319075971841812e-02 1.946280747652053833e-01 1.599069535732269287e-01 5.587724223732948303e-02
-2.838337421417236328e-01 -1.153987124562263489e-01 -1.360215842723846436e-01 -5.529679358005523682e-03 -2.419152706861495972e-01 -3.010751605033874512e-01 -2.036176472902297974e-01 -1.674888730049133301e-01
5.353257060050964355e-03 -3.093470633029937744e-01 -2.206005305051803589e-01 -6.421412527561187744e-02 -1.944684088230133057e-01 2.355236858129501343e-01 1.689489036798477173e-01 1.872811466455459595e-01
1.553606241941452026e-01 -2.439104914665222168e-01 1.761145144701004028e-01 -3.231786191463470459e-01 1.353207230567932129e-01 -8.220095932483673096e-02 1.027954518795013428e-01 -2.927362620830535889e-01
-9.297151863574981689e-02 -3.592630475759506226e-02 -1.462991535663604736e-01 1.191280782222747803e-01 9.236750006675720215e-02 -3.129382431507110596e-01 3.541187942028045654e-01 -1.661242991685867310e-01
-8.055227808654308319e-03 -2.797015607357025146e-01 2.904930710792541504e-01 2.211935520172119141e-01 3.353716135025024414e-01 8.001437783241271973e-02 2.368527799844741821e-01 3.182765245437622070e-01
-1.878152042627334595e-02 -2.218259721994400024e-01 -1.232464537024497986e-01 -1.044222638010978699e-01 -2.313785851001739502e-01 1.850634366273880005e-01 -5.158932134509086609e-02 1.464551091194152832e-01
2.476144134998321533e-01 5.695318803191184998e-02 -3.513565063476562500e-01 -1.777586713433265686e-02 4.349322244524955750e-02 2.991073429584503174e-01 -2.292802482843399048e-01 4.667492583394050598e-02
-2.910447865724563599e-02 2.680024206638336182e-01 7.599784433841705322e-02 -1.904818564653396606e-01 3.188895583152770996e-01 -2.525442242622375488e-01 2.237952500581741333e-01 9.943625330924987793e-02
-1.436049193143844604e-01 2.698868513107299805e-01 -3.465200960636138916e-01 3.071776032447814941e-01 2.529933750629425049e-01 1.232307180762290955e-01 -1.122255325317382812e-01 -6.982733309268951416e-02
-3.748727589845657349e-02 -1.647022962570190430e-01 -2.169185429811477661e-01 3.119620680809020996e-01 3.242887556552886963e-01 1.235031634569168091e-01 5.683655291795730591e-02 2.801330983638763428e-01
1.820646971464157104e-01 6.450337916612625122e-02 4.794092103838920593e-02 -1.880652904510498047e-01 -1.976664513349533081e-01 1.036211103200912476e-01 -2.646652236580848694e-02 5.134086683392524719e-02
2.932328581809997559e-01 2.319577038288116455e-01 -3.460197476670145988e-03 3.403192162513732910e-01 -1.922238990664482117e-02 -3.187574446201324463e-01 1.173301786184310913e-01 -1.600341945886611938e-01
3.633125498890876770e-02 -3.403887748718261719e-01 1.513828188180923462e-01 -1.196595281362533569e-01 1.038122400641441345e-01 -1.194502692669630051e-02 3.394053876399993896e-01 -3.283251225948333740e-01
-5.527581274509429932e-02 -2.470521330833435059e-01 -1.369029432535171509e-01 3.751001879572868347e-02 1.342512816190719604e-01 -1.154127046465873718e-01 8.099471032619476318e-02 2.305963337421417236e-01
-3.530470654368400574e-02 3.462862074375152588e-01 1.329822987318038940e-01 8.174902945756912231e-02 1.644090861082077026e-01 3.356925845146179199e-01 1.552719473838806152e-01 -5.684764310717582703e-02
-3.337205573916435242e-02 7.570001482963562012e-02 1.015377566218376160e-01 1.966575235128402710e-01 6.241653114557266235e-02 2.653349637985229492e-01 1.317748874425888062e-01 -2.087053060531616211e-01
2.064770311117172241e-01 3.539925813674926758e-01 6.744606047868728638e-02 -2.533022761344909668e-01 3.240222632884979248e-01 1.563729494810104370e-01 -1.706580668687820435e-01 -1.718034595251083374e-01
1.225510239601135254e-01 1.544214636087417603e-01 4.621608927845954895e-02 1.348367482423782349e-01 3.067102432250976562e-01 2.025941759347915649e-02 -6.001462414860725403e-02 -2.161119878292083740e-01
1.832425594329833984e-01 -1.559001207351684570e-01 -1.095163673162460327e-01 2.742814123630523682e-01 -4.947544261813163757e-02 6.361345294862985611e-03 -7.818948477506637573e-02 -3.111528754234313965e-01
9.425829350948333740e-02 -2.953633964061737061e-01 2.171272933483123779e-01 3.842691332101821899e-02 -3.503578528761863708e-02 3.112234473228454590e-01 1.200119778513908386e-01 2.733693420886993408e-01
1.951766163110733032e-01 -1.071135625243186951e-01 2.405661493539810181e-01 -7.386863231658935547e-02 -1.286806818097829819e-02 -2.292180657386779785e-01 1.866223961114883423e-01 1.720456928014755249e-01
1.493306308984756470e-01 -2.326023876667022705e-01 6.087427586317062378e-02 1.372636407613754272e-01 -2.640851140022277832e-01 -3.126202523708343506e-02 -2.619588375091552734e-01 2.842793762683868408e-01
-1.333429068326950073e-01 -2.645802795886993408e-01 -1.353380084037780762e-01 -1.902233809232711792e-01 -2.907246351242065430e-01 2.563491463661193848e-01 -1.635387167334556580e-02 8.014602959156036377e-02
3.150350749492645264e-01 -3.406189680099487305e-01 2.319744825363159180e-01 -3.069485723972320557e-02 -5.919174477458000183e-02 -1.141015067696571350e-01 1.225717514753341675e-01 6.475143879652023315e-02
2.236542254686355591e-01 1.535213887691497803e-01 1.496714446693658829e-02 4.501641727983951569e-03 -1.727662980556488037e-01 3.077993988990783691e-01 -2.234975099563598633e-01 -9.357669949531555176e-02
-2.389507591724395752e-01 -2.981769740581512451e-01 3.017569184303283691e-01 -1.154358834028244019e-01 2.341481447219848633e-01 2.893913686275482178e-01 2.245193719863891602e-01 2.138100713491439819e-01
-1.600988954305648804e-01 -1.887362748384475708e-01 -2.417757064104080200e-01 -1.539101451635360718e-01 3.482298851013183594e-01 6.859418004751205444e-02 2.888721525669097900e-01 -1.522765010595321655e-01
2.361878007650375366e-01 1.725896596908569336e-01 -2.642542719841003418e-01 7.965202629566192627e-02 -7.042772136628627777e-03 -2.675234377384185791e-01 1.129154935479164124e-01 1.387966573238372803e-01
-1.416658610105514526e-01 6.101166456937789917e-02 -1.307616531848907471e-01 1.085850968956947327e-02 9.320626407861709595e-02 -4.948667436838150024e-02 7.788718491792678833e-02 -1.864982843399047852e-01
-2.800786793231964111e-01 -2.885726690292358398e-01 -1.724535077810287476e-01 1.359646171331405640e-01 3.559584915637969971e-01 -1.903512179851531982e-01 3.330582976341247559e-01 1.361495256423950195e-01
2.850809693336486816e-01 1.836241483688354492e-01 3.155639767646789551e-01 -3.498848974704742432e-01 2.391670085489749908e-02 3.273514658212661743e-02 2.347602397203445435e-01 -2.795474231243133545e-01
-9.045114368200302124e-02 1.472344100475311279e-01 -1.161197423934936523e-01 2.316869348287582397e-01 1.948494613170623779e-01 -2.934672236442565918e-01 2.808389663696289062e-01 -1.795681565999984741e-01
1.661334186792373657e-01 -3.228970170021057129e-01 -2.025212943553924561e-01 2.508037090301513672e-01 -1.149955615401268005e-01 5.913536623120307922e-02 2.896903157234191895e-01 -1.716080605983734131e-01
-1.982067078351974487e-01 9.892854839563369751e-02 -2.288663946092128754e-02 -9.132347255945205688e-02 2.725851833820343018e-01 -1.845974773168563843e-01 -2.719969451427459717e-01 -2.910327017307281494e-01
2.898920774459838867e-01 2.830152809619903564e-01 -8.659356087446212769e-02 1.808795481920242310e-01 1.258286833763122559e-01 1.269027683883905411e-02 -6.504148244857788086e-02 1.074903383851051331e-01
-1.714074611663818359e-01 2.926602363586425781e-01 3.361374735832214355e-01 2.664519660174846649e-02 9.304641187191009521e-02 1.488350331783294678e-01 2.711033523082733154e-01 -2.080083936452865601e-01
-2.724601030349731445e-01 -2.707420587539672852e-01 -2.359562069177627563e-01 2.092305570840835571e-01 8.438195288181304932e-02 -2.645972371101379395e-01 -3.283759057521820068e-01 2.033025324344635010e-01
1.445979177951812744e-01 -1.466377228498458862e-01 -3.081748783588409424e-01 -1.382528543472290039e-01 7.627777755260467529e-02 -1.159294694662094116e-01 2.950459718704223633e-01 3.056053221225738525e-01
1.271984875202178955e-01 -4.208371788263320923e-02 2.303655296564102173e-01 4.158836975693702698e-02 1.050087716430425644e-02 -4.648979811463505030e-04 -2.106692790985107422e-01 -1.662384867668151855e-01
-1.241603400558233261e-02 -2.955133914947509766e-01 -2.095793336629867554e-01 -2.901059091091156006e-01 1.308514326810836792e-01 1.792448014020919800e-01 -2.249719798564910889e-01 -1.947927847504615784e-02
1.979982405900955200e-01 1.131420731544494629e-01 -3.417572379112243652e-01 -3.057639673352241516e-02 1.311490833759307861e-01 1.991827934980392456e-01 -1.355694085359573364e-01 -1.681769937276840210e-01
-1.238178461790084839e-02 -1.606044620275497437e-01 -2.839600853621959686e-02 1.063605099916458130e-01 1.465969532728195190e-01 3.395800292491912842e-01 -3.597593903541564941e-01 1.314817816019058228e-01
2.724653482437133789e-01 2.712082564830780029e-01 2.111624032258987427e-01 1.349926292896270752e-01 8.738320320844650269e-02 1.731645129621028900e-02 1.465279702097177505e-02 -1.842074245214462280e-01
1.453534513711929321e-01 -1.139357388019561768e-01 1.739661097526550293e-01 2.424205541610717773e-01 -4.705843329429626465e-02 9.703157842159271240e-02 -1.865527033805847168e-02 1.509604603052139282e-01
2.542098164558410645e-01 3.093727231025695801e-01 -2.432090789079666138e-01 3.092444241046905518e-01 -2.049966603517532349e-01 6.317780911922454834e-02 1.242981776595115662e-01 -2.175163328647613525e-01
-1.014184877276420593e-01 -3.420723676681518555e-01 2.996484935283660889e-01 -2.980570793151855469e-01 1.680129170417785645e-01 -7.921216636896133423e-02 -1.297623366117477417e-01 -1.046104356646537781e-01
-7.131051272153854370e-03 1.557173579931259155e-01 -5.162271857261657715e-02 2.814482152462005615e-01 -1.954311132431030273e-01 9.342690557241439819e-02 -3.819403052330017090e-02 -2.720173001289367676e-01
-9.599191695451736450e-02 2.502678930759429932e-01 9.033645689487457275e-02 -7.071796059608459473e-02 -9.996286034584045410e-02 -3.052762150764465332e-01 1.839581578969955444e-01 4.269673675298690796e-02
-3.274342119693756104e-01 -3.174144029617309570e-01 -1.659836024045944214e-01 2.919144928455352783e-01 -2.575836479663848877e-01 -2.770504914224147797e-03 -2.405314147472381592e-01 -8.968161046504974365e-02
2.072296440601348877e-01 5.050040036439895630e-02 8.067705482244491577e-02 2.515664994716644287e-01 -2.074574586004018784e-03 -2.123769074678421021e-01 -2.352960258722305298e-01 -3.410987555980682373e-02
3.170964121818542480e-02 -2.412483543157577515e-01 -3.323196470737457275e-01 -2.898142635822296143e-01 2.258251160383224487e-01 -2.611837089061737061e-01 5.323125422000885010e-02 -3.199433982372283936e-01
8.764571696519851685e-02 -2.125103026628494263e-01 -3.050461113452911377e-01 1.271670907735824585e-01 -3.228774368762969971e-01 -1.995887607336044312e-01 -2.103329151868820190e-01 -2.484351545572280884e-01
3.125989735126495361e-01 -1.482402533292770386e-01 -1.757076829671859741e-01 -2.946887016296386719e-01 -2.591930031776428223e-01 -3.111725747585296631e-01 2.480448782444000244e-01 1.630013734102249146e-01
1.532993912696838379e-01 -2.630541920661926270e-01 -1.765969991683959961e-01 -3.656205022707581520e-03 1.794000416994094849e-01 -3.446663320064544678e-01 3.221603929996490479e-01 9.376440942287445068e-02
-3.569727838039398193e-01 2.113399356603622437e-01 1.077971160411834717e-01 -2.363438457250595093e-01 2.139566987752914429e-01 -1.304019242525100708e-01 -2.164272367954254150e-01 8.627285063266754150e-02
-2.594216540455818176e-02 3.099943995475769043e-01 -2.804256416857242584e-02 2.978969514369964600e-01 -6.595923751592636108e-02 -2.698613703250885010e-01 -3.068708777427673340e-01 -1.302658766508102417e-01
3.271546363830566406e-01 -3.321331143379211426e-01 2.331118881702423096e-01 8.477170765399932861e-02 -1.548638194799423218e-01 1.121085956692695618e-01 2.502289414405822754e-01 -2.019472420215606689e-01
5.205665156245231628e-02 -2.678247094154357910e-01 2.611469477415084839e-02 2.925720214843750000e-01 6.720045208930969238e-02 -2.178144156932830811e-01 -2.409138083457946777e-01 -1.046404391527175903e-01
-1.553050726652145386e-01 5.721013993024826050e-02 1.993893980979919434e-01 -9.377847611904144287e-02 -3.375937342643737793e-01 1.576476246118545532e-01 2.721439003944396973e-01 2.974272370338439941e-01
-1.150680184364318848e-01 2.209226638078689575e-01 3.271053433418273926e-01 3.455899283289909363e-02 -6.430953741073608398e-02 -2.022823840379714966e-01 -1.416791826486587524e-01 1.951039731502532959e-01
1.573144346475601196e-01 3.038926124572753906e-01 1.483547836542129517e-01 -2.806135118007659912e-01 -2.756516933441162109e-01 1.467249244451522827e-01 -3.277967274188995361e-01 2.757014632225036621e-01
-2.959071099758148193e-01 -1.646676659584045410e-01 -3.229163289070129395e-01 2.822256088256835938e-01 4.864671826362609863e-02 1.585132777690887451e-01 -8.738069236278533936e-02 1.738748997449874878e-01
-2.894075810909271240e-01 7.999386638402938843e-02 2.455836832523345947e-01 2.535301819443702698e-02 -5.148968473076820374e-02 -2.925726473331451416e-01 3.379539847373962402e-01 2.422557026147842407e-01
-1.039167717099189758e-01 -1.581436544656753540e-01 -9.762670844793319702e-02 3.190535902976989746e-01 9.382530115544795990e-03 2.623300850391387939e-01 3.340395167469978333e-02 -2.789933979511260986e-01
9.738007932901382446e-02 2.901057004928588867e-01 -1.384083777666091919e-01 -3.422030210494995117e-01 4.808393772691488266e-03 1.899923831224441528e-01 -2.056000679731369019e-01 6.378123071044683456e-03
1.344921588897705078e-01 -2.008539140224456787e-01 -1.252302378416061401e-01 -2.836076319217681885e-01 -1.277136504650115967e-01 1.045531705021858215e-01 2.801095508038997650e-02 -2.470684349536895752e-01
-1.271334886550903320e-01 -2.331090122461318970e-01 2.200473546981811523e-01 -3.232078850269317627e-01 2.158456295728683472e-01 2.722037732601165771e-01 -1.818755716085433960e-01 3.725963458418846130e-02
7.482729107141494751e-02 1.474342346191406250e-01 3.443394303321838379e-01 -1.552701890468597412e-01 5.206486210227012634e-03 -9.838387370109558105e-03 2.877461612224578857e-01 -3.810817375779151917e-02
-3.062034845352172852e-01 -2.030936926603317261e-01 2.220176309347152710e-01 -1.969495266675949097e-01 3.753850609064102173e-02 9.351879358291625977e-02 -8.381834626197814941e-02 2.803706526756286621e-01
3.089714348316192627e-01 1.430039405822753906e-01 3.461006879806518555e-01 -8.088358491659164429e-02 1.269221603870391846e-01 1.227459590882062912e-02 -1.935938447713851929e-01 -1.592878699302673340e-01
-2.238660007715225220e-01 1.050875484943389893e-01 -1.180390119552612305e-01 6.039308011531829834e-02 -2.392159253358840942e-01 -1.281875669956207275e-01 1.432750821113586426e-01 1.216542348265647888e-01
7.475040107965469360e-02 1.935161650180816650e-01 5.908689275383949280e-02 1.586571633815765381e-01 -3.408122360706329346e-01 -1.470796316862106323e-01 -3.621460124850273132e-02 6.287045776844024658e-02
1.441062390804290771e-01 -2.610277831554412842e-01 -8.581008762121200562e-03 -7.986686378717422485e-02 -1.822263747453689575e-01 8.613760024309158325e-02 -1.406188011169433594e-01 2.350538223981857300e-01
6.593010574579238892e-02 2.030439525842666626e-01 1.792374551296234131e-01 3.528294265270233154e-01 4.691160470247268677e-02 2.613992989063262939e-01 -2.043041884899139404e-01 -1.167360246181488037e-01
-1.781184077262878418e-01 7.863815128803253174e-02 -1.612968891859054565e-01 1.902678906917572021e-01 -3.359261155128479004e-01 -2.394595369696617126e-02 4.501086473464965820e-02 -2.376738041639328003e-01
1.064029708504676819e-01 2.388055622577667236e-02 -3.513192832469940186e-01 1.476202607154846191e-01 -6.907205283641815186e-02 -3.596254289150238037e-01 -8.883286267518997192e-02 -2.327966094017028809e-01
-2.595749795436859131e-01 6.367164105176925659e-02 1.252523511648178101e-01 1.000920832157135010e-01 8.100554347038269043e-02 -2.639855742454528809e-01 -2.938305437564849854e-01 -1.425150185823440552e-01
