2.921400368213653564e-01 2.044550925493240356e-01 3.396138250827789307e-01 2.439446598291397095e-01 -1.257418394088745117e-01 -1.107444893568754196e-02 -2.574743628501892090e-01 5.639023706316947937e-02
-1.782431900501251221e-01 -2.505482435226440430e-01 1.335653066635131836e-01 2.062613517045974731e-01 -3.812412172555923462e-02 1.851357668638229370e-01 1.406553760170936584e-02 2.361827343702316284e-01
-1.728328168392181396e-01 4.664148762822151184e-02 1.765354126691818237e-01 3.715686500072479248e-01 -1.543532870709896088e-02 -1.801362782716751099e-01 -4.137994721531867981e-02 1.897722184658050537e-01
-1.882835030555725098e-01 2.188335210084915161e-01 2.535220980644226074e-01 -7.643520832061767578e-02 -8.519706130027770996e-02 2.711814045906066895e-01 -1.625599712133407593e-01 -2.309176623821258545e-01
3.442215546965599060e-02 2.801243662834167480e-01 -8.760847151279449463e-02 -2.279820144176483154e-01 3.383618295192718506e-01 2.688492536544799805e-01 -2.681430876255035400e-01 1.766706258058547974e-01
-2.433116920292377472e-02 -3.515202999114990234e-01 2.191184461116790771e-01 1.028638929128646851e-01 1.368273794651031494e-01 2.136519402265548706e-01 -1.950797811150550842e-02 2.389064133167266846e-01
-1.856505572795867920e-01 3.176487982273101807e-01 3.081785142421722412e-01 8.833852596580982208e-03 2.550404071807861328e-01 -2.007481008768081665e-01 -3.040671646595001221e-01 -1.572015583515167236e-01
2.233439832925796509e-01 -3.305146396160125732e-01 -2.850622832775115967e-01 8.916568942368030548e-03 6.252901256084442139e-02 -2.696825861930847168e-01 2.006566375494003296e-01 -8.245305716991424561e-02
9.157478064298629761e-02 1.467674076557159424e-01 3.482801318168640137e-01 3.412366807460784912e-01 2.000139355659484863e-01 3.924066945910453796e-02 -8.991554379463195801e-02 2.877134978771209717e-01
2.079282701015472412e-01 -1.224268823862075806e-01 -7.059181481599807739e-02 -2.540509402751922607e-01 9.488845244050025940e-03 -2.895670235157012939e-01 -2.045357413589954376e-02 -1.787629723548889160e-01
3.492240607738494873e-01 -2.691754102706909180e-01 -2.592864036560058594e-01 3.177483975887298584e-01 -2.384923584759235382e-02 2.234226465225219727e-01 2.400059401988983154e-01 -2.284447848796844482e-01
3.885777592658996582e-01 3.405219912528991699e-01 2.746730111539363861e-02 2.950823605060577393e-01 -1.745510548353195190e-01 -1.912326663732528687e-01 2.836349010467529297e-01 -2.845160663127899170e-01
-3.452432155609130859e-02 -1.329981982707977295e-01 -2.504317834973335266e-02 1.976991146802902222e-01 2.111698687076568604e-01 2.348920106887817383e-01 3.463320136070251465e-01 1.785111576318740845e-01
-2.443454414606094360e-01 -1.053272411227226257e-01 2.337120324373245239e-01 -3.312300443649291992e-01 -6.406102329492568970e-02 -6.698788702487945557e-02 1.151397377252578735e-01 1.961802393198013306e-01
3.459711074829101562e-01 -1.871525943279266357e-01 -2.804865539073944092e-01 2.959357798099517822e-01 3.209648430347442627e-01 3.008542954921722412e-01 2.084714919328689575e-02 2.863331139087677002e-01
-1.291413903236389160e-01 2.385955452919006348e-01 -2.730858325958251953e-01 -4.253851249814033508e-02 -2.400282770395278931e-02 3.763629198074340820e-01 3.800061941146850586e-01 -1.822807937860488892e-01
2.387965619564056396e-01 1.873759478330612183e-01 1.758110821247100830e-01 -2.101711928844451904e-01 -2.187585681676864624e-01 -1.469774693250656128e-01 4.937180131673812866e-02 1.593011915683746338e-01
3.578710183501243591e-02 -1.254445761442184448e-01 -2.114876210689544678e-01 -1.762962341308593750e-01 3.014324307441711426e-01 -2.207526415586471558e-01 3.374898731708526611e-01 3.612905368208885193e-02
3.760346770286560059e-01 -6.110664084553718567e-02 2.201522439718246460e-01 -4.445469472557306290e-03 -1.522262543439865112e-01 -1.771915145218372345e-02 2.165536582469940186e-02 -1.865141242742538452e-01
1.080145090818405151e-01 -1.088727191090583801e-01 -8.367353677749633789e-02 -5.211575329303741455e-02 2.913960441946983337e-02 9.523820877075195312e-02 1.009425669908523560e-01 2.789997458457946777e-01
1.298954933881759644e-01 3.085222244262695312e-01 6.377254426479339600e-02 -3.337634801864624023e-01 3.083871006965637207e-01 -8.769687265157699585e-02 -8.225732296705245972e-02 -2.412395738065242767e-02
-1.754669249057769775e-01 6.379351764917373657e-02 2.588127255439758301e-01 1.027260050177574158e-01 2.972827255725860596e-01 -9.095362573862075806e-02 1.890695244073867798e-01 -2.005883753299713135e-01
1.456445455551147461e-01 -3.199579566717147827e-02 -5.282130092382431030e-02 -2.481147795915603638e-01 2.617999315261840820e-01 3.433610200881958008e-01 -1.787145882844924927e-01 -5.423140898346900940e-02
-2.468758225440979004e-01 1.438313722610473633e-01 1.269451677799224854e-01 -9.463284909725189209e-02 7.464984059333801270e-02 2.031369358301162720e-01 -2.220458835363388062e-01 -3.060612976551055908e-01
-2.751711905002593994e-01 -3.130550086498260498e-01 3.266331553459167480e-01 1.592142134904861450e-01 -2.146090120077133179e-01 -1.336113065481185913e-01 7.428492605686187744e-02 8.441293239593505859e-02
-4.498565196990966797e-02 1.169207021594047546e-01 -2.766485512256622314e-01 3.520663678646087646e-01 1.989955306053161621e-01 2.462679333984851837e-02 2.530278265476226807e-02 2.982761561870574951e-01
3.182630240917205811e-01 -6.070892885327339172e-02 -1.319541484117507935e-01 -1.081917434930801392e-01 2.458972036838531494e-01 2.922415733337402344e-01 3.190725743770599365e-01 -7.240059226751327515e-02
3.223093226552009583e-02 3.310170173645019531e-01 1.047902554273605347e-01 -1.057368069887161255e-01 1.755665540695190430e-01 -1.740370318293571472e-02 -2.447926439344882965e-02 -1.901555806398391724e-02
-4.089504480361938477e-02 -2.653002738952636719e-01 2.294223457574844360e-01 -2.985429167747497559e-01 -3.267237842082977295e-01 2.518619000911712646e-01 1.062118858098983765e-01 2.958465218544006348e-01
3.066231682896614075e-02 -2.348962873220443726e-01 1.670383363962173462e-01 -2.177411317825317383e-01 1.915446221828460693e-01 -1.415070742368698120e-01 -2.611970901489257812e-01 -1.860696077346801758e-01
-9.506601095199584961e-02 2.729233801364898682e-01 2.356022149324417114e-01 -2.194135487079620361e-01 1.764325946569442749e-01 -1.972505301237106323e-01 -2.220193892717361450e-01 -1.394509673118591309e-01
7.703825086355209351e-02 -1.148469969630241394e-01 -1.149946078658103943e-01 1.598953306674957275e-01 3.176943063735961914e-01 3.358427584171295166e-01 -5.774467810988426208e-02 1.647505313158035278e-01
-7.149660587310791016e-02 -1.860996931791305542e-01 -2.089231759309768677e-01 -1.902354806661605835e-01 -3.045581281185150146e-01 3.267893791198730469e-01 9.620841592550277710e-02 3.570795059204101562e-01
-1.681035906076431274e-01 -2.940635755658149719e-02 -2.259744554758071899e-01 2.365078330039978027e-01 -2.186444103717803955e-01 -3.327040672302246094e-01 2.957395911216735840e-01 1.812794357538223267e-01
1.238286197185516357e-01 -2.385016232728958130e-01 -6.549225002527236938e-02 3.614862635731697083e-02 -7.119233906269073486e-02 -1.362771093845367432e-01 -2.056657373905181885e-01 -2.083312273025512695e-01
-1.193468347191810608e-01 -7.629090547561645508e-02 2.783085703849792480e-01 -3.369952738285064697e-01 2.700059711933135986e-01 1.793174147605895996e-01 1.995298862457275391e-01 -2.187748067080974579e-02
2.032670676708221436e-01 2.298065871000289917e-01 -1.872735172510147095e-01 -6.273518502712249756e-02 3.054901361465454102e-01 -1.028126478195190430e-01 2.602797448635101318e-01 2.179752290248870850e-02
2.694705724716186523e-01 -1.424478292465209961e-01 1.976718157529830933e-01 -2.796000540256500244e-01 -2.841912768781185150e-02 -1.384378075599670410e-01 2.915699481964111328e-01 -4.079365730285644531e-02
1.496986392885446548e-02 -2.183317393064498901e-01 2.249971404671669006e-02 -2.960344851016998291e-01 1.819003559648990631e-02 -2.421195507049560547e-01 4.265724420547485352e-01 1.047053858637809753e-01
-2.633787691593170166e-01 9.790906682610511780e-03 2.867890596389770508e-01 7.291973382234573364e-02 -2.478826195001602173e-01 -1.479061096906661987e-01 1.792677938938140869e-01 -9.526028484106063843e-02
-2.701266407966613770e-01 -1.391846686601638794e-01 3.269408643245697021e-01 -1.594994664192199707e-01 -2.310618609189987183e-01 2.227784395217895508e-01 3.394700214266777039e-02 -1.624326556921005249e-01
9.480363130569458008e-02 3.529091775417327881e-01 -2.979512512683868408e-01 5.704892426729202271e-02 -4.694218188524246216e-02 2.202999144792556763e-01 2.191253453493118286e-01 -2.183090895414352417e-01
1.722732633352279663e-01 -7.137955725193023682e-02 5.234837532043457031e-03 -3.622985780239105225e-01 -3.595197498798370361e-01 2.972650155425071716e-02 -3.266251981258392334e-01 1.802264451980590820e-01
1.394653022289276123e-01 1.936934515833854675e-02 -9.559451043605804443e-02 2.451430074870586395e-02 -7.976346462965011597e-02 2.154852598905563354e-01 4.072234034538269043e-02 1.147993467748165131e-02
1.320578455924987793e-01 1.571778208017349243e-01 -1.310211718082427979e-01 5.294934287667274475e-02 -2.346374243497848511e-01 -2.998824417591094971e-01 -7.069089263677597046e-02 2.185570076107978821e-02
-2.799580991268157959e-01 3.226160407066345215e-01 1.588070839643478394e-01 -2.093589901924133301e-01 1.533994376659393311e-01 6.452560424804687500e-02 1.796787679195404053e-01 -3.277858197689056396e-01
-1.781745702028274536e-01 -3.242899477481842041e-01 -3.282220959663391113e-01 4.718153551220893860e-02 1.794369220733642578e-01 -8.492306619882583618e-02 -1.662023663520812988e-01 8.206336642615497112e-04
-2.896586060523986816e-01 -3.258991837501525879e-01 2.660599648952484131e-01 -2.866448163986206055e-01 2.884999513626098633e-01 -2.616172134876251221e-01 -1.859569400548934937e-01 -6.340238265693187714e-03
7.903369516134262085e-02 -1.294378042221069336e-01 1.955546289682388306e-01 -2.074292004108428955e-01 2.151423543691635132e-01 3.399397730827331543e-01 1.517382264137268066e-01 1.323766112327575684e-01
2.479393035173416138e-01 7.958932965993881226e-02 -2.021391093730926514e-01 3.517746925354003906e-01 3.240216374397277832e-01 -4.827310144901275635e-02 -1.666531264781951904e-01 -9.703922271728515625e-02
-3.447623252868652344e-01 -1.342898011207580566e-01 8.651878684759140015e-02 -1.149544550571590662e-04 -2.048672586679458618e-01 2.708131968975067139e-01 -3.300684690475463867e-01 3.070082068443298340e-01
2.559694051742553711e-01 -3.438701620325446129e-03 -1.475778687745332718e-02 -7.059960812330245972e-02 2.648055255413055420e-01 -2.788542509078979492e-01 2.508680820465087891e-01 -2.008236944675445557e-01
4.507368057966232300e-02 3.263942524790763855e-02 -2.086537480354309082e-01 -1.082907915115356445e-01 -3.658104836940765381e-01 -2.489448040723800659e-01 2.047379016876220703e-01 2.676218450069427490e-01
-5.736671388149261475e-02 -1.621536165475845337e-01 2.184196412563323975e-01 8.343719691038131714e-02 -1.933003067970275879e-01 -3.049463629722595215e-01 -1.839420497417449951e-01 -2.091998755931854248e-01
-5.623726174235343933e-02 2.944129407405853271e-01 2.918914258480072021e-01 1.162590160965919495e-01 -7.112196087837219238e-02 1.038650870323181152e-01 -2.286176383495330811e-01 -2.319279313087463379e-01
2.340211719274520874e-01 -2.889907062053680420e-01 -2.682704031467437744e-01 8.540839771740138531e-04 5.145167931914329529e-02 2.712861895561218262e-01 -2.202460020780563354e-01 -1.632027029991149902e-01
2.232993245124816895e-01 -2.508909702301025391e-01 -6.256383657455444336e-02 -1.118648424744606018e-01 1.741434074938297272e-02 -4.501951113343238831e-02 1.108731254935264587e-01 -2.870311737060546875e-01
7.417603395879268646e-03 -2.722256183624267578e-01 -3.276525735855102539e-01 -2.589878141880035400e-01 9.367901831865310669e-02 -1.360053662210702896e-03 -1.703319400548934937e-01 -5.119148269295692444e-02
-2.597338259220123291e-01 -1.056746020913124084e-01 2.257915437221527100e-01 -2.022294849157333374e-01 2.887330353260040283e-01 2.871736884117126465e-01 9.381731599569320679e-02 -2.617775201797485352e-01
-4.248376563191413879e-02 9.616640210151672363e-02 1.212782636284828186e-01 -1.228214800357818604e-01 3.491846024990081787e-01 1.783909052610397339e-01 1.673207134008407593e-01 3.052827417850494385e-01
1.949725858867168427e-02 -8.357893675565719604e-02 -3.662479668855667114e-02 -2.109958827495574951e-01 6.216386705636978149e-02 2.627581059932708740e-01 -6.946007907390594482e-02 -1.703185439109802246e-01
1.954025328159332275e-01 -3.026700913906097412e-01 -2.737568020820617676e-01 -3.070611655712127686e-01 4.835166409611701965e-02 -2.647885084152221680e-01 6.107072904706001282e-02 -2.811419665813446045e-01
1.036800965666770935e-01 -2.970702052116394043e-01 -1.074109673500061035e-01 -5.536032468080520630e-02 -2.280840128660202026e-01 -4.307304695248603821e-02 3.697088658809661865e-01 9.972706437110900879e-02
1.815996319055557251e-01 9.353842586278915405e-02 2.269737571477890015e-01 2.681093811988830566e-01 9.449648857116699219e-02 -6.796901673078536987e-02 5.956660956144332886e-02 1.043055877089500427e-01
1.998258680105209351e-01 -1.116830483078956604e-02 2.422337979078292847e-01 -2.775677144527435303e-01 1.757975071668624878e-01 3.127962052822113037e-01 -1.508605480194091797e-01 -1.462943479418754578e-02
3.361317813396453857e-01 -7.872855663299560547e-02 -2.892896160483360291e-02 4.454663395881652832e-02 2.078725695610046387e-01 2.395229935646057129e-01 1.512450724840164185e-01 -1.502406597137451172e-01
2.249991148710250854e-01 -1.536335349082946777e-01 7.560478150844573975e-02 -3.469649255275726318e-01 -5.023354664444923401e-02 2.421569526195526123e-01 3.116165697574615479e-01 -3.847240656614303589e-02
3.560492992401123047e-01 -3.365486860275268555e-01 -8.503481000661849976e-02 6.644355505704879761e-02 -2.127988189458847046e-01 8.179765939712524414e-02 -3.582235798239707947e-02 9.684814140200614929e-03
3.756805090233683586e-04 -1.389887183904647827e-01 -2.668259292840957642e-02 -1.900455951690673828e-01 2.424472570419311523e-01 -1.225272119045257568e-01 2.306419909000396729e-01 -2.720419764518737793e-01
2.664816379547119141e-01 -5.624310672283172607e-02 -1.119515225291252136e-01 -2.040251940488815308e-01 -2.359616011381149292e-01 1.215811967849731445e-01 1.478989869356155396e-01 3.376872241497039795e-01
3.129109740257263184e-01 -1.961439698934555054e-01 -2.583127319812774658e-01 4.174317792057991028e-02 -2.602759003639221191e-01 2.265837788581848145e-01 -1.550877690315246582e-01 -1.773960292339324951e-01
-1.766365021467208862e-01 -3.156681358814239502e-01 9.613859467208385468e-03 4.749492555856704712e-02 -2.131510898470878601e-02 -2.619199156761169434e-01 2.419730275869369507e-01 2.857202887535095215e-01
-1.760169863700866699e-01 1.947699487209320068e-01 1.868709325790405273e-01 -2.599881589412689209e-01 1.635874360799789429e-01 -2.659832239151000977e-01 1.751323342323303223e-01 2.555783092975616455e-01
2.631517946720123291e-01 -1.004879176616668701e-02 -9.959150105714797974e-02 1.655398868024349213e-02 3.682508170604705811e-01 -3.276527523994445801e-01 2.776182591915130615e-01 3.191199302673339844e-01
-2.763855457305908203e-01 2.335385978221893311e-01 6.387083232402801514e-02 -3.273102045059204102e-01 1.427498459815979004e-01 4.054627195000648499e-02 -2.195568531751632690e-01 -2.957044243812561035e-01
1.508427225053310394e-02 -2.836595773696899414e-01 -1.712387055158615112e-01 -1.722323521971702576e-02 6.180078908801078796e-02 1.132853627204895020e-01 1.565309166908264160e-01 -4.165841937065124512e-01
-8.291522413492202759e-02 1.650181412696838379e-01 3.096815645694732666e-01 -1.768294274806976318e-01 -2.121648341417312622e-01 1.457739919424057007e-01 3.589696288108825684e-01 1.636837124824523926e-01
1.761846709996461868e-03 3.184127211570739746e-01 -2.801056504249572754e-01 -5.125503614544868469e-02 -3.252696394920349121e-01 -2.357517927885055542e-01 -3.382281661033630371e-01 9.898524731397628784e-02
4.005663469433784485e-02 2.385519444942474365e-01 2.878093421459197998e-01 -4.203405976295471191e-02 -1.282710582017898560e-01 -2.027943134307861328e-01 -6.841684132814407349e-02 -3.442738354206085205e-01
-2.109986841678619385e-01 1.064998432993888855e-01 -1.298584938049316406e-01 1.621094197034835815e-01 -2.156630456447601318e-01 2.147202938795089722e-01 1.719234697520732880e-02 -1.320314854383468628e-01
7.560920715332031250e-02 1.475220322608947754e-01 1.788330376148223877e-01 -1.267704367637634277e-02 3.043544888496398926e-01 1.355162709951400757e-01 9.936339221894741058e-03 2.705112397670745850e-01
-3.527075052261352539e-01 2.687377333641052246e-01 -1.512612998485565186e-01 -1.912078112363815308e-01 -1.241059228777885437e-01 2.434375584125518799e-01 2.540779672563076019e-02 1.372971236705780029e-01
-3.324123620986938477e-01 3.004463911056518555e-01 3.130185604095458984e-01 -1.042312532663345337e-01 1.927231401205062866e-01 -3.153831660747528076e-01 -1.013230457901954651e-01 -4.353310167789459229e-02
-1.501861065626144409e-01 2.058948576450347900e-01 -2.503298521041870117e-01 3.685675561428070068e-02 3.212264180183410645e-02 1.130218282341957092e-01 -1.783867552876472473e-02 5.267162993550300598e-02
6.460782140493392944e-02 2.488930225372314453e-01 4.938960075378417969e-02 -3.317590057849884033e-01 -1.183254364877939224e-02 -1.451422423124313354e-01 1.529893577098846436e-01 2.147341221570968628e-01
2.632151246070861816e-01 -3.448311686515808105e-01 -1.876586228609085083e-01 -2.417070567607879639e-01 -2.055698037147521973e-01 2.419150620698928833e-01 -5.690257251262664795e-02 -1.269130259752273560e-01
4.958745837211608887e-02 3.312954604625701904e-01 1.603375971317291260e-01 -3.271062970161437988e-01 2.299478203058242798e-01 2.185169905424118042e-01 -1.400684863328933716e-01 9.186541289091110229e-02
-1.193114295601844788e-01 -9.407521039247512817e-02 -1.733571738004684448e-01 1.328417565673589706e-02 2.155835628509521484e-01 2.950242757797241211e-01 -2.955222129821777344e-01 -6.771199405193328857e-02
2.656047642230987549e-01 -5.546056851744651794e-02 -4.404694586992263794e-02 -2.456403970718383789e-01 -1.989153325557708740e-01 -3.742188215255737305e-01 1.611132174730300903e-01 2.038583904504776001e-01
-4.264112561941146851e-02 6.577908247709274292e-02 -4.748352617025375366e-02 -3.925921022891998291e-02 -6.189662590622901917e-02 -2.624742984771728516e-01 -3.225883096456527710e-02 2.107520103454589844e-01
1.634155213832855225e-02 -2.178704142570495605e-01 2.530800737440586090e-02 -4.791018068790435791e-01 1.505626738071441650e-01 5.993529781699180603e-02 -9.589191526174545288e-02 3.101064264774322510e-01
-3.504068851470947266e-01 2.577241063117980957e-01 2.941737473011016846e-01 -2.308859378099441528e-01 3.307301104068756104e-01 8.105594664812088013e-02 -1.434649378061294556e-01 1.703545898199081421e-01
-2.132320553064346313e-01 2.903096675872802734e-01 1.281699687242507935e-01 -3.291538357734680176e-01 1.264474093914031982e-01 -3.400909602642059326e-01 -2.384479790925979614e-01 4.677103087306022644e-02
1.170910894870758057e-01 2.942311465740203857e-01 -2.213190495967864990e-01 1.259440332651138306e-01 1.677410602569580078e-01 -4.034964740276336670e-01 -3.119031488895416260e-01 -1.507805287837982178e-01
2.862717807292938232e-01 3.328781723976135254e-01 -2.925065159797668457e-01 2.107468247413635254e-02 -1.681971997022628784e-01 -2.285258378833532333e-03 -2.085444629192352295e-01 2.783639132976531982e-01
3.510715067386627197e-01 9.896800667047500610e-02 -3.324352502822875977e-01 1.069741696119308472e-01 -2.967340648174285889e-01 1.638094484806060791e-01 -2.603929340839385986e-01 6.277225166559219360e-02
5.075539462268352509e-03 9.703868627548217773e-02 3.156471252441406250e-01 -2.517609298229217529e-01 2.968758344650268555e-02 -2.279581129550933838e-01 2.041174769401550293e-01 3.198077380657196045e-01
-2.826610207557678223e-01 -2.597565948963165283e-01 -1.180605888366699219e-01 2.705078125000000000e-01 -1.037684455513954163e-01 5.582249537110328674e-02 1.234912052750587463e-01 -1.051217615604400635e-01
-2.435902208089828491e-01 2.007159963250160217e-02 1.313278079032897949e-01 1.292524337768554688e-01 1.767158806324005127e-01 -1.798421591520309448e-01 1.605764329433441162e-01 -2.574355602264404297e-01
3.282479643821716309e-01 -1.575434952974319458e-01 -2.960638329386711121e-02 1.879192739725112915e-01 2.798199467360973358e-02 3.443031609058380127e-01 -1.653790622949600220e-01 2.907337620854377747e-02
7.967678457498550415e-02 5.243556573987007141e-02 5.048449710011482239e-02 1.111523434519767761e-01 3.454828560352325439e-01 1.043209284543991089e-01 1.256069689989089966e-01 2.140775322914123535e-01
-2.080233842134475708e-01 3.263508081436157227e-01 -1.054587140679359436e-01 2.932827686890959740e-03 1.415787935256958008e-01 -2.059514820575714111e-01 -1.345612015575170517e-02 -3.454302847385406494e-01
-1.761391013860702515e-01 -6.282717734575271606e-02 3.588236868381500244e-01 4.479629993438720703e-01 2.575301527976989746e-01 -3.014850020408630371e-01 2.190345227718353271e-01 -9.872311353683471680e-02
-1.892430782318115234e-01 3.081365823745727539e-01 2.783347070217132568e-01 2.312932908535003662e-02 -8.488474041223526001e-02 2.918737530708312988e-01 2.514004409313201904e-01 -2.774766683578491211e-01
-9.740053862333297729e-02 -3.171047270298004150e-01 1.506231538951396942e-02 -3.216310217976570129e-02 1.634716689586639404e-01 2.249510884284973145e-01 7.729336619377136230e-02 -1.443866454064846039e-02
-2.448665648698806763e-01 -1.743713952600955963e-02 -1.951418220996856689e-01 1.382771283388137817e-01 1.020243465900421143e-01 -9.193453192710876465e-02 5.860551074147224426e-02 3.841764926910400391e-01
-3.562796115875244141e-02 -2.440067827701568604e-01 -1.368861272931098938e-02 -6.257428973913192749e-02 -6.979940086603164673e-02 -1.144291535019874573e-01 -2.737198173999786377e-01 2.411603331565856934e-01
7.865098863840103149e-02 -9.999506920576095581e-02 -2.939064204692840576e-01 1.765176206827163696e-01 1.853969246149063110e-01 -1.012391000986099243e-01 -3.641147911548614502e-01 2.107925862073898315e-01
1.370985433459281921e-02 2.767934501171112061e-01 1.831396371126174927e-01 -3.849164247512817383e-01 2.722779512405395508e-01 -1.698404103517532349e-01 -2.110056877136230469e-01 4.677552282810211182e-01
1.883523315191268921e-01 6.862102448940277100e-02 2.563154101371765137e-01 -1.052307337522506714e-01 1.906705051660537720e-01 2.344972193241119385e-01 3.410917818546295166e-01 -6.022676825523376465e-02
-2.508404254913330078e-01 2.314764559268951416e-01 -3.231518268585205078e-01 3.660350739955902100e-01 -9.606295824050903320e-02 1.717845201492309570e-01 6.767988950014114380e-02 6.511376053094863892e-02
-3.219077587127685547e-01 -2.285430431365966797e-01 1.646105549298226833e-03 5.420186370611190796e-02 1.179160326719284058e-01 2.886658012866973877e-01 -1.284482479095458984e-01 3.271130323410034180e-01
3.073893487453460693e-01 3.323234915733337402e-01 -3.530457317829132080e-01 3.050494492053985596e-01 2.311442941427230835e-01 -1.176876425743103027e-01 -7.598747313022613525e-02 2.976316213607788086e-01
-1.823515743017196655e-01 -2.981790006160736084e-01 -1.789964735507965088e-01 1.023469269275665283e-01 3.115619421005249023e-01 -1.297872513532638550e-01 1.441564708948135376e-01 2.854613065719604492e-01
-2.160987854003906250e-01 8.463160693645477295e-02 1.757338643074035645e-01 -1.060938579030334949e-03 2.159022688865661621e-01 -8.835690468549728394e-02 -1.093101724982261658e-01 -1.029420346021652222e-01
3.032449446618556976e-02 -4.629088193178176880e-02 -1.568752080202102661e-01 -1.878526359796524048e-01 8.968651294708251953e-02 1.199689805507659912e-01 -2.865478694438934326e-01 -2.283777743577957153e-01
-6.272748112678527832e-02 2.753272056579589844e-01 2.587507069110870361e-01 -2.397576868534088135e-01 -2.909893393516540527e-01 -8.160107582807540894e-02 1.234276518225669861e-01 -2.852138876914978027e-01
-3.050246834754943848e-01 -2.102121561765670776e-01 -3.074903786182403564e-01 -1.493055224418640137e-01 -6.681867688894271851e-02 -1.686188578605651855e-01 5.747436545789241791e-03 3.056040406227111816e-01
-6.925007700920104980e-02 -2.454880326986312866e-01 3.422465920448303223e-01 -1.752217262983322144e-01 -2.536267340183258057e-01 1.458752304315567017e-01 -1.610069721937179565e-01 -2.070792317390441895e-01
-1.137164831161499023e-01 -2.552804350852966309e-01 -1.979552358388900757e-01 -2.812804095447063446e-02 -1.261826604604721069e-01 -3.042108416557312012e-01 2.675744295120239258e-01 -1.124313771724700928e-01
2.743545472621917725e-01 -1.605746001005172729e-01 -1.232167482376098633e-01 -3.140721023082733154e-01 3.171429410576820374e-02 4.441857710480690002e-02 4.892002791166305542e-02 -4.138842821121215820e-01
1.896810531616210938e-01 -2.312701046466827393e-01 3.144796192646026611e-02 -8.858281373977661133e-02 -6.802035123109817505e-02 -9.505027532577514648e-02 -6.112259253859519958e-02 -3.278575539588928223e-01
-7.375308871269226074e-02 -3.514896035194396973e-01 1.156688332557678223e-01 -3.049858808517456055e-01 2.044164389371871948e-01 3.009653389453887939e-01 -1.929055899381637573e-01 -1.169304922223091125e-01
1.650385856628417969e-01 1.048716381192207336e-01 -2.820004224777221680e-01 2.413260936737060547e-01 -6.965682655572891235e-02 2.874371111392974854e-01 1.478080004453659058e-01 1.005164310336112976e-01
-3.207535147666931152e-01 2.018572539091110229e-01 -1.693121641874313354e-01 2.249407768249511719e-01 -2.657962031662464142e-02 5.340988188982009888e-02 -4.364792257547378540e-02 1.724026501178741455e-01
-2.969493269920349121e-01 2.431958913803100586e-01 -1.904732286930084229e-01 -2.608268857002258301e-01 1.624441593885421753e-01 2.021677419543266296e-02 -2.747766375541687012e-01 -3.468734025955200195e-01
2.565906643867492676e-01 -2.985072135925292969e-01 -3.413036167621612549e-01 1.748669445514678955e-01 2.653269171714782715e-01 1.608496904373168945e-01 3.485355973243713379e-01 7.259751111268997192e-02
1.838519126176834106e-01 2.205015420913696289e-01 -1.159317791461944580e-01 -2.009407132863998413e-01 -3.273898661136627197e-01 -3.362628519535064697e-01 -2.637751996517181396e-01 2.705944478511810303e-01
-3.295083045959472656e-01 3.395215794444084167e-02 -1.482948567718267441e-02 -1.022861227393150330e-01 2.100326865911483765e-01 -3.151349127292633057e-01 2.672610878944396973e-01 -1.423861682415008545e-01
2.046988457441329956e-01 2.894224822521209717e-01 -1.527804881334304810e-01 8.738838136196136475e-02 -3.006968796253204346e-01 3.855892922729253769e-03 2.151321917772293091e-01 3.184777870774269104e-02
1.084075346589088440e-01 -6.033183634281158447e-02 1.140362992882728577e-01 -2.339434325695037842e-01 -3.847279548645019531e-01 7.953146845102310181e-02 1.041391044855117798e-01 -8.592552691698074341e-02
-2.837006151676177979e-01 2.598951570689678192e-02 -1.243516653776168823e-01 -1.577621549367904663e-01 2.666783928871154785e-01 -2.271605283021926880e-01 -1.348848342895507812e-01 -2.659853398799896240e-01
2.491744160652160645e-01 2.296882420778274536e-01 -2.153782397508621216e-01 -1.743166595697402954e-01 5.351286008954048157e-02 1.605351716279983521e-01 1.441188752651214600e-01 2.660664618015289307e-01
2.681776881217956543e-01 1.073828153312206268e-02 1.346042901277542114e-01 1.704345047473907471e-01 -5.813833326101303101e-02 -1.420210003852844238e-01 9.438996762037277222e-02 -4.515315964818000793e-02
1.554182264953851700e-02 -2.287306040525436401e-01 -2.878938801586627960e-03 -1.292909830808639526e-01 1.351258456707000732e-01 3.935994505882263184e-01 -1.200420111417770386e-01 -3.894166350364685059e-01
2.203152924776077271e-01 -2.680491805076599121e-01 -3.044368624687194824e-01 -8.620863407850265503e-02 6.873135268688201904e-02 -5.105221644043922424e-02 9.359563887119293213e-02 3.132620453834533691e-01
-2.240734249353408813e-01 -2.683326303958892822e-01 -1.673336774110794067e-01 1.294515095651149750e-02 -6.617647409439086914e-02 -1.631970256567001343e-01 -8.721210807561874390e-02 -3.276011049747467041e-01
-8.095776289701461792e-02 -1.969807296991348267e-01 -3.414591848850250244e-01 -8.088587969541549683e-02 -7.936402410268783569e-02 2.426177263259887695e-01 -2.753095328807830811e-01 1.761999875307083130e-01
-1.084860935807228088e-01 -5.568379536271095276e-03 2.718306779861450195e-01 3.192495703697204590e-01 2.292198240756988525e-01 -1.916476190090179443e-01 -2.680696249008178711e-01 2.564043402671813965e-01
1.718959361314773560e-01 1.130473688244819641e-01 -3.363720178604125977e-01 1.987627148628234863e-01 -2.269031852483749390e-01 2.345765680074691772e-01 -2.407832890748977661e-01 -4.293875694274902344e-01
-1.138958781957626343e-01 3.526814579963684082e-01 -3.339799642562866211e-01 -2.666760683059692383e-01 -1.034277975559234619e-01 -2.589246332645416260e-01 -2.363692522048950195e-01 7.502717524766921997e-02
3.191678225994110107e-02 2.199643552303314209e-01 -1.251182854175567627e-01 1.629738137125968933e-02 -3.204705566167831421e-02 3.076424896717071533e-01 -2.061883807182312012e-01 -3.247477114200592041e-01
-2.970311641693115234e-01 -1.326954662799835205e-01 -1.077095493674278259e-01 -3.171247243881225586e-01 -2.872248291969299316e-01 -1.996102780103683472e-01 -2.399615049362182617e-01 -1.915947943925857544e-01
1.206055134534835815e-01 1.623967289924621582e-01 1.447547823190689087e-01 -3.300681412220001221e-01 2.763707041740417480e-01 1.970775127410888672e-01 2.524784207344055176e-01 -8.160754293203353882e-02
-6.509435176849365234e-02 -3.135087788105010986e-01 -3.088525235652923584e-01 -3.155634701251983643e-01 -3.332077860832214355e-01 -2.966975048184394836e-02 3.113786876201629639e-01 1.799406111240386963e-01
3.193808719515800476e-02 -2.978308796882629395e-01 1.711630970239639282e-01 3.558544814586639404e-02 9.861383587121963501e-02 5.269037932157516479e-02 -1.826419234275817871e-01 3.485203087329864502e-01
9.755810350179672241e-02 1.874164938926696777e-01 2.571595311164855957e-01 -1.134693473577499390e-01 3.880009353160858154e-01 -3.193062543869018555e-01 2.195144146680831909e-01 1.537728458642959595e-01
1.804541349411010742e-01 2.445208132266998291e-01 1.172154396772384644e-01 2.604884207248687744e-01 -3.662879765033721924e-01 -3.794376850128173828e-01 -2.384413331747055054e-01 1.787807941436767578e-01
4.499007016420364380e-02 -1.059770509600639343e-01 1.308153122663497925e-01 -2.941094934940338135e-01 -3.136011660099029541e-01 -2.589414715766906738e-01 -1.780441850423812866e-01 -1.922592669725418091e-01
1.230904608964920044e-01 -3.002527952194213867e-01 -1.279072761535644531e-01 -2.450974425300955772e-03 -1.382012069225311279e-01 2.974845282733440399e-02 7.908225059509277344e-02 2.405186295509338379e-01
