-2.453816831111907959e-01 -2.994784414768218994e-01 6.787203252315521240e-02 1.465818136930465698e-01 -3.622203171253204346e-01 -2.518697269260883331e-02 3.169798851013183594e-01
-1.549264043569564819e-01 -1.377490758895874023e-01 -3.112213909626007080e-01 -3.148778378963470459e-01 3.327248394489288330e-01 -5.983552709221839905e-02 2.671474218368530273e-01
-3.182208240032196045e-01 -2.572667300701141357e-01 -2.490235567092895508e-01 2.001660168170928955e-01 2.411804497241973877e-01 -7.508900016546249390e-02 2.275678068399429321e-01
1.649091392755508423e-01 -2.737297713756561279e-01 -2.652965299785137177e-02 -1.551080942153930664e-01 1.061531901359558105e-01 1.472779363393783569e-01 1.376716643571853638e-01
8.991123177111148834e-03 2.145123481750488281e-01 -8.564733713865280151e-02 -4.446002840995788574e-02 -7.063694763928651810e-03 3.713277578353881836e-01 -3.221147507429122925e-02
-2.014369219541549683e-01 -3.443256020545959473e-02 3.371855020523071289e-01 -3.704777359962463379e-01 2.310522794723510742e-01 -9.758332744240760803e-03 -7.587249577045440674e-02
7.008602470159530640e-02 -3.744349479675292969e-01 -3.582729399204254150e-01 3.308850526809692383e-02 3.162341192364692688e-02 2.349717319011688232e-01 2.661589384078979492e-01
5.421697720885276794e-02 -3.423376679420471191e-01 2.584427595138549805e-01 1.133124306797981262e-01 1.338669359683990479e-01 2.812876105308532715e-01 3.119744956493377686e-01
-3.110995590686798096e-01 -1.477627158164978027e-01 -6.300809979438781738e-02 3.011344373226165771e-01 -2.959478497505187988e-01 -3.397667780518531799e-02 -3.655431568622589111e-01
1.132460683584213257e-02 -4.048018250614404678e-03 3.236426413059234619e-01 2.455092370510101318e-01 1.973863244056701660e-01 1.631471216678619385e-01 -3.561365008354187012e-01
-1.942250132560729980e-01 -3.217937350273132324e-01 4.886046424508094788e-02 2.036422789096832275e-01 2.834231853485107422e-01 -3.070454895496368408e-01 8.475954830646514893e-02
-3.293537348508834839e-02 -2.182107567787170410e-01 -3.427079916000366211e-01 -1.374091804027557373e-01 -3.164151608943939209e-01 4.076939821243286133e-02 -1.113897487521171570e-01
7.810199260711669922e-02 -1.827945113182067871e-01 3.321374058723449707e-01 -1.819963157176971436e-01 -8.747365325689315796e-02 1.982479095458984375e-01 1.063053384423255920e-01
-1.487239152193069458e-01 3.181006908416748047e-01 2.553993165493011475e-01 1.845216602087020874e-01 -2.999381395056843758e-03 4.135469496250152588e-01 3.714629113674163818e-01
1.237711608409881592e-01 -1.465287059545516968e-01 -2.036863565444946289e-01 2.064934670925140381e-01 1.072655525058507919e-02 3.433238863945007324e-01 -2.609426677227020264e-01
9.773176163434982300e-02 2.048386819660663605e-02 2.888267636299133301e-01 -1.760143488645553589e-01 -3.485974967479705811e-01 1.411255598068237305e-01 -1.447384655475616455e-01
-1.272920332849025726e-02 -1.185563206672668457e-01 2.050191313028335571e-01 -3.614849746227264404e-01 -3.558427393436431885e-01 -1.289272457361221313e-01 -3.339920938014984131e-01
-1.569038927555084229e-01 -2.047376632690429688e-01 -2.572357058525085449e-01 -2.840356156229972839e-02 2.372596859931945801e-01 3.289027214050292969e-01 1.344665437936782837e-01
-3.715662658214569092e-01 7.235156744718551636e-02 8.453259617090225220e-02 -1.853105798363685608e-02 -8.627410978078842163e-02 -3.282317221164703369e-01 -1.094190403819084167e-01
2.120459079742431641e-01 6.678180396556854248e-02 -5.246916413307189941e-02 2.918121218681335449e-01 2.651074230670928955e-01 3.696637153625488281e-01 2.951181232929229736e-01
9.074786305427551270e-02 3.296443819999694824e-01 5.964255705475807190e-02 -5.264202132821083069e-02 2.316564023494720459e-01 -1.758414953947067261e-01 2.384055852890014648e-01
-3.181423246860504150e-01 -2.304482161998748779e-01 -1.493820399045944214e-01 2.472089976072311401e-01 2.788442671298980713e-01 -6.317120790481567383e-02 2.677776813507080078e-01
1.049329712986946106e-01 3.557432293891906738e-01 4.657271131873130798e-02 -1.918251514434814453e-01 -3.767705261707305908e-01 2.317831516265869141e-01 2.006792835891246796e-02
4.388299304991960526e-03 5.440738052129745483e-02 3.267341852188110352e-01 -2.955236434936523438e-01 3.091716170310974121e-01 3.557541873306035995e-03 -1.096160113811492920e-01
3.601790666580200195e-01 6.074746698141098022e-02 2.575602233409881592e-01 -1.482057273387908936e-01 5.229485407471656799e-02 2.730058319866657257e-02 2.503225186956115067e-05
-3.575747311115264893e-01 -1.610821038484573364e-01 -1.832682788372039795e-01 2.489153146743774414e-01 1.576982587575912476e-01 -1.511532962322235107e-01 8.961431682109832764e-02
-2.040993720293045044e-01 9.085094183683395386e-02 -3.046619594097137451e-01 1.077106818556785583e-01 -2.251641899347305298e-01 -1.377595663070678711e-01 2.031625658273696899e-01
1.678773015737533569e-01 -9.204806387424468994e-02 2.567718029022216797e-01 3.225030004978179932e-01 2.392069399356842041e-01 -3.633077144622802734e-01 -1.539278030395507812e-01
-1.894687265157699585e-01 3.131210207939147949e-01 2.868714034557342529e-01 -1.547897513955831528e-02 3.845425546169281006e-01 5.565040558576583862e-02 2.153245210647583008e-01
8.473533391952514648e-02 -1.412696689367294312e-01 1.685334295034408569e-01 3.639008104801177979e-01 3.001367151737213135e-01 -1.045889407396316528e-01 -2.722074389457702637e-01
-3.836056888103485107e-01 1.267591416835784912e-01 -2.713058888912200928e-01 1.872615516185760498e-01 1.072887629270553589e-01 -1.815716773271560669e-01 3.387135565280914307e-01
-2.684685587882995605e-01 7.646003365516662598e-02 -1.544229835271835327e-01 7.215312868356704712e-02 -1.578011512756347656e-01 1.230701729655265808e-01 -3.160482347011566162e-01
1.343061029911041260e-01 6.526090204715728760e-02 -3.061009049415588379e-01 2.116905152797698975e-01 -3.579424023628234863e-01 9.227112680673599243e-02 1.267878413200378418e-01
3.004490435123443604e-01 2.988327145576477051e-01 -2.126788944005966187e-01 -9.632024914026260376e-02 -1.795376092195510864e-01 1.412047296762466431e-01 4.540558904409408569e-02
2.238016426563262939e-01 -6.757405400276184082e-02 -1.025899313390254974e-02 -3.522132635116577148e-01 -1.531908940523862839e-02 -1.167316436767578125e-01 -1.676698029041290283e-01
-1.426279395818710327e-01 3.000739216804504395e-01 -9.302206337451934814e-02 2.014975845813751221e-01 3.036968708038330078e-01 1.815259009599685669e-01 -7.916232943534851074e-02
4.388871416449546814e-02 3.454975485801696777e-01 -2.433478599414229393e-03 -2.393893897533416748e-01 7.337626814842224121e-02 1.215908862650394440e-02 -4.894537031650543213e-01
-3.650833070278167725e-01 1.667463481426239014e-01 -2.789368927478790283e-01 -7.178674638271331787e-02 2.169531397521495819e-02 -3.331496417522430420e-01 2.985067367553710938e-01
2.327473908662796021e-01 -1.727116703987121582e-01 -9.817882627248764038e-02 2.038862109184265137e-01 -2.918608300387859344e-02 -8.538645505905151367e-02 1.536636501550674438e-01
-5.436091125011444092e-02 -7.471375167369842529e-02 2.117896676063537598e-01 3.856304585933685303e-01 -8.030928671360015869e-03 1.674958318471908569e-01 -3.207226097583770752e-01
3.702861964702606201e-01 -2.439388036727905273e-01 -9.239163994789123535e-02 3.796425834298133850e-02 -4.201552644371986389e-02 2.760721743106842041e-01 -3.401220142841339111e-01
-2.731499373912811279e-01 -9.040098637342453003e-02 5.075661838054656982e-02 -2.110428959131240845e-01 -1.946887075901031494e-01 -2.916880324482917786e-02 1.885507404804229736e-01
-2.225142866373062134e-01 3.554859161376953125e-01 -1.222344348207116127e-03 -2.363662719726562500e-01 -2.448210120201110840e-01 7.987381517887115479e-02 -1.523288041353225708e-01
1.156457737088203430e-01 -3.437390923500061035e-02 -3.254314959049224854e-01 -1.376780718564987183e-01 -2.786834836006164551e-01 -3.536818921566009521e-01 -3.655477464199066162e-01
2.854944765567779541e-01 -2.939930558204650879e-01 1.804326176643371582e-01 -1.301011294126510620e-01 -1.819045543670654297e-01 1.689333654940128326e-02 -3.007347285747528076e-01
2.064954340457916260e-01 -3.613075017929077148e-01 -5.658677965402603149e-02 3.363419473171234131e-01 -3.064361810684204102e-01 1.721693128347396851e-01 -9.152156859636306763e-02
-2.460132539272308350e-01 3.326763510704040527e-01 2.521083056926727295e-01 1.440437883138656616e-01 3.521444201469421387e-01 3.307586014270782471e-01 -2.116619944572448730e-01
-1.515173017978668213e-01 3.727047443389892578e-01 7.495198398828506470e-02 2.061121910810470581e-02 1.163315847516059875e-01 -3.474796116352081299e-01 -4.594018682837486267e-02
1.362061034888029099e-02 -4.602865874767303467e-02 3.484398424625396729e-01 1.849280148744583130e-01 3.382416069507598877e-01 3.138397037982940674e-01 -3.518886268138885498e-01
1.292711794376373291e-01 -4.420889541506767273e-02 2.797916829586029053e-01 -3.208520114421844482e-01 -1.224385723471641541e-01 -1.583999954164028168e-02 -8.493356406688690186e-02
8.645574003458023071e-02 -3.100055456161499023e-01 2.877306640148162842e-01 2.012516558170318604e-01 3.585626780986785889e-01 2.963618636131286621e-01 -3.231113078072667122e-03
9.674016386270523071e-02 -1.412237286567687988e-01 -3.076863884925842285e-01 -1.555864214897155762e-01 -4.082303047180175781e-01 -8.885002881288528442e-02 6.960207223892211914e-02
3.266760706901550293e-01 -5.072285607457160950e-02 -1.002092212438583374e-01 2.245451509952545166e-01 -1.325536239892244339e-02 -3.151432871818542480e-01 -3.451724946498870850e-01
-3.638511598110198975e-01 2.257814854383468628e-01 2.996311187744140625e-01 4.192124679684638977e-02 -1.069553047418594360e-01 1.146069988608360291e-01 -1.760182827711105347e-01
3.115274384617805481e-02 7.465636730194091797e-02 1.195939704775810242e-01 -3.280090391635894775e-01 1.654682606458663940e-01 2.959620356559753418e-01 8.800670504570007324e-02
-3.023152053356170654e-01 1.220373902469873428e-02 2.863066196441650391e-01 -1.138113811612129211e-01 1.326340585947036743e-01 -3.224834501743316650e-01 -2.082444578409194946e-01
3.189348876476287842e-01 -4.004837479442358017e-03 3.177478313446044922e-01 9.323380887508392334e-02 2.603690922260284424e-01 5.417840555310249329e-02 -1.102213934063911438e-01
-3.018963336944580078e-01 -6.752969324588775635e-02 -2.672683894634246826e-01 2.478566467761993408e-01 3.091984614729881287e-02 6.058141961693763733e-02 -2.691240310668945312e-01
4.357520118355751038e-02 3.781367540359497070e-01 1.411208957433700562e-01 -3.112903833389282227e-01 -2.210509330034255981e-01 -2.818627655506134033e-01 -3.001036047935485840e-01
-1.448009014129638672e-01 2.533012926578521729e-01 2.421234846115112305e-01 2.289733141660690308e-01 -2.146773785352706909e-01 -1.765717267990112305e-01 2.878118455410003662e-01
-1.409288048744201660e-01 2.244214266538619995e-01 5.598860979080200195e-02 -2.898867130279541016e-01 2.822802066802978516e-01 2.000173777341842651e-01 -1.768276095390319824e-01
2.762368619441986084e-01 -2.231761515140533447e-01 -7.154628634452819824e-02 -1.502099037170410156e-01 -1.698928773403167725e-01 -3.538746535778045654e-01 -1.688379347324371338e-01
2.073074877262115479e-01 5.997883155941963196e-02 3.628107905387878418e-01 7.667297124862670898e-02 1.372608244419097900e-01 1.828676313161849976e-01 -9.355934709310531616e-02
9.546776418574154377e-04 -3.281098902225494385e-01 3.186896070837974548e-02 -3.447194099426269531e-01 9.580968320369720459e-02 -2.131004780530929565e-01 2.743778228759765625e-01
1.230266988277435303e-01 -1.857512891292572021e-01 1.685783118009567261e-01 -2.902908921241760254e-01 3.566552698612213135e-01 -2.406447082757949829e-01 -2.248057425022125244e-01
-8.917787112295627594e-03 -1.439282149076461792e-01 1.980460248887538910e-02 -2.846507430076599121e-01 1.982985585927963257e-01 2.989374697208404541e-01 -1.562412828207015991e-01
-3.469614684581756592e-01 -3.735275566577911377e-02 3.649338483810424805e-01 1.857742294669151306e-02 2.663843333721160889e-01 2.798701822757720947e-01 1.367936432361602783e-01
1.121100485324859619e-01 2.544976770877838135e-01 4.975962266325950623e-02 3.304624855518341064e-01 2.775140106678009033e-01 2.973783016204833984e-01 -2.934853434562683105e-01
1.422500908374786377e-01 -3.679115176200866699e-01 -2.612926363945007324e-01 2.017745822668075562e-01 2.294967621564865112e-01 3.317985683679580688e-02 1.140044555068016052e-01
-2.615786790847778320e-01 -2.591463923454284668e-01 -3.729398548603057861e-01 1.716395840048789978e-02 -2.917702198028564453e-01 -1.339381039142608643e-01 -3.574444651603698730e-01
3.682433068752288818e-01 -8.574734628200531006e-02 -3.627405166625976562e-01 -6.604267656803131104e-02 1.105626001954078674e-01 1.527050137519836426e-01 -9.412780404090881348e-02
2.002396881580352783e-01 6.806122511625289917e-02 2.451669424772262573e-01 1.884572803974151611e-01 -1.082803308963775635e-01 -2.469372376799583435e-02 7.450285553932189941e-02
3.914552927017211914e-01 -4.862156510353088379e-02 9.316577017307281494e-02 -1.077384799718856812e-01 -3.206263780593872070e-01 1.378548741340637207e-01 3.132816031575202942e-02
-2.542764842510223389e-01 3.569372594356536865e-01 -1.707353293895721436e-01 -1.225582063198089600e-01 -2.752178348600864410e-02 2.657261788845062256e-01 -2.582770287990570068e-01
3.502506017684936523e-01 1.918135583400726318e-01 1.891537904739379883e-01 -2.773128151893615723e-01 -1.686808913946151733e-01 3.584784641861915588e-02 2.794349193572998047e-01
1.221029013395309448e-01 -1.998680457472801208e-02 1.220337525010108948e-01 -2.692413032054901123e-01 -1.086006313562393188e-02 -3.144587278366088867e-01 -1.069904938340187073e-01
1.255567185580730438e-02 9.572223760187625885e-03 2.522202394902706146e-02 1.427525132894515991e-01 3.201324641704559326e-01 -1.911695450544357300e-01 2.270274609327316284e-02
-3.516898304224014282e-02 -1.972321122884750366e-01 1.247442215681076050e-01 4.091992378234863281e-01 -4.565237555652856827e-03 -8.890496194362640381e-02 3.130888342857360840e-01
-1.219273358583450317e-01 2.069281637668609619e-01 -1.051677614450454712e-01 -1.675625704228878021e-02 3.216330409049987793e-01 -1.669479012489318848e-01 1.759924292564392090e-01
-8.658953756093978882e-02 -2.046001851558685303e-01 -1.056921854615211487e-01 4.694628994911909103e-03 2.769920825958251953e-01 2.333013564348220825e-01 7.923535257577896118e-02
2.337541133165359497e-01 -2.966273725032806396e-01 2.073179632425308228e-01 -1.739003658294677734e-01 -2.822169065475463867e-01 1.423595249652862549e-01 1.357189267873764038e-01
1.466173399239778519e-02 3.424647450447082520e-01 3.579591214656829834e-01 -5.587679892778396606e-02 1.958100683987140656e-02 7.842972874641418457e-03 2.574167549610137939e-01
1.421120464801788330e-01 5.279751494526863098e-02 -3.450320661067962646e-01 5.973933637142181396e-02 2.180522233247756958e-01 -3.229601085186004639e-01 1.414367854595184326e-01
-1.236149221658706665e-01 2.024618536233901978e-01 3.528002500534057617e-01 4.478082526475191116e-03 -2.555910348892211914e-01 -1.774850115180015564e-02 -1.574099510908126831e-01
1.294572353363037109e-01 -3.302942216396331787e-01 -2.199947237968444824e-01 -9.127938747406005859e-02 -1.447179168462753296e-02 -1.866866834461688995e-02 3.007762432098388672e-01
2.247750759124755859e-01 -1.967815160751342773e-01 2.348495721817016602e-01 -1.112992763519287109e-01 1.790643185377120972e-01 2.188770622014999390e-01 1.589432507753372192e-01
-1.874610334634780884e-01 2.551676630973815918e-01 3.115177154541015625e-01 -3.531038761138916016e-01 -1.006695628166198730e-01 2.351224571466445923e-01 -3.186998069286346436e-01
-3.369598388671875000e-01 -1.977679133415222168e-01 3.761916160583496094e-01 6.446595489978790283e-02 1.353641897439956665e-01 -9.939256310462951660e-02 2.177803814411163330e-01
-2.054171860218048096e-01 -1.927915960550308228e-01 1.068824455142021179e-01 -2.107055038213729858e-01 1.636101119220256805e-02 -1.254904121160507202e-01 7.449663430452346802e-02
-3.588847219944000244e-01 2.496558278799057007e-01 3.592554032802581787e-01 -3.469338119029998779e-01 6.494226306676864624e-02 -3.437681794166564941e-01 1.148568764328956604e-01
-9.469265490770339966e-02 -2.959788739681243896e-01 -2.996983528137207031e-01 -1.998037844896316528e-01 -9.439861774444580078e-02 -1.608087569475173950e-01 3.379371762275695801e-01
3.211664855480194092e-01 2.740828096866607666e-01 2.861450314521789551e-01 -2.905464768409729004e-01 -3.129409551620483398e-01 -3.254580795764923096e-01 -1.701605468988418579e-01
-3.337326943874359131e-01 9.807276725769042969e-02 2.738956511020660400e-01 2.685802876949310303e-01 -4.462683945894241333e-02 2.564574480056762695e-01 -2.091623991727828979e-01
3.506445512175559998e-02 -2.677711099386215210e-02 2.418394982814788818e-01 2.787542045116424561e-01 8.982576429843902588e-02 2.592268586158752441e-01 1.941634863615036011e-01
3.259132802486419678e-01 -1.991490125656127930e-01 2.486501634120941162e-01 -3.690850436687469482e-01 -2.026636749505996704e-01 -4.805436730384826660e-02 1.173002272844314575e-01
-2.622634731233119965e-02 2.904315590858459473e-01 -3.263420760631561279e-01 -4.395948257297277451e-03 -7.898972928524017334e-02 -1.586231589317321777e-01 1.002703532576560974e-01
-7.739075273275375366e-02 3.596307039260864258e-01 -4.948386177420616150e-02 -2.448555380105972290e-01 3.279103636741638184e-01 -2.560135424137115479e-01 -1.290249079465866089e-01
2.125515639781951904e-01 3.047415316104888916e-01 1.055609732866287231e-01 -3.338141441345214844e-01 -1.245581582188606262e-01 -1.248185783624649048e-01 2.210077792406082153e-01
1.196919679641723633e-01 -3.060891628265380859e-01 4.653422627598047256e-03 -3.590965569019317627e-01 2.045981884002685547e-01 3.577586710453033447e-01 4.613688588142395020e-02
1.044194176793098450e-01 2.529810667037963867e-01 9.277896583080291748e-02 1.513832658529281616e-01 1.778959035873413086e-01 5.921126902103424072e-02 -7.674615830183029175e-02
-6.400804501026868820e-03 1.793982982635498047e-01 3.775025904178619385e-01 6.333049386739730835e-02 3.692729771137237549e-01 3.176175951957702637e-01 -3.697685301303863525e-01
4.941540583968162537e-02 3.218173682689666748e-01 2.440319806337356567e-01 3.150061070919036865e-01 -6.875167600810527802e-03 2.499184906482696533e-01 2.761567234992980957e-01
2.255336940288543701e-01 2.813225388526916504e-01 -1.607519686222076416e-01 -8.515822142362594604e-02 3.041606843471527100e-01 -1.750219464302062988e-01 3.643696606159210205e-01
-1.628386527299880981e-01 1.311033777892589569e-02 -2.289725095033645630e-01 2.194887995719909668e-01 3.707050085067749023e-01 -1.585175842046737671e-01 1.102819517254829407e-01
-3.315344154834747314e-01 1.212910562753677368e-01 1.773105859756469727e-01 -1.207331195473670959e-02 9.852548688650131226e-02 -1.728025972843170166e-01 3.535916209220886230e-01
-2.479198575019836426e-01 1.569468826055526733e-01 1.515527069568634033e-01 -1.799104064702987671e-01 3.088264465332031250e-01 7.387232780456542969e-02 7.606957852840423584e-02
3.462415635585784912e-01 -9.771728515625000000e-02 -4.396098479628562927e-02 -3.689152300357818604e-01 -1.497459858655929565e-01 -2.712973058223724365e-01 -3.040001690387725830e-01
8.405358344316482544e-02 -1.869774460792541504e-01 1.886021941900253296e-01 3.285513222217559814e-01 -1.709876358509063721e-01 1.856985092163085938e-01 1.316796988248825073e-01
6.356030702590942383e-02 -3.547428548336029053e-02 -6.420747935771942139e-02 -2.103234231472015381e-01 -9.038066864013671875e-02 2.581144571304321289e-01 2.788577377796173096e-01
9.844782203435897827e-02 1.903372406959533691e-01 1.921945959329605103e-01 1.918192356824874878e-01 3.558157086372375488e-01 1.357736587524414062e-01 -9.112104028463363647e-02
1.522430926561355591e-01 2.561511695384979248e-01 7.382484525442123413e-02 3.326822817325592041e-01 3.589861392974853516e-01 2.234023362398147583e-01 -1.341944932937622070e-01
-3.515888154506683350e-01 -1.073033362627029419e-01 2.272871881723403931e-02 -1.760614812374114990e-01 -1.304385811090469360e-01 -3.024052083492279053e-01 8.002128452062606812e-02
-1.762170195579528809e-01 2.825344800949096680e-01 -1.748115420341491699e-01 -4.582517966628074646e-02 -1.348610818386077881e-01 8.608662337064743042e-02 -3.437388539314270020e-01
-2.715971134603023529e-02 -4.812222719192504883e-02 6.847774982452392578e-02 2.481100261211395264e-01 -9.383758157491683960e-02 -1.996024847030639648e-01 -3.151693344116210938e-01
-1.478276401758193970e-01 -5.642183497548103333e-02 -1.815306395292282104e-01 3.348173201084136963e-01 -1.096922308206558228e-01 3.291577994823455811e-01 1.399532109498977661e-01
9.513424336910247803e-02 8.175076916813850403e-03 1.133827716112136841e-01 2.997562885284423828e-01 -3.192778825759887695e-01 -4.706424660980701447e-03 -2.398588806390762329e-01
1.869111061096191406e-01 5.214703083038330078e-02 1.358863264322280884e-01 -3.504944145679473877e-01 -1.768602728843688965e-01 -4.946883395314216614e-02 -1.591785103082656860e-01
2.777496576309204102e-01 4.365033656358718872e-02 -2.650936543941497803e-01 -3.255609273910522461e-01 4.325368255376815796e-02 2.863324284553527832e-01 7.733674347400665283e-02
-7.415816932916641235e-02 -2.794560194015502930e-01 3.709751069545745850e-01 -2.158538699150085449e-01 2.954649925231933594e-01 -2.563765048980712891e-01 3.750308752059936523e-01
-3.642521798610687256e-01 6.394361704587936401e-02 -2.224133461713790894e-01 -2.942861914634704590e-01 3.090224862098693848e-01 -3.491412997245788574e-01 -2.385363727807998657e-01
3.157036900520324707e-01 -3.396239578723907471e-01 3.202579617500305176e-01 1.802648231387138367e-02 8.981732279062271118e-02 1.147284135222434998e-01 -3.784550130367279053e-01
1.721667796373367310e-01 -3.201878070831298828e-01 3.690609931945800781e-01 8.610736578702926636e-03 -1.404841244220733643e-01 -5.888050794601440430e-02 2.291836440563201904e-01
3.162334859371185303e-01 1.151283979415893555e-01 -2.343462705612182617e-01 3.302110135555267334e-01 3.462405800819396973e-01 -5.872900411486625671e-02 -1.104493960738182068e-01
-3.366664350032806396e-01 -1.384842544794082642e-01 2.439846545457839966e-01 -2.008569985628128052e-01 -2.345855832099914551e-01 2.079544812440872192e-01 3.180821835994720459e-01
-9.940617717802524567e-03 3.455023467540740967e-01 -3.661028742790222168e-01 -2.193198055028915405e-01 -2.017497830092906952e-02 -3.182611465454101562e-01 -7.870426774024963379e-02
-2.302055805921554565e-01 -1.985243409872055054e-01 2.700950801372528076e-01 -1.114515704102814198e-03 -1.803421527147293091e-01 3.451062142848968506e-01 -1.290106028318405151e-01
6.399565190076828003e-02 3.283282816410064697e-01 -2.653685212135314941e-01 -3.902212083339691162e-01 2.667687535285949707e-01 -1.762485802173614502e-01 -2.328075468540191650e-01
-3.420971930027008057e-01 2.398215979337692261e-01 -3.754998147487640381e-01 1.035708263516426086e-01 -3.405526876449584961e-01 9.655430167913436890e-02 -3.487163037061691284e-02
-2.465054690837860107e-01 1.475298255681991577e-01 -3.054386377334594727e-01 3.786056339740753174e-01 -2.171442508697509766e-01 -3.656288385391235352e-01 -2.784947156906127930e-01
6.256008148193359375e-02 -3.716709613800048828e-01 -1.771074980497360229e-01 2.035099267959594727e-01 -8.438431471586227417e-02 2.678517811000347137e-02 -2.641650736331939697e-01
-3.371852636337280273e-01 1.469685286283493042e-01 -9.802240878343582153e-02 -3.727070391178131104e-01 -1.076853647828102112e-01 -2.290146201848983765e-01 -2.760572433471679688e-01
-2.094903439283370972e-01 2.317325025796890259e-01 1.641845405101776123e-01 1.330785900354385376e-01 -1.032626032829284668e-01 -6.666105240583419800e-02 3.530134260654449463e-01
1.162328664213418961e-02 1.782227456569671631e-01 -2.936859987676143646e-02 -1.502856016159057617e-01 1.536560617387294769e-02 -2.708446383476257324e-01 5.996897444128990173e-02
-3.716146349906921387e-01 8.715303242206573486e-02 -1.991605758666992188e-02 3.178245425224304199e-01 1.763865947723388672e-01 1.692214310169219971e-01 1.035930439829826355e-01
9.808723628520965576e-02 -3.589109182357788086e-01 2.656043171882629395e-01 -4.863927513360977173e-02 -7.443861663341522217e-02 2.622271776199340820e-01 -2.785747647285461426e-01
-3.692461848258972168e-01 -2.958174347877502441e-01 -1.765543222427368164e-01 -3.106703460216522217e-01 -1.179897575639188290e-03 1.770978122949600220e-01 2.429231256246566772e-01
5.477146804332733154e-02 9.082403965294361115e-03 2.599934637546539307e-01 -5.867423117160797119e-02 -2.170982658863067627e-01 -3.748205900192260742e-01 -3.304741084575653076e-01
1.480740606784820557e-01 -1.560354232788085938e-01 -3.057364523410797119e-01 3.532049059867858887e-01 -3.666166067123413086e-01 -2.013529092073440552e-01 2.930845320224761963e-01
6.242562085390090942e-02 -3.259979188442230225e-01 2.507226467132568359e-01 -2.381934076547622681e-01 6.367266178131103516e-02 5.550134554505348206e-02 2.109230309724807739e-01
-2.574006915092468262e-01 -2.486119568347930908e-01 -2.430838048458099365e-01 3.047958314418792725e-01 3.687210381031036377e-01 9.033144451677799225e-03 -6.260547786951065063e-02
3.465040326118469238e-01 -1.215498670935630798e-01 -3.683678507804870605e-01 2.198506295680999756e-01 3.747550845146179199e-01 1.022480204701423645e-01 -4.296498373150825500e-02
-1.465914845466613770e-01 -1.279471218585968018e-01 1.874107420444488525e-01 1.667774319648742676e-01 2.808834314346313477e-01 -3.771955072879791260e-01 -3.631307482719421387e-01
-1.065404787659645081e-01 -2.596165537834167480e-01 2.358673512935638428e-01 -3.719508945941925049e-01 -2.429727166891098022e-01 3.288635239005088806e-02 3.413125276565551758e-01
-8.419597148895263672e-02 -2.977859973907470703e-01 3.442972525954246521e-02 3.281814455986022949e-01 1.378147006034851074e-01 1.234986707568168640e-01 -9.705606848001480103e-03
3.897984325885772705e-02 3.206099569797515869e-02 -1.266612112522125244e-01 7.826173305511474609e-02 1.506156027317047119e-01 1.536148786544799805e-01 7.364551071077585220e-03
-2.172450572252273560e-01 -2.548666298389434814e-01 -2.246117033064365387e-02 -2.885016202926635742e-01 -1.537507921457290649e-01 3.287854790687561035e-01 1.874166727066040039e-01
-1.723706871271133423e-01 5.944386124610900879e-02 -3.315424919128417969e-01 1.941025406122207642e-01 4.332685172557830811e-01 8.963300287723541260e-02 3.464880585670471191e-01
2.840753644704818726e-02 -3.202231228351593018e-01 2.321795821189880371e-01 1.856392771005630493e-01 -2.137835919857025146e-01 2.242518356069922447e-03 3.502376675605773926e-01
-1.266098767518997192e-01 -9.182925522327423096e-02 1.721466779708862305e-01 -2.304115891456604004e-01 2.460812926292419434e-01 -3.022318780422210693e-01 -6.642759591341018677e-02
-3.598386421799659729e-02 1.284546554088592529e-01 -2.475646287202835083e-01 -2.262841463088989258e-01 -3.143810331821441650e-01 1.106371730566024780e-01 -3.310168683528900146e-01
-3.084796071052551270e-01 2.135331481695175171e-01 -2.885895073413848877e-01 1.886188536882400513e-01 -3.188383579254150391e-01 -2.192387282848358154e-01 2.800271511077880859e-01
-2.326260507106781006e-02 -3.388655185699462891e-01 -1.860972344875335693e-01 -2.644738554954528809e-01 -1.682561188936233521e-01 3.572099804878234863e-01 1.363624036312103271e-01
2.346495911478996277e-02 -2.264553159475326538e-01 -1.991104148328304291e-02 -2.056278735399246216e-01 6.892523914575576782e-02 -2.422411143779754639e-01 -3.253660202026367188e-01
-2.608171999454498291e-01 2.399943172931671143e-01 -9.119424968957901001e-02 -4.038649052381515503e-02 2.140688002109527588e-01 2.282837182283401489e-01 -2.258256077766418457e-02
-2.734917402267456055e-01 -1.674363017082214355e-01 -1.296232640743255615e-01 6.332803517580032349e-02 -3.399192392826080322e-01 5.003399029374122620e-02 2.795359194278717041e-01
-2.986201345920562744e-01 -2.068954706192016602e-01 6.986957043409347534e-02 -8.827567845582962036e-02 3.177554532885551453e-02 4.200537875294685364e-02 -3.090925216674804688e-01
-2.302364706993103027e-01 4.626467358320951462e-03 1.456008255481719971e-01 -9.709454327821731567e-02 -3.089961409568786621e-01 -3.233824968338012695e-01 -2.818630933761596680e-01
-1.762471720576286316e-02 -2.609953284263610840e-01 -3.812101483345031738e-01 -1.718790531158447266e-01 -2.105120867490768433e-01 -3.301354646682739258e-01 3.673613667488098145e-01
-2.829315364360809326e-01 2.936756312847137451e-01 -1.456092298030853271e-01 4.576402157545089722e-02 1.132213547825813293e-01 -2.361534982919692993e-01 -2.387736588716506958e-01
-1.201799735426902771e-01 3.547811508178710938e-02 3.334792554378509521e-01 -2.218433171510696411e-01 5.210248380899429321e-02 2.210555076599121094e-01 -1.173130795359611511e-01
3.608826994895935059e-01 3.663344681262969971e-01 -3.331583440303802490e-01 -1.852049529552459717e-01 4.944870248436927795e-02 1.348227262496948242e-02 -8.260493725538253784e-02
-1.045650690793991089e-01 -1.600695699453353882e-01 -1.669166833162307739e-01 -5.584935098886489868e-02 -3.126081451773643494e-02 3.414987027645111084e-01 -2.850842177867889404e-01
-1.002061739563941956e-02 -1.286909133195877075e-01 2.061362266540527344e-01 -6.256997585296630859e-02 -2.526085972785949707e-01 -5.149250477552413940e-02 -2.100263535976409912e-01
2.645717263221740723e-01 2.270569503307342529e-01 -1.469736099243164062e-01 -3.221725523471832275e-01 1.594245806336402893e-02 -2.582467794418334961e-01 2.751590013504028320e-01
-2.693076729774475098e-01 1.757020950317382812e-01 3.177371025085449219e-01 -1.393460780382156372e-01 -2.038987725973129272e-01 1.334323883056640625e-01 -1.299118902534246445e-02
-4.136503115296363831e-02 -2.796438038349151611e-01 -3.095409274101257324e-01 -4.977903445251286030e-04 2.987000644207000732e-01 2.779776453971862793e-01 -3.127288222312927246e-01
2.044140994548797607e-01 -1.696529537439346313e-01 -3.792678117752075195e-01 -2.930502593517303467e-01 1.479628216475248337e-02 6.347839534282684326e-02 -4.474430531263351440e-02
-3.015941977500915527e-01 1.678285896778106689e-01 1.394335478544235229e-01 3.364158868789672852e-01 -1.318603754043579102e-01 -9.112600982189178467e-02 9.062965214252471924e-02
2.831299789249897003e-02 -2.068567574024200439e-01 2.572721056640148163e-02 1.535166800022125244e-01 -3.869380652904510498e-01 3.643842786550521851e-02 -1.496721506118774414e-01
-4.454639554023742676e-02 -3.267779648303985596e-01 3.017689287662506104e-01 -1.148577779531478882e-01 1.545007526874542236e-01 3.962534368038177490e-01 -1.184181869029998779e-01
3.303250074386596680e-01 2.363321334123611450e-01 -3.729039132595062256e-01 -2.693492174148559570e-01 -3.349566161632537842e-01 -2.222944051027297974e-01 1.468686908483505249e-01
9.270577132701873779e-02 -6.264124810695648193e-02 -2.151859551668167114e-01 -1.683031171560287476e-01 1.267850250005722046e-01 -3.910175859928131104e-01 -2.275960445404052734e-01
3.154986500740051270e-01 3.622893393039703369e-01 2.960448265075683594e-01 -1.719709038734436035e-01 3.095998466014862061e-01 -2.708626091480255127e-01 4.742423072457313538e-02
-1.915062069892883301e-01 3.377579748630523682e-01 1.340194344520568848e-01 2.530922889709472656e-01 2.294329851865768433e-01 -1.981612294912338257e-01 2.869464159011840820e-01
-4.734032973647117615e-02 2.610112130641937256e-01 2.484146133065223694e-02 -4.009212851524353027e-01 2.291639149188995361e-01 -2.731919884681701660e-01 -1.566942036151885986e-01
3.082551658153533936e-01 -3.353952467441558838e-01 3.628385066986083984e-01 -9.710621088743209839e-02 -2.295804321765899658e-01 -2.040107846260070801e-01 3.282933235168457031e-01
2.573122978210449219e-01 2.411842495203018188e-01 -2.482207119464874268e-01 -2.321515530347824097e-01 1.377944946289062500e-01 -2.670068442821502686e-01 2.203376889228820801e-01
-1.203341484069824219e-01 -6.661453098058700562e-02 3.474492132663726807e-01 1.821999102830886841e-01 -9.332235157489776611e-02 3.230219781398773193e-01 -3.112732768058776855e-01
-3.264237344264984131e-01 3.497540578246116638e-02 -8.366213738918304443e-02 -1.361058801412582397e-01 1.863813847303390503e-01 1.706803590059280396e-01 -9.367609024047851562e-02
3.161637783050537109e-01 1.393892467021942139e-01 -2.906727492809295654e-01 8.985997736454010010e-02 -9.037262201309204102e-02 -1.922858059406280518e-01 -1.646308600902557373e-01
-1.870127469301223755e-01 3.270558416843414307e-01 -1.604030728340148926e-01 2.547707967460155487e-02 -3.363254070281982422e-01 -2.343270331621170044e-01 4.363051056861877441e-02
-1.453302949666976929e-01 -3.002550601959228516e-01 3.352906107902526855e-01 1.215134784579277039e-01 -5.792775377631187439e-02 -2.432984411716461182e-01 3.549275994300842285e-01
2.292590402066707611e-02 2.705408036708831787e-01 -1.972296983003616333e-01 1.174851134419441223e-01 -1.418981999158859253e-01 2.317182719707489014e-01 7.683621346950531006e-02
2.089554816484451294e-01 -2.977389097213745117e-01 1.815747022628784180e-01 -1.650634109973907471e-01 -3.621627688407897949e-01 -1.373465210199356079e-01 3.538196682929992676e-01
1.156604886054992676e-01 -1.661057621240615845e-01 1.460992544889450073e-01 2.746636606752872467e-02 -3.123025596141815186e-01 -2.463142760097980499e-02 2.948125600814819336e-01
-8.835799247026443481e-02 1.797418594360351562e-01 2.623977661132812500e-01 4.877388849854469299e-02 3.156929016113281250e-01 -3.261012136936187744e-01 7.279068231582641602e-02
-3.280711546540260315e-02 1.009904220700263977e-02 1.668363958597183228e-01 -1.393756121397018433e-01 -3.191078305244445801e-01 3.309203982353210449e-01 -2.527818679809570312e-01
2.366059869527816772e-01 -1.256878674030303955e-01 -2.080101817846298218e-01 3.128484487533569336e-01 -8.480927348136901855e-02 -1.930359005928039551e-01 -1.722614169120788574e-01
5.406214389950037003e-03 -6.244330853223800659e-02 -2.073022872209548950e-01 5.020260810852050781e-02 -2.199373841285705566e-01 1.392997205257415771e-01 -3.665054738521575928e-01
-9.054338932037353516e-02 3.085181415081024170e-01 -2.093521058559417725e-01 -3.305933773517608643e-01 4.801961779594421387e-02 -1.286419630050659180e-01 1.968456991016864777e-02
2.615548372268676758e-01 -3.039749264717102051e-01 1.138678342103958130e-01 1.318559199571609497e-01 -3.259605765342712402e-01 1.938766837120056152e-01 -1.991459876298904419e-01
-1.910317875444889069e-02 5.013995990157127380e-02 1.998776197433471680e-01 1.715832203626632690e-01 -6.638336926698684692e-02 -3.156172037124633789e-01 2.953364253044128418e-01
2.771154940128326416e-01 -2.105436287820339203e-03 -1.109010875225067139e-01 -4.507075995206832886e-02 -2.842166423797607422e-01 -4.938164353370666504e-02 -2.828059792518615723e-01
1.988895796239376068e-02 -2.845957875251770020e-01 -3.222725391387939453e-01 -2.303105145692825317e-01 3.533857464790344238e-01 -2.344164252281188965e-01 -3.776646256446838379e-01
-2.350434213876724243e-01 1.771528571844100952e-01 1.556566208600997925e-01 -3.369328677654266357e-01 2.048897296190261841e-01 1.283532679080963135e-01 -3.486233353614807129e-01
2.090908139944076538e-01 3.104502260684967041e-01 2.892039418220520020e-01 3.256638050079345703e-01 9.155577421188354492e-02 2.299688309431076050e-01 -3.163945376873016357e-01
2.292430847883224487e-01 -2.010457515716552734e-01 -1.640140637755393982e-02 -2.352117747068405151e-01 7.709369808435440063e-02 -2.136408686637878418e-01 2.854468524456024170e-01
-3.429391086101531982e-01 2.732210755348205566e-01 3.007692694664001465e-01 -8.026012033224105835e-02 3.073757141828536987e-02 2.159044705331325531e-02 6.211353093385696411e-02
-3.176115155220031738e-01 2.536153197288513184e-01 -2.255993336439132690e-01 -7.137507665902376175e-03 1.176362782716751099e-01 -9.365370124578475952e-02 -3.764803707599639893e-01
-1.254805773496627808e-01 -1.730882525444030762e-01 -5.935568735003471375e-02 -2.263827323913574219e-01 4.029420912265777588e-01 -3.042223751544952393e-01 3.034282028675079346e-01
