-3.426049053668975830e-01 9.390285611152648926e-02 -1.459309756755828857e-01 -9.065080434083938599e-02 -2.101071178913116455e-02 -3.354914188385009766e-01 -1.188110187649726868e-01
3.329509869217872620e-02 6.542132701724767685e-03 1.916569173336029053e-01 -3.028643429279327393e-01 6.409618258476257324e-02 7.695803791284561157e-02 2.356269210577011108e-01
2.648558914661407471e-01 -8.170800656080245972e-02 7.804943621158599854e-02 3.649756014347076416e-01 8.948230743408203125e-02 1.301697194576263428e-01 -7.402303069829940796e-02
-1.474394276738166809e-02 1.180935800075531006e-01 1.235952079296112061e-01 2.323651313781738281e-01 7.952981442213058472e-02 2.617250680923461914e-01 3.524031043052673340e-01
-2.786059379577636719e-01 -2.967380285263061523e-01 -7.582464069128036499e-02 -1.593226194381713867e-01 -2.860315144062042236e-01 3.156054019927978516e-01 3.468319475650787354e-01
-3.130612373352050781e-01 2.698987126350402832e-01 -1.988603472709655762e-01 -2.031508237123489380e-01 1.957269608974456787e-01 8.072637766599655151e-02 -2.433765530586242676e-01
-2.207471579313278198e-01 2.939573228359222412e-01 -5.746788531541824341e-02 -1.262824088335037231e-01 2.068023383617401123e-01 9.642948955297470093e-02 -3.486886620521545410e-01
3.536438047885894775e-01 3.529856801033020020e-01 1.438867747783660889e-01 2.335609942674636841e-01 -2.516751885414123535e-01 3.547360002994537354e-01 2.149292826652526855e-01
1.896934816613793373e-03 2.014568895101547241e-01 7.112517207860946655e-02 -1.459193974733352661e-01 3.976304084062576294e-02 -1.246771216392517090e-01 3.198047280311584473e-01
1.992969363927841187e-01 -1.962162926793098450e-02 -5.571349337697029114e-02 -7.254622876644134521e-02 -1.117085963487625122e-01 1.877205669879913330e-01 3.586060702800750732e-01
4.716037213802337646e-02 -1.155542861670255661e-02 1.209318339824676514e-01 -1.257260888814926147e-02 1.276545226573944092e-01 -1.920791715383529663e-02 2.028321474790573120e-01
1.761115714907646179e-02 -2.022462189197540283e-01 -3.829693496227264404e-01 -2.217995077371597290e-01 7.399708777666091919e-02 2.382707297801971436e-01 -3.338671922683715820e-01
-3.296907618641853333e-02 -3.297457695007324219e-01 -3.702693581581115723e-01 9.506960213184356689e-02 3.687696754932403564e-01 8.539117127656936646e-02 -2.267913371324539185e-01
-4.407697543501853943e-02 1.172463521361351013e-01 -2.917535305023193359e-01 -2.230652868747711182e-01 -3.542244732379913330e-01 1.052004843950271606e-02 1.412077695131301880e-01
-1.057111397385597229e-01 1.023000702261924744e-01 -1.555817872285842896e-01 4.989815875887870789e-02 -1.037609651684761047e-01 4.494475424289703369e-01 -1.259317696094512939e-01
3.194541931152343750e-01 5.994407832622528076e-02 1.799638271331787109e-01 1.612745672464370728e-01 -3.320055902004241943e-01 -1.927608996629714966e-01 2.739016413688659668e-01
3.428184194490313530e-03 2.160854190587997437e-01 -2.717492580413818359e-01 2.506174445152282715e-01 4.010117053985595703e-01 -2.117129862308502197e-01 2.391048371791839600e-01
7.737913727760314941e-02 -2.532951235771179199e-01 3.133362233638763428e-01 8.589525520801544189e-02 -6.929374765604734421e-03 -2.373705953359603882e-01 -2.156889289617538452e-01
-9.703048318624496460e-02 -2.205394953489303589e-01 3.528510332107543945e-01 -8.627090603113174438e-02 -2.382785826921463013e-01 -2.630336955189704895e-02 2.698756456375122070e-01
1.469129472970962524e-01 2.052465826272964478e-01 2.682821750640869141e-01 3.157263994216918945e-01 3.283558189868927002e-01 -1.803176701068878174e-01 1.276444494724273682e-01
4.539499059319496155e-02 1.937329322099685669e-01 -2.215341478586196899e-01 -2.948363125324249268e-01 1.489819884300231934e-01 1.725785732269287109e-01 1.769303828477859497e-01
-5.174022912979125977e-02 3.669763803482055664e-01 3.018275499343872070e-01 6.063415482640266418e-02 2.571894228458404541e-01 -2.187294512987136841e-01 8.433020114898681641e-02
-1.150903552770614624e-01 -3.890357613563537598e-01 -4.183129593729972839e-02 -7.777998596429824829e-02 -6.811951100826263428e-02 5.261871814727783203e-01 -1.018851902335882187e-02
1.596664786338806152e-01 1.857662796974182129e-01 1.814720183610916138e-01 2.508056461811065674e-01 1.626714915037155151e-01 7.986857742071151733e-02 -7.444944232702255249e-02
-3.473241031169891357e-01 3.508450984954833984e-01 -1.482554525136947632e-01 1.373365223407745361e-01 1.197452768683433533e-01 3.402103483676910400e-01 -2.070248872041702271e-01
5.760943889617919922e-02 -2.252616286277770996e-01 -1.299232989549636841e-02 -3.279868513345718384e-02 -1.353552639484405518e-01 -3.947181701660156250e-01 4.154617339372634888e-02
-5.675074085593223572e-02 1.896151304244995117e-01 3.749336898326873779e-01 2.224086225032806396e-01 3.421252369880676270e-01 8.112631738185882568e-02 -8.116043359041213989e-02
-1.574544608592987061e-01 -9.300456941127777100e-02 -1.957301646471023560e-01 -3.682353496551513672e-01 4.563877284526824951e-01 5.516983196139335632e-02 3.947702348232269287e-01
8.921736478805541992e-02 -3.497542738914489746e-01 6.484609842300415039e-02 -6.931862980127334595e-02 -1.475242376327514648e-01 -5.015372633934020996e-01 -1.379746645689010620e-01
-2.421865910291671753e-01 -2.821170389652252197e-01 -2.719267308712005615e-01 2.052603065967559814e-01 3.425680799409747124e-03 3.879361450672149658e-01 3.589501082897186279e-01
-8.640985190868377686e-02 1.036190018057823181e-01 2.446440905332565308e-01 3.615767508745193481e-02 2.681060731410980225e-01 6.059958599507808685e-03 8.693353831768035889e-02
-1.824811995029449463e-01 -2.191132158041000366e-01 -3.603439033031463623e-01 -1.971420347690582275e-01 -3.294244706630706787e-01 3.020775318145751953e-01 3.476866288110613823e-03
3.657529056072235107e-01 -2.669689059257507324e-01 2.076545357704162598e-01 -2.020574957132339478e-01 -2.455699443817138672e-01 6.325694173574447632e-02 3.739743530750274658e-01
3.514085412025451660e-01 2.782657742500305176e-01 4.552805796265602112e-02 7.956031709909439087e-03 -2.271241545677185059e-01 -3.244527578353881836e-01 9.651422500610351562e-02
3.629162609577178955e-01 -3.242070227861404419e-02 6.824770569801330566e-02 3.078458309173583984e-01 3.526802659034729004e-01 -1.786399334669113159e-01 5.395107343792915344e-02
2.905729115009307861e-01 -2.943981811404228210e-02 1.988430768251419067e-01 1.341190934181213379e-01 -1.874700039625167847e-01 2.681708335876464844e-01 -2.506213486194610596e-01
7.997177541255950928e-03 3.548307120800018311e-01 -8.737102895975112915e-02 -7.336857914924621582e-02 3.615374863147735596e-02 -4.144009649753570557e-01 -1.657050997018814087e-01
-4.971622675657272339e-02 -2.926920652389526367e-01 -9.616370499134063721e-02 -2.779249548912048340e-01 -1.098924595862627029e-02 -6.622501462697982788e-02 2.483739256858825684e-01
1.343464106321334839e-01 -3.228485286235809326e-01 3.420915901660919189e-01 -3.268218040466308594e-01 3.400509059429168701e-01 -1.014412287622690201e-02 1.380396038293838501e-01
-1.683399081230163574e-01 -1.345038712024688721e-01 -3.920032083988189697e-02 -1.285922378301620483e-01 -3.391782939434051514e-01 3.811696469783782959e-01 1.723672449588775635e-01
-3.220047056674957275e-01 3.321492969989776611e-01 -1.887150704860687256e-01 5.147193744778633118e-02 2.074023932218551636e-01 -2.457790076732635498e-01 2.794956266880035400e-01
-7.392507046461105347e-02 -8.567243069410324097e-02 -1.247427053749561310e-02 -3.128760755062103271e-01 2.590094804763793945e-01 -1.401416659355163574e-01 5.038009881973266602e-01
2.887015417218208313e-02 -1.607881039381027222e-01 -3.338433206081390381e-01 -2.659405469894409180e-01 -3.805224597454071045e-01 9.855403006076812744e-02 -2.877543866634368896e-01
-1.058509871363639832e-01 -3.100964725017547607e-01 1.417128592729568481e-01 1.813906058669090271e-02 6.302463263273239136e-02 -2.221986055374145508e-01 -8.162417262792587280e-02
-1.926555782556533813e-01 2.958116233348846436e-01 1.773212403059005737e-01 1.845663338899612427e-01 3.596926853060722351e-02 1.007897481322288513e-01 -1.095164492726325989e-01
-2.248715162277221680e-01 -2.008112221956253052e-01 5.457850918173789978e-02 3.441016674041748047e-01 -6.212207302451133728e-02 1.339128166437149048e-01 8.607951551675796509e-02
-6.669348478317260742e-02 6.783112138509750366e-02 1.886911690235137939e-02 7.112473994493484497e-02 2.451899647712707520e-01 -9.242085367441177368e-02 1.645774543285369873e-01
-7.813817262649536133e-02 -1.543959788978099823e-02 1.997364014387130737e-01 5.428022146224975586e-02 -4.617411792278289795e-01 1.196874678134918213e-01 1.058900728821754456e-01
2.484152317047119141e-01 -1.829726696014404297e-01 -2.513952553272247314e-01 1.845387816429138184e-01 -8.159103244543075562e-02 3.761496543884277344e-01 -3.293766975402832031e-01
1.083453278988599777e-02 2.329565882682800293e-01 -1.240231245756149292e-01 -1.754149794578552246e-01 5.088175833225250244e-02 3.949398994445800781e-01 -3.850680291652679443e-01
