2.092833667993545532e-01
-1.828441172838211060e-01
-1.570829004049301147e-01
5.200829356908798218e-02
-3.239611685276031494e-01
1.099914014339447021e-01
-1.506940126419067383e-01
-3.716275095939636230e-02
1.037587132304906845e-02
3.086717426776885986e-01
-1.651495993137359619e-01
1.918469667434692383e-01
-2.587738633155822754e-01
-1.440666764974594116e-01
-2.864169180393218994e-01
1.763384938240051270e-01
-1.123940795660018921e-01
3.048721551895141602e-01
-2.942831516265869141e-01
1.255756020545959473e-01
-1.158078387379646301e-01
3.271156251430511475e-01
2.821497023105621338e-01
2.543385028839111328e-01
6.308215111494064331e-02
1.603231579065322876e-01
2.233043164014816284e-01
-3.087786734104156494e-01
1.285570114850997925e-01
-2.857771813869476318e-01
