-8.032990247011184692e-02
-1.661992967128753662e-01
-8.852316439151763916e-02
-1.182103455066680908e-01
1.743511110544204712e-01
1.303740143775939941e-01
1.703937649726867676e-01
-1.094855293631553650e-01
-4.133085906505584717e-02
-1.062320619821548462e-01
-1.616839021444320679e-01
-1.744878739118576050e-01
1.527309715747833252e-01
-5.785518884658813477e-02
7.744342088699340820e-03
-1.030687093734741211e-01
1.793840229511260986e-01
-1.123526543378829956e-01
-1.338815838098526001e-01
-9.617307037115097046e-02
-1.521348059177398682e-01
1.633711159229278564e-01
3.965360578149557114e-03
1.772450208663940430e-01
-7.728394120931625366e-02
5.705815181136131287e-02
1.418119966983795166e-01
1.395342200994491577e-01
-2.657055482268333435e-02
4.559737443923950195e-02
