-1.033140271902084351e-01 -1.095902994275093079e-01 3.131866753101348877e-01 1.708129942417144775e-01 3.086253404617309570e-01 3.102130591869354248e-01 -9.281818568706512451e-02 2.557889521121978760e-01 2.639383971691131592e-01
-3.834771737456321716e-02 3.283646404743194580e-01 -2.550169229507446289e-01 1.957601457834243774e-01 9.084192663431167603e-02 6.716861575841903687e-02 -1.532194465398788452e-01 2.890317142009735107e-01 5.954846274107694626e-03
5.777338147163391113e-02 -1.818467825651168823e-01 -2.181648463010787964e-02 -7.523648440837860107e-02 6.918758153915405273e-02 -1.089187264442443848e-01 7.065880298614501953e-02 -1.995824128389358521e-01 -1.901195347309112549e-01
2.130658030509948730e-01 3.174559772014617920e-01 2.857688963413238525e-01 6.407401710748672485e-02 -3.150496482849121094e-01 -2.823930084705352783e-01 8.713956922292709351e-02 -3.988061472773551941e-02 -1.902161985635757446e-01
2.426286339759826660e-01 2.823100686073303223e-01 7.761492580175399780e-02 1.450331062078475952e-01 9.139945358037948608e-02 1.160409897565841675e-01 -3.809998556971549988e-02 2.777720391750335693e-01 3.140667974948883057e-01
3.281177487224340439e-03 7.178472727537155151e-02 3.118485212326049805e-01 -3.280269801616668701e-01 2.854698300361633301e-01 -2.276361361145973206e-02 2.781951427459716797e-01 -3.554636612534523010e-02 2.267600148916244507e-01
1.973053514957427979e-01 -1.028819158673286438e-01 -2.347767502069473267e-01 1.696321764029562473e-03 2.435290813446044922e-01 -1.562436074018478394e-01 7.456989586353302002e-02 -1.310206949710845947e-03 2.052474915981292725e-01
-2.433830872178077698e-02 -9.854029864072799683e-02 -9.214217960834503174e-02 -2.136048376560211182e-01 2.577785551548004150e-01 -2.330978512763977051e-01 1.880456507205963135e-02 2.709597051143646240e-01 -2.749055027961730957e-01
-2.885703742504119873e-01 1.566215753555297852e-01 -1.583139449357986450e-01 -2.853672504425048828e-01 -9.928514063358306885e-02 -3.009224832057952881e-01 -3.084834516048431396e-01 9.114014357328414917e-02 -3.617589920759201050e-02
-1.362839043140411377e-01 -3.233311176300048828e-01 3.218928575515747070e-01 -1.885545849800109863e-01 2.749525606632232666e-01 1.555236577987670898e-01 -2.247287333011627197e-01 -2.756908237934112549e-01 1.303806304931640625e-01
2.547729313373565674e-01 8.322264999151229858e-02 1.838694810867309570e-01 -2.197570651769638062e-01 2.488014847040176392e-01 6.718961521983146667e-03 -2.561202645301818848e-01 2.452524751424789429e-01 2.458646148443222046e-01
1.976131349802017212e-01 -1.900053620338439941e-01 -2.274165451526641846e-01 -2.915453016757965088e-01 2.859057188034057617e-01 2.951368689537048340e-01 2.571856379508972168e-01 3.042373657226562500e-01 1.065408587455749512e-01
3.238529264926910400e-01 -2.735357284545898438e-01 -1.307746618986129761e-01 2.135614305734634399e-01 2.713592350482940674e-01 -2.109114825725555420e-01 2.219638079404830933e-01 7.108730822801589966e-02 -2.687051296234130859e-01
2.942446172237396240e-01 4.365302994847297668e-02 2.681083679199218750e-01 -2.745195329189300537e-01 -4.458630457520484924e-02 -4.928229376673698425e-02 3.922979161143302917e-02 3.879264369606971741e-02 -1.242701858282089233e-01
2.839648127555847168e-01 -2.150848358869552612e-01 -2.734452188014984131e-01 -1.729364693164825439e-01 -1.713274121284484863e-01 3.297607302665710449e-01 1.870315372943878174e-01 1.411693245172500610e-01 2.758995592594146729e-01
3.327071666717529297e-01 -8.710014075040817261e-02 2.577234506607055664e-01 2.522670626640319824e-01 7.688919454813003540e-02 -2.006989717483520508e-01 -1.155198924243450165e-02 2.658386230468750000e-01 -1.711780130863189697e-01
1.397885829210281372e-01 -2.036747932434082031e-01 -3.881731629371643066e-02 3.310843110084533691e-01 2.448690682649612427e-02 -1.106336787343025208e-01 -2.657255530357360840e-01 -2.091187387704849243e-01 -5.447934940457344055e-02
-1.544547230005264282e-01 -9.114945679903030396e-02 -7.225546985864639282e-02 -2.777695059776306152e-01 3.287998437881469727e-01 -2.658910453319549561e-01 -1.517001241445541382e-01 -2.210767567157745361e-01 -1.719773709774017334e-01
-3.976473212242126465e-02 -4.561795666813850403e-02 1.088982000946998596e-01 -1.323564797639846802e-01 6.378135830163955688e-02 7.798259705305099487e-02 -6.070720404386520386e-02 2.159497439861297607e-01 4.871592670679092407e-02
-2.993252575397491455e-01 -1.918563395738601685e-01 -7.357253134250640869e-02 -1.214089244604110718e-02 -2.308850437402725220e-01 -3.283922672271728516e-01 -6.484975665807723999e-02 1.476217210292816162e-01 -3.168210685253143311e-01
2.519430592656135559e-02 1.435907781124114990e-01 -1.069249585270881653e-01 1.703363060951232910e-01 -2.215198129415512085e-01 -1.246175393462181091e-01 -1.692713648080825806e-01 1.721721589565277100e-01 -1.503802835941314697e-01
2.736273109912872314e-01 3.690222278237342834e-02 1.852966845035552979e-01 8.554591983556747437e-02 2.441515326499938965e-01 2.283869683742523193e-01 -2.696432471275329590e-01 -1.635666638612747192e-01 -1.777650415897369385e-01
-2.801807820796966553e-01 2.508063614368438721e-01 2.055855840444564819e-01 1.275905519723892212e-01 2.838526964187622070e-01 -2.787338793277740479e-01 1.618655323982238770e-01 3.010353147983551025e-01 -3.183511197566986084e-01
-8.799692988395690918e-02 3.128148317337036133e-01 1.187646538019180298e-01 4.403161257505416870e-02 4.085374251008033752e-02 1.269432753324508667e-01 1.688072979450225830e-01 3.031668066978454590e-01 2.478725761175155640e-01
6.817889958620071411e-02 -2.980687916278839111e-01 -2.163776457309722900e-01 8.187714219093322754e-02 -2.354060262441635132e-01 1.183182299137115479e-01 5.968652293086051941e-02 -2.484102547168731689e-01 -2.829991877079010010e-01
-9.211810678243637085e-02 2.520396113395690918e-01 1.017465367913246155e-01 3.054766058921813965e-01 1.233510002493858337e-01 -1.170578375458717346e-01 -1.835580319166183472e-01 2.860590219497680664e-01 4.146043211221694946e-02
-2.422826131805777550e-03 2.887074351310729980e-01 -3.247473537921905518e-01 1.033721715211868286e-01 -5.405013263225555420e-02 8.419587463140487671e-02 2.401124536991119385e-01 5.381780117750167847e-02 1.928619295358657837e-01
-2.043985016644001007e-02 2.370107322931289673e-01 6.536491215229034424e-02 1.620243042707443237e-01 3.067351877689361572e-01 5.746766459196805954e-03 9.451400488615036011e-02 3.227834822610020638e-03 3.419150784611701965e-02
-3.011481761932373047e-01 1.541461050510406494e-01 -2.498563081026077271e-01 1.059552878141403198e-01 1.452938932925462723e-02 -3.164052665233612061e-01 2.778203785419464111e-01 6.845317035913467407e-02 3.115685880184173584e-01
2.729730904102325439e-01 -1.141205355525016785e-01 -6.179584190249443054e-02 4.558177664875984192e-03 -2.334178835153579712e-01 1.608657836914062500e-01 -1.865128278732299805e-01 -2.312280535697937012e-01 3.079707622528076172e-01
