2.293657660484313965e-01 1.787711977958679199e-01 2.182742357254028320e-01 3.188821971416473389e-01 -5.179410800337791443e-02 -4.704178310930728912e-03 1.592013537883758545e-01 -1.197383403778076172e-01 1.644932031631469727e-01
2.457129061222076416e-01 1.954282671213150024e-01 2.092215120792388916e-01 -1.395171433687210083e-01 3.306603133678436279e-01 1.438761055469512939e-01 -3.029987215995788574e-01 3.147659897804260254e-01 1.305584013462066650e-01
-3.185267746448516846e-01 1.388764530420303345e-01 2.277572602033615112e-01 1.083929911255836487e-01 6.057875696569681168e-03 -3.017094135284423828e-01 1.916014105081558228e-01 -2.888018488883972168e-01 1.418858673423528671e-02
1.086833626031875610e-01 2.274849861860275269e-01 -3.024116344749927521e-02 -7.086443156003952026e-02 3.072396814823150635e-01 2.525456249713897705e-01 5.439062789082527161e-02 -2.712859809398651123e-01 1.731146275997161865e-01
-2.625325322151184082e-01 -1.386920809745788574e-01 2.854087054729461670e-01 -1.951062828302383423e-01 -6.808935105800628662e-02 2.234464585781097412e-01 -5.724388733506202698e-02 -1.777215003967285156e-01 2.936074435710906982e-01
2.386310398578643799e-01 -1.824560463428497314e-01 7.134211808443069458e-02 -3.170407414436340332e-01 -2.340021282434463501e-01 1.982264816761016846e-01 -8.955328911542892456e-02 2.910659313201904297e-01 2.639316618442535400e-01
7.954446226358413696e-02 2.172067202627658844e-02 -2.257426083087921143e-01 4.339458420872688293e-02 8.640865236520767212e-02 1.839926093816757202e-02 -2.287636101245880127e-01 1.028911024332046509e-01 7.106100022792816162e-02
-1.805004179477691650e-01 2.808421850204467773e-01 1.246051490306854248e-01 2.227935753762722015e-02 1.891845166683197021e-01 -1.918812096118927002e-02 -7.578408811241388321e-03 1.988206803798675537e-01 -1.751568019390106201e-01
-1.252239197492599487e-01 1.683862358331680298e-01 1.696606539189815521e-02 1.975989937782287598e-01 9.033268690109252930e-02 -3.490192294120788574e-01 1.230382323265075684e-01 1.305411905050277710e-01 2.884609699249267578e-01
-4.677144065499305725e-02 8.030690252780914307e-02 -1.803483515977859497e-01 -1.660439968109130859e-01 -1.000314727425575256e-01 -2.202799767255783081e-01 1.740287244319915771e-01 5.547689646482467651e-02 1.818766631186008453e-02
-1.609690934419631958e-01 -9.151025116443634033e-02 -1.230373159050941467e-01 -1.884525455534458160e-02 -9.518760442733764648e-02 1.915793716907501221e-01 -7.762899249792098999e-02 2.173849567770957947e-02 2.487506344914436340e-02
-2.583173811435699463e-01 -2.175254672765731812e-01 1.561380326747894287e-01 -2.205182015895843506e-01 -9.088451974093914032e-03 3.375986218452453613e-02 3.036357834935188293e-02 1.150360405445098877e-01 -1.744445562362670898e-01
2.626588046550750732e-01 2.683037221431732178e-01 3.043983578681945801e-01 -1.353922784328460693e-01 2.347693741321563721e-01 -3.265435695648193359e-01 2.225317806005477905e-01 6.733291596174240112e-02 -3.167069256305694580e-01
-6.126433983445167542e-02 -2.166464626789093018e-01 2.475730478763580322e-01 2.184457033872604370e-01 -1.442822813987731934e-01 1.243116185069084167e-01 -1.403328180313110352e-01 -2.052631527185440063e-01 4.898319020867347717e-02
-2.891195714473724365e-01 8.861485868692398071e-02 -6.083951145410537720e-02 -2.156491130590438843e-01 -3.156615197658538818e-01 3.596519231796264648e-01 2.913283407688140869e-01 8.096308447420597076e-03 -1.100018545985221863e-01
-1.946953386068344116e-01 3.089566528797149658e-01 -3.626701608300209045e-02 -2.831046879291534424e-01 -1.766410619020462036e-01 1.571555733680725098e-01 -1.547999978065490723e-01 1.473550498485565186e-01 1.783799529075622559e-01
4.976764786988496780e-03 1.235950961709022522e-01 8.084858953952789307e-02 -4.159210994839668274e-02 -1.868819445371627808e-01 -1.981376111507415771e-01 -3.312586247920989990e-01 7.817498594522476196e-02 -1.075471788644790649e-01
1.191552877426147461e-01 3.282856643199920654e-01 -1.466470211744308472e-01 2.672696411609649658e-01 -3.256308734416961670e-01 1.528751999139785767e-01 3.232635259628295898e-01 -2.853024601936340332e-01 1.221531853079795837e-01
9.058105200529098511e-02 3.109011985361576080e-02 -2.798607647418975830e-01 1.727911680936813354e-01 1.019505262374877930e-01 -3.081770837306976318e-01 -2.242192029953002930e-01 -4.719688370823860168e-02 -1.382835488766431808e-02
-2.518590986728668213e-01 9.191749244928359985e-02 -1.187235489487648010e-01 -1.837651431560516357e-01 -1.045563220977783203e-01 -6.074944883584976196e-02 -2.873921208083629608e-02 -2.426532953977584839e-01 -3.110909461975097656e-01
2.898827008903026581e-02 -1.106615290045738220e-01 -1.722238212823867798e-01 1.596039533615112305e-01 -2.478383481502532959e-02 7.476282864809036255e-02 2.112996131181716919e-01 1.080404687672853470e-02 -8.722395449876785278e-02
3.284018635749816895e-01 1.509691178798675537e-01 1.385850310325622559e-01 1.243699863553047180e-01 -1.921264082193374634e-01 -1.042010337114334106e-01 3.076657354831695557e-01 3.214767277240753174e-01 7.569763064384460449e-02
5.890982225537300110e-02 -3.025568127632141113e-01 2.753120362758636475e-01 1.785324811935424805e-01 9.663739800453186035e-02 3.201133608818054199e-01 -3.222274482250213623e-01 2.395308613777160645e-01 -1.234888508915901184e-01
-3.112269937992095947e-01 -3.126623332500457764e-01 -3.957344591617584229e-02 -1.353231817483901978e-01 2.171310186386108398e-01 -1.023157685995101929e-01 -2.260184437036514282e-01 2.068808376789093018e-01 -1.763699054718017578e-01
-3.100946843624114990e-01 -5.711461976170539856e-02 8.180585503578186035e-02 7.766730617731809616e-03 -2.027339339256286621e-01 -6.504283845424652100e-02 -2.603597640991210938e-01 2.778868973255157471e-01 1.112207472324371338e-01
1.596545279026031494e-01 3.343989551067352295e-01 2.565728127956390381e-01 -3.228382468223571777e-01 -2.717254497110843658e-02 -1.343333069235086441e-02 -3.478881418704986572e-01 -2.372078448534011841e-01 1.369718909263610840e-01
2.868579328060150146e-02 -7.893752306699752808e-02 -1.028429195284843445e-01 8.011665195226669312e-02 8.778668940067291260e-02 -8.135470002889633179e-02 1.615541279315948486e-01 -2.829122841358184814e-01 2.786917984485626221e-01
1.070288754999637604e-02 1.964182704687118530e-01 1.589216291904449463e-01 -2.713938951492309570e-01 7.630707323551177979e-02 -1.419284790754318237e-01 -2.832836210727691650e-01 4.142189919948577881e-01 -2.877387106418609619e-01
1.504981368780136108e-01 2.520879209041595459e-01 1.564702987670898438e-01 -1.469989269971847534e-01 6.447060965001583099e-03 1.762803494930267334e-01 3.593563335016369820e-03 -3.419827818870544434e-01 2.643264532089233398e-01
-2.960937842726707458e-02 -3.405641764402389526e-02 5.642770975828170776e-02 -9.827244281768798828e-02 9.987708181142807007e-02 6.480026990175247192e-02 3.778924793004989624e-02 -2.145401686429977417e-01 -1.936039924621582031e-01
2.824336290359497070e-02 -5.895876139402389526e-02 -2.634216248989105225e-01 -3.015537373721599579e-02 6.093274801969528198e-02 -6.589897442609071732e-03 3.130084872245788574e-01 -1.975143514573574066e-02 1.781799048185348511e-01
6.733949296176433563e-03 -2.349386513233184814e-01 -3.445948660373687744e-01 1.182550862431526184e-01 1.323922723531723022e-01 -4.909578245133161545e-03 -2.269772440195083618e-01 5.565373972058296204e-02 -2.013257006183266640e-03
1.450627297163009644e-01 1.790760606527328491e-01 2.612248957157135010e-01 -7.532391697168350220e-03 -3.029959201812744141e-01 -2.298719137907028198e-01 1.102245524525642395e-01 1.858613491058349609e-01 -7.829603552818298340e-02
-3.696855157613754272e-02 -2.883357703685760498e-01 -2.475639134645462036e-01 -3.607318177819252014e-02 -3.096967637538909912e-01 1.177276745438575745e-01 -3.186753392219543457e-01 1.777580380439758301e-01 -2.790111899375915527e-01
1.206626966595649719e-01 6.337611377239227295e-02 -9.935152530670166016e-02 -3.142450153827667236e-01 -4.838666878640651703e-03 -5.297114141285419464e-03 2.850919663906097412e-01 5.893742665648460388e-02 2.622094564139842987e-02
1.077659726142883301e-01 1.571578085422515869e-01 1.054141819477081299e-01 -1.231868118047714233e-01 -2.575391530990600586e-01 -5.564376711845397949e-02 -2.633532285690307617e-01 2.438378036022186279e-01 9.991937130689620972e-02
5.779040604829788208e-02 -1.421222686767578125e-01 -3.043699562549591064e-01 1.873550713062286377e-01 1.827683746814727783e-01 1.532908529043197632e-01 2.394690364599227905e-01 1.871241629123687744e-01 -4.369023814797401428e-02
2.913452088832855225e-01 2.381485402584075928e-01 2.023316174745559692e-01 9.053444862365722656e-02 2.662549614906311035e-01 -3.105928301811218262e-01 -3.030129671096801758e-01 1.333609670400619507e-01 -1.313550770282745361e-01
2.709578573703765869e-01 3.391882404685020447e-02 2.558935284614562988e-01 -6.428363174200057983e-02 2.957289218902587891e-01 1.007708758115768433e-01 1.937398165464401245e-01 -1.820840686559677124e-01 -2.525529265403747559e-01
-3.241629898548126221e-01 -1.344965100288391113e-01 -3.299099504947662354e-01 1.973585635423660278e-01 -2.482792288064956665e-01 -3.171282112598419189e-01 8.988520858110859990e-05 -1.611278355121612549e-01 1.239463761448860168e-01
-1.622539311647415161e-01 -2.756596505641937256e-01 -1.031335741281509399e-01 2.165530174970626831e-01 -2.493476122617721558e-01 -3.336714953184127808e-02 1.936694383621215820e-01 -1.291474103927612305e-01 -8.051556348800659180e-02
6.022932752966880798e-02 -3.144505918025970459e-01 -1.439024209976196289e-01 2.588579058647155762e-01 8.809103071689605713e-02 3.260022774338722229e-02 2.751088440418243408e-01 4.447374492883682251e-02 4.724489897489547729e-02
-1.006660796701908112e-02 1.627307534217834473e-01 7.099799066781997681e-02 2.938050627708435059e-01 3.037069141864776611e-01 2.798161506652832031e-01 1.047570854425430298e-01 -2.292217165231704712e-01 2.815033793449401855e-01
1.304790824651718140e-01 1.684751957654953003e-01 -2.794110476970672607e-01 -6.088628992438316345e-02 -7.158938050270080566e-02 -3.859185799956321716e-02 -5.131271481513977051e-02 1.870524585247039795e-01 5.323855206370353699e-03
2.099396288394927979e-02 2.659496665000915527e-01 1.382577568292617798e-01 -5.358521267771720886e-02 -1.916112154722213745e-01 6.825232505798339844e-02 -2.886190116405487061e-01 3.721009790897369385e-01 -1.988950222730636597e-01
1.207560747861862183e-01 1.004782915115356445e-01 -2.384867519140243530e-01 -2.265579551458358765e-01 -1.268229186534881592e-01 -1.161657571792602539e-01 2.441433072090148926e-01 -3.510208800435066223e-02 -1.348550170660018921e-01
-1.538532041013240814e-02 -2.180216759443283081e-01 3.079900443553924561e-01 -1.648892834782600403e-02 -2.121453434228897095e-01 1.262986660003662109e-01 5.336257815361022949e-02 1.579212099313735962e-01 1.107071805745363235e-02
-1.763401627540588379e-01 -1.457258407026529312e-02 -4.605708643794059753e-02 1.452329456806182861e-01 1.558467447757720947e-01 -1.519527472555637360e-02 -2.593401968479156494e-01 -7.188922166824340820e-02 1.409788429737091064e-01
5.973250046372413635e-02 -1.754817664623260498e-01 1.134913712739944458e-01 1.619214713573455811e-01 4.329714924097061157e-02 6.739932298660278320e-02 -1.787621080875396729e-01 2.655687928199768066e-01 -4.582688957452774048e-02
1.131467986851930618e-02 -1.121036931872367859e-01 -9.474923461675643921e-02 6.316998600959777832e-02 2.332713305950164795e-01 -2.993049621582031250e-01 -1.593626588582992554e-01 -2.322676032781600952e-01 2.925617396831512451e-01
2.631188035011291504e-01 -1.528310775756835938e-01 4.876756668090820312e-02 -2.845479846000671387e-01 1.365020275115966797e-01 -1.632083356380462646e-01 2.487378269433975220e-01 1.671640574932098389e-01 2.296670675277709961e-01
2.168025225400924683e-01 2.249879390001296997e-01 1.458952669054269791e-02 -1.512609124183654785e-01 1.587925665080547333e-02 1.225124076008796692e-01 1.605499237775802612e-01 -2.010578960180282593e-01 1.468060612678527832e-01
1.229500100016593933e-01 1.982562057673931122e-02 1.475682854652404785e-01 -3.038217425346374512e-01 1.888205409049987793e-01 -2.003135681152343750e-01 1.959560066461563110e-01 2.745596170425415039e-01 3.250035941600799561e-01
2.600042521953582764e-01 -6.881956011056900024e-03 3.293546289205551147e-02 -6.051470711827278137e-02 -4.129924997687339783e-02 1.331739723682403564e-01 1.826661080121994019e-01 -1.451078802347183228e-01 -1.897419430315494537e-02
7.508670538663864136e-02 2.135841250419616699e-01 -2.406740933656692505e-01 -1.533182710409164429e-01 3.112074732780456543e-02 4.777553305029869080e-02 7.549989968538284302e-02 3.249399662017822266e-01 9.434036910533905029e-02
-4.238927736878395081e-03 1.016184836626052856e-01 -2.151341438293457031e-01 -1.458916664123535156e-01 2.724945843219757080e-01 -2.835277020931243896e-01 -3.789937868714332581e-02 1.762514933943748474e-02 5.772179458290338516e-03
-7.955664396286010742e-02 -4.349764809012413025e-02 2.095683664083480835e-01 1.373325288295745850e-01 -2.054938860237598419e-02 -2.021184563636779785e-01 -6.388086359947919846e-03 3.786532208323478699e-02 3.207384422421455383e-02
1.854299753904342651e-01 -3.610179759562015533e-03 -1.523880809545516968e-01 -1.440250873565673828e-01 6.893516331911087036e-02 -1.668091267347335815e-01 1.790808737277984619e-01 -2.723304033279418945e-01 1.038593798875808716e-02
-1.190254166722297668e-01 8.173011243343353271e-02 2.363360822200775146e-01 1.503858566284179688e-01 2.293652482330799103e-02 3.307999074459075928e-01 1.141704246401786804e-01 -4.854137077927589417e-03 -4.481426998972892761e-02
-3.264774084091186523e-01 3.252278640866279602e-02 1.355596929788589478e-01 1.195733845233917236e-01 -2.135161906480789185e-01 -2.279863506555557251e-01 1.202488392591476440e-01 1.616346836090087891e-01 -1.650244295597076416e-01
3.069267272949218750e-01 -1.280177384614944458e-01 -3.182539939880371094e-01 -2.395033277571201324e-02 -7.540566474199295044e-02 1.349163353443145752e-01 -2.964172065258026123e-01 6.856968998908996582e-02 4.157832637429237366e-02
2.661959230899810791e-01 -2.673709765076637268e-02 -7.869425415992736816e-02 2.691403925418853760e-01 -1.511193960905075073e-01 -2.374430894851684570e-01 8.485450409352779388e-03 -2.045538872480392456e-01 -2.521476941183209419e-03
2.261129617691040039e-01 2.977132201194763184e-01 -1.507799923419952393e-01 -1.428454816341400146e-01 -1.183488965034484863e-02 -4.684875532984733582e-02 -2.171386331319808960e-01 1.183522716164588928e-01 1.611276566982269287e-01
-2.850120887160301208e-03 -8.655354380607604980e-02 2.589574158191680908e-01 2.255558222532272339e-01 7.212934643030166626e-02 4.450264200568199158e-02 -1.536353230476379395e-01 -9.004087746143341064e-02 -6.597714126110076904e-02
-3.604958951473236084e-01 2.176232039928436279e-01 2.787274420261383057e-01 -4.511826857924461365e-02 3.195033371448516846e-01 8.451786637306213379e-02 -3.464633822441101074e-01 2.443996220827102661e-01 2.608787417411804199e-01
2.019479721784591675e-01 -6.690073013305664062e-02 -2.327082604169845581e-01 -1.314012706279754639e-01 2.508356571197509766e-01 2.951854094862937927e-02 2.778132855892181396e-01 -1.335593611001968384e-01 2.263853698968887329e-01
-2.757228910923004150e-01 2.367440797388553619e-02 -1.829882338643074036e-02 1.444439496845006943e-02 1.614750772714614868e-01 5.962314829230308533e-02 1.456793677061796188e-02 3.238668739795684814e-01 -3.146305978298187256e-01
-9.121183305978775024e-02 -8.652003109455108643e-02 -8.363860100507736206e-02 -1.286692768335342407e-01 -1.039099842309951782e-01 -2.081150189042091370e-02 -2.447266429662704468e-01 3.067728877067565918e-01 -2.838106453418731689e-02
2.307790331542491913e-03 2.205885760486125946e-02 -2.230388373136520386e-01 3.409160673618316650e-01 -7.925120741128921509e-02 1.261610984802246094e-01 -1.234001591801643372e-01 -1.266568452119827271e-01 2.183750122785568237e-01
-1.200381368398666382e-01 2.989334464073181152e-01 -2.367586642503738403e-01 3.005170226097106934e-01 5.129160359501838684e-02 2.146288752555847168e-01 -2.619302570819854736e-01 -2.870239317417144775e-01 1.208943501114845276e-01
1.514888405799865723e-01 -6.035677343606948853e-02 1.065457798540592194e-02 2.431486696004867554e-01 7.254720479249954224e-02 -1.671095192432403564e-01 9.552295506000518799e-02 -2.028541117906570435e-01 1.166903823614120483e-01
-1.514312028884887695e-01 -1.547914743423461914e-01 2.666438817977905273e-01 2.112326323986053467e-01 -3.050918877124786377e-01 1.546563114970922470e-02 2.302461564540863037e-01 -3.493022173643112183e-02 -4.176452383399009705e-02
-1.130642276257276535e-02 2.407869547605514526e-01 -2.321402728557586670e-01 9.905424714088439941e-02 -1.018964573740959167e-01 -4.753943532705307007e-02 -1.970957666635513306e-01 6.896933168172836304e-02 -1.540587991476058960e-01
-1.568132340908050537e-01 -1.931780576705932617e-01 -2.265440076589584351e-01 1.436760127544403076e-01 5.903396382927894592e-02 -1.263842582702636719e-01 -1.122391000390052795e-01 1.010100021958351135e-01 -3.296212852001190186e-01
-3.005227446556091309e-01 -1.735815107822418213e-01 -1.665733307600021362e-01 4.049322754144668579e-02 -7.747574150562286377e-02 -1.386591047048568726e-01 -2.523572742938995361e-01 -1.133189573884010315e-01 1.673086285591125488e-01
-2.812933325767517090e-01 -3.172651529312133789e-01 -1.078553423285484314e-01 4.056191816926002502e-02 1.561297774314880371e-01 2.051645070314407349e-01 2.792582511901855469e-01 1.111103370785713196e-01 -1.962174475193023682e-01
-9.517543762922286987e-02 8.010929822921752930e-02 1.399596929550170898e-01 4.403729736804962158e-02 1.475303173065185547e-01 1.360715925693511963e-01 -8.742079138755798340e-02 3.866277262568473816e-02 -3.852303326129913330e-02
2.580595016479492188e-01 -1.060583814978599548e-01 7.722719758749008179e-02 7.111751288175582886e-02 -2.411341816186904907e-01 -1.342176944017410278e-01 -1.017598137259483337e-01 8.427686989307403564e-02 -2.325149029493331909e-01
-1.145528927445411682e-01 4.235887899994850159e-02 5.828185938298702240e-03 -2.904874384403228760e-01 2.810574769973754883e-01 3.055147230625152588e-01 1.805142760276794434e-01 3.241392672061920166e-01 -1.167937815189361572e-01
-2.684111297130584717e-01 -2.411936372518539429e-01 3.731960430741310120e-02 -2.747504413127899170e-01 4.594569653272628784e-02 1.528716534376144409e-01 -8.110155910253524780e-02 2.197334170341491699e-01 -1.865142434835433960e-01
-2.497258484363555908e-01 -2.026520222425460815e-01 -2.139731198549270630e-01 2.498811781406402588e-01 -1.017786413431167603e-01 -3.187125027179718018e-01 3.156610727310180664e-01 -3.017900884151458740e-01 -2.937079071998596191e-01
-1.667146384716033936e-01 1.025577932596206665e-01 -1.158923953771591187e-01 -3.103220760822296143e-01 2.184238135814666748e-01 1.339286845177412033e-02 9.902472048997879028e-02 1.508821099996566772e-01 2.672819793224334717e-01
-1.038442850112915039e-01 6.164283677935600281e-02 -3.255624473094940186e-01 -5.601565539836883545e-02 4.384164512157440186e-02 -9.109110385179519653e-02 -3.017334342002868652e-01 -2.159997075796127319e-01 1.815986186265945435e-01
8.904344588518142700e-02 1.671767830848693848e-01 -5.931412428617477417e-02 2.620426118373870850e-01 7.539203017950057983e-02 -5.891821160912513733e-02 -2.917454242706298828e-01 7.503782957792282104e-02 1.746802031993865967e-01
2.206117808818817139e-01 2.904931306838989258e-01 2.559513747692108154e-01 -1.288922131061553955e-01 -2.473490536212921143e-01 -3.747360024135559797e-04 -3.092070519924163818e-01 -1.182417869567871094e-01 -2.531054317951202393e-01
-2.386470735073089600e-01 2.352893501520156860e-01 1.757115572690963745e-01 1.632626354694366455e-01 -4.195572808384895325e-02 -2.469906657934188843e-01 8.355081826448440552e-02 -2.659217221662402153e-03 2.338035553693771362e-01
1.851096190512180328e-02 2.016937732696533203e-01 -1.714864000678062439e-02 8.239270746707916260e-02 2.517898976802825928e-01 3.423142433166503906e-02 -3.044968843460083008e-01 -1.016633883118629456e-01 -1.814185976982116699e-01
7.230015844106674194e-02 9.328389912843704224e-02 2.023147642612457275e-01 -1.482010334730148315e-01 -1.454207599163055420e-01 -3.018013238906860352e-01 -1.980994045734405518e-01 -2.431484758853912354e-01 3.132779598236083984e-01
-3.089302182197570801e-01 -2.407903671264648438e-01 -7.395523041486740112e-02 -2.527929246425628662e-01 -1.318005770444869995e-01 7.005947083234786987e-02 -9.475566446781158447e-02 -1.403000801801681519e-01 1.528799533843994141e-01
-1.569781303405761719e-01 -1.566034406423568726e-01 -3.114821910858154297e-01 3.120211958885192871e-01 -1.567945629358291626e-01 1.567676216363906860e-01 -2.822074294090270996e-01 -2.698925137519836426e-01 -4.969371482729911804e-02
-2.497657239437103271e-01 -1.747877746820449829e-01 1.445423811674118042e-01 7.494243979454040527e-02 -2.628522217273712158e-01 1.236953213810920715e-02 1.567354798316955566e-01 6.544280797243118286e-02 -2.854782342910766602e-01
1.928879022598266602e-01 1.405015587806701660e-01 -3.257951438426971436e-01 -5.609545856714248657e-02 2.829379439353942871e-01 2.845275700092315674e-01 2.016813158988952637e-01 3.131626546382904053e-01 -7.618918269872665405e-02
-1.585904359817504883e-01 3.199845850467681885e-01 1.383774280548095703e-01 3.305701613426208496e-01 -3.119974434375762939e-01 -1.701298356056213379e-01 -2.497942894697189331e-01 -6.473246612586081028e-04 -2.680667340755462646e-01
-2.481112927198410034e-01 -2.695386111736297607e-01 -1.043015196919441223e-01 -1.790985465049743652e-01 8.634339272975921631e-02 2.863779366016387939e-01 -1.798005104064941406e-01 -1.328816562891006470e-01 -1.887086927890777588e-01
2.673169784247875214e-02 -3.106834590435028076e-01 -2.876776754856109619e-01 3.437605202198028564e-01 -1.757867783308029175e-01 -5.318295583128929138e-02 -2.151999473571777344e-01 5.241740122437477112e-02 1.327142771333456039e-02
-2.175613492727279663e-01 2.937355637550354004e-02 -2.239018976688385010e-01 2.244758456945419312e-01 3.027373254299163818e-01 -5.224528163671493530e-02 3.048430681228637695e-01 2.149904845282435417e-03 1.735704094171524048e-01
-1.762000322341918945e-01 1.517903208732604980e-01 -1.743282824754714966e-01 -1.204598024487495422e-01 1.236423924565315247e-01 1.197450757026672363e-01 2.095374912023544312e-01 2.294759750366210938e-01 1.765531301498413086e-02
1.681216061115264893e-01 2.282661944627761841e-01 2.450388371944427490e-01 4.748007655143737793e-02 1.017068400979042053e-01 3.046479523181915283e-01 -2.892018854618072510e-01 -1.993602365255355835e-01 9.784445911645889282e-02
2.954290211200714111e-01 -1.431684792041778564e-01 -8.153034746646881104e-02 -4.438989236950874329e-02 2.345476895570755005e-01 -1.158968731760978699e-01 -2.728227376937866211e-01 -2.406138740479946136e-02 2.365625947713851929e-01
1.829289644956588745e-01 1.795116066932678223e-01 1.164196729660034180e-01 -2.230552583932876587e-01 1.739569306373596191e-01 -7.236892729997634888e-02 2.328609526157379150e-01 -1.884917616844177246e-01 3.266405761241912842e-01
-3.636227548122406006e-02 -2.342807054519653320e-01 2.256150916218757629e-02 3.237516880035400391e-01 1.511851418763399124e-02 3.542431816458702087e-02 1.055612564086914062e-01 1.619078069925308228e-01 -3.341258466243743896e-01
-2.023764848709106445e-01 7.579026743769645691e-03 3.121497035026550293e-01 2.223733067512512207e-01 1.009355857968330383e-01 -8.900959044694900513e-02 8.467181585729122162e-03 4.089789465069770813e-02 -9.640344232320785522e-02
3.270303308963775635e-01 7.294652611017227173e-02 2.296074330806732178e-01 -2.746513187885284424e-01 -2.788729965686798096e-01 3.486682474613189697e-02 1.388557106256484985e-01 3.109054639935493469e-02 1.673513501882553101e-01
1.334812212735414505e-02 -1.584699600934982300e-01 1.374431550502777100e-01 -1.081693321466445923e-01 1.596404463052749634e-01 -1.400922685861587524e-01 2.990399003028869629e-01 -2.769982516765594482e-01 -2.781787514686584473e-01
2.895960807800292969e-01 1.327057182788848877e-01 -5.061821080744266510e-03 1.510761678218841553e-01 2.133830189704895020e-01 -1.730522364377975464e-01 1.299103200435638428e-01 6.433254480361938477e-02 -1.702181249856948853e-01
-2.890040576457977295e-01 -9.377653896808624268e-02 -2.868684753775596619e-02 -4.607796296477317810e-02 1.760936975479125977e-01 2.381475865840911865e-01 -2.480104267597198486e-01 1.820905655622482300e-01 2.407751828432083130e-01
6.637234240770339966e-02 -1.360433697700500488e-01 -1.358085870742797852e-01 -2.925032973289489746e-01 8.972214907407760620e-02 3.530439361929893494e-02 -2.497332692146301270e-01 -1.544475704431533813e-01 -1.100174244493246078e-02
-2.389062792062759399e-01 -1.088324636220932007e-01 1.930079907178878784e-01 2.549172751605510712e-02 -8.642981946468353271e-02 2.138888537883758545e-01 5.139201879501342773e-03 -9.719540923833847046e-02 2.976084053516387939e-01
1.785958409309387207e-01 -2.004835158586502075e-01 -8.108051843009889126e-04 -1.386378705501556396e-01 -1.603176295757293701e-01 2.094578146934509277e-01 1.107960715889930725e-01 -1.156637165695428848e-02 1.991811245679855347e-01
5.780120380222797394e-03 2.229250818490982056e-01 -2.487766891717910767e-01 2.478543817996978760e-01 2.027083635330200195e-01 2.417938560247421265e-01 -1.872048676013946533e-01 2.647542655467987061e-01 -2.016850411891937256e-01
4.836079478263854980e-02 -2.061644196510314941e-01 -1.721510142087936401e-01 1.196603700518608093e-01 5.094657838344573975e-02 1.195302903652191162e-01 1.999766230583190918e-01 -3.004979789257049561e-01 -2.899160981178283691e-01
-2.412391006946563721e-01 2.492633089423179626e-02 2.827318012714385986e-01 -1.173211857676506042e-01 1.266826242208480835e-01 6.266316026449203491e-02 3.229307532310485840e-01 1.809046268463134766e-01 1.978009641170501709e-01
-1.221983581781387329e-01 -2.681834101676940918e-01 8.264528214931488037e-02 -1.945294141769409180e-01 8.096211589872837067e-03 -4.137028753757476807e-02 6.554668303579092026e-03 2.249285578727722168e-01 7.103312015533447266e-02
1.855158358812332153e-01 -3.216040730476379395e-01 2.055209577083587646e-01 1.466851774603128433e-02 9.518512524664402008e-04 2.669698596000671387e-01 2.536011934280395508e-01 -1.749327778816223145e-01 1.435353234410285950e-02
-2.784225530922412872e-02 2.782141864299774170e-01 2.049544304609298706e-01 1.014018729329109192e-01 -3.003761470317840576e-01 3.897710889577865601e-02 3.949310630559921265e-02 2.705243825912475586e-01 -1.636826246976852417e-02
2.504591345787048340e-01 -3.153491914272308350e-01 2.071266472339630127e-01 2.194785475730895996e-01 1.085617691278457642e-01 2.841794490814208984e-01 8.831366151571273804e-02 -2.004023641347885132e-01 8.071035891771316528e-02
2.108315676450729370e-01 -7.649383693933486938e-02 -9.297466278076171875e-02 9.831614047288894653e-02 3.226967751979827881e-01 -1.651064902544021606e-01 2.130324095487594604e-01 -9.641914814710617065e-02 -4.847043752670288086e-02
6.987071782350540161e-02 -3.655819594860076904e-02 -2.262612879276275635e-01 2.795034050941467285e-01 1.642711460590362549e-01 1.643488854169845581e-01 -1.490506809204816818e-02 -1.215786412358283997e-01 3.128890991210937500e-01
2.673319540917873383e-02 3.323060870170593262e-01 2.874868214130401611e-01 -2.306969910860061646e-01 1.877465993165969849e-01 -2.817547321319580078e-01 -2.568297088146209717e-01 -1.316239833831787109e-01 2.485001087188720703e-01
-2.604869306087493896e-01 -1.517390012741088867e-01 -5.564516410231590271e-02 2.734781205654144287e-01 1.425780653953552246e-01 1.352549940347671509e-01 5.324617028236389160e-02 1.149074658751487732e-01 2.832349203526973724e-02
2.690210342407226562e-01 -2.334088459610939026e-02 1.950689591467380524e-02 -1.225230842828750610e-01 1.810788959264755249e-01 -1.000639125704765320e-01 -2.711341977119445801e-01 1.612071543931961060e-01 -3.613555058836936951e-02
-1.522778421640396118e-01 9.017099626362323761e-03 -1.415352970361709595e-01 1.732094772160053253e-02 3.324298560619354248e-01 -1.672595441341400146e-01 2.435844391584396362e-01 9.990353137254714966e-02 2.935787737369537354e-01
3.995817527174949646e-02 2.432726919651031494e-01 4.326828196644783020e-02 -3.465503454208374023e-01 2.383893281221389771e-01 2.665050700306892395e-02 4.398065432906150818e-02 -2.708351314067840576e-01 1.346370279788970947e-01
-3.016177415847778320e-01 -4.499400779604911804e-02 1.724252551794052124e-01 2.916609346866607666e-01 2.437303513288497925e-01 5.525878071784973145e-02 1.344793140888214111e-01 1.468347012996673584e-01 -2.735861837863922119e-01
3.128015697002410889e-01 -2.711245715618133545e-01 -3.314111530780792236e-01 1.339793950319290161e-01 -2.391614466905593872e-01 -3.055431544780731201e-01 1.278921961784362793e-01 1.483457386493682861e-01 -9.127830713987350464e-02
-2.788943648338317871e-01 -3.239580392837524414e-01 -3.283791840076446533e-01 -4.857340455055236816e-02 3.220139145851135254e-01 2.113423347473144531e-01 -5.626947060227394104e-02 -3.363144118338823318e-03 -2.702788710594177246e-01
2.811248898506164551e-01 1.114447861909866333e-01 -2.387213855981826782e-01 1.062099561095237732e-01 -1.116939559578895569e-01 2.084729820489883423e-01 1.397861689329147339e-01 -1.261524707078933716e-01 -1.608793586492538452e-01
-6.280373036861419678e-02 1.145518198609352112e-01 -3.102289736270904541e-01 -1.495825499296188354e-01 -2.049403190612792969e-01 2.657901346683502197e-01 -2.777397930622100830e-01 3.240631818771362305e-01 -1.109717339277267456e-01
5.940238386392593384e-02 -8.441665023565292358e-02 -3.071271777153015137e-01 8.889719843864440918e-02 -8.731996268033981323e-02 -1.008892059326171875e-01 -3.325178027153015137e-01 2.645150125026702881e-01 2.247707843780517578e-01
-1.617226749658584595e-02 2.914452254772186279e-01 1.394040584564208984e-01 -1.286961883306503296e-01 2.870499789714813232e-01 2.498001456260681152e-01 2.922936975955963135e-01 4.270841833204030991e-03 2.508855760097503662e-01
2.947582304477691650e-01 -3.216045200824737549e-01 -7.881253212690353394e-02 4.063100740313529968e-02 1.661842688918113708e-02 -2.192135900259017944e-01 2.437102496623992920e-01 -1.585170626640319824e-01 -2.233602404594421387e-01
2.464005351066589355e-01 -3.183349594473838806e-02 -2.711428999900817871e-01 -2.756730914115905762e-01 2.510291337966918945e-01 -1.834111064672470093e-01 -1.235425025224685669e-01 1.270772516727447510e-01 3.176179528236389160e-01
-1.780879944562911987e-01 -1.602621525526046753e-01 -1.998666487634181976e-02 1.110408231616020203e-01 -3.112989962100982666e-01 -6.248586252331733704e-02 3.246254026889801025e-01 -2.871738374233245850e-01 -4.589071869850158691e-02
6.492543220520019531e-02 9.178206324577331543e-02 1.069893315434455872e-01 -1.375284045934677124e-02 -7.940518110990524292e-02 -3.081198036670684814e-01 2.844683229923248291e-01 -6.506191194057464600e-02 -8.555129915475845337e-02
1.515966802835464478e-01 -2.723924219608306885e-01 -1.250140070915222168e-01 5.262701585888862610e-02 1.317427456378936768e-01 -2.064755707979202271e-01 -3.147059977054595947e-01 8.181613869965076447e-03 -9.308372437953948975e-02
1.303502917289733887e-01 2.376265376806259155e-01 -8.922772109508514404e-02 1.053529679775238037e-01 2.641870826482772827e-02 -5.161150917410850525e-02 -7.582847028970718384e-02 -2.540869712829589844e-01 -3.445973992347717285e-01
-8.116053044795989990e-02 2.697597146034240723e-01 1.543502211570739746e-01 -1.312925517559051514e-01 1.526196002960205078e-01 8.393196761608123779e-02 -1.573620736598968506e-01 -1.932825595140457153e-01 -1.406582444906234741e-01
-8.821737021207809448e-02 1.057974994182586670e-01 2.034370750188827515e-01 1.115592569112777710e-01 2.842010259628295898e-01 3.210484683513641357e-01 1.352073848247528076e-01 9.257852286100387573e-02 3.087059557437896729e-01
-1.300284564495086670e-01 8.884867280721664429e-02 -1.502795368432998657e-01 3.316275477409362793e-01 1.691733598709106445e-01 -2.070606648921966553e-01 3.313158154487609863e-01 -2.464841492474079132e-02 2.762622535228729248e-01
1.512559950351715088e-01 2.946340143680572510e-01 -9.075985103845596313e-02 -8.479680866003036499e-02 -1.065665110945701599e-01 3.039401471614837646e-01 1.636547446250915527e-01 -6.437654793262481689e-02 -1.383550912141799927e-01
2.927332818508148193e-01 7.459598034620285034e-02 -8.651302009820938110e-02 4.883412644267082214e-02 -1.349792629480361938e-01 1.649753004312515259e-01 -2.559045553207397461e-01 8.862103521823883057e-02 8.828552067279815674e-02
-2.810617983341217041e-01 -2.111353427171707153e-01 -3.301244676113128662e-01 -2.211098559200763702e-02 -2.143551707267761230e-01 3.188194930553436279e-01 -2.781092226505279541e-01 -2.990693449974060059e-01 -3.243651390075683594e-01
-1.184247210621833801e-01 -2.741090655326843262e-01 1.352081745862960815e-01 -1.565736383199691772e-01 1.889000535011291504e-01 1.255546696484088898e-02 -2.616496980190277100e-01 3.155238032341003418e-01 -2.194535732269287109e-02
2.428438141942024231e-02 2.855192720890045166e-01 2.863731235265731812e-02 3.011313378810882568e-01 2.440293580293655396e-01 6.561411917209625244e-02 -3.073008656501770020e-01 -1.550776511430740356e-01 6.556742638349533081e-02
2.093605101108551025e-01 8.101698756217956543e-02 -1.393780559301376343e-01 2.504385113716125488e-01 -9.857199620455503464e-04 -2.986465692520141602e-01 7.843632996082305908e-02 2.395789027214050293e-01 -1.206903010606765747e-01
-6.928681395947933197e-03 1.243187785148620605e-01 -3.170234560966491699e-01 1.681941151618957520e-01 -1.783156096935272217e-01 3.908640646841377020e-04 1.454695016145706177e-01 -5.442021042108535767e-02 1.022809445858001709e-01
-1.192707270383834839e-01 6.229541450738906860e-02 2.198560684919357300e-01 7.545956969261169434e-02 2.287474572658538818e-01 2.865916490554809570e-01 3.030562698841094971e-01 -1.542536169290542603e-01 1.627749502658843994e-01
-4.957453906536102295e-02 3.345194458961486816e-01 -1.891876459121704102e-01 6.235879659652709961e-02 -2.630635537207126617e-02 3.314117491245269775e-01 6.688002496957778931e-02 1.186554133892059326e-01 2.913776040077209473e-01
-2.475823312997817993e-01 1.439181268215179443e-01 5.685309693217277527e-02 -2.303444892168045044e-01 -2.395439743995666504e-01 -8.253812044858932495e-02 -2.414678037166595459e-01 1.471637934446334839e-01 -1.700540035963058472e-01
2.012171596288681030e-01 9.194883704185485840e-02 1.473260670900344849e-01 1.409921199083328247e-01 7.303183525800704956e-02 -3.122548758983612061e-01 2.003598809242248535e-01 -2.296541631221771240e-01 1.411797702312469482e-01
-1.062286943197250366e-01 -2.509712576866149902e-01 2.693923115730285645e-01 -4.737738892436027527e-02 3.445608913898468018e-01 -5.343456938862800598e-02 -1.314436458051204681e-02 1.369352787733078003e-01 1.453869324177503586e-02
-1.050691232085227966e-01 -3.212196230888366699e-01 1.943663209676742554e-01 -1.438547484576702118e-02 -7.782340981066226959e-03 2.909468114376068115e-01 2.561536133289337158e-01 2.271500974893569946e-01 1.724552363157272339e-01
1.763516664505004883e-01 8.081255108118057251e-02 -1.581110954284667969e-01 4.339141398668289185e-02 6.181157194077968597e-03 -3.155382871627807617e-01 1.236319616436958313e-01 2.286029458045959473e-01 -6.692216545343399048e-02
-1.268893629312515259e-01 -4.173567146062850952e-02 2.772996127605438232e-01 -4.116810113191604614e-02 1.491208076477050781e-01 2.551542222499847412e-01 4.347745180130004883e-01 2.279642820358276367e-01 -3.148243725299835205e-01
-1.359249204397201538e-01 -1.225166991353034973e-01 -1.871783882379531860e-01 1.682896316051483154e-01 6.621687114238739014e-02 4.541622474789619446e-02 6.166605278849601746e-02 1.670008152723312378e-02 -4.855397343635559082e-02
-3.031570911407470703e-01 -1.948396265506744385e-01 1.672956198453903198e-01 -1.090046092867851257e-01 -2.851925790309906006e-01 -3.128004819154739380e-02 -2.945365607738494873e-01 -2.485926449298858643e-01 -3.194296956062316895e-01
-2.362847775220870972e-01 -2.990510761737823486e-01 3.104808628559112549e-01 -4.814403504133224487e-02 1.550544500350952148e-01 -2.640070160850882530e-03 1.931925117969512939e-01 -9.294939041137695312e-02 -2.675049006938934326e-01
-3.108967840671539307e-01 -2.843389809131622314e-01 -2.396202087402343750e-02 3.246729373931884766e-01 -3.178515136241912842e-01 -2.744224667549133301e-01 -1.185727398842573166e-02 -2.990754842758178711e-01 -1.727933734655380249e-01
2.965589761734008789e-01 2.426333874464035034e-01 1.895355284214019775e-01 -7.357715815305709839e-02 -1.726219058036804199e-01 -5.597570165991783142e-02 2.000736296176910400e-01 -1.053551882505416870e-01 3.460841998457908630e-02
2.612683773040771484e-01 -1.822066605091094971e-01 -2.095782011747360229e-02 -2.751758694648742676e-01 -2.352935373783111572e-01 -3.254601657390594482e-01 2.378005981445312500e-01 -1.667064875364303589e-01 6.250751018524169922e-02
-2.411879450082778931e-01 -6.687243469059467316e-03 -1.793233305215835571e-01 -1.105609238147735596e-01 1.238178759813308716e-01 -1.678588539361953735e-01 1.491888314485549927e-01 -2.415757067501544952e-02 2.420641034841537476e-01
-1.794252097606658936e-01 -1.721132993698120117e-01 -2.921265363693237305e-01 2.528990507125854492e-01 2.125817835330963135e-01 -1.456233114004135132e-01 2.874488243833184242e-03 -1.154047437012195587e-02 5.972034111618995667e-02
1.301092654466629028e-01 1.170695498585700989e-01 -1.427043378353118896e-01 1.422624289989471436e-01 -7.698395103216171265e-02 1.857759952545166016e-01 2.343956381082534790e-03 2.450096905231475830e-01 -1.917047338793054223e-04
2.072999179363250732e-01 -2.245831340551376343e-01 -2.454378902912139893e-01 -1.890096962451934814e-01 -7.767688482999801636e-02 -4.635812342166900635e-02 2.429459542036056519e-01 1.364787369966506958e-01 -2.849994897842407227e-01
3.119057416915893555e-01 -2.110590785741806030e-01 -8.454110473394393921e-02 -1.004370450973510742e-01 2.800836861133575439e-01 3.816307336091995239e-02 1.217481121420860291e-01 1.511487811803817749e-01 -2.702745199203491211e-01
2.408183664083480835e-01 -1.068823337554931641e-01 -7.302358001470565796e-02 -1.527691334486007690e-01 2.309874743223190308e-01 -2.123731076717376709e-01 -3.657974898815155029e-01 1.119232252240180969e-01 -1.932632364332675934e-02
2.274920195341110229e-01 -1.339676082134246826e-01 -1.347260773181915283e-01 2.153558656573295593e-02 1.243462692946195602e-02 -1.791351735591888428e-01 -3.380919396877288818e-01 -1.744484007358551025e-01 6.581923458725214005e-03
8.182669430971145630e-02 1.417185366153717041e-01 -3.187864124774932861e-01 6.739541888236999512e-02 -3.464405238628387451e-01 1.692725718021392822e-01 -3.269560635089874268e-01 7.985233329236507416e-03 1.592425405979156494e-01
-9.701737016439437866e-02 3.200431354343891144e-03 -9.471883624792098999e-02 -3.198327124118804932e-01 5.406948179006576538e-02 8.436009287834167480e-02 3.135711252689361572e-01 2.908518314361572266e-01 1.655775010585784912e-01
2.435455173254013062e-01 -6.482479721307754517e-02 -2.866336405277252197e-01 2.872525155544281006e-01 1.420535147190093994e-01 2.590776383876800537e-01 7.587791234254837036e-02 9.273707121610641479e-02 -1.753363162279129028e-01
-5.886005237698554993e-02 -2.642189264297485352e-01 1.389219015836715698e-01 -1.219518110156059265e-01 2.329485863447189331e-01 5.363725870847702026e-02 4.138968512415885925e-02 3.117489218711853027e-01 2.073101401329040527e-01
2.652798891067504883e-01 2.683411240577697754e-01 -3.152055442333221436e-01 1.146876886487007141e-01 1.630257219076156616e-01 1.825607866048812866e-01 1.078494116663932800e-01 1.402066797018051147e-01 -3.015705943107604980e-01
-2.822407484054565430e-01 1.663568466901779175e-01 3.223036825656890869e-01 1.064331457018852234e-01 -7.607725262641906738e-02 -1.604381762444972992e-02 -3.833978623151779175e-02 2.405011802911758423e-01 -3.112247288227081299e-01
2.315541505813598633e-01 2.500220239162445068e-01 -1.414275914430618286e-01 2.914668023586273193e-01 -9.934961795806884766e-02 -7.518135011196136475e-03 -5.449918285012245178e-02 -6.944980472326278687e-02 -2.635739445686340332e-01
-1.206263974308967590e-01 -1.735140942037105560e-02 -1.908496469259262085e-01 2.667597830295562744e-01 2.155849933624267578e-01 -1.550579667091369629e-01 2.614447176456451416e-01 1.489849239587783813e-01 -2.748562991619110107e-01
2.433391511440277100e-01 -1.135231107473373413e-01 1.697077453136444092e-01 2.870484888553619385e-01 2.902573943138122559e-01 7.926666736602783203e-02 -3.087469637393951416e-01 2.475852817296981812e-01 -1.830259710550308228e-02
1.642112880945205688e-01 -2.570236623287200928e-01 -3.739283978939056396e-02 5.224107950925827026e-02 1.916622817516326904e-01 1.703938990831375122e-01 3.199510648846626282e-02 -6.745520234107971191e-02 -2.886760532855987549e-01
2.323382198810577393e-01 1.319236457347869873e-01 1.725523322820663452e-01 -6.083809584379196167e-02 -2.024752348661422729e-01 1.190235167741775513e-01 3.045764863491058350e-01 1.255821622908115387e-02 1.234826073050498962e-01
2.913737297058105469e-01 -2.728058993816375732e-01 -5.966612696647644043e-02 -2.343447059392929077e-01 -2.934260666370391846e-01 -4.661887139081954956e-02 3.011883497238159180e-01 5.122832953929901123e-02 3.138453885912895203e-02
-3.001534938812255859e-01 1.719830632209777832e-01 1.285452544689178467e-01 -2.043713629245758057e-01 2.691216766834259033e-02 7.155093550682067871e-02 -2.601620256900787354e-01 7.413127273321151733e-02 -2.338454425334930420e-01
9.117872267961502075e-02 -2.144192010164260864e-01 -7.994367927312850952e-02 4.755766689777374268e-02 -1.246028989553451538e-01 -1.275271177291870117e-01 2.286411523818969727e-01 -1.243121325969696045e-01 1.346317380666732788e-01
-2.434429228305816650e-01 -2.404674440622329712e-01 2.534237876534461975e-02 2.990059852600097656e-01 2.835600078105926514e-01 -2.470388710498809814e-01 9.167595207691192627e-02 1.384175196290016174e-02 8.403261750936508179e-02
-1.361478865146636963e-02 2.067707628011703491e-01 -2.088922075927257538e-02 -3.257215321063995361e-01 -1.814111471176147461e-01 2.024140357971191406e-01 -1.558792740106582642e-01 1.959644258022308350e-01 1.956941783428192139e-01
1.520314812660217285e-01 2.975538186728954315e-02 9.237394481897354126e-02 1.536573320627212524e-01 5.982177704572677612e-02 1.211402043700218201e-01 -7.270073890686035156e-02 2.043577879667282104e-01 1.309366226196289062e-01
1.271831989288330078e-01 1.788979321718215942e-01 -2.081304341554641724e-01 2.484623342752456665e-01 -4.220934212207794189e-02 1.397231221199035645e-01 2.830568552017211914e-01 1.812483519315719604e-01 -2.958783507347106934e-02
-2.744242921471595764e-02 2.504260540008544922e-01 -1.456346809864044189e-01 1.454706043004989624e-01 -8.992393314838409424e-02 2.285017967224121094e-01 -1.207736730575561523e-01 1.545373499393463135e-01 -3.130344152450561523e-01
2.185650318861007690e-01 -2.327473610639572144e-01 2.075980231165885925e-02 3.122570216655731201e-01 -3.196417987346649170e-01 -2.907625138759613037e-01 3.320183753967285156e-01 -1.870152205228805542e-01 -2.977624535560607910e-01
2.592096030712127686e-01 -4.877917468547821045e-03 1.075063645839691162e-01 2.206196337938308716e-01 3.133143186569213867e-01 3.134346306324005127e-01 3.126450181007385254e-01 2.109881490468978882e-01 3.200953006744384766e-01
8.535639196634292603e-02 6.368446350097656250e-02 -4.047451540827751160e-02 6.111332029104232788e-02 5.493888631463050842e-02 1.675338000059127808e-01 -2.334416508674621582e-01 6.845687981694936752e-03 2.611785829067230225e-01
2.310006767511367798e-01 1.982856392860412598e-01 1.481802910566329956e-01 1.125256717205047607e-01 1.781072616577148438e-01 -1.973344087600708008e-01 -2.013169378042221069e-01 -1.830115765333175659e-01 -3.497625142335891724e-02
-8.322399854660034180e-02 4.546468146145343781e-03 -1.552139222621917725e-01 2.311823517084121704e-01 1.710891276597976685e-01 -2.606516182422637939e-01 3.234704434871673584e-01 -7.380107045173645020e-02 2.479748576879501343e-01
-1.316939294338226318e-01 6.241163983941078186e-02 2.002484723925590515e-02 3.608598932623863220e-02 2.330413460731506348e-01 -2.051921561360359192e-02 4.015077054500579834e-01 1.133345365524291992e-01 -1.406489163637161255e-01
-3.001328706741333008e-01 1.767571866512298584e-01 1.576628535985946655e-01 9.022468328475952148e-02 3.033486008644104004e-01 -6.291585974395275116e-03 -1.664040684700012207e-01 1.261618733406066895e-01 2.243836075067520142e-01
-2.619853317737579346e-01 -2.641062438488006592e-01 1.432631760835647583e-01 -2.648078463971614838e-02 -1.574478149414062500e-01 2.947738766670227051e-01 2.323039323091506958e-01 -1.063515394926071167e-01 -3.293631970882415771e-02
-2.309073954820632935e-01 2.897293567657470703e-01 -1.908101737499237061e-01 -1.355811953544616699e-01 2.856444418430328369e-01 -4.893992468714714050e-02 -2.081667631864547729e-01 2.213008999824523926e-01 3.275722861289978027e-01
1.249884963035583496e-01 2.823901735246181488e-02 5.443863105028867722e-03 1.615593880414962769e-01 -8.380102366209030151e-02 2.642863094806671143e-01 -2.762198746204376221e-01 -4.488467797636985779e-02 -6.275103986263275146e-02
-6.845000386238098145e-02 -1.499248296022415161e-01 8.101150393486022949e-02 1.282823383808135986e-01 -2.500376701354980469e-01 -2.939059734344482422e-01 -4.552752524614334106e-02 2.602993249893188477e-01 1.930627077817916870e-01
-3.294688463211059570e-02 -2.430365830659866333e-01 -5.411024019122123718e-02 -3.058602511882781982e-01 1.117523685097694397e-01 -2.630211710929870605e-01 1.928313262760639191e-02 -7.759863883256912231e-02 -3.410543501377105713e-02
2.495116889476776123e-01 -1.630723029375076294e-01 -1.602072119712829590e-01 -1.246904674917459488e-02 -2.869464457035064697e-01 2.847941219806671143e-01 1.803783327341079712e-01 3.324518203735351562e-01 -1.941314637660980225e-01
-1.686910167336463928e-03 2.233649641275405884e-01 2.433452159166336060e-01 -2.662866413593292236e-01 1.412872225046157837e-03 1.151093188673257828e-02 2.217333018779754639e-01 2.875894606113433838e-01 -2.754648625850677490e-01
