-1.106718927621841431e-01 2.946958839893341064e-01 -2.033672668039798737e-02 4.301758483052253723e-02 1.352510750293731689e-01 2.788370251655578613e-01 4.922141879796981812e-02 -2.175817452371120453e-02
3.870161995291709900e-02 1.943776309490203857e-01 -1.654332578182220459e-01 -3.541107177734375000e-01 -3.521719276905059814e-01 -3.555943965911865234e-01 2.897711098194122314e-01 -1.457599550485610962e-01
-1.715632826089859009e-01 -2.300602346658706665e-01 3.184570372104644775e-02 -2.044737190008163452e-01 8.299565315246582031e-02 1.984067708253860474e-01 2.713282406330108643e-02 3.016056716442108154e-01
2.900426983833312988e-01 1.416911184787750244e-01 1.264990419149398804e-01 -4.490090906620025635e-02 -2.046082913875579834e-02 2.285564243793487549e-01 2.167682796716690063e-01 -3.198505640029907227e-01
2.825165688991546631e-01 -1.042486876249313354e-01 -3.119919002056121826e-01 6.149994209408760071e-02 -1.358090490102767944e-01 -2.302736788988113403e-01 -5.456660315394401550e-02 1.814241986721754074e-03
2.399286627769470215e-01 -3.359921872615814209e-01 1.449738889932632446e-01 -3.728748261928558350e-01 1.104852408170700073e-01 -3.559218943119049072e-01 1.803814917802810669e-01 -8.594601601362228394e-02
5.736018717288970947e-02 -1.174606569111347198e-02 3.476603329181671143e-01 2.358193136751651764e-02 -1.787286549806594849e-01 -1.157132312655448914e-01 -3.109167516231536865e-01 -2.148358821868896484e-01
-2.323444336652755737e-01 -3.379972279071807861e-01 1.862988471984863281e-01 2.001718431711196899e-01 7.012513931840658188e-03 1.222242489457130432e-01 -7.864300906658172607e-02 -3.443938493728637695e-02
-3.154811561107635498e-01 -3.216388225555419922e-01 -5.715871229767799377e-02 -2.324024215340614319e-02 1.593391150236129761e-01 -2.973430454730987549e-01 3.787083923816680908e-01 -1.035001575946807861e-01
2.846206426620483398e-01 -3.017771840095520020e-01 -3.529761731624603271e-01 2.743259668350219727e-01 3.332245647907257080e-01 1.040752306580543518e-01 -1.730902791023254395e-01 3.826070576906204224e-02
-7.866369187831878662e-02 2.327633351087570190e-01 -1.263655722141265869e-01 2.661131620407104492e-01 -6.224602460861206055e-02 1.572233736515045166e-01 2.766013145446777344e-01 2.255855798721313477e-01
1.050089374184608459e-01 2.196553349494934082e-01 2.940969765186309814e-01 3.227309882640838623e-01 -1.446072757244110107e-01 8.257428184151649475e-03 2.172998487949371338e-01 1.149885803461074829e-01
-5.638706684112548828e-02 -2.804870605468750000e-01 -2.710917592048645020e-01 2.575927078723907471e-01 3.630697429180145264e-01 1.346950531005859375e-01 -4.044024273753166199e-03 -4.185313582420349121e-01
-4.005793482065200806e-02 4.319426417350769043e-02 -2.031058967113494873e-01 2.401414886116981506e-02 1.945226192474365234e-01 -4.153557121753692627e-01 9.276516735553741455e-02 3.265484869480133057e-01
1.178983077406883240e-01 3.122557997703552246e-01 -3.366050720214843750e-01 1.924891918897628784e-01 2.640467286109924316e-01 2.429694309830665588e-02 3.055508136749267578e-01 -3.704324066638946533e-01
-1.794379763305187225e-02 4.032498691231012344e-03 -2.220909148454666138e-01 2.455343902111053467e-01 2.037179172039031982e-01 -3.168012201786041260e-01 -1.249340251088142395e-01 -9.855785965919494629e-02
-2.084363251924514771e-01 -1.587828993797302246e-02 9.210856258869171143e-02 -2.736098170280456543e-01 1.118258908390998840e-01 4.947930574417114258e-02 9.012318216264247894e-03 5.692923069000244141e-02
2.525434643030166626e-02 -7.831308990716934204e-02 -2.892159819602966309e-01 -6.197826936841011047e-02 3.019338287413120270e-02 2.835615873336791992e-01 -3.196600824594497681e-02 3.264538645744323730e-01
7.857988029718399048e-02 1.860572956502437592e-02 2.563316524028778076e-01 2.703566849231719971e-01 -3.334511071443557739e-03 1.738159507513046265e-01 -3.804321214556694031e-02 3.339579701423645020e-01
7.647880166769027710e-02 -1.582589894533157349e-01 2.570924758911132812e-01 1.726408302783966064e-01 1.037174761295318604e-01 -4.965113475918769836e-03 2.078580856323242188e-01 -4.575011879205703735e-02
1.973073035478591919e-01 2.149905413389205933e-01 8.291528373956680298e-02 -4.181646704673767090e-01 -2.869231402873992920e-01 5.869145970791578293e-03 -5.177627131342887878e-02 1.867107748985290527e-01
-1.408276706933975220e-01 9.144978970289230347e-02 5.021375045180320740e-02 -2.517554759979248047e-01 2.456620931625366211e-01 -2.111055403947830200e-01 -1.770518422126770020e-01 1.620556414127349854e-01
-2.893601953983306885e-01 9.954434819519519806e-03 1.790940612554550171e-01 2.754911482334136963e-01 -6.885626912117004395e-02 -3.305235505104064941e-02 6.689696013927459717e-02 3.996344208717346191e-01
-2.640022933483123779e-01 -1.416555941104888916e-01 2.747004628181457520e-01 -2.153051495552062988e-01 1.823946833610534668e-01 4.055801928043365479e-01 1.204558834433555603e-01 -1.180847957730293274e-01
1.871780008077621460e-01 -2.303709089756011963e-01 -3.384314477443695068e-01 -3.129392564296722412e-01 2.123635560274124146e-01 4.369784519076347351e-02 -1.442509051412343979e-02 2.871701419353485107e-01
4.882212281227111816e-01 -3.035793006420135498e-01 -1.998685002326965332e-01 -7.087877392768859863e-02 -9.965955279767513275e-03 -7.551240734755992889e-03 -2.458999492228031158e-02 -1.981986872851848602e-02
-9.210550785064697266e-02 3.427094519138336182e-01 -1.286329925060272217e-01 -7.607016712427139282e-02 1.424325108528137207e-01 2.747681736946105957e-01 6.247464567422866821e-02 -1.627527922391891479e-02
3.964308276772499084e-02 -2.577522993087768555e-01 -2.955103516578674316e-01 -2.274668216705322266e-02 -1.464845389127731323e-01 -3.289426267147064209e-01 -3.407684862613677979e-01 -7.583145052194595337e-02
-3.273607194423675537e-01 -5.612475052475929260e-02 -2.534984648227691650e-01 -3.320509791374206543e-01 2.694973647594451904e-01 -2.511404454708099365e-01 -1.037564501166343689e-02 3.108546324074268341e-02
-2.884880304336547852e-01 -2.859108150005340576e-01 2.554116845130920410e-01 -1.713655441999435425e-01 -2.540311217308044434e-01 6.154677271842956543e-02 6.241970509290695190e-02 3.751458600163459778e-02
-2.743017375469207764e-01 -3.182695508003234863e-01 -5.906123667955398560e-02 -1.899678260087966919e-01 -2.194507271051406860e-01 2.501050233840942383e-01 3.204732239246368408e-01 1.716592758893966675e-01
2.177853137254714966e-02 2.606626749038696289e-01 -3.471269011497497559e-01 -6.999405473470687866e-02 -3.139355778694152832e-01 -8.807850629091262817e-02 -1.066041663289070129e-01 -1.259201318025588989e-01
-3.900569677352905273e-01 2.319474071264266968e-01 -6.771019846200942993e-02 2.234433144330978394e-01 7.766657508909702301e-03 -1.399441249668598175e-02 1.608537882566452026e-01 -1.195127218961715698e-01
1.760648339986801147e-01 -5.487314611673355103e-02 2.131263464689254761e-01 -7.012359052896499634e-02 1.426846086978912354e-01 2.193981707096099854e-01 2.539242208003997803e-01 1.863111555576324463e-01
3.733740001916885376e-02 -3.329435288906097412e-01 1.277770996093750000e-01 -3.746870458126068115e-01 -2.561149597167968750e-01 2.384131699800491333e-01 1.991058737039566040e-01 -8.394282311201095581e-03
3.962989896535873413e-02 1.429958939552307129e-01 -1.752085089683532715e-01 -8.853580802679061890e-02 1.126534342765808105e-01 1.992510259151458740e-01 2.061285823583602905e-01 1.614361852407455444e-01
-5.294040590524673462e-02 8.604157716035842896e-02 2.230744510889053345e-01 -1.118045821785926819e-01 9.372271597385406494e-02 -1.896671801805496216e-01 -2.392332553863525391e-01 3.596932590007781982e-01
-2.431507594883441925e-02 1.046973243355751038e-01 -3.012199997901916504e-01 4.594987630844116211e-02 2.919104099273681641e-01 7.072012871503829956e-02 -8.373369462788105011e-03 3.012876510620117188e-01
2.832833230495452881e-01 1.241844743490219116e-01 3.304658830165863037e-01 1.036445423960685730e-01 -1.712472438812255859e-01 -1.771228909492492676e-01 2.928066253662109375e-01 1.964607983827590942e-01
-8.618376404047012329e-02 3.794906660914421082e-02 -2.958479225635528564e-01 -4.691050201654434204e-02 -6.270427256822586060e-03 2.931427955627441406e-01 3.882032036781311035e-01 -2.603276968002319336e-01
3.328205943107604980e-01 9.026969969272613525e-02 1.126928776502609253e-01 3.164880275726318359e-01 1.634719520807266235e-01 1.061689481139183044e-01 5.642190575599670410e-02 -2.419676482677459717e-01
-9.293810278177261353e-02 -1.823734939098358154e-01 -2.189963608980178833e-01 2.916205525398254395e-01 -3.048367202281951904e-01 -1.069665086106397212e-04 3.329671621322631836e-01 -2.889115810394287109e-01
1.352227777242660522e-01 2.165295183658599854e-01 1.759084127843379974e-02 1.395050883293151855e-01 2.306657098233699799e-02 2.613079249858856201e-01 -4.607748985290527344e-02 3.064818084239959717e-01
1.186137869954109192e-01 1.325569599866867065e-01 3.105311095714569092e-01 -1.840775646269321442e-02 -6.477564573287963867e-02 2.825999855995178223e-01 1.662083566188812256e-01 5.896622315049171448e-02
2.521345913410186768e-01 2.483339458703994751e-01 -1.618824899196624756e-02 -1.760871708393096924e-02 -2.063745558261871338e-01 -3.928180336952209473e-01 -4.743105545639991760e-02 -6.470997631549835205e-02
7.058855146169662476e-02 -1.380164735019207001e-02 1.306052207946777344e-01 -1.153419837355613708e-01 -3.049328625202178955e-01 -1.981752812862396240e-01 -2.920561134815216064e-01 -9.401670657098293304e-03
-2.482892274856567383e-01 2.722277939319610596e-01 6.691446155309677124e-02 6.819617748260498047e-02 -4.685490578413009644e-02 -2.739990651607513428e-01 3.514239564538002014e-02 6.110690068453550339e-03
-3.149009868502616882e-02 -3.039669692516326904e-01 1.147359889000654221e-02 2.258422076702117920e-01 -2.555364184081554413e-02 1.620608866214752197e-01 -2.954059243202209473e-01 -1.128894165158271790e-01
-3.415102958679199219e-01 3.163719773292541504e-01 1.422883942723274231e-02 2.662508487701416016e-01 1.883289217948913574e-02 -1.113498583436012268e-01 -3.011501133441925049e-01 3.496874570846557617e-01
2.737400531768798828e-01 2.465643733739852905e-02 -6.687626242637634277e-02 1.828699111938476562e-01 4.068998619914054871e-02 -2.425156086683273315e-01 2.270548604428768158e-03 -3.872307240962982178e-01
1.810748688876628876e-02 -1.036896333098411560e-01 -8.487534523010253906e-02 3.390163481235504150e-01 3.843353986740112305e-01 -1.841108798980712891e-01 -2.506410777568817139e-01 -3.663626015186309814e-01
2.577139735221862793e-01 3.099755942821502686e-01 2.396672815084457397e-01 1.447466611862182617e-01 1.850282251834869385e-01 -2.750901579856872559e-01 1.369836460798978806e-02 -1.439321935176849365e-01
-3.278464078903198242e-01 -1.543435901403427124e-01 -3.050192296504974365e-01 5.851270258426666260e-02 3.271016776561737061e-01 1.732997000217437744e-01 3.635579645633697510e-01 8.895972743630409241e-03
-2.693454176187515259e-02 2.203697413206100464e-01 -3.350294232368469238e-01 3.252609968185424805e-01 -2.633600831031799316e-01 -6.657879799604415894e-02 -2.532564103603363037e-01 -1.074378490447998047e-01
1.268993914127349854e-01 7.810317724943161011e-02 -5.439373105764389038e-02 -6.306885927915573120e-02 -5.623781681060791016e-02 2.034435421228408813e-02 2.223909944295883179e-01 -8.250745385885238647e-02
3.278714120388031006e-01 -2.561919093132019043e-01 -1.994432806968688965e-01 -6.754806637763977051e-02 -7.145316898822784424e-02 1.227887067943811417e-02 3.949238918721675873e-03 -1.546378880739212036e-01
3.213193640112876892e-02 7.737477868795394897e-02 3.123534917831420898e-01 -1.981928199529647827e-01 1.423426568508148193e-01 1.300344765186309814e-01 -2.821678295731544495e-02 -7.160149049013853073e-03
-2.441108971834182739e-01 -3.644738346338272095e-02 -2.328841984272003174e-01 -9.928268194198608398e-02 8.853964507579803467e-02 -2.801791429519653320e-01 -3.287031352519989014e-01 2.275102585554122925e-01
-3.293182253837585449e-01 2.990874946117401123e-01 6.119804084300994873e-02 -3.407498598098754883e-01 -1.003951579332351685e-02 2.104508131742477417e-01 3.177517950534820557e-01 1.755298972129821777e-01
1.259209364652633667e-01 -8.049472421407699585e-02 -3.305034339427947998e-01 -2.522903084754943848e-01 3.728058934211730957e-01 -1.593474298715591431e-02 3.038860559463500977e-01 -2.329925000667572021e-01
-3.340199589729309082e-01 4.641437530517578125e-02 -4.196066781878471375e-02 -2.104642987251281738e-01 2.237558066844940186e-01 -1.705605834722518921e-01 3.654877841472625732e-01 -2.663665413856506348e-01
3.211786225438117981e-02 -1.036693677306175232e-01 -6.950619071722030640e-02 -2.975698113441467285e-01 -4.351437464356422424e-02 2.270960062742233276e-01 -1.428545117378234863e-01 -2.561954259872436523e-01
-1.121817678213119507e-01 -2.567487061023712158e-01 -3.120716214179992676e-01 4.463100433349609375e-01 -2.688891291618347168e-01 1.439567059278488159e-01 -1.436089444905519485e-02 2.435078024864196777e-01
1.557666808366775513e-02 -3.252919912338256836e-01 -9.266465902328491211e-02 9.701227769255638123e-03 -1.358399819582700729e-02 8.973716944456100464e-02 -1.011923551559448242e-01 4.411988705396652222e-02
1.151627451181411743e-01 1.586960069835186005e-02 2.717539966106414795e-01 1.329496651887893677e-01 -1.222381293773651123e-01 -3.432790637016296387e-01 -1.407348960638046265e-01 -4.799517616629600525e-02
1.513961553573608398e-01 -2.905964553356170654e-01 -2.687909305095672607e-01 1.628441363573074341e-02 1.971462965011596680e-01 8.110068738460540771e-02 8.851504325866699219e-02 2.966096699237823486e-01
-1.103859990835189819e-01 -1.049896050244569778e-02 -3.998138010501861572e-02 -6.611671298742294312e-02 -2.042934000492095947e-01 1.945090889930725098e-01 -9.316722862422466278e-03 1.592928618192672729e-01
-3.405072689056396484e-01 -2.847379744052886963e-01 2.889267206192016602e-01 -2.599845230579376221e-01 1.045228168368339539e-01 2.420009523630142212e-01 -3.434114456176757812e-01 8.351159840822219849e-02
9.097981452941894531e-02 1.894431710243225098e-01 3.441767692565917969e-01 -8.835278451442718506e-02 1.341760456562042236e-01 1.502684354782104492e-01 1.896207928657531738e-01 1.705259978771209717e-01
1.907352954149246216e-01 -7.172909099608659744e-03 1.770249605178833008e-01 3.473631739616394043e-01 -9.736053645610809326e-03 2.312821000814437866e-01 -1.562778800725936890e-01 -2.138488590717315674e-01
5.181016400456428528e-02 5.575136095285415649e-02 1.293804645538330078e-01 -1.908151060342788696e-01 -2.567481100559234619e-01 4.278793931007385254e-01 3.163069859147071838e-02 -3.888668715953826904e-01
-2.543937563896179199e-01 -1.492507755756378174e-01 -1.854534447193145752e-01 3.501064181327819824e-01 5.800286307930946350e-03 1.746577471494674683e-01 4.015785828232765198e-02 6.111585721373558044e-02
2.315667718648910522e-01 -1.923436075448989868e-01 1.376687139272689819e-01 7.471403479576110840e-02 7.304245978593826294e-02 -2.505113780498504639e-01 -7.059270143508911133e-02 3.733910322189331055e-01
2.518505454063415527e-01 -2.726139128208160400e-02 -2.556923031806945801e-01 -1.562992483377456665e-01 2.305557206273078918e-02 -6.315311789512634277e-02 2.083985060453414917e-01 -2.404871731996536255e-01
1.955217719078063965e-01 1.291712075471878052e-01 -1.720147281885147095e-01 -1.766881495714187622e-01 3.222648203372955322e-01 -1.460088938474655151e-01 -7.249573618173599243e-02 9.992665052413940430e-02
9.237658232450485229e-02 -1.036100685596466064e-01 -1.864368170499801636e-01 1.576932668685913086e-01 1.245403736829757690e-01 -8.928168565034866333e-02 -3.987499698996543884e-02 -4.075623750686645508e-01
9.770765900611877441e-03 2.119954526424407959e-01 -2.645597457885742188e-01 -3.104366064071655273e-01 -1.070095598697662354e-01 3.198038041591644287e-01 1.620292067527770996e-01 5.863099172711372375e-02
3.096413612365722656e-02 -3.331225514411926270e-01 -3.167938292026519775e-01 -2.701317071914672852e-01 -1.859242096543312073e-02 -1.501786708831787109e-01 -3.440425693988800049e-01 -4.709571227431297302e-02
-6.691298913210630417e-04 -8.682442456483840942e-02 2.476143464446067810e-02 1.914355903863906860e-02 -4.882452078163623810e-03 5.748185887932777405e-02 -1.684998273849487305e-01 -1.578269600868225098e-01
-1.770008951425552368e-01 3.048173487186431885e-01 -2.071332782506942749e-01 3.155859708786010742e-01 1.276822239160537720e-01 -3.325004875659942627e-01 -3.164314329624176025e-01 3.711630403995513916e-02
-8.924905210733413696e-02 -6.727723032236099243e-02 -2.809161543846130371e-01 -4.138157516717910767e-02 2.048302441835403442e-01 1.619881093502044678e-01 -2.506856620311737061e-01 3.091767728328704834e-01
3.396509289741516113e-01 -1.360780298709869385e-01 9.222125262022018433e-02 -1.340661644935607910e-01 3.057456016540527344e-01 -2.382661700248718262e-01 2.371125519275665283e-01 3.855374455451965332e-02
1.011269539594650269e-02 3.495411574840545654e-01 1.245532557368278503e-01 -5.058478116989135742e-01 -6.169808283448219299e-02 -9.398185461759567261e-02 5.183120965957641602e-01 1.143595352768898010e-01
2.330783158540725708e-01 1.307290643453598022e-01 2.883579730987548828e-01 2.393535673618316650e-01 -2.837739884853363037e-01 3.081831037998199463e-01 -1.862690597772598267e-02 1.933137327432632446e-01
4.132406041026115417e-02 -1.508843600749969482e-01 -1.460667997598648071e-01 -1.540405303239822388e-01 2.840375602245330811e-01 1.994593739509582520e-01 2.091858237981796265e-01 1.976029127836227417e-01
-1.744418293237686157e-01 3.177274763584136963e-01 2.761092483997344971e-01 -8.614214509725570679e-02 -7.299511134624481201e-02 2.045324444770812988e-01 -3.119795396924018860e-02 5.120437145233154297e-01
2.513731420040130615e-01 -1.767242699861526489e-01 -1.717332750558853149e-01 6.301710009574890137e-02 -3.334441483020782471e-01 1.520515978336334229e-01 -8.624360710382461548e-02 -3.617140054702758789e-01
-1.010507419705390930e-01 2.435532510280609131e-01 -1.659375987946987152e-02 4.648516774177551270e-01 1.468616537749767303e-02 1.713409423828125000e-01 -1.854880303144454956e-01 -2.356180995702743530e-01
-2.625185251235961914e-01 3.342754840850830078e-01 -2.886803150177001953e-01 4.974387213587760925e-02 -2.976097464561462402e-01 2.302375435829162598e-01 1.808627843856811523e-01 -2.115532159805297852e-01
-3.069308698177337646e-01 -9.163501858711242676e-02 2.949315905570983887e-01 1.343553364276885986e-01 5.334910005331039429e-03 -2.314028739929199219e-01 1.385822519659996033e-02 -1.520858705043792725e-01
-1.477127969264984131e-01 7.605801522731781006e-02 2.669235169887542725e-01 7.762670516967773438e-02 -1.482084691524505615e-01 -9.897940605878829956e-02 -1.776420027017593384e-01 1.788213700056076050e-01
3.849027156829833984e-01 -3.517788052558898926e-01 -3.250420987606048584e-01 -2.825026512145996094e-01 3.866048529744148254e-02 3.530164482071995735e-03 6.184368580579757690e-02 -4.249219968914985657e-02
2.228379845619201660e-01 1.334350109100341797e-01 -2.678195834159851074e-01 3.699961304664611816e-02 -8.120462298393249512e-02 1.984332203865051270e-01 1.191862151026725769e-01 3.225972354412078857e-01
-4.484042227268218994e-01 -1.532695144414901733e-01 -3.456861078739166260e-01 -2.021973207592964172e-02 -4.276374354958534241e-02 1.531464159488677979e-01 -2.787728607654571533e-01 -1.380888186395168304e-02
1.995102316141128540e-01 -1.708611547946929932e-01 -5.790238454937934875e-02 -2.724619209766387939e-01 -3.332389891147613525e-01 1.309137940406799316e-01 2.416717857122421265e-01 2.492707520723342896e-01
-9.236298501491546631e-02 8.047926425933837891e-02 2.539338171482086182e-01 -1.375464629381895065e-02 1.645103096961975098e-01 -1.727609783411026001e-01 2.135969400405883789e-01 2.376154810190200806e-01
-1.175109818577766418e-01 3.092684447765350342e-01 3.191145360469818115e-01 2.710160911083221436e-01 -2.104295417666435242e-02 1.029748544096946716e-01 -1.803614944219589233e-02 1.700170338153839111e-01
-1.516044605523347855e-02 1.150323450565338135e-01 -3.352992534637451172e-01 -1.453374233096837997e-02 2.683832123875617981e-02 -6.288369745016098022e-02 1.823914237320423126e-02 -9.534908458590507507e-03
1.178981661796569824e-01 1.703262925148010254e-01 2.853302061557769775e-01 2.550742030143737793e-01 2.923523783683776855e-01 3.125405907630920410e-01 -2.830785810947418213e-01 -3.454212471842765808e-02
1.214143410325050354e-01 -1.389191746711730957e-01 2.895897924900054932e-01 2.474037706851959229e-01 -3.331792354583740234e-01 2.998453676700592041e-01 -1.478938609361648560e-01 -2.375947833061218262e-01
1.513060778379440308e-01 1.878846436738967896e-01 -2.452487647533416748e-01 -2.171145081520080566e-01 3.653903007507324219e-01 -2.751648128032684326e-01 -2.526446878910064697e-01 -3.016683757305145264e-01
2.134107500314712524e-01 -3.580408915877342224e-02 -2.275029718875885010e-01 -5.920777097344398499e-03 -3.388623893260955811e-01 -7.024770230054855347e-02 3.401110768318176270e-01 2.702484726905822754e-01
-2.587618529796600342e-01 2.892040312290191650e-01 2.462774515151977539e-01 3.718473613262176514e-01 -1.731545180082321167e-01 -1.722170561552047729e-01 1.677010655403137207e-01 9.176730364561080933e-02
1.001395657658576965e-01 -4.644082114100456238e-02 -3.574286401271820068e-01 -1.843201965093612671e-01 -3.292463719844818115e-01 -2.025249600410461426e-01 -1.376965939998626709e-01 3.073863983154296875e-01
1.426962614059448242e-01 -1.906524300575256348e-01 -2.638420164585113525e-01 3.097586035728454590e-01 -1.855877488851547241e-01 -3.105863034725189209e-01 -3.260027766227722168e-01 -2.174853980541229248e-01
8.291858434677124023e-02 1.741801798343658447e-01 2.541254507377743721e-03 -2.363688796758651733e-01 9.060721099376678467e-02 -1.872699409723281860e-01 6.405586004257202148e-02 -5.963997170329093933e-02
2.496879845857620239e-01 -2.690145075321197510e-01 -3.448056280612945557e-01 -3.197790384292602539e-01 1.599896401166915894e-01 2.681548893451690674e-01 3.036126196384429932e-01 -2.439211755990982056e-01
-2.215886116027832031e-01 -1.912056803703308105e-01 -3.122974634170532227e-01 -1.748489290475845337e-01 -3.152076900005340576e-01 -6.367029249668121338e-02 2.965441346168518066e-01 -1.575541496276855469e-01
-9.942338801920413971e-03 -2.169786095619201660e-01 1.224346831440925598e-01 3.226758241653442383e-01 -5.159091949462890625e-02 2.350048273801803589e-01 -4.225368201732635498e-01 -1.944794952869415283e-01
-1.687310934066772461e-01 5.111055448651313782e-03 -2.822992503643035889e-01 -2.277983166277408600e-02 2.448141127824783325e-01 2.249689996242523193e-01 3.617361783981323242e-01 -1.177494972944259644e-01
-2.656418681144714355e-01 2.395959198474884033e-01 1.833630055189132690e-01 8.148562908172607422e-02 3.353120982646942139e-01 5.233078822493553162e-02 -3.636467456817626953e-02 2.106941342353820801e-01
-1.338355243206024170e-01 1.530373394489288330e-01 1.023239940404891968e-01 -8.407802134752273560e-02 -2.928401529788970947e-01 2.803220041096210480e-02 -2.938051521778106689e-01 1.057113260030746460e-01
1.902580857276916504e-01 3.437824845314025879e-01 -5.885608121752738953e-02 -2.592421323060989380e-02 -2.458949200809001923e-02 -9.289724752306938171e-03 9.584403038024902344e-02 -2.446816116571426392e-01
-3.179590404033660889e-01 -2.216943204402923584e-01 -9.363075345754623413e-02 1.257852017879486084e-01 -4.373675957322120667e-02 2.717893384397029877e-02 6.702651828527450562e-02 2.653229832649230957e-01
2.315552085638046265e-01 -1.680100262165069580e-01 1.747751682996749878e-01 -3.307462483644485474e-02 6.982153747230768204e-03 1.205173805356025696e-01 -1.841003745794296265e-01 2.195331305265426636e-01
-5.537042766809463501e-02 -2.409268766641616821e-01 3.569938242435455322e-01 -2.743055224418640137e-01 1.698762029409408569e-01 -9.847901761531829834e-02 3.631922900676727295e-01 -2.902216464281082153e-02
-1.223800331354141235e-01 -2.582018673419952393e-01 -2.263979762792587280e-01 1.358631253242492676e-02 2.883915901184082031e-01 2.338362038135528564e-01 -2.989796549081802368e-02 -3.767824172973632812e-01
2.890286147594451904e-01 2.895685844123363495e-02 -2.589643001556396484e-01 2.034557908773422241e-01 -3.016307055950164795e-01 -2.958612442016601562e-01 3.081357181072235107e-01 4.435309022665023804e-02
6.170500814914703369e-02 1.175150424242019653e-01 2.984808087348937988e-01 -1.746644675731658936e-01 1.149971410632133484e-01 2.764402329921722412e-02 2.922052145004272461e-01 2.702023684978485107e-01
-1.322838664054870605e-01 -5.899996962398290634e-03 -3.030175566673278809e-01 1.381221711635589600e-01 3.498605787754058838e-01 2.115044295787811279e-01 -1.034930571913719177e-01 -2.357565909624099731e-01
-9.465115517377853394e-02 2.565124332904815674e-01 -1.224073544144630432e-01 -2.887215465307235718e-02 1.538468599319458008e-01 1.572948545217514038e-01 -3.795671835541725159e-02 1.021672859787940979e-01
3.386444747447967529e-01 7.329609245061874390e-02 2.614029943943023682e-01 -2.587485313415527344e-02 -2.660803496837615967e-01 1.103443652391433716e-01 3.223361968994140625e-01 2.850911915302276611e-01
2.220970764756202698e-02 1.475722789764404297e-01 -9.980584681034088135e-02 2.614867500960826874e-02 2.177865505218505859e-01 -1.888069361448287964e-01 1.642899066209793091e-01 -3.759442269802093506e-01
-3.338133096694946289e-01 6.417084485292434692e-02 -4.261440783739089966e-02 1.415725797414779663e-01 9.968814998865127563e-02 1.011360362172126770e-01 -1.612546592950820923e-01 1.692743897438049316e-01
-4.774855333380401134e-04 -8.618616312742233276e-02 -2.187687605619430542e-01 1.520449668169021606e-01 4.636079668998718262e-01 -3.167496919631958008e-01 1.383418589830398560e-01 -3.956816494464874268e-01
-2.715921700000762939e-01 -3.550120443105697632e-02 2.114277631044387817e-01 -2.886320650577545166e-01 -2.885355651378631592e-01 -2.956411242485046387e-01 2.076099254190921783e-02 2.798174321651458740e-01
-2.342838048934936523e-01 1.378334760665893555e-01 7.312194257974624634e-02 9.005516767501831055e-02 1.567441374063491821e-01 -7.251609116792678833e-02 -2.643877267837524414e-01 -1.547144204378128052e-01
9.463088959455490112e-02 1.888571232557296753e-01 3.314641714096069336e-01 1.706518530845642090e-01 1.183478087186813354e-01 -6.423018127679824829e-02 -3.439487516880035400e-02 -5.024191141128540039e-01
-3.077584803104400635e-01 -2.678784132003784180e-01 -2.886031270027160645e-01 -7.700569182634353638e-02 -7.124954462051391602e-02 2.112289071083068848e-01 1.198533251881599426e-01 -3.229136466979980469e-01
3.239147737622261047e-02 3.111496269702911377e-01 1.711342781782150269e-01 -9.042900800704956055e-02 -1.567083448171615601e-01 -2.962994575500488281e-01 5.208469554781913757e-02 -2.109984755516052246e-01
4.423286765813827515e-02 -7.266399264335632324e-02 -2.640482485294342041e-01 2.677620202302932739e-02 -3.467652499675750732e-01 -3.040906190872192383e-01 -1.353361457586288452e-01 -2.069222778081893921e-01
3.219623267650604248e-01 -8.354321867227554321e-02 -2.129915505647659302e-01 -5.539901182055473328e-02 -2.480428516864776611e-01 1.086292117834091187e-01 2.650268971920013428e-01 3.099174499511718750e-01
-3.944402188062667847e-02 -4.123695194721221924e-02 9.440474212169647217e-02 7.054323703050613403e-02 -1.170796994119882584e-02 9.571803361177444458e-02 -2.666433453559875488e-01 -2.801845371723175049e-01
-1.708013415336608887e-01 -1.459751874208450317e-01 -4.654161259531974792e-02 -1.708441823720932007e-01 1.500563137233257294e-02 -2.628270089626312256e-01 1.186913102865219116e-01 -2.228638380765914917e-01
-1.105068400502204895e-01 2.010161988437175751e-02 -4.912137612700462341e-02 -3.293667137622833252e-01 -1.618308573961257935e-02 2.014024108648300171e-01 4.525827616453170776e-02 2.117787897586822510e-01
-3.590689003467559814e-01 2.725326120853424072e-01 -1.330976635217666626e-01 -1.057719141244888306e-01 3.241853117942810059e-01 -1.351110190153121948e-01 1.480777934193611145e-02 1.788599602878093719e-02
1.651295125484466553e-01 2.001548558473587036e-01 -2.986620962619781494e-01 2.444191724061965942e-01 1.729391328990459442e-02 1.709880679845809937e-01 -2.104388773441314697e-01 -9.301026165485382080e-02
-2.966871261596679688e-01 -1.936634927988052368e-01 5.893997102975845337e-02 3.360356688499450684e-01 -8.300078660249710083e-02 -2.433530837297439575e-01 6.840309500694274902e-02 -7.173798233270645142e-02
1.260397117584943771e-02 -3.353971540927886963e-01 3.858607262372970581e-02 3.473164439201354980e-01 1.404754072427749634e-01 -4.431210458278656006e-01 -2.919827997684478760e-01 2.153835147619247437e-01
-1.779692322015762329e-01 3.712739050388336182e-02 -3.273958563804626465e-01 3.063034079968929291e-02 6.396318785846233368e-04 4.712997004389762878e-02 -1.836706846952438354e-01 2.853839695453643799e-01
-5.266366526484489441e-03 1.934053003787994385e-01 -2.994565367698669434e-01 -5.147939324378967285e-01 -4.962273314595222473e-02 1.281590107828378677e-02 3.260883986949920654e-01 2.542027533054351807e-01
-8.730047382414340973e-03 2.479598373174667358e-01 -2.293392419815063477e-01 -3.867901265621185303e-01 4.388350527733564377e-03 -1.230203583836555481e-01 4.755876064300537109e-01 1.389728784561157227e-01
-2.891219258308410645e-01 1.223219707608222961e-01 -1.529090702533721924e-01 2.302689403295516968e-01 -3.432836011052131653e-02 5.815358087420463562e-02 -3.650567829608917236e-01 -1.172155290842056274e-01
-2.522476911544799805e-01 1.650488525629043579e-01 -2.952046692371368408e-01 3.333598971366882324e-01 -1.641682088375091553e-01 1.451290994882583618e-01 -1.332764327526092529e-01 -1.836546808481216431e-01
-2.121053934097290039e-01 2.273027785122394562e-03 -1.422669887542724609e-01 -1.414582878351211548e-01 7.601176947355270386e-02 3.445160388946533203e-01 -1.511557698249816895e-01 1.043688505887985229e-01
2.002546042203903198e-01 1.075237020850181580e-01 -2.642035186290740967e-01 3.635793328285217285e-01 2.529418766498565674e-01 -2.174547910690307617e-01 -7.199846953153610229e-02 -1.427715271711349487e-01
2.992492914199829102e-01 -1.792198717594146729e-01 -1.599561870098114014e-01 -3.323612809181213379e-01 -2.557756602764129639e-01 3.358820825815200806e-02 -8.808969706296920776e-02 -7.681700587272644043e-02
-1.628004163503646851e-01 6.810408830642700195e-02 2.043860852718353271e-01 -2.851428091526031494e-01 1.528145074844360352e-01 4.475140571594238281e-02 1.036069914698600769e-01 -1.711181402206420898e-01
-3.646629154682159424e-01 2.813953459262847900e-01 -3.313487172126770020e-01 1.731163859367370605e-01 2.113967835903167725e-01 4.174823686480522156e-02 -3.293633460998535156e-01 1.750848256051540375e-02
1.325943022966384888e-01 -3.137830793857574463e-01 1.132862549275159836e-02 -5.099952816963195801e-01 1.379255205392837524e-01 -1.959202140569686890e-01 -2.767898328602313995e-02 2.729441523551940918e-01
2.654621601104736328e-01 -4.426064714789390564e-02 5.060682073235511780e-02 2.920483648777008057e-01 -2.291200757026672363e-01 2.284780843183398247e-03 -1.612445525825023651e-02 -6.770271807909011841e-02
2.092636227607727051e-01 -3.173328936100006104e-01 -2.875924110412597656e-01 2.141866385936737061e-01 -1.123863235116004944e-01 -4.100603759288787842e-01 -1.286279261112213135e-01 -4.219915345311164856e-02
-2.283521294593811035e-01 -2.090938836336135864e-01 2.806984484195709229e-01 2.147996723651885986e-01 1.525464206933975220e-01 1.076362654566764832e-01 9.948319941759109497e-02 1.703311204910278320e-01
2.714690864086151123e-01 -8.535454422235488892e-02 8.873503655195236206e-02 3.460375070571899414e-01 -2.829968631267547607e-01 9.287353605031967163e-02 7.089298218488693237e-02 -3.528850153088569641e-02
-2.931792736053466797e-01 8.426842093467712402e-02 2.886851131916046143e-02 1.632376760244369507e-02 -3.224777281284332275e-01 -1.461330652236938477e-01 2.015880942344665527e-01 -2.417138814926147461e-01
-1.894349157810211182e-01 -1.258774697780609131e-01 -2.260446101427078247e-01 -1.089681610465049744e-01 -2.804396748542785645e-01 5.307070910930633545e-02 1.057545915246009827e-01 -3.955573216080665588e-02
1.194952130317687988e-01 4.754044860601425171e-02 -2.314620763063430786e-01 9.807821363210678101e-02 -1.210206300020217896e-01 9.267955273389816284e-02 2.111128866672515869e-01 2.751267254352569580e-01
5.510746315121650696e-02 2.669420838356018066e-01 -1.649800240993499756e-01 -3.408275078982114792e-03 -2.137770056724548340e-01 -8.720128238201141357e-02 1.832440309226512909e-02 8.748380932956933975e-04
-1.192744746804237366e-01 -1.121018379926681519e-01 3.346347212791442871e-01 3.311571478843688965e-01 2.742767035961151123e-01 2.521381974220275879e-01 -1.613624542951583862e-01 3.234860599040985107e-01
2.567816674709320068e-01 -1.407409906387329102e-01 1.905844211578369141e-01 1.746297925710678101e-01 -1.271921396255493164e-01 2.647790312767028809e-01 3.377768993377685547e-01 -1.412104815244674683e-01
-3.487832546234130859e-01 7.685590069741010666e-03 -1.545558869838714600e-01 3.075630664825439453e-01 -2.108869999647140503e-01 -5.974281579256057739e-03 -2.247191816568374634e-01 4.934466630220413208e-02
5.363567173480987549e-02 -1.096163690090179443e-01 2.077230364084243774e-01 -9.377970546483993530e-02 -3.315440714359283447e-01 -1.560197174549102783e-01 1.462501883506774902e-01 -2.550704777240753174e-01
-3.177632987499237061e-01 -1.817027032375335693e-01 6.601770967245101929e-02 3.675575256347656250e-01 5.782024562358856201e-02 -1.417969763278961182e-01 1.491819918155670166e-01 4.336903393268585205e-01
-4.020528495311737061e-02 2.665689289569854736e-01 -1.474978774785995483e-01 -2.376413047313690186e-01 8.567002415657043457e-02 -2.182805687189102173e-01 -2.908295392990112305e-01 2.667295038700103760e-01
2.226740121841430664e-02 -2.292402535676956177e-01 -3.980323672294616699e-02 -3.916549682617187500e-01 2.103381305932998657e-01 3.117175102233886719e-01 4.212494939565658569e-02 -4.223696887493133545e-01
8.670970797538757324e-03 3.279651999473571777e-01 1.327583789825439453e-01 -4.242345690727233887e-03 3.285861760377883911e-02 -7.270321249961853027e-03 -2.483825236558914185e-01 7.420849800109863281e-02
-2.648178339004516602e-01 1.737370491027832031e-01 -2.465313971042633057e-01 3.706068918108940125e-02 -3.494434356689453125e-01 -1.272462010383605957e-01 -3.186879754066467285e-01 -2.847818136215209961e-01
-5.870281159877777100e-02 -2.497845590114593506e-01 1.110365539789199829e-01 2.992287278175354004e-01 3.618079796433448792e-02 1.981816627085208893e-02 1.138374656438827515e-01 1.285207420587539673e-01
-2.578603923320770264e-01 2.594988048076629639e-01 2.325853258371353149e-01 -2.233655154705047607e-01 1.491013020277023315e-01 1.787276864051818848e-01 -2.099843025207519531e-01 -2.794625759124755859e-01
-1.329996138811111450e-01 -1.053249649703502655e-02 1.220395490527153015e-01 1.715041138231754303e-02 -3.031262755393981934e-01 2.195527553558349609e-01 4.064500927925109863e-01 -2.955678403377532959e-01
-1.166044734418392181e-02 -2.713615447282791138e-02 -3.560645282268524170e-01 8.922812342643737793e-02 -2.115064710378646851e-01 -4.268692433834075928e-01 1.916942894458770752e-01 3.458145558834075928e-01
2.019075155258178711e-01 -3.238122537732124329e-02 1.205389648675918579e-01 -2.423117607831954956e-01 -2.163184583187103271e-01 -4.436490684747695923e-02 -3.111578822135925293e-01 -2.339566685259342194e-02
-6.206760182976722717e-02 5.582346022129058838e-02 -3.420944511890411377e-01 -3.382299542427062988e-01 8.956737816333770752e-02 -7.652597036212682724e-03 3.575922176241874695e-02 -1.945077925920486450e-01
-1.081969588994979858e-01 -3.402765989303588867e-01 2.943548560142517090e-01 -2.113748788833618164e-01 3.457292448729276657e-03 -6.731139868497848511e-02 3.570816218852996826e-01 1.737668812274932861e-01
-2.508215010166168213e-01 3.063920140266418457e-01 5.658477917313575745e-02 2.785350084304809570e-01 -1.008096933364868164e-01 2.593371272087097168e-01 -1.029841154813766479e-01 2.851380705833435059e-01
-3.524080514907836914e-01 -1.013833470642566681e-02 1.581434756517410278e-01 3.029400408267974854e-01 -1.476979255676269531e-01 -3.182051703333854675e-02 -2.610794603824615479e-01 -2.588911354541778564e-01
6.429453380405902863e-03 2.194254547357559204e-01 -3.650833964347839355e-01 -3.869513571262359619e-01 -3.647918105125427246e-01 1.683029979467391968e-01 1.308685392141342163e-01 4.261746108531951904e-01
-2.353277206420898438e-01 -3.512281477451324463e-01 -5.515670776367187500e-02 1.370375454425811768e-01 -2.142327576875686646e-01 1.243678703904151917e-01 1.850484311580657959e-01 6.744056474417448044e-03
-2.578449249267578125e-01 -1.316076070070266724e-01 -2.266344428062438965e-01 -2.766855657100677490e-01 2.063326984643936157e-01 2.828896641731262207e-01 9.348130971193313599e-02 2.264102250337600708e-01
7.222876697778701782e-02 -2.753456234931945801e-01 1.347814649343490601e-01 3.167631328105926514e-01 1.117486134171485901e-01 3.326674699783325195e-01 2.590549588203430176e-01 -8.040515333414077759e-02
2.609435021877288818e-01 1.069472655653953552e-01 -1.544213294982910156e-01 2.383344108238816261e-03 -2.307459414005279541e-01 3.433595895767211914e-01 7.681942731142044067e-02 -1.963683813810348511e-01
-9.787021204829216003e-03 -3.445725142955780029e-01 -5.721341446042060852e-02 -9.936819784343242645e-03 -1.364814676344394684e-02 2.484970353543758392e-02 -6.795848906040191650e-02 1.114774681627750397e-02
1.619710922241210938e-01 2.840295135974884033e-01 4.467824101448059082e-02 1.405780464410781860e-01 -1.507640350610017776e-02 -4.908254370093345642e-02 -1.086894273757934570e-01 3.222258090972900391e-01
-2.735016644001007080e-01 1.353351771831512451e-02 1.976581215858459473e-01 2.801913619041442871e-01 -2.454835176467895508e-01 3.042561709880828857e-01 -7.670170813798904419e-02 -1.177473068237304688e-01
2.989078462123870850e-01 2.342509776353836060e-01 2.622044980525970459e-01 1.420712023973464966e-01 -2.667846381664276123e-01 1.927215307950973511e-01 9.229780733585357666e-02 -3.966690972447395325e-02
-2.879909873008728027e-01 -3.004491627216339111e-01 -1.198623105883598328e-01 5.713439360260963440e-02 -1.614173874258995056e-02 1.527514308691024780e-01 3.790836036205291748e-01 1.366089135408401489e-01
-2.440015599131584167e-02 -1.311100125312805176e-01 -2.207963913679122925e-01 -1.942384690046310425e-01 -3.145368695259094238e-01 2.353579401969909668e-01 -2.544176019728183746e-02 2.804778814315795898e-01
-3.431519269943237305e-01 -6.142903864383697510e-02 2.649843394756317139e-01 -3.237222433090209961e-01 -2.992311120033264160e-01 6.885161995887756348e-02 -2.441945523023605347e-01 -1.621992886066436768e-01
-2.218867838382720947e-01 2.075261473655700684e-01 -3.074644207954406738e-01 1.804519295692443848e-01 2.677930518984794617e-02 4.057738780975341797e-01 9.354165941476821899e-02 -2.151168882846832275e-01
-2.073515206575393677e-01 -3.042767345905303955e-01 -2.593746185302734375e-01 -8.495915681123733521e-03 -2.109849900007247925e-01 4.014911130070686340e-02 -5.405505001544952393e-02 1.902368292212486267e-02
-1.793245226144790649e-01 2.760142683982849121e-01 3.249414563179016113e-01 -2.407921999692916870e-01 -4.883402213454246521e-02 2.399169355630874634e-01 3.194484114646911621e-01 -9.645087271928787231e-02
-1.912545114755630493e-01 -5.321175977587699890e-02 -3.519999384880065918e-01 -8.240298181772232056e-02 -1.599708199501037598e-01 -3.383351266384124756e-01 1.542936861515045166e-01 1.041170209646224976e-01
8.871978521347045898e-02 1.647141724824905396e-01 -4.764769226312637329e-02 9.773536026477813721e-02 1.745537072420120239e-01 -1.952187269926071167e-01 -4.230591058731079102e-01 -1.912137120962142944e-01
1.213676854968070984e-01 1.368419975042343140e-01 2.969934642314910889e-01 -3.999068439006805420e-01 -1.002071201801300049e-01 2.052709907293319702e-01 -1.449961364269256592e-01 -4.671055451035499573e-02
-4.401102289557456970e-02 -1.996259242296218872e-01 -2.567811012268066406e-01 -2.829796671867370605e-01 4.187959730625152588e-01 5.601674690842628479e-02 -1.468131393194198608e-01 -3.357572853565216064e-01
-2.984865605831146240e-01 -1.217978261411190033e-02 2.813037931919097900e-01 9.310030937194824219e-02 1.225859448313713074e-01 2.383261770009994507e-01 5.943513475358486176e-03 1.704367622733116150e-02
2.419724464416503906e-01 5.009215697646141052e-02 2.120291739702224731e-01 4.255890101194381714e-02 -2.370144426822662354e-01 1.058565974235534668e-01 -5.499312281608581543e-02 -2.900073826313018799e-01
-1.838326267898082733e-02 -7.472596131265163422e-03 1.716698855161666870e-01 -1.189487800002098083e-02 1.340635586529970169e-02 -5.369875952601432800e-02 1.553339231759309769e-02 -1.345540490001440048e-02
2.311010360717773438e-01 1.069303452968597412e-01 -4.563469439744949341e-02 5.080839619040489197e-02 -3.540665805339813232e-01 2.000749558210372925e-01 1.878387182950973511e-01 3.218851685523986816e-01
1.813674569129943848e-01 -1.042564138770103455e-01 -2.246519625186920166e-01 -1.850152760744094849e-01 -3.879424631595611572e-01 -2.478544414043426514e-01 -2.315701246261596680e-01 2.066896706819534302e-01
