-3.095958232879638672e-01 1.823079884052276611e-01 -2.278877049684524536e-01 -1.658958345651626587e-01 3.764799535274505615e-01 -2.627896666526794434e-01 1.869068890810012817e-01
7.073573302477598190e-03 -1.250280737876892090e-01 -3.278214335441589355e-01 -1.971494108438491821e-01 -3.070343136787414551e-01 5.404868349432945251e-02 -2.745072916150093079e-02
-1.111855953931808472e-01 3.010002374649047852e-01 -1.912974268198013306e-01 -7.024548947811126709e-02 -2.318135052919387817e-01 -1.557922959327697754e-01 1.893649101257324219e-01
-3.436179161071777344e-01 1.813098788261413574e-01 -8.045747876167297363e-02 4.812983423471450806e-02 2.403607368469238281e-01 -2.199245430529117584e-02 -3.703812882304191589e-02
5.534331128001213074e-02 2.511895000934600830e-01 -1.721184253692626953e-01 -4.273882135748863220e-02 3.829210102558135986e-01 -1.037719175219535828e-01 -2.791163623332977295e-01
1.561189889907836914e-01 -1.174869686365127563e-01 3.661546707153320312e-01 -3.509548902511596680e-01 1.857199892401695251e-02 2.058973312377929688e-01 -1.222022399306297302e-01
-2.290347814559936523e-01 2.577380239963531494e-01 -3.018432855606079102e-01 -2.861027121543884277e-01 -1.165694668889045715e-01 1.871757358312606812e-01 1.765567064285278320e-01
-3.253757953643798828e-01 -3.413465321063995361e-01 1.250371634960174561e-01 -1.193795874714851379e-01 -2.824905514717102051e-01 -1.222777590155601501e-01 -2.953577339649200439e-01
9.710019826889038086e-02 -5.098281055688858032e-02 -4.376700893044471741e-02 6.790857762098312378e-02 -4.012578427791595459e-01 -1.245730184018611908e-02 6.449703127145767212e-02
-1.487196534872055054e-01 2.085505574941635132e-01 -7.236988842487335205e-02 1.349055171012878418e-01 -2.171650528907775879e-01 1.388401091098785400e-01 5.623660981655120850e-02
-1.707573235034942627e-01 4.219484701752662659e-02 -2.946015298366546631e-01 -1.291580777615308762e-02 -1.353854387998580933e-01 -3.571453094482421875e-01 -2.997654080390930176e-01
2.774475812911987305e-01 1.962702870368957520e-01 2.173666507005691528e-01 1.289940029382705688e-01 2.661011740565299988e-02 1.739433705806732178e-01 1.688460409641265869e-01
2.917839959263801575e-02 -4.823039472103118896e-02 3.564133644104003906e-01 -3.487960398197174072e-01 9.260923601686954498e-03 -3.535906970500946045e-02 -3.634473250713199377e-04
-3.470620512962341309e-01 1.192982345819473267e-01 9.661035239696502686e-02 -3.707258701324462891e-01 2.993879616260528564e-01 -8.790703117847442627e-02 -2.707762457430362701e-02
1.564503461122512817e-01 -4.436685517430305481e-02 3.015505969524383545e-01 -7.428780198097229004e-02 -4.191770255565643311e-01 1.014987751841545105e-02 -3.276406228542327881e-01
-1.429095566272735596e-01 -1.737335473299026489e-01 -2.711796164512634277e-01 3.281971216201782227e-01 -1.500542163848876953e-01 -2.590696513652801514e-01 6.571252644062042236e-02
-2.804551422595977783e-01 -3.348271846771240234e-01 -1.051158905029296875e-01 -1.648653745651245117e-01 2.830535769462585449e-01 -1.869393289089202881e-01 3.233843147754669189e-01
1.025982499122619629e-01 1.070268303155899048e-01 3.022494912147521973e-01 2.799654304981231689e-01 3.596184551715850830e-01 2.097469270229339600e-01 -9.462640620768070221e-03
9.567344933748245239e-02 2.557331025600433350e-01 2.382896691560745239e-01 3.249248266220092773e-01 2.812227606773376465e-01 -1.319584548473358154e-01 -3.698650598526000977e-01
-4.601331427693367004e-03 6.102540343999862671e-02 -7.898265868425369263e-02 -2.197901308536529541e-01 1.619824767112731934e-01 7.575370371341705322e-02 -3.266718089580535889e-01
8.779536187648773193e-02 3.638193607330322266e-01 -1.626754105091094971e-01 -1.882974058389663696e-01 1.072160601615905762e-01 -8.225735276937484741e-02 2.402975410223007202e-01
3.264419436454772949e-01 -3.122749328613281250e-01 2.729155719280242920e-01 -1.500117480754852295e-01 -1.420293748378753662e-01 2.695667445659637451e-01 1.938625425100326538e-01
-3.132048845291137695e-01 3.382785320281982422e-01 -2.782288789749145508e-01 4.755435883998870850e-02 7.230859249830245972e-02 -2.900564968585968018e-01 1.137304082512855530e-01
3.421591520309448242e-01 -2.427416741847991943e-01 3.628487288951873779e-01 -9.950727969408035278e-02 -1.783644035458564758e-02 1.876875460147857666e-01 3.271426856517791748e-01
2.199622988700866699e-01 3.602754697203636169e-02 1.433348059654235840e-01 6.630691140890121460e-02 -2.845915555953979492e-01 1.265466213226318359e-01 1.676210612058639526e-01
3.503172099590301514e-01 -2.041651606559753418e-01 1.550904853502288461e-04 -4.739910736680030823e-02 1.779650896787643433e-01 1.167882233858108521e-01 -7.506261765956878662e-02
3.077283799648284912e-01 -2.961622774600982666e-01 1.283370405435562134e-01 2.980340719223022461e-01 -1.628858745098114014e-01 7.230001036077737808e-03 2.485614120960235596e-01
2.645363211631774902e-01 2.848377823829650879e-01 -2.440114021301269531e-01 2.508149743080139160e-01 9.206072241067886353e-02 -5.930041521787643433e-02 3.196973353624343872e-02
-1.110774502158164978e-01 -1.497325748205184937e-01 1.855679154396057129e-01 -1.739846318960189819e-01 -6.169190257787704468e-02 1.475767642259597778e-01 -1.861295253038406372e-01
8.541811257600784302e-02 -3.469498753547668457e-01 -6.359155476093292236e-02 -7.549557834863662720e-02 -2.940297722816467285e-01 3.114195466041564941e-01 -3.654244542121887207e-01
-9.935417771339416504e-02 2.865034341812133789e-01 -3.226749897003173828e-01 5.287355184555053711e-02 8.269045501947402954e-03 3.132585287094116211e-01 2.954564690589904785e-01
4.308633133769035339e-02 -1.216068938374519348e-01 1.448722183704376221e-01 -5.662399530410766602e-02 -1.635060608386993408e-01 2.602450847625732422e-01 -3.189222812652587891e-01
-2.629999220371246338e-01 2.280700802803039551e-01 -1.229412015527486801e-02 -2.927341498434543610e-02 -3.437294065952301025e-01 -3.000771105289459229e-01 3.583577275276184082e-01
-5.633821710944175720e-02 -1.557546257972717285e-01 3.697020411491394043e-01 -3.652257323265075684e-01 -5.664593353867530823e-02 -1.404187530279159546e-01 5.769433081150054932e-02
-3.734883666038513184e-02 1.980644017457962036e-01 -1.375323235988616943e-01 -1.520560979843139648e-01 -2.351261228322982788e-01 -1.248838901519775391e-01 -1.928362548351287842e-01
8.704511821269989014e-02 3.546730056405067444e-02 -5.417253077030181885e-02 2.952104806900024414e-01 -2.276162207126617432e-01 -1.111646145582199097e-01 -2.737866640090942383e-01
-2.609353959560394287e-01 -1.051278188824653625e-01 -7.055075466632843018e-02 -3.295824825763702393e-01 -1.632251888513565063e-01 1.888631135225296021e-01 1.804861277341842651e-01
3.020463883876800537e-01 3.089580833911895752e-01 1.638851463794708252e-01 1.058678030967712402e-01 2.967381477355957031e-01 -1.017517894506454468e-01 1.602167636156082153e-01
3.586637973785400391e-01 -1.159190982580184937e-01 3.419097065925598145e-01 3.548789322376251221e-01 -3.787404000759124756e-01 -5.303579568862915039e-02 3.253481388092041016e-01
-1.356564313173294067e-01 2.840676605701446533e-01 -2.779392302036285400e-01 -1.169908717274665833e-01 -3.676457703113555908e-01 1.377854347229003906e-01 1.053269281983375549e-01
3.224879205226898193e-01 2.553728222846984863e-01 -2.423076182603836060e-01 2.102022916078567505e-01 9.837135672569274902e-02 -1.490241847932338715e-02 -2.715394496917724609e-01
-2.677124142646789551e-01 -2.903218567371368408e-01 2.111993432044982910e-01 2.417099662125110626e-02 -7.524023205041885376e-02 -2.672107815742492676e-01 4.701863601803779602e-02
-3.166653811931610107e-01 1.036833226680755615e-01 1.370583325624465942e-01 -2.037567198276519775e-01 2.849681377410888672e-01 3.669219017028808594e-01 -3.391324877738952637e-01
6.886188685894012451e-02 3.154274225234985352e-01 -2.302691638469696045e-01 -2.125168144702911377e-01 1.250337213277816772e-01 1.614161580801010132e-01 -5.384953692555427551e-02
1.478345245122909546e-01 -1.132030040025711060e-01 2.737867534160614014e-01 -2.401349395513534546e-01 3.155794143676757812e-01 -2.066290751099586487e-02 1.886323094367980957e-01
-1.036365851759910583e-01 -3.448259457945823669e-02 4.824387840926647186e-03 3.814259767532348633e-01 -9.488765895366668701e-02 4.636902362108230591e-02 -1.261519193649291992e-01
-2.884086966514587402e-01 1.612756401300430298e-01 3.550989925861358643e-01 -1.774477660655975342e-01 1.133363023400306702e-01 3.589906990528106689e-01 3.574489355087280273e-01
-3.864588141441345215e-01 1.409528702497482300e-01 3.265088796615600586e-01 3.720611333847045898e-01 3.271184265613555908e-01 -1.058480367064476013e-01 9.549577720463275909e-03
8.117109537124633789e-02 2.636163830757141113e-01 -1.396612972021102905e-01 1.484031081199645996e-01 -3.651863634586334229e-01 2.813253700733184814e-01 -2.713965177536010742e-01
2.930388152599334717e-01 -2.660408616065979004e-01 -1.337083578109741211e-01 1.018897965550422668e-01 3.073424696922302246e-01 2.294855192303657532e-02 3.784867748618125916e-02
-2.866273522377014160e-01 -2.491725683212280273e-01 -1.965531148016452789e-02 -1.855535358190536499e-01 -3.203215897083282471e-01 1.019200459122657776e-01 -1.714011728763580322e-01
2.929831445217132568e-01 -1.735315769910812378e-01 3.639354184269905090e-02 -2.765537500381469727e-01 2.992885112762451172e-01 8.677095174789428711e-02 1.385136693716049194e-01
1.185771748423576355e-01 -8.224062621593475342e-03 1.848162412643432617e-01 1.428944319486618042e-01 1.209810301661491394e-01 3.698037862777709961e-01 1.163395941257476807e-01
3.189691305160522461e-01 1.953421980142593384e-01 2.664588019251823425e-02 1.207780372351408005e-02 -8.989196270704269409e-03 -2.370389848947525024e-01 -2.653464078903198242e-01
9.830727428197860718e-02 -1.762983202934265137e-01 -1.184069085866212845e-02 1.800362765789031982e-02 2.315194904804229736e-01 -1.285377889871597290e-01 3.608759939670562744e-01
-8.303741365671157837e-02 9.447121620178222656e-02 -1.345221698284149170e-01 -1.024678647518157959e-01 6.447024643421173096e-02 3.282582461833953857e-01 -1.362431496381759644e-01
1.479947566986083984e-02 7.555451244115829468e-02 -2.929910719394683838e-01 -1.942867785692214966e-01 -2.437844872474670410e-01 -1.478454023599624634e-01 1.170120686292648315e-01
-2.020995914936065674e-01 -3.650091290473937988e-01 -1.385312527418136597e-01 2.174826562404632568e-01 1.924880892038345337e-01 -2.386859953403472900e-01 3.369192481040954590e-01
3.004180490970611572e-01 2.409545183181762695e-01 1.673412621021270752e-01 -2.931902408599853516e-01 -2.423043698072433472e-01 -2.794969379901885986e-01 -1.097870841622352600e-01
-2.465349137783050537e-01 -1.016115769743919373e-01 3.160257935523986816e-01 -1.047979146242141724e-01 -1.797404140233993530e-01 1.973799057304859161e-02 -6.309217214584350586e-02
-1.686117500066757202e-01 5.172321945428848267e-02 6.087722629308700562e-02 3.407203853130340576e-01 -2.761013805866241455e-01 -1.633542776107788086e-02 -2.672041058540344238e-01
3.150365352630615234e-01 1.545638032257556915e-02 3.040548861026763916e-01 1.846961975097656250e-01 2.655396461486816406e-01 -2.262734472751617432e-01 1.248983070254325867e-01
-1.330705285072326660e-01 -3.522171378135681152e-01 -3.670314252376556396e-01 1.594348549842834473e-01 -3.232340812683105469e-01 3.037273287773132324e-01 1.954613178968429565e-01
1.252700984477996826e-01 -3.081496953964233398e-01 2.618714869022369385e-01 -2.977437973022460938e-01 -2.843684852123260498e-01 5.046924203634262085e-02 -3.918654620647430420e-01
-2.582249343395233154e-01 3.605370223522186279e-01 -1.477840840816497803e-01 -1.355204731225967407e-01 2.175547415390610695e-03 -5.040732398629188538e-02 3.273590281605720520e-02
2.432092130184173584e-01 1.536907255649566650e-01 3.186187446117401123e-01 -1.807968765497207642e-01 -3.307775557041168213e-01 7.567630708217620850e-02 2.649230360984802246e-01
-9.571028500795364380e-02 2.374850213527679443e-01 -1.393962055444717407e-01 -1.288772374391555786e-01 4.154432192444801331e-02 2.968380451202392578e-01 1.222570836544036865e-01
2.953774034976959229e-01 8.607328683137893677e-02 -3.902956470847129822e-02 -3.411797583103179932e-01 -2.087521553039550781e-01 -1.417999267578125000e-01 -4.869548603892326355e-02
3.714021146297454834e-01 2.599465847015380859e-01 -1.521163731813430786e-01 -1.524471789598464966e-01 -2.125079482793807983e-01 -3.048723042011260986e-01 1.330256462097167969e-01
2.247590422630310059e-01 2.530204951763153076e-01 -1.836767643690109253e-01 1.181509159505367279e-02 2.403345704078674316e-01 -1.253177225589752197e-01 1.975582540035247803e-01
-5.367031320929527283e-02 -2.691328823566436768e-01 -2.156725674867630005e-01 1.430049687623977661e-01 -9.691052138805389404e-03 3.473525941371917725e-01 -2.413292527198791504e-01
-3.442915976047515869e-01 -1.744477599859237671e-01 6.099008396267890930e-02 1.539537906646728516e-01 -2.780324220657348633e-01 -8.184360712766647339e-02 -2.299140542745590210e-01
3.239007890224456787e-01 -2.489217966794967651e-01 9.671764820814132690e-02 7.792537659406661987e-02 -1.462344974279403687e-01 9.409616887569427490e-02 -5.370204523205757141e-02
3.384293615818023682e-01 -3.362953364849090576e-01 5.600013956427574158e-02 -1.088442131876945496e-01 -1.412515491247177124e-01 1.670019142329692841e-02 -2.681534886360168457e-01
1.742320507764816284e-02 -1.775642782449722290e-01 -3.406360745429992676e-01 -1.063292175531387329e-01 -2.437631487846374512e-01 -9.162058681249618530e-02 -4.635130241513252258e-02
2.952523827552795410e-01 -1.839588582515716553e-01 3.313264250755310059e-02 2.268593013286590576e-01 -1.398474425077438354e-01 -4.688362404704093933e-02 -1.376551091670989990e-01
-3.035365939140319824e-01 2.450007945299148560e-01 3.184841573238372803e-02 -2.567671239376068115e-01 -8.380375057458877563e-02 3.970870077610015869e-01 -2.055632025003433228e-01
2.395807504653930664e-01 1.261168122291564941e-01 -8.390025049448013306e-02 -5.814756825566291809e-02 -9.956233948469161987e-02 3.028159141540527344e-01 3.295296728610992432e-01
2.589664757251739502e-01 -4.247307032346725464e-02 -1.799930930137634277e-01 3.556515574455261230e-01 1.360454410314559937e-01 -2.663140892982482910e-01 -3.348691761493682861e-01
-1.338119208812713623e-01 2.485021203756332397e-01 4.230912029743194580e-02 1.223666034638881683e-02 -1.072294041514396667e-01 3.329023122787475586e-01 2.575306296348571777e-01
2.610240578651428223e-01 3.412652313709259033e-01 3.398624435067176819e-02 -1.925395727157592773e-01 -7.184647023677825928e-02 -1.754882782697677612e-01 -2.961214184761047363e-01
-3.446169942617416382e-02 1.485542207956314087e-01 -2.926662862300872803e-01 -3.064685128629207611e-02 -2.216153144836425781e-01 -3.131113052368164062e-01 7.085175812244415283e-02
-2.354071885347366333e-01 -1.257050931453704834e-01 2.000603228807449341e-01 -2.608352601528167725e-01 2.044516801834106445e-01 5.820490047335624695e-02 1.252240836620330811e-01
-3.599455952644348145e-02 7.664756383746862411e-03 -2.254767119884490967e-01 1.147862151265144348e-02 -7.045701891183853149e-02 -2.567035555839538574e-01 1.808242499828338623e-01
-2.284818440675735474e-01 -2.670637331902980804e-02 2.589553296566009521e-01 -1.499541103839874268e-03 -1.359641402959823608e-01 -8.947640657424926758e-02 2.702861279249191284e-02
3.773854076862335205e-01 -1.108953431248664856e-01 -1.109605580568313599e-01 -2.012194097042083740e-01 -2.230940908193588257e-01 -7.570696994662284851e-03 3.460608422756195068e-01
2.857531309127807617e-01 3.753205239772796631e-01 -1.889747567474842072e-02 -2.070446871221065521e-02 3.256790935993194580e-01 2.954980134963989258e-01 -3.227374851703643799e-01
2.868550419807434082e-01 -3.537046536803245544e-02 -3.141157701611518860e-02 -1.356236338615417480e-01 2.683571353554725647e-02 2.863606810569763184e-01 -4.556664079427719116e-02
6.541176140308380127e-02 -3.029738664627075195e-01 1.580139845609664917e-01 3.262442350387573242e-02 3.750330209732055664e-01 -1.453664302825927734e-01 -3.283205330371856689e-01
-1.848142594099044800e-02 -2.129392176866531372e-01 -3.392209112644195557e-01 -3.567356765270233154e-01 5.332489311695098877e-02 3.473602533340454102e-01 -1.962466835975646973e-01
2.888300418853759766e-01 -2.049403935670852661e-01 -3.063405156135559082e-01 2.567865550518035889e-01 1.961464583873748779e-01 -2.361507564783096313e-01 9.974415600299835205e-02
-2.147711813449859619e-01 -2.722108662128448486e-01 -3.238031268119812012e-01 -2.410658448934555054e-01 -2.956934869289398193e-01 -2.141449749469757080e-01 -4.669421538710594177e-02
7.245563715696334839e-02 -1.879789680242538452e-01 -2.532495260238647461e-01 -2.395578101277351379e-02 1.972778588533401489e-01 -3.863076120615005493e-02 -9.074888192117214203e-03
-1.238978058099746704e-01 -3.021992929279804230e-02 1.645092964172363281e-01 8.056566119194030762e-02 1.091639474034309387e-01 -1.138371154665946960e-01 -1.316985338926315308e-01
-2.369660735130310059e-01 1.877949088811874390e-01 -6.888449937105178833e-02 -3.317335247993469238e-01 -1.628257632255554199e-01 -1.218590606003999710e-02 2.995069921016693115e-01
1.880035921931266785e-02 3.230507373809814453e-01 -8.361525833606719971e-02 -9.580717235803604126e-02 -2.735377550125122070e-01 -2.088223099708557129e-01 2.393171936273574829e-01
-3.050013072788715363e-02 1.427951157093048096e-01 -1.628379076719284058e-01 -2.317428588867187500e-01 2.615858614444732666e-01 1.715990751981735229e-01 3.312703669071197510e-01
-1.840146929025650024e-01 -1.166214719414710999e-01 3.376040756702423096e-01 3.723423555493354797e-02 2.429326176643371582e-01 -3.469432294368743896e-01 -3.408612310886383057e-01
3.381601274013519287e-01 -3.080077171325683594e-01 -1.836249828338623047e-01 5.980779230594635010e-02 2.158982306718826294e-01 -3.880858793854713440e-02 2.689635753631591797e-01
-2.931271195411682129e-01 -2.582288980484008789e-01 -2.155193388462066650e-01 5.730810761451721191e-02 -8.192026615142822266e-02 5.933291837573051453e-02 9.294721484184265137e-02
1.322301179170608521e-01 2.970547378063201904e-01 3.608255982398986816e-01 3.437210619449615479e-01 -2.085757255554199219e-01 4.269025847315788269e-02 -2.019333541393280029e-01
2.691636085510253906e-01 -3.558448255062103271e-01 -1.605935543775558472e-01 7.406058907508850098e-02 -1.270884722471237183e-01 -2.054773420095443726e-01 1.903601288795471191e-01
9.555733948945999146e-02 -3.527796864509582520e-01 3.557950556278228760e-01 3.619241118431091309e-01 -1.823903918266296387e-01 3.457767963409423828e-01 2.837345600128173828e-01
1.207973137497901917e-01 -6.535674631595611572e-02 2.908669710159301758e-01 2.394963502883911133e-01 3.568843007087707520e-01 -9.357012808322906494e-02 1.931317299604415894e-01
-1.652537472546100616e-02 1.497561335563659668e-01 -3.135473728179931641e-01 1.026918366551399231e-01 2.163354605436325073e-01 6.952116638422012329e-02 1.111149042844772339e-01
-9.989908337593078613e-02 2.030863463878631592e-01 -2.133958190679550171e-01 -2.452357148285955191e-04 -3.543761372566223145e-01 -8.572454005479812622e-02 -2.908764481544494629e-01
-1.926350593566894531e-01 -1.992328166961669922e-01 2.128760218620300293e-01 -2.995446696877479553e-02 -4.642411693930625916e-02 7.549905031919479370e-02 -2.892685830593109131e-01
-2.086338847875595093e-01 1.304628551006317139e-01 -3.332351744174957275e-01 1.992332935333251953e-01 1.204345449805259705e-01 6.436542421579360962e-02 1.735765933990478516e-01
1.300951689481735229e-01 2.954176664352416992e-01 -2.388545870780944824e-01 1.034991592168807983e-01 2.835988998413085938e-01 -1.019249260425567627e-01 -1.752138286828994751e-01
-2.472947090864181519e-01 -2.625566124916076660e-01 -2.698168456554412842e-01 -4.667405784130096436e-02 -2.344488501548767090e-01 -3.461613357067108154e-01 1.124085932970046997e-01
2.942870855331420898e-01 8.612294495105743408e-02 -3.001344501972198486e-01 -3.299316167831420898e-01 -1.904157251119613647e-01 2.635162770748138428e-01 1.530832648277282715e-01
-3.627274036407470703e-01 2.695762217044830322e-01 3.534689545631408691e-01 -3.000834770500659943e-02 2.250814288854598999e-01 -3.648233413696289062e-01 -1.286175008863210678e-02
2.457267642021179199e-01 7.071010768413543701e-02 -6.020155921578407288e-02 -2.555916309356689453e-01 -3.633182644844055176e-01 1.577178388833999634e-01 2.384765259921550751e-02
-1.173203587532043457e-01 2.028495967388153076e-01 2.787639796733856201e-01 -5.492942407727241516e-02 1.022998988628387451e-01 3.783573582768440247e-02 1.097935736179351807e-01
-2.164007872343063354e-01 1.293238997459411621e-01 -3.268537223339080811e-01 -1.401925366371870041e-02 -1.541561782360076904e-01 -1.476303935050964355e-01 3.000566959381103516e-01
-5.127327144145965576e-02 1.846507787704467773e-01 1.211979612708091736e-01 2.313650958240032196e-02 8.966298401355743408e-02 3.157406151294708252e-01 -3.355311602354049683e-02
3.315167129039764404e-01 2.411669045686721802e-01 -1.968956142663955688e-01 3.204952478408813477e-01 1.077262312173843384e-01 1.786552369594573975e-01 2.263199537992477417e-01
-1.707560271024703979e-01 2.405433207750320435e-01 3.227317929267883301e-01 -2.570380270481109619e-01 -2.304644137620925903e-01 -1.803002804517745972e-01 9.003405272960662842e-02
1.682494431734085083e-01 7.597059756517410278e-02 -3.668070733547210693e-01 -1.198790073394775391e-01 2.079332470893859863e-01 3.134166449308395386e-02 2.002387344837188721e-01
6.735144555568695068e-02 3.853409588336944580e-01 -1.483809053897857666e-01 -3.239181041717529297e-01 2.965815663337707520e-01 -2.712631523609161377e-01 -1.220837533473968506e-01
6.100270524621009827e-02 -8.548177778720855713e-02 -1.451210081577301025e-01 3.011698424816131592e-01 3.362932503223419189e-01 -8.127115666866302490e-03 9.780947864055633545e-02
-3.280985355377197266e-01 -3.451694846153259277e-01 1.612187474966049194e-01 3.278661966323852539e-01 1.695158779621124268e-01 -7.723873108625411987e-02 3.524371087551116943e-01
-3.304034471511840820e-01 -2.681543529033660889e-01 3.770833611488342285e-01 -2.488755136728286743e-01 1.461576372385025024e-01 -9.221755713224411011e-02 3.362425565719604492e-01
-1.506642699241638184e-01 2.507724165916442871e-01 -1.767145656049251556e-02 4.280913621187210083e-02 1.482257097959518433e-01 -3.231022953987121582e-01 -1.004637870937585831e-02
-2.097756415605545044e-01 -8.491159230470657349e-02 -7.683099061250686646e-02 2.690875530242919922e-01 -1.566909402608871460e-01 -1.949422061443328857e-01 -2.423303127288818359e-01
-3.560452908277511597e-02 1.478624343872070312e-02 6.353438645601272583e-02 1.535350531339645386e-01 3.152365982532501221e-01 6.996348500251770020e-02 -1.361228674650192261e-01
3.820935189723968506e-01 1.571227759122848511e-01 1.220254343934357166e-03 -2.351898401975631714e-01 -3.533027470111846924e-01 -9.053117781877517700e-02 3.176675438880920410e-01
2.551481723785400391e-01 2.456990629434585571e-01 -3.336400538682937622e-02 -3.348456621170043945e-01 4.293529689311981201e-02 -1.784822195768356323e-01 -7.933758944272994995e-02
-1.682930886745452881e-01 3.501769304275512695e-01 -3.615599274635314941e-01 -3.145007491111755371e-01 7.404803484678268433e-02 1.873580738902091980e-02 -5.080304294824600220e-02
5.533454008400440216e-03 4.950003698468208313e-02 2.329390048980712891e-01 -1.770086288452148438e-01 -3.704412579536437988e-01 2.356071956455707550e-02 1.102331578731536865e-01
-2.506997883319854736e-01 -2.188189178705215454e-01 1.554779112339019775e-01 -1.165033131837844849e-01 3.296931982040405273e-01 -1.468397080898284912e-01 -2.083421200513839722e-01
2.516233623027801514e-01 -3.272387385368347168e-01 -1.151538938283920288e-01 1.340328603982925415e-01 2.129539251327514648e-01 -3.094024062156677246e-01 -6.727070361375808716e-02
-3.972773551940917969e-01 -3.111863136291503906e-01 -1.376757174730300903e-01 4.619111772626638412e-03 3.329866826534271240e-01 6.715870648622512817e-02 -2.671278715133666992e-01
2.405959069728851318e-01 1.068693920969963074e-01 -1.586236804723739624e-01 2.116006165742874146e-01 1.700942069292068481e-01 1.594027131795883179e-01 3.384030461311340332e-01
-6.573733687400817871e-02 -3.580971807241439819e-02 -2.040504366159439087e-01 -3.340067565441131592e-01 -3.737735329195857048e-03 -2.937580347061157227e-01 1.602433919906616211e-01
-4.669566173106431961e-03 1.603672057390213013e-01 3.073048293590545654e-01 3.675037622451782227e-01 -1.048000678420066833e-01 1.208717841655015945e-02 -1.526121050119400024e-01
3.250270485877990723e-01 -2.603249251842498779e-01 2.567778229713439941e-01 -1.539991796016693115e-02 -1.413470655679702759e-01 -5.799581855535507202e-02 -7.220998406410217285e-02
3.566754460334777832e-01 -1.277171522378921509e-01 -3.353905677795410156e-01 3.156748414039611816e-01 9.386233869008719921e-04 -1.794222295284271240e-01 2.879828028380870819e-02
-3.767264187335968018e-01 2.058222442865371704e-01 -3.158853650093078613e-01 1.745219677686691284e-01 3.031005337834358215e-02 2.402574867010116577e-01 -9.072462469339370728e-02
-2.355262637138366699e-01 -1.758257448673248291e-01 3.341511785984039307e-01 1.805801242589950562e-01 2.550838589668273926e-01 3.133235275745391846e-01 1.970334500074386597e-01
-3.560292422771453857e-01 3.595074117183685303e-01 -3.424453437328338623e-01 2.901287674903869629e-01 -3.602915704250335693e-01 -3.000885546207427979e-01 -1.210506632924079895e-01
-3.314405679702758789e-01 3.039010167121887207e-01 3.730016350746154785e-01 1.172161400318145752e-01 -9.411670267581939697e-02 -3.369139730930328369e-01 1.419684141874313354e-01
-4.357049241662025452e-02 3.560130596160888672e-01 1.954506337642669678e-01 1.018877774477005005e-01 4.686165601015090942e-02 1.566689163446426392e-01 2.238459736108779907e-01
2.781247198581695557e-01 -3.523797690868377686e-01 -2.570990324020385742e-01 3.014688789844512939e-01 -2.657871842384338379e-01 2.600640952587127686e-01 -5.386496707797050476e-02
-1.049803271889686584e-01 -3.330781161785125732e-01 -1.901704967021942139e-01 1.993075758218765259e-01 1.841761171817779541e-01 -3.219400644302368164e-01 5.804098024964332581e-02
2.804359793663024902e-01 9.428471326828002930e-02 2.788266167044639587e-03 -1.273959409445524216e-02 -2.049932330846786499e-01 -1.551330089569091797e-01 -1.559680551290512085e-01
-4.003668669611215591e-03 1.314542293548583984e-01 2.532491683959960938e-01 -1.461477875709533691e-01 3.211596235632896423e-02 -6.224477663636207581e-02 2.099455147981643677e-01
-1.589460670948028564e-01 -1.142162159085273743e-01 1.833601742982864380e-01 2.076640427112579346e-01 -1.639252305030822754e-01 2.092968225479125977e-01 2.695236913859844208e-02
3.746443688869476318e-01 -1.814524978399276733e-01 3.065114617347717285e-01 -1.641553081572055817e-02 4.668041691184043884e-02 -3.298282995820045471e-02 -3.255025446414947510e-01
-4.576319083571434021e-02 -3.762502595782279968e-02 -1.171817854046821594e-01 -1.093116998672485352e-01 -3.243112564086914062e-01 -3.439750373363494873e-01 3.443597853183746338e-01
3.644192218780517578e-01 1.022465676069259644e-01 1.075787916779518127e-01 1.669384837150573730e-01 -3.644213080406188965e-02 -1.538027971982955933e-01 -1.845153421163558960e-02
2.049710303544998169e-01 3.432116210460662842e-01 1.855311840772628784e-01 -7.673846185207366943e-02 -1.127878483384847641e-02 -4.793359711766242981e-02 -2.932562530040740967e-01
-3.683193027973175049e-01 -1.068651527166366577e-01 -4.963218420743942261e-02 -3.116406202316284180e-01 -3.304985165596008301e-01 1.370922941714525223e-02 -3.251771032810211182e-01
-2.676486037671566010e-03 1.285136491060256958e-01 2.391026541590690613e-02 -1.480128616094589233e-01 1.328979730606079102e-01 1.368157565593719482e-01 -4.696307480335235596e-01
-8.905880153179168701e-02 2.007922977209091187e-01 -1.587800234556198120e-01 3.098791539669036865e-01 -6.323231849819421768e-03 2.593974471092224121e-01 -1.936282366514205933e-01
1.854289174079895020e-01 -8.435951918363571167e-02 3.206548690795898438e-01 1.237412393093109131e-01 -2.125811949372291565e-02 -9.264191240072250366e-02 6.843689829111099243e-02
-1.939962208271026611e-01 2.179497480392456055e-01 2.785872519016265869e-01 -3.947308287024497986e-02 -1.633250415325164795e-01 3.832968771457672119e-01 -2.300098240375518799e-01
-1.406519673764705658e-02 -1.498183887451887131e-02 1.449490431696176529e-02 2.369037866592407227e-01 -6.062434986233711243e-02 -9.517276287078857422e-02 2.471994012594223022e-01
-3.256762027740478516e-01 1.073171943426132202e-01 1.284810453653335571e-01 -2.719538211822509766e-01 -3.429831266403198242e-01 -2.515314817428588867e-01 1.606652289628982544e-01
2.166413664817810059e-01 3.566403090953826904e-01 -1.229869648814201355e-01 3.015539944171905518e-01 -2.523195445537567139e-01 -1.590841859579086304e-01 -8.589044958353042603e-02
-1.586435586214065552e-01 2.141861766576766968e-01 2.459928095340728760e-01 -2.544377744197845459e-01 -2.290994822978973389e-01 -1.783363372087478638e-01 -2.657940983772277832e-01
-5.138385668396949768e-02 1.544366329908370972e-01 -2.485632896423339844e-01 3.328962922096252441e-01 3.392862975597381592e-01 3.064298033714294434e-01 3.766941726207733154e-01
-1.692443490028381348e-01 6.936349719762802124e-02 6.930891424417495728e-02 -1.781741976737976074e-01 2.330825477838516235e-01 -2.442553192377090454e-01 2.567953169345855713e-01
-5.405822023749351501e-02 1.803888529539108276e-01 5.772566422820091248e-02 2.574510276317596436e-01 1.882313638925552368e-01 -3.611486852169036865e-01 1.291730105876922607e-01
-2.018857151269912720e-01 3.677642345428466797e-01 -3.322197794914245605e-01 -3.232957720756530762e-01 -2.898938655853271484e-01 1.355075985193252563e-01 -8.028818294405937195e-03
7.385221868753433228e-02 2.122336030006408691e-01 1.855000667273998260e-02 -2.950776219367980957e-01 3.260691165924072266e-01 3.764780759811401367e-01 -7.985863089561462402e-02
1.894631236791610718e-01 1.054875552654266357e-01 1.750948578119277954e-01 -3.094763029366731644e-03 -2.699960768222808838e-01 6.347677111625671387e-02 1.388986110687255859e-01
3.066078126430511475e-01 -3.264230787754058838e-01 4.126402083784341812e-03 -7.745611667633056641e-02 -1.094007045030593872e-01 -2.754417657852172852e-01 -2.027366608381271362e-01
-1.081062480807304382e-01 -6.772002577781677246e-02 3.296403288841247559e-01 1.679003089666366577e-01 -2.371307164430618286e-01 -2.460316754877567291e-02 2.075324207544326782e-01
-2.192931026220321655e-01 -4.170924425125122070e-02 -1.688272058963775635e-01 -3.651362955570220947e-01 -1.847807504236698151e-02 6.835202872753143311e-02 -8.533076196908950806e-02
-1.006114333868026733e-01 -1.046902593225240707e-02 5.521363765001296997e-02 1.820334047079086304e-01 -5.597816407680511475e-02 -2.751052677631378174e-01 -3.620552122592926025e-01
2.271662205457687378e-01 -1.277519911527633667e-01 -8.534454554319381714e-02 -2.628324329853057861e-01 -2.059321850538253784e-03 -1.068672817200422287e-02 -1.219145730137825012e-01
-3.646655976772308350e-01 -2.994393929839134216e-02 3.668085038661956787e-01 -6.089384853839874268e-02 1.478648483753204346e-01 -2.360961772501468658e-02 -1.088127493858337402e-01
-2.313118278980255127e-01 -3.010372519493103027e-01 -1.425525248050689697e-01 -8.425094932317733765e-02 -2.526057660579681396e-01 2.345120608806610107e-01 -2.703631520271301270e-01
3.088057935237884521e-01 1.113583222031593323e-01 -2.753412425518035889e-01 -3.551502525806427002e-01 6.010014936327934265e-02 6.473621726036071777e-02 3.123103380203247070e-01
3.327378928661346436e-01 -6.584271043539047241e-02 7.489855587482452393e-02 -1.631179898977279663e-01 -3.539616167545318604e-01 3.005410730838775635e-01 -3.659684658050537109e-01
-3.045546710491180420e-01 -1.776733249425888062e-01 -3.028318285942077637e-01 -7.438854873180389404e-02 -2.224487513303756714e-01 2.067526280879974365e-01 3.106371164321899414e-01
3.662321269512176514e-01 7.619745284318923950e-02 3.112406432628631592e-01 3.453037440776824951e-01 3.354273736476898193e-01 3.273113965988159180e-01 2.773506343364715576e-01
2.330130338668823242e-02 3.554959595203399658e-01 -5.868485569953918457e-02 2.190022021532058716e-01 -3.279259502887725830e-01 -6.762955337762832642e-02 -3.462864458560943604e-01
-2.397204935550689697e-01 -2.112429738044738770e-01 -9.187926352024078369e-02 -7.456949353218078613e-02 1.133413612842559814e-02 2.062667459249496460e-01 2.621614634990692139e-01
-1.441311836242675781e-01 2.785621583461761475e-01 3.647063076496124268e-01 1.557227224111557007e-01 -1.031656116247177124e-01 -3.719398006796836853e-02 -2.164139747619628906e-01
2.755692005157470703e-01 7.917340844869613647e-02 5.725670233368873596e-02 5.918427929282188416e-02 -1.044187769293785095e-01 -2.741341888904571533e-01 2.896304130554199219e-01
1.552194207906723022e-01 -1.437008678913116455e-01 -1.177449524402618408e-01 2.427825927734375000e-01 -3.181426525115966797e-01 2.956337034702301025e-01 -1.119518131017684937e-01
-1.966975182294845581e-01 -2.590359449386596680e-01 -5.704131722450256348e-02 2.663736939430236816e-01 1.236635223031044006e-01 1.800796985626220703e-01 -3.607838153839111328e-01
1.545632928609848022e-01 1.086192429065704346e-01 2.124318033456802368e-01 -2.638335227966308594e-01 -3.796758353710174561e-01 6.386650260537862778e-03 -2.706472277641296387e-01
-9.813023358583450317e-02 -9.142883121967315674e-02 4.045873880386352539e-02 -1.065189763903617859e-01 1.767750829458236694e-01 -2.741471827030181885e-01 1.835272163152694702e-01
-1.979778856039047241e-01 3.251544237136840820e-01 3.302339017391204834e-01 2.952376008033752441e-01 4.794644191861152649e-02 -3.572945296764373779e-01 -2.278764918446540833e-02
-1.789956688880920410e-01 1.197065860033035278e-01 -3.706967830657958984e-01 2.250009961426258087e-02 -1.387865692377090454e-01 -3.142811655998229980e-01 -1.139474138617515564e-01
3.480458259582519531e-01 -3.290171921253204346e-02 -2.104171067476272583e-01 -1.680900156497955322e-01 2.185839116573333740e-01 -2.090276926755905151e-01 1.337902396917343140e-01
8.113010972738265991e-02 3.524565994739532471e-01 7.808375358581542969e-02 3.249467015266418457e-01 1.257039755582809448e-01 2.230238467454910278e-01 -3.068584203720092773e-01
-4.102550819516181946e-02 -1.467383354902267456e-01 -9.427412599325180054e-02 4.785999283194541931e-02 3.305290639400482178e-02 3.796358704566955566e-01 2.779794037342071533e-01
-1.018980443477630615e-01 2.673059999942779541e-01 1.996393352746963501e-01 5.257693585008382797e-03 5.497459787875413895e-03 7.519779261201620102e-03 -2.502771914005279541e-01
-6.579754501581192017e-02 2.678676247596740723e-01 -3.375945985317230225e-01 -1.525961048901081085e-02 9.819502010941505432e-03 3.125402927398681641e-01 -1.239014789462089539e-01
-5.716729536652565002e-02 3.873671591281890869e-02 1.232594549655914307e-01 -1.597059369087219238e-01 3.505002260208129883e-01 -7.714339881204068661e-04 1.619217544794082642e-02
-2.439754456281661987e-01 2.850063145160675049e-01 1.562590897083282471e-01 -1.871788799762725830e-01 1.961082667112350464e-01 3.583660125732421875e-01 2.961081266403198242e-01
-3.371430188417434692e-02 -9.586168825626373291e-02 3.238767385482788086e-01 2.933739125728607178e-01 1.537589281797409058e-01 2.886647880077362061e-01 3.444586992263793945e-01
-6.925925612449645996e-03 1.714484542608261108e-01 8.845792710781097412e-02 5.444666370749473572e-02 3.764298856258392334e-01 -1.920301765203475952e-01 6.431713700294494629e-02
3.616027235984802246e-01 9.571748226881027222e-02 -2.328513711690902710e-01 -1.967484951019287109e-01 -6.945006083697080612e-03 -1.385391056537628174e-01 1.740148216485977173e-01
3.403868973255157471e-01 -5.955633521080017090e-02 -3.596681654453277588e-01 -5.629438161849975586e-02 -3.468275442719459534e-02 -6.021826714277267456e-02 1.209751144051551819e-01
-1.648916006088256836e-01 6.779882311820983887e-02 -3.176801502704620361e-01 -2.991107702255249023e-01 1.262547671794891357e-01 -3.647015988826751709e-01 1.417024582624435425e-01
