-8.496320247650146484e-02 -8.665013313293457031e-02 -6.044700145721435547e-01 9.508035182952880859e-01
-4.572298526763916016e-01 -2.449328303337097168e-01 -2.846968173980712891e-02 6.775871515274047852e-01
8.207399845123291016e-01 9.942209720611572266e-01 9.836781024932861328e-01 -9.866582155227661133e-01
1.440540552139282227e-01 5.177621841430664062e-01 7.300019264221191406e-02 1.374841928482055664e-01
9.796236753463745117e-01 -3.997284173965454102e-02 -8.756573796272277832e-01 2.378182411193847656e-01
-2.774429321289062500e-01 -4.721552729606628418e-01 -5.489728450775146484e-01 8.245682716369628906e-01
-7.188326120376586914e-01 8.083029985427856445e-01 -9.359283447265625000e-01 -3.371576070785522461e-01
3.794931173324584961e-01 6.615232229232788086e-01 -3.698846101760864258e-01 -4.042549729347229004e-01
4.383444786071777344e-01 -6.714777350425720215e-01 -6.273148059844970703e-01 5.191648006439208984e-02
-4.390637278556823730e-01 -1.093874573707580566e-01 5.685877799987792969e-01 7.613781690597534180e-01
-5.692194700241088867e-01 -5.903843641281127930e-01 2.223415374755859375e-01 9.445461034774780273e-01
1.031140089035034180e-01 2.027009725570678711e-01 -9.683823585510253906e-01 -4.505112171173095703e-01
5.999721288681030273e-01 -6.797355413436889648e-01 2.175655364990234375e-01 -1.845558881759643555e-01
3.968430757522583008e-01 -4.321399927139282227e-01 4.616218805313110352e-01 -2.305159568786621094e-01
3.807203769683837891e-01 8.251131772994995117e-01 7.353149652481079102e-01 8.560657501220703125e-01
-3.695508837699890137e-01 2.287530899047851562e-01 5.757033824920654297e-02 6.311532258987426758e-01
4.607654809951782227e-01 -1.316207647323608398e-01 -3.129543066024780273e-01 9.645262956619262695e-01
1.264019012451171875e-01 9.765216112136840820e-01 -8.802533745765686035e-01 -6.686999201774597168e-01
-3.981857895851135254e-01 6.236708164215087891e-02 6.657118797302246094e-01 4.282529354095458984e-01
-5.773956775665283203e-01 -1.673808693885803223e-01 9.026055335998535156e-01 1.888546943664550781e-01
6.768000125885009766e-02 4.698305130004882812e-01 -7.072576284408569336e-01 5.218455791473388672e-01
3.788266181945800781e-01 5.302160978317260742e-01 -9.748319983482360840e-01 -8.809170126914978027e-01
9.213851690292358398e-01 6.278747320175170898e-01 7.727992534637451172e-02 -5.723641514778137207e-01
8.403110504150390625e-02 7.455507516860961914e-01 -3.632850050926208496e-01 -3.541272282600402832e-01
-1.713049411773681641e-02 9.377527236938476562e-02 9.965679645538330078e-01 8.669385910034179688e-01
4.504739046096801758e-01 4.332233667373657227e-01 4.443786144256591797e-01 6.162557601928710938e-01
1.195175647735595703e-01 6.949359178543090820e-01 -4.214854240417480469e-01 8.528912067413330078e-01
-3.578722476959228516e-03 -6.491036415100097656e-01 -8.858871459960937500e-02 5.078904628753662109e-01
3.882565498352050781e-01 -2.171521782875061035e-01 7.446116209030151367e-01 2.467037439346313477e-01
-3.066759109497070312e-01 -5.812807679176330566e-01 -3.394709825515747070e-01 5.612006187438964844e-01
4.528080224990844727e-01 -8.359369039535522461e-01 -1.787078380584716797e-01 -4.222567081451416016e-01
-9.390329718589782715e-01 -3.484941720962524414e-01 7.822650671005249023e-01 -9.598613977432250977e-01
-7.112097740173339844e-01 2.707940340042114258e-01 8.623851537704467773e-01 6.695148944854736328e-01
8.190437555313110352e-01 -1.250630021095275879e-01 -6.802549362182617188e-01 7.735714912414550781e-01
7.682398557662963867e-01 3.768488168716430664e-01 -4.220309257507324219e-01 9.908634424209594727e-01
-9.878172874450683594e-01 8.913929462432861328e-01 1.334493160247802734e-01 -6.346558332443237305e-01
-3.628528118133544922e-02 4.153568744659423828e-01 4.504323005676269531e-01 -8.360117673873901367e-02
-6.119669675827026367e-01 2.730631828308105469e-01 7.120836973190307617e-01 5.128169059753417969e-02
-8.798661828041076660e-01 -1.640716791152954102e-01 -8.735640645027160645e-01 -9.877830147743225098e-01
-6.167254447937011719e-01 6.038749217987060547e-01 -3.031517863273620605e-01 2.688744068145751953e-01
6.707737445831298828e-01 9.320319890975952148e-01 -6.847206950187683105e-01 -2.983188033103942871e-01
2.469818592071533203e-01 -5.459992289543151855e-01 -5.034396052360534668e-01 9.464013576507568359e-01
2.975643873214721680e-01 -7.712502479553222656e-01 -9.991283416748046875e-01 8.944005966186523438e-01
-8.419916629791259766e-01 3.939716815948486328e-01 -1.386373043060302734e-01 3.750152587890625000e-01
-2.483290433883666992e-01 8.243620395660400391e-01 -1.167476177215576172e-03 2.720195055007934570e-01
7.044730186462402344e-01 3.192743062973022461e-01 -7.198460102081298828e-01 -1.602907776832580566e-01
-2.251492142677307129e-01 -4.293051362037658691e-01 -7.412384152412414551e-01 6.710386276245117188e-02
9.615451097488403320e-01 -2.093348503112792969e-01 -8.157427906990051270e-01 -1.247270107269287109e-01
-3.726523518562316895e-01 -8.929573297500610352e-01 -7.512086629867553711e-01 7.968192100524902344e-01
-2.360804677009582520e-01 8.068467378616333008e-01 1.686142683029174805e-01 4.165836572647094727e-01
-9.810192584991455078e-01 4.069776535034179688e-01 -3.364231586456298828e-01 8.111447095870971680e-01
-9.432901144027709961e-01 7.673873901367187500e-01 -5.908055901527404785e-01 -2.650582790374755859e-02
9.540683031082153320e-01 -8.798637986183166504e-01 9.567785263061523438e-01 -6.059426069259643555e-02
4.367063045501708984e-01 2.888520956039428711e-01 -6.419635415077209473e-01 1.464585065841674805e-01
8.573170900344848633e-01 -1.100063323974609375e-01 9.115934371948242188e-04 9.032942056655883789e-01
-3.917175531387329102e-02 -3.431598544120788574e-01 2.755303382873535156e-01 1.611311435699462891e-01
-3.004887104034423828e-01 4.942796230316162109e-01 -4.857906699180603027e-01 -3.115282058715820312e-01
4.937115907669067383e-01 8.825750350952148438e-01 3.408772945404052734e-01 -2.575279474258422852e-01
-8.794349431991577148e-01 -5.134524106979370117e-01 -9.018450975418090820e-01 5.622303485870361328e-01
4.030512571334838867e-01 2.381867170333862305e-01 -2.746862173080444336e-02 -2.054781913757324219e-01
1.944257020950317383e-01 4.053817987442016602e-01 2.017743587493896484e-01 5.908771753311157227e-01
6.520439386367797852e-01 -5.218099355697631836e-01 5.269050598144531250e-05 -5.280802249908447266e-01
7.960338592529296875e-01 4.881622791290283203e-01 -8.233543634414672852e-01 -7.762411832809448242e-01
-5.001085996627807617e-01 8.402825593948364258e-01 7.393519878387451172e-01 -7.612507343292236328e-01
-5.899927616119384766e-01 9.632641077041625977e-01 6.883300542831420898e-01 8.893699645996093750e-01
-5.460894107818603516e-01 9.714055061340332031e-01 6.084063053131103516e-01 -2.516922950744628906e-01
-8.075606822967529297e-01 1.577299833297729492e-01 -5.345971584320068359e-01 -6.588990688323974609e-01
-5.535032749176025391e-01 8.079826831817626953e-01 -4.300510287284851074e-01 -2.095974683761596680e-01
-6.387028098106384277e-01 -7.491526603698730469e-01 -1.118331551551818848e-01 -8.509651422500610352e-01
-5.097262263298034668e-01 -5.641496181488037109e-02 -6.695165038108825684e-01 -3.566169738769531250e-02
4.128519296646118164e-01 8.380891084671020508e-01 -7.659914493560791016e-01 1.101101636886596680e-01
1.799082756042480469e-02 8.382867574691772461e-01 -4.044373035430908203e-01 5.229951143264770508e-01
3.380132913589477539e-01 -4.079512953758239746e-01 -4.957627654075622559e-01 -7.854309678077697754e-01
7.875065803527832031e-01 9.175975322723388672e-01 -7.849756479263305664e-01 -2.580787539482116699e-01
-4.290063381195068359e-01 -9.676901102066040039e-01 -2.403560876846313477e-01 -7.871979475021362305e-02
-3.539288043975830078e-01 -5.408352613449096680e-01 9.508216381072998047e-02 6.356246471405029297e-01
-5.323585271835327148e-01 9.778945446014404297e-01 -2.424863576889038086e-01 8.377925157546997070e-01
4.832669496536254883e-01 -9.362062811851501465e-01 -1.281938552856445312e-01 -6.841838359832763672e-03
9.314757585525512695e-01 2.296310663223266602e-01 -2.832750082015991211e-01 8.806467056274414062e-03
1.329236030578613281e-01 -4.448019266128540039e-01 4.805442094802856445e-01 -2.612621188163757324e-01
-2.935616970062255859e-01 2.612013816833496094e-01 -8.019713759422302246e-01 -7.964827418327331543e-01
2.559953927993774414e-01 6.072983741760253906e-01 -9.173673987388610840e-01 5.851812362670898438e-01
-8.226984739303588867e-01 -2.912653684616088867e-01 -8.832430243492126465e-01 6.456521749496459961e-01
8.910262584686279297e-02 4.010155200958251953e-01 4.977799654006958008e-01 -8.613555431365966797e-01
-8.883768916130065918e-01 4.204833507537841797e-01 7.044781446456909180e-01 -3.871045112609863281e-01
7.768572568893432617e-01 -9.396203160285949707e-01 8.561105728149414062e-01 3.404562473297119141e-01
4.265403747558593750e-02 -2.054530382156372070e-02 -6.849356889724731445e-01 -9.551606774330139160e-01
9.606000185012817383e-01 -1.576297283172607422e-01 -2.776619195938110352e-01 -8.676246404647827148e-01
-4.340179562568664551e-01 -7.958822250366210938e-01 -3.907362222671508789e-01 -9.509983062744140625e-01
1.100919246673583984e-01 7.448589801788330078e-02 1.778986454010009766e-01 8.105201721191406250e-01
-2.050966024398803711e-02 -7.554140090942382812e-01 -9.366074204444885254e-01 -6.663459539413452148e-02
2.343299388885498047e-01 -2.207791209220886230e-01 2.287919521331787109e-01 -7.959650754928588867e-01
9.990503787994384766e-01 -4.138241410255432129e-01 2.502008676528930664e-01 -5.858230590820312500e-02
-1.207817196846008301e-01 -2.631956338882446289e-01 2.768437862396240234e-01 6.399003267288208008e-01
-5.650554895401000977e-01 2.885242700576782227e-01 4.822624921798706055e-01 3.080661296844482422e-01
6.886961460113525391e-01 -3.924352526664733887e-01 3.690481185913085938e-02 2.110955715179443359e-01
-9.512198567390441895e-01 8.351881504058837891e-01 -2.180377244949340820e-01 4.526886940002441406e-01
-8.017302751541137695e-01 4.906703233718872070e-01 -4.198923707008361816e-01 -4.034314751625061035e-01
-6.613178253173828125e-01 -2.463721632957458496e-01 1.222516298294067383e-01 4.741126298904418945e-01
-5.693002939224243164e-01 -5.076938271522521973e-01 7.114478349685668945e-01 -4.172793030738830566e-01
7.338488101959228516e-02 9.503536224365234375e-01 -9.070772528648376465e-01 1.992843151092529297e-01
-6.291555166244506836e-01 6.549607515335083008e-01 -4.460613131523132324e-01 8.516739606857299805e-01
-4.098916053771972656e-01 -8.072769045829772949e-01 -8.851822614669799805e-01 6.887944936752319336e-01
-9.349769353866577148e-01 -1.072941422462463379e-01 -2.679883241653442383e-01 2.815666198730468750e-01
-1.638249754905700684e-01 4.112478494644165039e-01 -4.950406551361083984e-01 -2.151950597763061523e-01
-8.895364403724670410e-01 1.489245891571044922e-02 -9.310068488121032715e-01 -1.978212594985961914e-01
8.148694038391113281e-01 -8.781238198280334473e-01 9.311734437942504883e-01 5.071814060211181641e-01
-1.553541421890258789e-02 -9.156942963600158691e-01 -1.581017971038818359e-01 3.800723552703857422e-01
5.660073757171630859e-01 -8.910535573959350586e-01 -4.475569725036621094e-02 5.493171215057373047e-01
-3.629918098449707031e-01 6.745144128799438477e-01 4.602488279342651367e-01 4.366090297698974609e-01
-6.584810018539428711e-01 3.570271730422973633e-01 7.885204553604125977e-01 4.920824766159057617e-01
2.890475988388061523e-01 -3.212087154388427734e-01 -2.420428395271301270e-01 7.726761102676391602e-01
4.755848646163940430e-01 4.974737167358398438e-01 9.447432756423950195e-01 -7.952215075492858887e-01
7.181465625762939453e-01 -2.084373831748962402e-01 -8.669339418411254883e-01 9.186930656433105469e-01
-2.315366268157958984e-01 -7.914297580718994141e-01 4.797725677490234375e-01 8.329626321792602539e-01
-2.008142471313476562e-01 -2.672667503356933594e-01 -8.251277208328247070e-01 -5.136085748672485352e-01
2.864122390747070312e-01 -7.634944319725036621e-01 -5.051577687263488770e-01 3.240299224853515625e-01
-6.864726543426513672e-01 -6.783584952354431152e-01 -1.845948100090026855e-01 -1.196122765541076660e-01
-6.175907850265502930e-01 1.842621564865112305e-01 -4.579472541809082031e-01 5.959326028823852539e-01
4.642136096954345703e-01 -9.469628334045410156e-02 6.058717966079711914e-01 6.442863941192626953e-01
-7.670446038246154785e-01 -7.133488655090332031e-01 3.268431425094604492e-01 9.750388860702514648e-01
-3.848199844360351562e-01 3.275512456893920898e-01 1.583646535873413086e-01 -9.715908169746398926e-01
5.958195924758911133e-01 -2.863011956214904785e-01 -2.620924115180969238e-01 7.013965845108032227e-01
5.583759546279907227e-01 -8.740103244781494141e-01 -7.152038812637329102e-02 1.112272739410400391e-01
-3.115854263305664062e-01 4.919443130493164062e-01 -9.818027615547180176e-01 -1.781612038612365723e-01
-4.494428634643554688e-02 9.369726181030273438e-01 8.494474887847900391e-01 -7.928776144981384277e-01
3.364313840866088867e-01 1.523537635803222656e-01 -1.357719302177429199e-01 -5.609130859375000000e-02
-2.253599762916564941e-01 9.524627923965454102e-01 -3.542559742927551270e-01 -6.728208065032958984e-01
3.293361663818359375e-01 3.689430952072143555e-01 -7.293310165405273438e-01 8.718860149383544922e-01
6.190531253814697266e-01 -2.356948256492614746e-01 -4.202296733856201172e-01 -1.079611778259277344e-01
-4.001498222351074219e-01 5.627928972244262695e-01 -9.772491455078125000e-02 3.139878511428833008e-01
-4.292359948158264160e-01 3.556642532348632812e-01 -9.459808468818664551e-01 3.262300491333007812e-01
1.424802541732788086e-01 7.128241062164306641e-01 -8.675115108489990234e-01 7.745505571365356445e-01
-7.736895084381103516e-01 4.801347255706787109e-01 7.331452369689941406e-01 7.722547054290771484e-01
-7.749729156494140625e-01 6.127123832702636719e-01 -5.960547924041748047e-01 1.619882583618164062e-01
1.910911798477172852e-01 1.182663440704345703e-02 3.279256820678710938e-01 -2.225882411003112793e-01
-1.239818334579467773e-02 -5.728614330291748047e-02 -6.493643522262573242e-01 2.492437362670898438e-01
4.295181035995483398e-01 -6.350182294845581055e-01 3.577368259429931641e-01 -1.384328007698059082e-01
-3.907462954521179199e-01 -7.271084785461425781e-01 5.501235723495483398e-01 9.856708049774169922e-01
-8.094933032989501953e-01 7.889438867568969727e-01 -2.526085972785949707e-01 5.148589611053466797e-01
-1.169204711914062500e-01 6.156440973281860352e-01 6.165512800216674805e-01 -5.465424060821533203e-01
2.200583219528198242e-01 6.242418289184570312e-01 -6.587463617324829102e-01 -8.468448519706726074e-01
1.318844556808471680e-01 4.449274539947509766e-01 3.962497711181640625e-01 2.707685232162475586e-01
-2.309681773185729980e-01 8.801237344741821289e-01 5.026251077651977539e-01 4.003448486328125000e-01
5.938374996185302734e-02 2.841641902923583984e-01 6.539094448089599609e-02 7.917474508285522461e-01
-9.459054470062255859e-02 -2.294052243232727051e-01 -7.314474582672119141e-01 -5.142791867256164551e-01
6.601401567459106445e-01 -8.734147548675537109e-01 -8.379304409027099609e-02 -6.031091213226318359e-01
-4.521373510360717773e-01 1.247695684432983398e-01 2.730329036712646484e-01 -7.094473838806152344e-01
-9.796289205551147461e-01 -7.252389192581176758e-01 7.934570312500000000e-04 3.714689016342163086e-01
4.417382478713989258e-01 -6.101214289665222168e-01 1.479841470718383789e-01 -5.266388654708862305e-01
-2.124746441841125488e-01 -1.368119120597839355e-01 -6.937892436981201172e-01 7.816028594970703125e-01
2.501368522644042969e-03 -5.455398559570312500e-01 4.047621488571166992e-01 9.857114553451538086e-01
3.820769786834716797e-01 -3.790749907493591309e-01 -6.954104900360107422e-01 -1.751305460929870605e-01
-8.367732763290405273e-01 -3.030514121055603027e-01 1.065568923950195312e-01 -3.922785520553588867e-01
-5.489366650581359863e-01 5.077183246612548828e-02 2.732465267181396484e-01 7.315404415130615234e-01
-9.425306320190429688e-01 -2.592400908470153809e-01 -6.851866245269775391e-01 7.137142419815063477e-01
-5.177207589149475098e-01 -2.223143577575683594e-01 7.019965648651123047e-01 -9.315668344497680664e-01
-1.803630590438842773e-02 -2.921254634857177734e-01 7.413144111633300781e-01 -7.935804128646850586e-01
-9.513157606124877930e-02 4.172359704971313477e-01 8.753883838653564453e-01 -3.962031006813049316e-01
-5.144566297531127930e-02 2.668164968490600586e-01 -6.176880598068237305e-01 5.083632469177246094e-02
-3.570947647094726562e-01 9.482814073562622070e-01 2.661757469177246094e-01 -7.103006839752197266e-01
-1.809513568878173828e-02 1.040825843811035156e-01 8.826974630355834961e-01 2.948398590087890625e-01
6.784868240356445312e-01 6.711664199829101562e-01 2.505534887313842773e-01 -8.454173803329467773e-01
-6.168729662895202637e-01 -9.611376523971557617e-01 8.501250743865966797e-01 7.355345487594604492e-01
7.974221706390380859e-01 -5.631566047668457031e-03 7.565205097198486328e-01 2.975784540176391602e-01
-2.908490896224975586e-01 -2.990462779998779297e-01 -3.077371716499328613e-01 -5.910228490829467773e-01
-5.936616659164428711e-02 -6.107018589973449707e-01 7.368084192276000977e-01 -6.202509999275207520e-01
7.089943885803222656e-01 -2.159106731414794922e-02 -5.816934108734130859e-01 -9.669672250747680664e-01
1.596865653991699219e-01 1.568559408187866211e-01 9.966839551925659180e-01 -2.270952463150024414e-01
5.643277168273925781e-01 -5.334681272506713867e-01 -4.248253107070922852e-01 -8.398894667625427246e-01
-2.584728002548217773e-01 8.916786909103393555e-01 2.139884233474731445e-01 -2.179698944091796875e-01
8.803403377532958984e-01 -2.223911881446838379e-01 9.671396017074584961e-01 3.771436214447021484e-02
8.833966255187988281e-01 -6.192121505737304688e-01 -6.276658177375793457e-01 4.706816673278808594e-01
-5.138790607452392578e-02 -8.306905031204223633e-01 -3.392595648765563965e-01 -2.826358675956726074e-01
-7.058758735656738281e-01 1.629792451858520508e-01 -7.159606814384460449e-01 5.249748229980468750e-01
-3.567176461219787598e-01 -1.557251811027526855e-01 -3.511791825294494629e-01 -3.073913455009460449e-01
-2.056909203529357910e-01 9.575374126434326172e-01 2.849584817886352539e-01 7.607686519622802734e-02
6.765683889389038086e-01 6.456092596054077148e-01 6.310542821884155273e-01 -2.852118015289306641e-02
-4.015635848045349121e-01 -3.866789340972900391e-01 -1.289873123168945312e-01 -4.797162413597106934e-01
9.068747758865356445e-01 -8.061863183975219727e-01 6.393408775329589844e-02 -6.600296497344970703e-01
-7.181007862091064453e-01 9.988946914672851562e-01 4.082568883895874023e-01 8.034424781799316406e-01
6.009988784790039062e-01 -6.739482879638671875e-01 4.416918754577636719e-01 -1.152288913726806641e-02
3.393902778625488281e-01 -8.826205134391784668e-01 6.028127670288085938e-02 8.260049819946289062e-01
-5.595693588256835938e-01 6.068948507308959961e-01 2.775871753692626953e-01 -6.888792514801025391e-01
-9.077951908111572266e-01 7.378495931625366211e-01 -6.617283821105957031e-01 6.340174674987792969e-01
-9.058777689933776855e-01 7.277846336364746094e-03 1.204926967620849609e-01 -8.422752022743225098e-01
2.949000597000122070e-01 9.007105827331542969e-01 8.263604640960693359e-01 2.016217708587646484e-01
4.019595384597778320e-01 -8.141623735427856445e-01 5.789858102798461914e-01 8.335618972778320312e-01
7.773211002349853516e-01 -4.711925983428955078e-02 3.691557645797729492e-01 6.150984764099121094e-02
8.174767494201660156e-01 -9.515872001647949219e-01 7.121510505676269531e-01 5.326722860336303711e-01
-3.879388570785522461e-01 -5.357544422149658203e-01 1.322743892669677734e-01 2.630110979080200195e-01
-3.316015601158142090e-01 -2.025077342987060547e-01 5.362347364425659180e-01 5.973943471908569336e-01
-7.574114799499511719e-01 3.139053583145141602e-01 4.077523946762084961e-01 4.270493984222412109e-01
3.332717418670654297e-01 -4.196696281433105469e-01 1.070286035537719727e-01 1.556347608566284180e-01
9.690392017364501953e-02 1.018878221511840820e-01 7.647752761840820312e-03 -2.917262911796569824e-01
-1.355112791061401367e-01 9.953407049179077148e-01 -9.280800819396972656e-01 6.861178874969482422e-01
-5.112408399581909180e-01 6.127067804336547852e-01 1.089320182800292969e-01 -8.832935094833374023e-01
-7.893020510673522949e-01 8.180490732192993164e-01 -8.841375112533569336e-01 -2.353569269180297852e-01
-9.452754259109497070e-02 6.817536354064941406e-01 7.443892955780029297e-01 4.982663393020629883e-01
2.193449735641479492e-01 -8.481345176696777344e-01 8.071912527084350586e-01 2.798645496368408203e-01
