7.887154817581176758e-01 -4.833775758743286133e-01 7.357890605926513672e-01 -3.647088408470153809e-01 9.481886625289916992e-01 8.600724935531616211e-01 -5.020612478256225586e-02 -6.994575262069702148e-01
-3.322713375091552734e-01 -8.532055616378784180e-01 7.587468624114990234e-02 7.012493610382080078e-01 -1.275110244750976562e-02 3.600805997848510742e-01 -2.745586633682250977e-02 -5.765268802642822266e-01
-4.862343668937683105e-01 1.506229639053344727e-01 9.473650455474853516e-01 8.097454309463500977e-01 7.711971998214721680e-01 5.960309505462646484e-01 4.657281637191772461e-01 7.537332773208618164e-01
-7.233356237411499023e-01 8.082189559936523438e-01 -9.199478030204772949e-01 2.170641422271728516e-01 -3.944462537765502930e-01 8.024477958679199219e-02 -2.135381102561950684e-01 9.924927949905395508e-01
-9.428743720054626465e-01 -7.386947870254516602e-01 4.391945600509643555e-01 -5.324138402938842773e-01 7.459454536437988281e-01 6.214176416397094727e-01 7.049763202667236328e-01 1.087057590484619141e-01
7.586172819137573242e-01 9.396938085556030273e-01 -3.188816905021667480e-01 2.544845342636108398e-01 1.130402088165283203e-02 -6.985330581665039062e-01 -2.815474271774291992e-01 8.537945747375488281e-01
-1.544978618621826172e-01 -7.953506708145141602e-01 -3.867475390434265137e-01 -3.601987957954406738e-01 1.868705749511718750e-01 -2.252379655838012695e-01 -3.532254695892333984e-01 7.885848283767700195e-01
4.704705476760864258e-01 -4.854846000671386719e-02 4.831491708755493164e-01 8.017588853836059570e-01 8.908867835998535156e-02 -7.966945171356201172e-01 1.728391647338867188e-01 -8.042630553245544434e-01
-3.204311132431030273e-01 -9.153209924697875977e-01 -4.172763228416442871e-01 -9.978492259979248047e-01 -2.525706887245178223e-01 6.047759056091308594e-01 1.482522487640380859e-01 -9.491950869560241699e-01
5.414769649505615234e-01 8.701881170272827148e-01 7.170084714889526367e-01 9.508018493652343750e-01 4.564766883850097656e-01 -5.697168111801147461e-01 1.994038820266723633e-01 7.699692249298095703e-02
-6.766721606254577637e-01 7.919392585754394531e-01 2.220474481582641602e-01 2.103133201599121094e-01 8.604766130447387695e-01 -3.195458650588989258e-01 -4.150497913360595703e-02 -2.220880389213562012e-01
8.824142217636108398e-01 1.582758426666259766e-01 -1.741701364517211914e-02 6.518516540527343750e-01 -9.628479480743408203e-01 -3.651061058044433594e-01 9.639098644256591797e-01 -2.222774624824523926e-01
2.939172983169555664e-01 -6.048839092254638672e-01 -7.463511824607849121e-01 -8.072209358215332031e-01 -9.826367497444152832e-01 9.071483612060546875e-01 -1.541549563407897949e-01 5.669548511505126953e-01
3.069953918457031250e-01 9.365417957305908203e-01 2.681821584701538086e-01 1.447931528091430664e-01 -8.338572978973388672e-01 6.658507585525512695e-01 -5.582801699638366699e-01 -4.857141375541687012e-01
9.751099348068237305e-01 -9.137650132179260254e-01 -9.163522720336914062e-01 -9.654526710510253906e-01 -9.898966550827026367e-01 -8.958024382591247559e-01 2.659826278686523438e-01 -2.615820169448852539e-01
1.131774187088012695e-01 -9.446371197700500488e-01 -8.099275827407836914e-01 -2.025203108787536621e-01 -9.639630913734436035e-01 2.135498523712158203e-01 9.629101753234863281e-01 -7.621610164642333984e-01
-9.127961993217468262e-01 2.186589241027832031e-01 -6.220935583114624023e-01 -4.338169097900390625e-01 -2.858117222785949707e-01 9.420199394226074219e-01 6.926038265228271484e-01 -2.480053305625915527e-01
-9.596572518348693848e-01 -5.952531099319458008e-01 -5.222237110137939453e-01 7.457343339920043945e-01 -8.352437019348144531e-01 1.643589735031127930e-01 5.904483795166015625e-01 -1.610434055328369141e-01
9.452742338180541992e-01 -9.851211309432983398e-01 -5.127031803131103516e-01 6.998406648635864258e-01 5.127800703048706055e-01 5.624614953994750977e-01 -3.598428368568420410e-01 -2.341763973236083984e-01
9.130666255950927734e-01 7.422971725463867188e-02 -4.296342134475708008e-01 -1.720417737960815430e-01 -1.157226562500000000e-01 -1.740536689758300781e-01 -6.035327911376953125e-02 -5.559452772140502930e-01
-2.600127458572387695e-02 5.377967357635498047e-01 1.339992284774780273e-01 9.522335529327392578e-01 -2.171659469604492188e-02 -3.739867806434631348e-01 -7.022569775581359863e-01 -2.482552528381347656e-01
-3.948903083801269531e-02 -4.904690384864807129e-01 -7.058269381523132324e-01 1.018546819686889648e-01 7.547563314437866211e-01 -2.195845842361450195e-01 2.355397939682006836e-01 8.218601942062377930e-01
7.304428815841674805e-01 -5.806436538696289062e-01 4.019943475723266602e-01 2.953127622604370117e-01 -1.612778902053833008e-01 5.568163394927978516e-01 2.751430273056030273e-01 -5.945370793342590332e-01
9.644930362701416016e-01 -7.538849115371704102e-01 -6.057900190353393555e-02 3.466944694519042969e-01 2.342669963836669922e-01 -7.172241806983947754e-01 -1.711206436157226562e-01 5.012512207031250000e-02
-6.911307573318481445e-01 -5.721181631088256836e-01 -2.617933154106140137e-01 8.530032634735107422e-01 7.908902168273925781e-01 3.134404420852661133e-01 -3.337241411209106445e-01 -8.049179911613464355e-01
-5.519766807556152344e-01 8.105446100234985352e-01 3.822900056838989258e-01 -9.147597551345825195e-01 8.714824914932250977e-01 -5.329011082649230957e-01 -5.325388908386230469e-02 9.912402629852294922e-01
5.387270450592041016e-02 7.015019655227661133e-01 -4.960401058197021484e-01 4.099270105361938477e-01 5.155652761459350586e-01 -8.404791951179504395e-01 -1.567017436027526855e-01 -9.187256097793579102e-01
-8.143076896667480469e-01 8.879092931747436523e-01 6.651617288589477539e-01 4.582248926162719727e-01 -7.698090076446533203e-01 -9.941723942756652832e-01 -4.767429828643798828e-02 -4.361358880996704102e-01
-6.467823386192321777e-01 -8.837844133377075195e-01 -2.282341718673706055e-01 6.858963966369628906e-01 -8.362116217613220215e-01 5.411938428878784180e-01 -9.616664052009582520e-01 -9.961751699447631836e-01
5.814610719680786133e-01 4.511612653732299805e-01 6.798212528228759766e-01 -8.171307444572448730e-01 -3.033841848373413086e-01 8.632526397705078125e-01 -6.041714549064636230e-01 -8.612370491027832031e-01
-1.562854051589965820e-01 7.792160511016845703e-01 5.470544099807739258e-01 1.424522399902343750e-01 8.949513435363769531e-01 -4.769969582557678223e-01 -8.304234743118286133e-01 2.881319522857666016e-01
-2.370119094848632812e-01 -7.108774185180664062e-01 2.129584550857543945e-01 5.961930751800537109e-02 3.419491052627563477e-01 5.287481546401977539e-01 2.628887891769409180e-01 3.094176054000854492e-01
6.222723722457885742e-01 4.708933830261230469e-02 -6.242635846138000488e-01 -9.072080254554748535e-01 4.746458530426025391e-01 -2.327830195426940918e-01 4.587680101394653320e-01 -3.228280544281005859e-01
-5.068811178207397461e-01 -6.160075664520263672e-01 -8.740776777267456055e-01 5.313456058502197266e-02 -4.875131249427795410e-01 8.646383285522460938e-01 -3.056603670120239258e-01 9.692957401275634766e-01
2.069091796875000000e-01 -6.443047523498535156e-01 -8.180781602859497070e-01 8.943847417831420898e-01 -7.359663844108581543e-01 -4.498981833457946777e-01 -1.535548567771911621e-01 -7.385697364807128906e-01
-1.552807688713073730e-01 -6.261433362960815430e-01 5.401781797409057617e-01 -7.332686185836791992e-01 7.920211553573608398e-01 -4.617345929145812988e-01 7.462217807769775391e-01 -4.944121837615966797e-02
3.143023252487182617e-01 6.324583292007446289e-01 4.198899269104003906e-01 -7.994429469108581543e-01 7.447186708450317383e-01 -8.687205910682678223e-01 -7.925149202346801758e-01 -4.422606825828552246e-01
-2.717155218124389648e-01 -9.843491911888122559e-01 1.470172405242919922e-02 -6.281542778015136719e-01 4.140217304229736328e-01 -9.306139349937438965e-01 -2.792139649391174316e-01 3.776149749755859375e-01
-2.181861996650695801e-01 -2.081203460693359375e-02 -2.479390501976013184e-01 -7.217189073562622070e-01 -3.303050994873046875e-03 7.816525697708129883e-01 -1.953849196434020996e-01 -9.992313385009765625e-01
9.612368345260620117e-01 6.468862295150756836e-01 5.404915809631347656e-01 -6.507050991058349609e-01 7.724266052246093750e-01 6.848835945129394531e-02 -6.084345579147338867e-01 5.696218013763427734e-01
4.394268989562988281e-01 -3.022151589393615723e-01 4.305602312088012695e-01 -3.697818517684936523e-01 -2.454553246498107910e-01 1.370021104812622070e-01 6.438672542572021484e-02 -8.310334682464599609e-01
-9.028696417808532715e-01 6.412690877914428711e-01 -5.003110170364379883e-01 -2.290675044059753418e-01 9.679664373397827148e-01 9.312819242477416992e-01 -1.299325823783874512e-01 2.532227039337158203e-01
-6.393973231315612793e-01 -8.878585696220397949e-01 3.145465850830078125e-01 -8.860430121421813965e-01 -5.348991751670837402e-01 9.712052345275878906e-01 -5.614962577819824219e-01 -4.920942783355712891e-01
-2.099962830543518066e-01 2.362135648727416992e-01 -1.189062595367431641e-01 -5.800157189369201660e-01 9.726420640945434570e-01 9.678158760070800781e-01 -2.903005480766296387e-01 -1.760475635528564453e-01
-4.246316552162170410e-01 6.754903793334960938e-01 -9.409007430076599121e-01 6.248804330825805664e-01 6.043756008148193359e-01 -1.979847550392150879e-01 4.638481140136718750e-01 8.641260862350463867e-01
7.310391664505004883e-01 -7.082387804985046387e-01 -8.543258905410766602e-01 -9.511624574661254883e-01 -9.648166894912719727e-01 9.857614040374755859e-01 -7.634295821189880371e-01 5.912588834762573242e-01
-8.277903199195861816e-01 1.311792135238647461e-01 -7.675383090972900391e-01 7.647663354873657227e-01 -9.858583807945251465e-01 -7.953092455863952637e-01 9.101039171218872070e-01 -7.517057657241821289e-01
9.012322425842285156e-01 -8.514044284820556641e-01 4.669014215469360352e-01 -6.477317810058593750e-01 1.353557109832763672e-01 4.302833080291748047e-01 3.995614051818847656e-01 2.892428636550903320e-01
1.271800994873046875e-01 6.061754226684570312e-01 -8.999345302581787109e-01 -2.122145891189575195e-02 -2.617515325546264648e-01 -9.795945882797241211e-01 8.638319969177246094e-01 6.434119939804077148e-01
-2.544361352920532227e-01 6.261801719665527344e-02 -6.656073927879333496e-01 -3.069005012512207031e-01 -1.150979995727539062e-01 9.053226709365844727e-01 -7.054096460342407227e-01 3.857386112213134766e-02
8.117012977600097656e-01 1.257848739624023438e-01 -7.423170208930969238e-01 2.987623214721679688e-03 6.093268394470214844e-01 -9.421414732933044434e-01 -3.061578869819641113e-01 2.748850584030151367e-01
-8.851106762886047363e-01 4.278355836868286133e-01 -3.073241114616394043e-01 5.774410963058471680e-01 8.345127105712890625e-01 -8.160510063171386719e-01 -5.536836981773376465e-01 -3.115202784538269043e-01
-9.895216822624206543e-01 -6.160026788711547852e-01 -1.889314651489257812e-01 -8.377866148948669434e-01 -1.076889038085937500e-01 -9.482249617576599121e-01 -1.556420326232910156e-01 1.527935266494750977e-01
5.554704666137695312e-01 -3.462101221084594727e-01 -7.958809137344360352e-01 3.537963628768920898e-01 3.432767391204833984e-01 3.748935461044311523e-01 6.584883928298950195e-01 9.027287960052490234e-01
1.056907176971435547e-01 9.305676221847534180e-01 2.315144538879394531e-01 6.434808969497680664e-01 -3.568024039268493652e-01 3.695987462997436523e-01 9.917548894882202148e-01 -5.568797588348388672e-01
-3.566399812698364258e-01 5.814021825790405273e-01 -1.820595264434814453e-01 -9.711313247680664062e-01 6.585004329681396484e-01 1.446295976638793945e-01 2.719904184341430664e-01 -4.633839726448059082e-01
-4.130924940109252930e-01 -9.742259979248046875e-02 3.110877275466918945e-01 -2.353113889694213867e-01 -2.202304005622863770e-01 -8.957154750823974609e-01 6.756163835525512695e-01 -8.341833353042602539e-01
1.470220088958740234e-02 6.002172231674194336e-01 9.991188049316406250e-01 3.623510599136352539e-01 -1.827942132949829102e-01 -2.219285964965820312e-01 5.951857566833496094e-02 2.060407400131225586e-01
3.101837635040283203e-02 -6.389062404632568359e-01 2.924382686614990234e-02 8.729410171508789062e-01 9.720548391342163086e-01 6.600409746170043945e-01 -9.362543225288391113e-01 8.365267515182495117e-01
3.900264501571655273e-01 -2.658513784408569336e-01 8.360961675643920898e-01 -5.579299926757812500e-01 5.672113895416259766e-01 5.233401060104370117e-01 -2.819142341613769531e-01 6.650393009185791016e-01
7.636598348617553711e-01 3.070967197418212891e-01 9.008009433746337891e-01 -3.017508387565612793e-01 3.399394750595092773e-01 1.040800809860229492e-01 -2.264240980148315430e-01 -1.905410885810852051e-01
-1.314251422882080078e-01 -2.092035412788391113e-01 -1.224945187568664551e-01 -1.240656971931457520e-01 -4.687745571136474609e-01 -2.840092778205871582e-01 -7.553277015686035156e-01 8.820576667785644531e-01
6.724988222122192383e-01 1.444935798645019531e-03 -1.119831204414367676e-01 -7.659066915512084961e-01 5.783129930496215820e-01 -5.676025152206420898e-01 -1.091502904891967773e-01 -8.631042242050170898e-01
2.235630750656127930e-01 8.307093381881713867e-01 -2.153704762458801270e-01 -1.216681003570556641e-01 3.966002464294433594e-01 -3.918966054916381836e-01 -7.499804496765136719e-01 -3.231174945831298828e-01
-4.009264707565307617e-01 -2.603328227996826172e-01 9.250016212463378906e-01 -5.643618106842041016e-01 3.734041452407836914e-01 -5.329881906509399414e-01 -8.273995518684387207e-01 3.175880908966064453e-01
4.234938621520996094e-01 -1.291766762733459473e-01 6.688551902770996094e-01 -5.686617493629455566e-01 7.040551900863647461e-01 -5.093005895614624023e-01 3.210690021514892578e-01 -8.981909751892089844e-01
2.294622659683227539e-01 8.588420152664184570e-01 -7.307964563369750977e-02 -4.088011980056762695e-01 -5.445304512977600098e-01 8.134388923645019531e-02 -4.870355129241943359e-02 -4.916250109672546387e-01
8.121230602264404297e-01 -8.800457119941711426e-01 -5.020046234130859375e-01 -8.636666536331176758e-01 4.217712879180908203e-01 -9.846556186676025391e-01 1.267005205154418945e-01 -4.167398810386657715e-01
-1.065884232521057129e-01 1.680519580841064453e-01 5.741966962814331055e-01 -6.581878662109375000e-02 -2.340427041053771973e-01 -3.540825843811035156e-02 5.870369672775268555e-01 -8.755200505256652832e-01
-3.890549540519714355e-01 -3.889845013618469238e-01 -3.157024979591369629e-01 -3.842672109603881836e-01 -8.321641683578491211e-01 -1.112961769104003906e-02 -2.164440751075744629e-01 -9.414659738540649414e-01
9.012297391891479492e-01 -5.626232624053955078e-01 -4.860147833824157715e-01 9.967907667160034180e-01 4.825271368026733398e-01 -2.400627732276916504e-01 2.049566507339477539e-01 -5.503095388412475586e-01
-7.682063579559326172e-01 7.416380643844604492e-01 -1.919106841087341309e-01 -2.654314041137695312e-02 -4.692065715789794922e-02 -3.698051571846008301e-01 3.936731815338134766e-01 -8.360073566436767578e-01
1.995213031768798828e-01 -2.067611217498779297e-01 -2.226209044456481934e-01 4.038931131362915039e-01 -5.337610244750976562e-01 -3.916230797767639160e-01 -6.904828548431396484e-01 -3.852756619453430176e-01
-1.411408185958862305e-02 -1.963248848915100098e-01 1.069892644882202148e-01 -8.294439315795898438e-01 -5.734416246414184570e-01 -4.430838823318481445e-01 -3.350930809974670410e-01 5.221797227859497070e-01
-4.981803297996520996e-01 3.232836723327636719e-01 1.859821081161499023e-01 2.364104986190795898e-01 1.033514738082885742e-01 8.616875410079956055e-01 8.638635873794555664e-01 7.831333875656127930e-01
-9.734425544738769531e-01 -8.239191770553588867e-01 -3.599462509155273438e-01 7.373464107513427734e-02 -5.362191796302795410e-01 6.947134733200073242e-01 -4.146184325218200684e-01 -6.562601327896118164e-01
5.207895040512084961e-01 8.381198644638061523e-01 9.860583543777465820e-01 4.289115667343139648e-01 -6.958868503570556641e-01 -2.166793346405029297e-01 -5.360548496246337891e-01 8.568239212036132812e-02
4.001319408416748047e-02 6.422710418701171875e-02 -8.681801557540893555e-01 2.035880088806152344e-02 6.547522544860839844e-02 3.165733814239501953e-01 6.246529817581176758e-01 -6.623389720916748047e-01
-6.590998768806457520e-01 -7.561634778976440430e-01 3.606097698211669922e-01 8.396332263946533203e-01 2.668595314025878906e-01 6.557478904724121094e-01 -1.962248086929321289e-01 -1.389634609222412109e-01
-7.319619059562683105e-01 -7.284628152847290039e-01 -6.382662057876586914e-01 2.172024250030517578e-01 -5.974628925323486328e-01 1.508606672286987305e-01 9.720553159713745117e-01 9.611520767211914062e-01
-7.305485010147094727e-02 -5.561006069183349609e-01 -4.250917434692382812e-01 -5.911386609077453613e-01 -8.192379474639892578e-01 -8.122819066047668457e-01 5.743271112442016602e-01 4.561841487884521484e-02
-7.034204006195068359e-01 -4.832878708839416504e-01 -8.675438165664672852e-02 -6.261348724365234375e-03 5.512869358062744141e-02 6.144266128540039062e-01 -9.954643845558166504e-01 9.921109676361083984e-02
-2.775422930717468262e-01 1.389690637588500977e-01 8.255606889724731445e-01 -5.440044403076171875e-02 5.697035789489746094e-01 3.018227815628051758e-01 -3.203666806221008301e-01 -7.837055325508117676e-01
-4.894567728042602539e-01 5.193198919296264648e-01 -1.935306787490844727e-01 9.236700534820556641e-01 3.952641487121582031e-01 -9.861962795257568359e-01 8.583450317382812500e-02 6.877826452255249023e-01
1.223089694976806641e-01 -4.321421980857849121e-01 -5.495975613594055176e-01 4.848072528839111328e-01 -7.210253477096557617e-01 3.868732452392578125e-01 -3.183611035346984863e-01 2.371718883514404297e-01
3.020542860031127930e-01 6.054948568344116211e-01 -3.951347470283508301e-01 7.030726671218872070e-01 -9.230331182479858398e-01 -9.336353540420532227e-01 -3.112927079200744629e-01 -4.721921086311340332e-01
-6.457328796386718750e-01 -1.242610216140747070e-01 -6.865110397338867188e-01 -6.045619249343872070e-01 -2.882912158966064453e-01 6.451919078826904297e-01 2.835165262222290039e-01 2.139240503311157227e-01
-4.291248917579650879e-01 -2.062054872512817383e-01 9.270763397216796875e-01 -1.719075441360473633e-02 7.102737426757812500e-01 -5.270479917526245117e-01 -9.367179274559020996e-01 -2.420359849929809570e-01
7.783472537994384766e-01 6.052759885787963867e-01 -7.035011053085327148e-01 4.913593530654907227e-01 8.316541910171508789e-01 -7.568616271018981934e-01 -1.243674755096435547e-02 5.844384431838989258e-01
2.947769165039062500e-01 2.597632408142089844e-01 -1.530618071556091309e-01 -9.429713487625122070e-01 2.172789573669433594e-01 -8.236773610115051270e-01 -6.439232826232910156e-02 2.159332036972045898e-01
-7.915126085281372070e-01 3.224604129791259766e-01 3.406696319580078125e-01 3.709822893142700195e-01 9.540370702743530273e-01 -4.108446836471557617e-01 6.619091033935546875e-01 3.218996524810791016e-02
7.283693552017211914e-01 1.664214134216308594e-01 3.496679067611694336e-01 -7.198655605316162109e-01 6.889069080352783203e-02 -9.686783552169799805e-01 -2.388061285018920898e-01 9.882535934448242188e-01
6.303445100784301758e-01 6.315366029739379883e-01 8.580447435379028320e-01 -9.142226576805114746e-01 -8.106704950332641602e-01 9.513306617736816406e-02 1.553891897201538086e-01 -2.902970314025878906e-01
7.062945365905761719e-01 9.728147983551025391e-01 -5.826411247253417969e-01 -9.160580039024353027e-01 2.927383184432983398e-01 3.247678279876708984e-01 2.427858114242553711e-01 9.221820831298828125e-01
8.889520168304443359e-02 -9.529531598091125488e-01 -4.336230158805847168e-01 -6.123681664466857910e-01 6.430413722991943359e-01 -6.745899915695190430e-01 9.260511398315429688e-01 7.217983007431030273e-01
4.294723272323608398e-01 7.907524108886718750e-01 6.946724653244018555e-01 -5.855623483657836914e-01 -5.559619665145874023e-01 3.232553005218505859e-01 6.049335002899169922e-01 4.989038705825805664e-01
4.457041025161743164e-01 2.717299461364746094e-01 2.573535442352294922e-01 -2.631160020828247070e-01 -9.934203624725341797e-01 2.337729930877685547e-01 8.734740018844604492e-01 -5.810506343841552734e-01
-1.787387728691101074e-01 5.926413536071777344e-01 5.206298828125000000e-01 7.065699100494384766e-01 -9.351046085357666016e-01 -6.656011343002319336e-01 -9.104277491569519043e-01 8.045172691345214844e-01
1.982752084732055664e-01 7.071279287338256836e-01 9.103027582168579102e-01 -9.429027438163757324e-01 2.483797073364257812e-02 1.398453712463378906e-01 5.500757694244384766e-01 -5.341908335685729980e-01
3.511948585510253906e-01 8.347105979919433594e-02 8.040821552276611328e-02 -7.375124692916870117e-01 -5.970994234085083008e-01 -4.852586984634399414e-01 -2.177839875221252441e-01 -1.145382523536682129e-01
-9.521883726119995117e-01 1.048096418380737305e-01 -4.172254800796508789e-01 8.935508728027343750e-01 -9.853029251098632812e-02 8.120667934417724609e-01 -1.427084207534790039e-02 -1.205130219459533691e-01
8.561049699783325195e-01 3.880878686904907227e-01 9.393470287322998047e-01 -8.376522064208984375e-01 6.891155242919921875e-01 -2.693242430686950684e-01 -3.105795383453369141e-01 6.018900871276855469e-01
8.835790157318115234e-01 -8.886036276817321777e-01 2.869719266891479492e-01 8.540916442871093750e-02 4.190979003906250000e-01 -7.795634269714355469e-01 4.208178520202636719e-01 -8.286795616149902344e-01
8.370788097381591797e-01 7.319492101669311523e-01 -9.563359022140502930e-01 -7.261090278625488281e-01 9.929502010345458984e-02 -4.868627786636352539e-01 4.440307617187500000e-01 -6.475361585617065430e-01
7.335597276687622070e-01 5.457437038421630859e-02 5.647100210189819336e-01 7.048265933990478516e-01 4.350910186767578125e-01 -5.046543478965759277e-01 -2.694399356842041016e-01 -8.258601427078247070e-01
5.508399009704589844e-01 -2.298321127891540527e-01 -1.562100648880004883e-01 1.387890577316284180e-01 -3.109006285667419434e-01 -9.588036537170410156e-01 6.039959192276000977e-01 8.443050384521484375e-01
2.846641540527343750e-01 -3.619239330291748047e-01 2.741336822509765625e-03 9.681303501129150391e-01 4.839150905609130859e-01 6.482412815093994141e-01 -4.149980545043945312e-01 9.177134037017822266e-01
-6.912224292755126953e-01 7.524805068969726562e-01 6.556128263473510742e-01 8.452798128128051758e-01 -4.857631325721740723e-01 9.191311597824096680e-01 -3.184280991554260254e-01 5.295114517211914062e-01
8.038595914840698242e-01 7.685538530349731445e-01 -1.907819509506225586e-02 -9.588541388511657715e-01 9.670729637145996094e-01 9.384622573852539062e-01 3.450440168380737305e-01 8.549610376358032227e-01
2.527832984924316406e-02 3.526425361633300781e-01 -7.582191228866577148e-01 9.862440824508666992e-01 8.315623998641967773e-01 6.257311105728149414e-01 -6.285398006439208984e-01 1.045625209808349609e-01
9.835788011550903320e-01 -7.936669588088989258e-01 -4.227859377861022949e-01 4.638553857803344727e-01 -3.946086168289184570e-01 1.957243680953979492e-01 2.231501340866088867e-01 3.765735626220703125e-01
-5.870262384414672852e-01 -3.806422352790832520e-01 -3.436998724937438965e-01 3.470568656921386719e-01 -3.678336143493652344e-01 1.382231712341308594e-03 -5.547244548797607422e-01 -2.943535447120666504e-01
-7.885347604751586914e-01 -1.197863221168518066e-01 -4.357883930206298828e-01 -7.897264957427978516e-01 -8.937674164772033691e-01 -8.118200302124023438e-01 -4.802696108818054199e-01 1.393506526947021484e-01
6.628483533859252930e-01 8.557009696960449219e-02 -2.235167026519775391e-01 1.905456781387329102e-01 9.041144847869873047e-01 -2.879390716552734375e-01 -3.558229207992553711e-01 5.970071554183959961e-01
-8.962098956108093262e-01 -4.855521917343139648e-01 4.793449640274047852e-01 -3.559338450431823730e-01 -4.356766343116760254e-01 5.442006587982177734e-01 4.226073026657104492e-01 7.745608091354370117e-01
-4.924375414848327637e-01 -8.187782168388366699e-01 -1.116073727607727051e-01 2.321822643280029297e-01 -1.107509732246398926e-01 8.268096446990966797e-01 -4.768649339675903320e-01 -5.195515751838684082e-01
-5.444554090499877930e-01 9.896384477615356445e-01 -9.707520604133605957e-01 3.908932209014892578e-01 5.957419872283935547e-01 -1.111377477645874023e-01 5.672348737716674805e-01 5.762425661087036133e-01
-3.645038008689880371e-01 -6.794654130935668945e-01 -3.941906690597534180e-01 -9.554766416549682617e-01 -4.174757599830627441e-01 6.645499467849731445e-01 -7.438439130783081055e-01 -9.449995756149291992e-01
6.029489040374755859e-01 5.345085859298706055e-01 9.157081842422485352e-01 2.907335758209228516e-02 -6.793671846389770508e-01 -3.129698634147644043e-01 3.246891498565673828e-02 8.128662109375000000e-01
-6.497966051101684570e-01 -3.522568941116333008e-01 4.244744777679443359e-01 -3.000255823135375977e-01 -1.312690973281860352e-02 3.731591701507568359e-01 1.696470975875854492e-01 -9.194372892379760742e-01
9.673863649368286133e-01 -1.660044193267822266e-01 9.842801094055175781e-02 -5.597519874572753906e-02 8.860675096511840820e-01 8.516104221343994141e-01 7.014193534851074219e-01 -2.816071510314941406e-01
1.660292148590087891e-01 -6.047744750976562500e-01 8.250451087951660156e-02 -6.238830089569091797e-02 -6.786193847656250000e-01 -5.979195833206176758e-01 5.709500312805175781e-01 3.806403875350952148e-01
-9.497116208076477051e-01 -6.262300014495849609e-01 -7.371425628662109375e-01 -6.415784955024719238e-01 -1.773207783699035645e-01 8.856775760650634766e-01 2.691738605499267578e-01 5.381040573120117188e-01
5.950760841369628906e-01 -3.280737996101379395e-01 -5.079922080039978027e-01 -1.364215016365051270e-01 -2.565896511077880859e-02 -7.085955142974853516e-01 3.893375396728515625e-02 6.478428840637207031e-01
1.219210624694824219e-01 -1.572977900505065918e-01 2.620091438293457031e-01 -1.464106440544128418e-01 -5.374968051910400391e-02 -7.662209272384643555e-01 -7.952097654342651367e-01 -4.231861829757690430e-01
-5.320686101913452148e-02 -2.905625104904174805e-02 4.357467889785766602e-01 2.847491502761840820e-01 -2.069964408874511719e-01 -2.714967131614685059e-01 -7.136420011520385742e-01 1.040428876876831055e-01
-2.572163939476013184e-01 2.438607215881347656e-01 5.657352209091186523e-01 -8.620263934135437012e-01 2.855576276779174805e-01 -9.305643439292907715e-01 -2.214820981025695801e-01 -3.639246821403503418e-01
7.540953159332275391e-02 -2.940526604652404785e-01 3.889429569244384766e-01 -6.786299943923950195e-01 8.712279796600341797e-01 -3.267222642898559570e-01 8.261513710021972656e-01 9.442163705825805664e-01
-4.952099919319152832e-01 4.938594102859497070e-01 6.106708049774169922e-01 7.992219924926757812e-02 6.693459749221801758e-01 9.282249212265014648e-01 -8.997038602828979492e-01 -1.318264007568359375e-02
-6.532485485076904297e-01 -4.441009759902954102e-01 -3.060199618339538574e-01 1.718008518218994141e-02 4.591093063354492188e-01 -2.565579414367675781e-01 -5.796834230422973633e-01 -5.083127021789550781e-01
-9.798703193664550781e-01 5.072690248489379883e-01 -7.209349870681762695e-01 -3.854752182960510254e-01 -3.762881755828857422e-01 -3.639321923255920410e-01 -5.019928216934204102e-01 -6.753510236740112305e-01
-3.508994579315185547e-01 1.186523437500000000e-01 -8.198447227478027344e-01 -7.748987078666687012e-01 -4.765334129333496094e-01 -2.039361596107482910e-01 -5.134438276290893555e-01 9.472934007644653320e-01
-4.430114030838012695e-01 -1.494222879409790039e-02 -1.580652594566345215e-01 -9.493225812911987305e-02 -6.682709455490112305e-01 -1.753825545310974121e-01 -9.335548281669616699e-01 9.440469741821289062e-01
-1.535634994506835938e-01 9.481468200683593750e-01 -8.326281905174255371e-01 7.063527107238769531e-01 -8.222472667694091797e-01 -6.405314207077026367e-01 6.153209209442138672e-01 6.756843328475952148e-01
-8.499655127525329590e-01 6.571315526962280273e-01 -6.085426807403564453e-01 8.750380277633666992e-01 -7.315518260002136230e-01 -1.873769164085388184e-01 2.704622745513916016e-01 7.405661344528198242e-01
-1.082046627998352051e-01 6.696391105651855469e-01 -8.375630974769592285e-01 5.328700542449951172e-01 6.878268718719482422e-01 4.809372425079345703e-01 7.385325431823730469e-02 8.937191963195800781e-02
-5.365418195724487305e-01 -9.340026974678039551e-01 4.734781980514526367e-01 6.366392374038696289e-01 7.646492719650268555e-01 7.912948131561279297e-01 7.945387363433837891e-01 9.818912744522094727e-01
5.640054941177368164e-01 -2.786766290664672852e-01 2.581336498260498047e-01 -8.874619603157043457e-01 -6.178942918777465820e-01 -9.257522225379943848e-01 -4.965913295745849609e-01 -9.889140129089355469e-01
-4.322192072868347168e-01 -4.601822495460510254e-01 -4.581726193428039551e-01 -2.776635885238647461e-01 6.775420904159545898e-01 -9.673718214035034180e-01 -9.323242306709289551e-01 -2.848590612411499023e-01
-7.141712903976440430e-01 -3.707826137542724609e-03 -2.231597900390625000e-04 -1.711096167564392090e-01 6.245614290237426758e-01 8.326243162155151367e-01 6.905319690704345703e-01 -6.029969453811645508e-01
-1.163908839225769043e-01 2.930573225021362305e-01 7.774381637573242188e-01 -5.250126123428344727e-01 -1.122690439224243164e-01 3.360663652420043945e-01 -8.709602952003479004e-01 6.796205043792724609e-02
4.427394866943359375e-01 -4.618209600448608398e-01 -8.051347732543945312e-02 -7.824893593788146973e-01 7.859188318252563477e-01 -5.207320451736450195e-01 -5.877923965454101562e-02 6.697261333465576172e-02
7.857607603073120117e-01 -7.120266556739807129e-01 -6.826101541519165039e-01 -1.636226773262023926e-01 -2.242654561996459961e-02 4.826914072036743164e-01 -9.908387660980224609e-01 3.099030256271362305e-01
-5.697971582412719727e-02 -4.870775938034057617e-01 -1.305907964706420898e-01 7.763886451721191406e-02 2.260828018188476562e-02 -9.097790718078613281e-01 -9.161787033081054688e-01 -6.853333711624145508e-01
6.917154788970947266e-02 9.044086933135986328e-01 -4.379432797431945801e-01 -7.130879163742065430e-01 7.228881120681762695e-01 -5.059070587158203125e-01 8.332873582839965820e-01 2.225298881530761719e-01
-9.734037518501281738e-01 5.532227754592895508e-01 -1.541999578475952148e-01 -5.011976957321166992e-01 -7.877683043479919434e-01 7.953196763992309570e-01 -6.278043985366821289e-02 -3.244050741195678711e-01
3.785665035247802734e-01 2.997431755065917969e-01 6.497089862823486328e-01 2.778339385986328125e-02 -4.724442362785339355e-01 6.800936460494995117e-01 -7.399555444717407227e-01 -1.665188074111938477e-01
7.133979797363281250e-01 5.516574382781982422e-01 2.685638666152954102e-01 -4.348909258842468262e-01 -4.288076758384704590e-01 -4.480592012405395508e-01 -1.431413292884826660e-01 8.776006698608398438e-01
-3.913224339485168457e-01 -1.125869750976562500e-01 4.661022424697875977e-01 -3.318613171577453613e-01 1.317204236984252930e-01 -6.178245544433593750e-01 6.344763040542602539e-01 5.973322391510009766e-01
3.352835178375244141e-01 -9.203940629959106445e-02 5.749092102050781250e-01 8.552608489990234375e-01 9.692662954330444336e-01 9.554797410964965820e-01 -9.433265924453735352e-01 -4.556452035903930664e-01
-4.618173241615295410e-01 -7.872710824012756348e-01 -3.757652044296264648e-01 -9.452966451644897461e-01 -6.327525377273559570e-01 -3.142089247703552246e-01 -1.856410503387451172e-02 3.672494888305664062e-01
4.633296728134155273e-01 5.106909275054931641e-01 7.425174713134765625e-01 1.875302791595458984e-01 9.969545602798461914e-01 2.737486362457275391e-01 -6.106497645378112793e-01 5.091176033020019531e-01
6.080729961395263672e-01 -3.195101022720336914e-01 -7.093033790588378906e-01 4.965890645980834961e-01 4.113926887512207031e-01 4.587960243225097656e-01 -1.337461471557617188e-01 -5.388597249984741211e-01
-1.781475543975830078e-01 9.498924016952514648e-01 -5.813056230545043945e-01 -3.911604881286621094e-01 -1.258575916290283203e-02 8.440418243408203125e-01 8.298729658126831055e-01 5.801761150360107422e-02
-6.136975288391113281e-01 9.333467483520507812e-02 1.898114681243896484e-01 -1.947791576385498047e-01 4.333703517913818359e-01 1.954162120819091797e-01 1.791223287582397461e-01 -3.046442866325378418e-01
8.962222337722778320e-01 -4.677874445915222168e-01 1.161321401596069336e-01 -9.989246726036071777e-01 6.396882534027099609e-01 -3.583154678344726562e-01 4.716805219650268555e-01 9.243963956832885742e-01
-5.849564075469970703e-02 -6.509877443313598633e-01 1.246042251586914062e-01 6.927428245544433594e-01 1.710406541824340820e-01 5.090832710266113281e-01 -6.384162306785583496e-01 5.813201665878295898e-01
9.202264547348022461e-01 8.758181333541870117e-01 7.266678810119628906e-01 -9.879846572875976562e-01 8.872035741806030273e-01 2.881900072097778320e-01 6.752653121948242188e-01 1.572334766387939453e-01
-6.667414903640747070e-01 -7.015863060951232910e-01 7.347904443740844727e-01 -5.289002656936645508e-01 3.154571056365966797e-01 6.455914974212646484e-01 -9.527480602264404297e-01 9.565699100494384766e-02
7.535243034362792969e-02 9.019402265548706055e-01 9.735165834426879883e-01 -2.010546326637268066e-01 -1.397690773010253906e-01 7.620096206665039062e-03 2.726054191589355469e-02 8.479573726654052734e-01
-3.659678697586059570e-01 9.963457584381103516e-01 8.542394638061523438e-01 9.829388856887817383e-01 1.235353946685791016e-01 2.280777692794799805e-01 -3.839741349220275879e-01 6.661133766174316406e-01
8.323309421539306641e-01 5.203595161437988281e-01 -1.481412053108215332e-01 -7.020506858825683594e-01 8.826522827148437500e-01 8.576916456222534180e-01 8.756231069564819336e-01 -8.932058811187744141e-01
-9.531924724578857422e-01 9.858965873718261719e-03 9.419732093811035156e-01 -2.651535868644714355e-01 5.115005970001220703e-01 -1.036593317985534668e-01 1.511902809143066406e-01 1.755073070526123047e-01
-1.909751892089843750e-01 7.787009477615356445e-01 -7.124396562576293945e-01 -9.370999336242675781e-01 -7.405507564544677734e-01 -1.277804374694824219e-01 9.606063365936279297e-01 9.311879873275756836e-01
8.660044670104980469e-01 1.372528076171875000e-02 3.497191667556762695e-01 -2.066837549209594727e-01 -9.004890918731689453e-02 -3.446646928787231445e-01 3.269906044006347656e-01 5.322773456573486328e-01
-7.838383316993713379e-01 -4.730396270751953125e-01 -7.115476727485656738e-01 6.205948591232299805e-01 1.232978105545043945e-01 4.767565727233886719e-01 -9.142243862152099609e-02 -9.336090087890625000e-01
-4.044368863105773926e-01 -4.859323501586914062e-01 -9.600809216499328613e-01 -3.664671778678894043e-01 1.761351823806762695e-01 2.895416021347045898e-01 4.540195465087890625e-01 7.305960655212402344e-01
-1.190124154090881348e-01 7.156040668487548828e-01 2.076508998870849609e-01 -5.153722167015075684e-01 -4.825574159622192383e-01 -4.047409892082214355e-01 -3.356456160545349121e-01 5.410898923873901367e-01
4.785755872726440430e-01 1.589652299880981445e-01 9.317249059677124023e-01 1.765547990798950195e-01 -6.114298105239868164e-01 -9.239294528961181641e-01 3.701182603836059570e-01 -1.907358169555664062e-01
5.367665290832519531e-01 4.445166587829589844e-01 -9.830886125564575195e-02 -3.001556396484375000e-01 8.596329689025878906e-01 8.225456476211547852e-01 5.807085037231445312e-01 6.859668493270874023e-01
6.593041419982910156e-01 5.376849174499511719e-01 1.038755178451538086e-01 1.675535440444946289e-01 1.971813440322875977e-01 -7.694548964500427246e-01 -1.253211498260498047e-02 6.107901334762573242e-01
-2.659799456596374512e-01 -2.813370227813720703e-01 2.283883094787597656e-02 -1.869274973869323730e-01 -5.323346853256225586e-01 -5.160961747169494629e-01 5.527315139770507812e-01 -5.389778614044189453e-01
-4.539921283721923828e-01 -9.917783737182617188e-02 -8.703199028968811035e-01 2.792267799377441406e-01 -9.936413764953613281e-01 1.744985580444335938e-01 -3.768632411956787109e-01 2.902542352676391602e-01
-9.367126226425170898e-01 5.404514074325561523e-01 3.653767108917236328e-01 -8.116756081581115723e-01 6.673892736434936523e-01 7.106832265853881836e-01 8.464627265930175781e-01 -3.915362358093261719e-01
4.907585382461547852e-01 -8.606574535369873047e-01 -1.044667959213256836e-01 -7.610653042793273926e-01 -5.878058075904846191e-01 9.387768507003784180e-01 5.432090759277343750e-01 -4.209706187248229980e-01
-5.611988306045532227e-01 4.820122718811035156e-01 6.919852495193481445e-01 -3.677762150764465332e-01 3.807414770126342773e-01 -7.503018975257873535e-01 9.847099781036376953e-01 4.637371301651000977e-01
-3.380841612815856934e-01 4.374576807022094727e-01 -3.489352464675903320e-01 5.812654495239257812e-01 9.271842241287231445e-01 -6.527178287506103516e-01 -8.529825210571289062e-01 -7.133452296257019043e-01
-7.537388205528259277e-01 3.582614660263061523e-01 9.915629625320434570e-01 -4.676421880722045898e-01 3.430565595626831055e-01 2.092748880386352539e-01 8.522706031799316406e-01 1.977957487106323242e-01
9.390925168991088867e-01 -4.907751679420471191e-01 2.489727735519409180e-01 -7.266036868095397949e-01 -6.412815451622009277e-01 5.567034482955932617e-01 1.688038110733032227e-01 9.911775588989257812e-01
-4.061762690544128418e-01 9.732260704040527344e-01 -1.531118154525756836e-02 6.158612966537475586e-01 4.578138589859008789e-01 8.515177965164184570e-01 7.078976631164550781e-01 5.240706205368041992e-01
7.666796445846557617e-01 -5.180308818817138672e-01 -4.904478192329406738e-01 9.166475534439086914e-01 -3.722425699234008789e-01 7.202703952789306641e-01 -7.577037811279296875e-01 -4.943976402282714844e-01
-1.501656174659729004e-01 6.739294528961181641e-02 1.832499504089355469e-01 -2.216181159019470215e-01 3.556604385375976562e-01 3.065980672836303711e-01 -3.230590820312500000e-01 8.224459886550903320e-01
-9.910352826118469238e-01 -2.262548208236694336e-01 -6.932252645492553711e-01 -1.398226022720336914e-01 -9.351053237915039062e-01 -4.470782279968261719e-01 1.332888603210449219e-01 -9.375645518302917480e-01
2.821378707885742188e-01 3.913108110427856445e-01 -1.072420477867126465e-01 -6.542438864707946777e-01 -2.558336853981018066e-01 9.985563755035400391e-01 -1.991530656814575195e-01 -3.289136886596679688e-01
1.754291057586669922e-01 4.620901346206665039e-01 -9.311591982841491699e-01 -5.092212557792663574e-01 5.577113628387451172e-01 5.140306949615478516e-01 7.722783088684082031e-01 5.164248943328857422e-01
-2.319020032882690430e-02 7.467156648635864258e-01 -9.412845373153686523e-01 4.587957859039306641e-01 4.456353187561035156e-02 3.799599409103393555e-01 -1.893255114555358887e-01 2.518101930618286133e-01
6.837792396545410156e-01 2.802383899688720703e-01 4.045256376266479492e-01 1.376680135726928711e-01 -1.379601955413818359e-01 3.493274450302124023e-01 -2.846753597259521484e-02 -1.736146211624145508e-01
-5.677518844604492188e-01 5.077586174011230469e-01 8.274942636489868164e-01 8.305931091308593750e-01 -6.610125303268432617e-01 -3.250604867935180664e-01 6.231427192687988281e-01 3.334548473358154297e-01
-2.517392635345458984e-01 2.241997718811035156e-01 -7.404277324676513672e-01 8.973799943923950195e-01 -7.216614484786987305e-02 -6.326692104339599609e-01 6.793816089630126953e-01 7.287455797195434570e-01
2.506477832794189453e-01 -7.472051978111267090e-01 -1.369234323501586914e-01 -5.480240583419799805e-01 -9.071494340896606445e-01 -9.819335937500000000e-01 2.951982021331787109e-01 -8.175919055938720703e-01
-6.390382647514343262e-01 -8.149722814559936523e-01 3.934639692306518555e-01 -2.060931921005249023e-01 -8.690418601036071777e-01 9.892030954360961914e-01 8.851953744888305664e-01 5.117806196212768555e-01
3.662126064300537109e-01 4.856846332550048828e-01 9.772667884826660156e-01 9.808444976806640625e-01 -9.542635679244995117e-01 7.607805728912353516e-02 -5.969462394714355469e-01 5.834858417510986328e-01
-3.342493772506713867e-01 -8.886019587516784668e-01 -5.486221313476562500e-01 1.794575452804565430e-01 -1.839714646339416504e-01 -9.170020222663879395e-01 -1.071381568908691406e-01 7.263672351837158203e-01
-2.274338006973266602e-01 2.380075454711914062e-01 1.395776271820068359e-01 -3.319637179374694824e-01 -5.545458793640136719e-01 1.847428083419799805e-01 5.655244588851928711e-01 2.354331016540527344e-01
9.681427478790283203e-02 2.627557516098022461e-01 -1.794530749320983887e-01 6.024020910263061523e-01 8.874478340148925781e-01 -2.027332782745361328e-03 7.312092781066894531e-01 3.645120859146118164e-01
6.163586378097534180e-01 -8.072364330291748047e-01 -6.109265685081481934e-01 -2.040872573852539062e-01 8.464233875274658203e-01 -4.273915886878967285e-01 1.011545658111572266e-01 -6.503286957740783691e-01
8.383696079254150391e-01 -1.043880581855773926e-01 6.738471984863281250e-02 8.345465660095214844e-01 -2.996896505355834961e-01 7.170543670654296875e-01 7.444947957992553711e-01 1.654793024063110352e-01
5.958535671234130859e-01 3.524086475372314453e-01 -3.931214213371276855e-01 2.447199821472167969e-01 1.940870285034179688e-02 -2.111687660217285156e-01 7.006901502609252930e-01 -1.554054617881774902e-01
-1.053789258003234863e-01 -4.231670498847961426e-01 -3.179680109024047852e-01 -2.673732042312622070e-01 7.435423135757446289e-01 -4.625936746597290039e-01 -3.030816316604614258e-01 -9.688448905944824219e-02
7.607650756835937500e-01 -8.563091158866882324e-01 -2.185035943984985352e-01 3.669517040252685547e-01 -4.860031604766845703e-01 9.061504602432250977e-01 -6.073725223541259766e-01 -2.519716024398803711e-01
