9.751434326171875000e-01 -6.152218580245971680e-01 3.920781612396240234e-01 -9.806191325187683105e-01
-8.489724993705749512e-01 7.790216207504272461e-01 1.839448213577270508e-01 -5.475438833236694336e-01
-5.158084630966186523e-02 4.215971231460571289e-01 2.951790094375610352e-01 -6.090480089187622070e-01
-5.674988031387329102e-01 7.567936182022094727e-01 3.633874654769897461e-01 -4.045268297195434570e-01
5.429898500442504883e-01 -6.078330278396606445e-01 -1.721159219741821289e-01 -2.807497978210449219e-03
-3.978824019432067871e-01 -9.466021060943603516e-01 2.615513801574707031e-01 -2.005718350410461426e-01
7.002127170562744141e-01 3.991614580154418945e-01 -2.680838108062744141e-02 -1.935625076293945312e-02
-6.337337493896484375e-01 -5.524616837501525879e-01 5.578503608703613281e-01 2.122038602828979492e-01
-1.954967379570007324e-01 6.062089204788208008e-01 3.914859294891357422e-01 -8.050562143325805664e-01
4.003819227218627930e-01 -6.235113739967346191e-01 -2.401474118232727051e-01 7.787895202636718750e-01
3.253962993621826172e-01 -5.427548885345458984e-01 -9.134949445724487305e-01 -7.891410589218139648e-02
-3.765130639076232910e-01 5.876674652099609375e-01 -1.272226572036743164e-01 -2.162687778472900391e-01
-7.525331974029541016e-01 4.721605777740478516e-01 -2.111176252365112305e-01 -6.285666227340698242e-01
-3.598099946975708008e-02 5.417480468750000000e-01 3.609606027603149414e-01 9.875243902206420898e-01
-8.893543481826782227e-02 -6.107428669929504395e-01 1.705836057662963867e-01 -6.575582027435302734e-01
3.124403953552246094e-01 1.667437553405761719e-01 9.088832139968872070e-01 -6.886169910430908203e-01
-2.528923153877258301e-01 6.702944040298461914e-01 -9.715020656585693359e-02 -8.206385374069213867e-01
-4.417096972465515137e-01 -7.967038750648498535e-01 1.839425563812255859e-01 8.380831480026245117e-01
4.274395704269409180e-01 4.513558149337768555e-01 -6.930600404739379883e-01 7.771246433258056641e-01
6.369423866271972656e-02 -9.957711696624755859e-01 -3.928127884864807129e-01 -7.460032105445861816e-01
-6.647655367851257324e-01 -7.363663911819458008e-01 1.485559940338134766e-01 -3.498126864433288574e-01
9.455925226211547852e-01 -6.940662860870361328e-01 -7.240415215492248535e-01 -9.034386873245239258e-01
-9.294300079345703125e-01 8.862859010696411133e-01 -5.002772212028503418e-01 9.915547370910644531e-01
5.373679399490356445e-01 -2.899376153945922852e-01 -8.282631039619445801e-01 6.752169132232666016e-02
4.597920179367065430e-01 3.590077161788940430e-01 9.342461824417114258e-01 5.702720880508422852e-01
-5.455036163330078125e-01 -3.896765708923339844e-01 6.224079132080078125e-01 -2.076212763786315918e-01
-2.093207240104675293e-01 1.880558729171752930e-01 -4.299272298812866211e-01 -6.801474094390869141e-01
3.840092420578002930e-01 -5.302174091339111328e-01 -2.988660335540771484e-01 -9.077990055084228516e-01
9.681773185729980469e-02 -2.791644930839538574e-01 -7.849562168121337891e-02 5.263564586639404297e-01
-1.850070357322692871e-01 4.758285284042358398e-01 -8.250948190689086914e-01 9.539598226547241211e-01
-6.284339427947998047e-01 -6.655818223953247070e-02 4.035729169845581055e-01 9.408429861068725586e-01
5.768535137176513672e-01 -2.430809140205383301e-01 -5.253463983535766602e-01 7.794545888900756836e-01
-5.742328166961669922e-01 -7.676465511322021484e-01 9.994968175888061523e-01 7.972328662872314453e-01
6.376743316650390625e-01 -5.622760057449340820e-01 -1.533036828041076660e-01 1.143134832382202148e-01
8.755893707275390625e-01 -9.083722829818725586e-01 4.707864522933959961e-01 -1.185166835784912109e-02
-4.415760040283203125e-01 -7.000601291656494141e-01 -4.273816347122192383e-01 -7.875022888183593750e-01
-2.635817527770996094e-01 1.865030527114868164e-01 5.637099742889404297e-01 2.356292009353637695e-01
1.735994815826416016e-01 -9.675672650337219238e-01 4.176573753356933594e-01 5.705513954162597656e-01
-2.707862257957458496e-01 -6.397066116333007812e-01 2.052465677261352539e-01 -1.155123114585876465e-01
4.894168376922607422e-01 1.625930070877075195e-01 -8.373311758041381836e-01 5.244950056076049805e-01
-6.105380058288574219e-01 3.255792856216430664e-01 -9.874796867370605469e-02 3.138542175292968750e-01
-6.365274190902709961e-01 -5.329982042312622070e-01 -7.393336296081542969e-01 5.001630783081054688e-01
1.614093780517578125e-03 -3.658327460289001465e-01 -4.383302927017211914e-01 7.010264396667480469e-01
-7.927035093307495117e-01 -3.706997036933898926e-01 -3.643831014633178711e-01 -1.346427798271179199e-01
-9.079614281654357910e-01 7.284832000732421875e-01 5.250264406204223633e-01 -4.154440164566040039e-01
4.795731306076049805e-01 7.289654016494750977e-01 9.409348964691162109e-01 9.921473264694213867e-01
8.174701929092407227e-01 -6.924116015434265137e-01 -1.384443044662475586e-02 9.712862968444824219e-01
7.844929695129394531e-01 1.934348344802856445e-01 6.225868463516235352e-01 3.177461624145507812e-01
-3.076693415641784668e-01 9.374037981033325195e-01 -7.556716799736022949e-01 -7.154988646507263184e-01
-5.154691934585571289e-01 7.711616754531860352e-01 -4.562054872512817383e-01 -5.003898143768310547e-01
7.029541730880737305e-01 -5.231158733367919922e-01 8.238972425460815430e-01 -8.295381069183349609e-01
6.068029403686523438e-01 -3.978073596954345703e-02 4.411759376525878906e-01 -9.160953164100646973e-01
-7.235951423645019531e-01 6.580485105514526367e-01 -1.627173423767089844e-01 1.773722171783447266e-01
-9.851654171943664551e-01 7.329536676406860352e-01 2.851912975311279297e-01 6.324286460876464844e-01
-4.758129715919494629e-01 9.967234134674072266e-01 -5.973284244537353516e-01 4.823480844497680664e-01
-2.935689091682434082e-01 4.508762359619140625e-01 -2.478007674217224121e-01 7.180824279785156250e-01
-2.286989092826843262e-01 7.211518287658691406e-01 -2.968786358833312988e-01 -8.916968703269958496e-01
2.043812274932861328e-01 6.988441944122314453e-01 4.475646018981933594e-01 -2.976086735725402832e-01
-4.334186315536499023e-01 1.294600963592529297e-01 -6.514927148818969727e-01 -4.609231948852539062e-01
-8.269551396369934082e-01 9.874556064605712891e-01 -6.739646196365356445e-01 -7.800368666648864746e-01
3.468096256256103516e-01 8.982062339782714844e-02 -8.814957141876220703e-01 -4.341313838958740234e-01
2.997522354125976562e-01 5.056858062744140625e-04 4.279345273971557617e-01 2.976933717727661133e-01
-2.218468785285949707e-01 -5.889413356781005859e-01 -5.770919322967529297e-01 9.946871995925903320e-01
-4.784338474273681641e-01 -1.412836313247680664e-01 -1.931887865066528320e-01 9.447470903396606445e-01
5.131925344467163086e-01 -7.834213972091674805e-01 8.386623859405517578e-01 -7.981929779052734375e-01
5.606782436370849609e-02 -8.368396759033203125e-01 4.250909090042114258e-01 6.124175786972045898e-01
-2.728843092918395996e-01 1.777398586273193359e-02 -5.377323031425476074e-01 8.222137689590454102e-01
-9.715034365653991699e-01 1.870324611663818359e-01 3.418967723846435547e-01 -7.015737891197204590e-01
-6.345410346984863281e-01 4.229573011398315430e-01 -3.929448127746582031e-02 -4.289323091506958008e-01
7.353732585906982422e-01 -8.392652273178100586e-01 9.297862052917480469e-01 -8.765933513641357422e-01
-4.292153716087341309e-01 -9.416329264640808105e-01 8.755385875701904297e-01 -3.349912166595458984e-01
-6.256315112113952637e-01 -2.353730201721191406e-01 -5.671668052673339844e-02 -7.198325395584106445e-01
7.106833457946777344e-01 -4.242320656776428223e-01 1.108348369598388672e-01 -9.121321439743041992e-01
-5.219051837921142578e-01 1.177132129669189453e-01 9.399263858795166016e-01 -5.153276324272155762e-01
2.994916439056396484e-01 6.478101015090942383e-01 3.338005542755126953e-01 4.864639043807983398e-01
-8.530034422874450684e-01 -8.099019527435302734e-02 2.840230464935302734e-01 6.560249328613281250e-01
-8.504226207733154297e-01 -9.895167350769042969e-01 -4.549149870872497559e-01 -9.234771728515625000e-01
1.584994792938232422e-02 -2.181649208068847656e-01 2.521796226501464844e-01 1.596453189849853516e-01
3.465460538864135742e-01 -3.442896604537963867e-01 -5.571890473365783691e-01 6.560802459716796875e-02
-7.998028397560119629e-01 4.010362625122070312e-01 -6.105610728263854980e-01 -9.169945716857910156e-01
-1.335701346397399902e-01 -3.251681327819824219e-01 9.846211671829223633e-01 -9.390421509742736816e-01
-9.658776521682739258e-01 7.927024364471435547e-01 9.606661796569824219e-01 -2.925821542739868164e-01
-6.005629301071166992e-01 -2.344900965690612793e-01 1.684540510177612305e-01 9.472968578338623047e-01
1.105464696884155273e-01 -4.365961551666259766e-01 -8.082110285758972168e-01 5.949985980987548828e-02
-5.702660083770751953e-01 -5.552332997322082520e-01 -8.053866624832153320e-01 6.364115476608276367e-01
-9.023810625076293945e-01 -6.969524621963500977e-01 5.323597192764282227e-01 2.548547983169555664e-01
9.985742568969726562e-01 -1.552093029022216797e-01 -8.580176830291748047e-01 7.775375843048095703e-01
-2.547155022621154785e-01 -2.239239215850830078e-01 -3.735789656639099121e-01 -7.888914346694946289e-01
1.664721965789794922e-02 -5.441806912422180176e-01 5.208933353424072266e-01 -4.149447083473205566e-01
-9.027267098426818848e-01 -8.625079989433288574e-01 6.647671461105346680e-01 -7.465735673904418945e-01
2.834026813507080078e-01 6.266546249389648438e-02 8.075306415557861328e-01 9.095338582992553711e-01
-6.601302623748779297e-01 1.622714996337890625e-01 6.822395324707031250e-01 7.546402215957641602e-01
-1.501045823097229004e-01 4.782789945602416992e-01 3.386437892913818359e-02 -2.106248140335083008e-01
-3.208298087120056152e-01 3.508150577545166016e-02 3.746938705444335938e-01 -9.795296788215637207e-01
-2.585176825523376465e-01 5.255875587463378906e-01 2.693601846694946289e-01 9.617116451263427734e-01
-9.279415607452392578e-01 -4.630400538444519043e-01 -1.960664987564086914e-01 6.957539319992065430e-01
-2.969340682029724121e-01 -1.504600048065185547e-02 -8.276845216751098633e-01 2.188347578048706055e-01
7.404227256774902344e-01 -3.392344117164611816e-01 1.704089641571044922e-01 6.370810270309448242e-01
6.953274011611938477e-01 -9.815853834152221680e-02 -1.270825862884521484e-01 6.672314405441284180e-01
-7.051796913146972656e-01 7.771850824356079102e-01 -5.725890398025512695e-01 -3.126221895217895508e-01
2.748435735702514648e-01 2.723027467727661133e-01 6.752111911773681641e-01 -2.720892429351806641e-02
-3.539699316024780273e-02 -9.983731508255004883e-01 8.282294273376464844e-01 1.528017520904541016e-01
3.948700428009033203e-02 -1.034115552902221680e-01 -9.754081368446350098e-01 9.293366670608520508e-01
-5.328950881958007812e-01 -7.374814152717590332e-01 7.238801717758178711e-01 1.321675777435302734e-01
-7.114357948303222656e-01 -5.704603195190429688e-01 -4.336642622947692871e-01 5.449533462524414062e-03
9.429697990417480469e-01 -9.155786037445068359e-02 4.680229425430297852e-01 5.502011775970458984e-01
4.854559898376464844e-02 5.906215906143188477e-01 2.250478267669677734e-01 4.820551872253417969e-01
4.781742095947265625e-01 -1.276464462280273438e-01 -6.459559202194213867e-01 -6.482477188110351562e-01
4.434250593185424805e-01 -8.043720722198486328e-01 -3.381643295288085938e-01 -9.709620475769042969e-01
2.303758859634399414e-01 8.948179483413696289e-01 9.706093072891235352e-01 -1.994825601577758789e-01
1.450246572494506836e-01 -3.378641605377197266e-02 7.116433382034301758e-01 7.661874294281005859e-01
6.834874153137207031e-01 -1.825612783432006836e-01 7.287695407867431641e-01 -6.104377508163452148e-01
-7.104728221893310547e-01 -7.620640993118286133e-01 -3.916161060333251953e-01 -4.511052370071411133e-02
6.722600460052490234e-01 7.150423526763916016e-02 -5.823457241058349609e-02 6.862703561782836914e-01
-5.243307352066040039e-01 4.679099321365356445e-01 -7.102558612823486328e-01 3.588166236877441406e-01
5.286589860916137695e-01 4.191243648529052734e-02 1.467641592025756836e-01 8.812625408172607422e-01
8.270622491836547852e-01 -1.319698691368103027e-01 4.157543182373046875e-01 -1.944665908813476562e-01
-6.111907362937927246e-01 -1.749712228775024414e-02 6.675243377685546875e-01 -3.746932744979858398e-01
8.458554744720458984e-02 -9.003841876983642578e-02 -3.111984133720397949e-01 -3.893953561782836914e-01
-5.495297908782958984e-01 -2.248860001564025879e-01 -7.078448534011840820e-01 2.254384756088256836e-01
3.866553306579589844e-02 3.412711620330810547e-02 6.230807304382324219e-01 -6.465953588485717773e-01
-3.581613898277282715e-01 -6.535898447036743164e-01 1.071003675460815430e-01 6.503478288650512695e-01
-2.800154685974121094e-02 -8.004901409149169922e-01 1.964671611785888672e-01 -6.973695755004882812e-01
-1.150963306427001953e-01 -8.793830275535583496e-01 -9.030878543853759766e-01 9.511409997940063477e-01
9.937506914138793945e-01 8.184982538223266602e-01 -4.365503191947937012e-01 1.342633962631225586e-01
5.309162139892578125e-01 2.786756753921508789e-01 7.358490228652954102e-01 3.119982481002807617e-01
-3.360766172409057617e-01 -4.392685890197753906e-01 -7.464729547500610352e-01 -6.635820865631103516e-01
-9.164878726005554199e-01 3.127851486206054688e-01 7.310473918914794922e-01 -2.891260981559753418e-01
4.322555065155029297e-01 -8.468924760818481445e-01 -7.945156097412109375e-02 2.321587800979614258e-01
2.406363487243652344e-01 -4.927324056625366211e-01 4.623752832412719727e-01 8.599323034286499023e-01
3.321725130081176758e-01 -6.475921869277954102e-01 -7.427237033843994141e-01 1.665246486663818359e-02
5.077396631240844727e-01 -1.873173117637634277e-01 4.691213369369506836e-01 -2.575159072875976562e-02
-8.672641515731811523e-01 -6.570278406143188477e-01 -6.692017316818237305e-01 3.842358589172363281e-01
-3.249454498291015625e-02 9.132621288299560547e-01 5.577743053436279297e-01 -4.129946827888488770e-01
2.418879270553588867e-01 1.633239984512329102e-01 -4.700943231582641602e-01 9.094508886337280273e-01
4.984986782073974609e-01 3.259522914886474609e-01 -2.354282140731811523e-02 1.057325601577758789e-01
9.825502634048461914e-01 1.456218957901000977e-01 6.386005878448486328e-01 4.451471567153930664e-01
9.831119775772094727e-01 -9.387389421463012695e-01 6.118816137313842773e-01 7.504655122756958008e-01
5.397341251373291016e-01 3.588423728942871094e-01 7.382563352584838867e-01 9.808850288391113281e-02
-9.105532765388488770e-01 -6.165307760238647461e-02 2.659077644348144531e-01 -3.725200295448303223e-01
9.940880537033081055e-01 -1.998361945152282715e-01 -9.529145359992980957e-01 -5.651499629020690918e-01
2.794687747955322266e-01 -7.554559707641601562e-01 9.843196868896484375e-01 5.458956956863403320e-01
8.975563049316406250e-01 -3.341647982597351074e-01 8.098495006561279297e-02 -1.513374447822570801e-01
6.744458675384521484e-01 4.916656017303466797e-02 -8.968976736068725586e-01 4.229123592376708984e-01
-3.191018104553222656e-02 2.338781356811523438e-01 -1.917493343353271484e-02 -9.128100872039794922e-01
-6.514471173286437988e-01 -1.305609941482543945e-01 -8.738024830818176270e-01 -1.422762870788574219e-01
7.878332138061523438e-01 2.847241163253784180e-01 5.251792669296264648e-01 -8.612338304519653320e-01
-5.415685772895812988e-01 -2.777374982833862305e-01 8.069413900375366211e-01 8.194828033447265625e-01
3.385658264160156250e-01 -5.565863847732543945e-01 -5.888398885726928711e-01 -6.376490592956542969e-01
-6.094996333122253418e-01 7.098662853240966797e-02 -7.032061815261840820e-01 8.029901981353759766e-01
9.780172109603881836e-01 -9.087982177734375000e-01 5.023281574249267578e-01 -9.636254906654357910e-01
-7.623403668403625488e-01 -7.520905733108520508e-01 -1.158043146133422852e-01 2.120554447174072266e-02
1.732254028320312500e-01 -9.325245022773742676e-01 -3.565288186073303223e-01 -6.085877418518066406e-01
5.440870523452758789e-01 6.630741357803344727e-01 -5.373827219009399414e-01 -4.786980748176574707e-01
-2.524917721748352051e-01 -2.832942008972167969e-01 7.468533515930175781e-02 5.318868160247802734e-02
-1.644743084907531738e-01 -1.363931298255920410e-01 -5.014199018478393555e-01 -5.898799300193786621e-01
2.714771032333374023e-01 9.639774560928344727e-01 2.946017980575561523e-01 7.964918613433837891e-01
-9.054524898529052734e-01 1.390814781188964844e-03 2.007769346237182617e-01 3.049635887145996094e-01
-1.399706006050109863e-01 9.212185144424438477e-01 1.158075332641601562e-01 -6.932908296585083008e-01
5.720587968826293945e-01 1.316330432891845703e-01 -1.126471757888793945e-01 -3.085670471191406250e-01
-3.877850770950317383e-01 -6.832386255264282227e-01 -8.846068978309631348e-01 -6.109640598297119141e-01
1.967843770980834961e-01 -9.811110496520996094e-01 -3.600865006446838379e-01 -2.411164045333862305e-01
-7.821071147918701172e-01 -5.623106956481933594e-01 -7.517313957214355469e-01 -7.116171717643737793e-01
-5.128067731857299805e-01 -6.375966072082519531e-01 8.653204441070556641e-01 -4.777315258979797363e-01
7.663602828979492188e-01 -7.410737276077270508e-01 9.007039070129394531e-01 -3.628329038619995117e-01
-7.180065512657165527e-01 9.721944332122802734e-01 -5.485192537307739258e-01 6.073960065841674805e-01
-6.869512796401977539e-02 5.875957012176513672e-02 -2.810364961624145508e-02 -8.591672182083129883e-01
-4.983613491058349609e-01 9.981094598770141602e-01 9.283767938613891602e-01 -8.785100579261779785e-01
7.883206605911254883e-01 -9.803124666213989258e-01 -7.030665874481201172e-02 7.963891029357910156e-01
7.307916879653930664e-01 7.132691144943237305e-01 1.065815687179565430e-01 -8.533148169517517090e-01
5.856022834777832031e-01 -6.903774738311767578e-01 -6.247580051422119141e-03 4.154982566833496094e-01
-6.465138196945190430e-01 8.424116373062133789e-01 -1.213202476501464844e-01 1.401165723800659180e-01
5.166524648666381836e-01 -6.593702435493469238e-01 -6.439659595489501953e-01 9.288783073425292969e-01
-9.657238721847534180e-01 -2.892104983329772949e-01 7.302412986755371094e-01 -3.412541747093200684e-01
-6.600743532180786133e-01 7.681688070297241211e-01 5.198990106582641602e-01 -5.897555351257324219e-01
1.196932792663574219e-01 -5.714818835258483887e-01 9.348891973495483398e-01 3.944981098175048828e-02
1.303250789642333984e-01 1.258785724639892578e-01 -8.294296264648437500e-01 3.435320854187011719e-01
-9.743797779083251953e-01 5.843639373779296875e-02 4.248440265655517578e-02 4.862112998962402344e-01
3.379201889038085938e-02 -6.580109000205993652e-01 -2.484540939331054688e-01 -3.665677905082702637e-01
4.956123828887939453e-01 3.007993698120117188e-01 8.758066892623901367e-01 2.732701301574707031e-01
-6.691956520080566406e-01 5.052009820938110352e-01 8.216540813446044922e-01 2.513241767883300781e-01
-4.586726427078247070e-01 1.920892000198364258e-01 -4.570122361183166504e-01 8.794500827789306641e-01
-4.498656392097473145e-01 -5.578927993774414062e-01 -5.645784139633178711e-01 3.180741071701049805e-01
-1.743001937866210938e-01 6.415363550186157227e-01 -8.308284878730773926e-01 -5.696678757667541504e-01
-6.843830347061157227e-01 -6.609891057014465332e-01 -9.770722985267639160e-01 8.403331041336059570e-01
4.469460248947143555e-01 -3.449453711509704590e-01 -6.407672166824340820e-02 -2.686859369277954102e-01
9.528977870941162109e-01 6.104648113250732422e-02 -1.584939956665039062e-01 1.017153263092041016e-01
9.117037057876586914e-01 5.086069107055664062e-01 -2.992127537727355957e-01 -6.467700004577636719e-02
7.258127927780151367e-01 -9.093179106712341309e-01 5.790027379989624023e-01 -6.771432161331176758e-01
8.800537586212158203e-01 4.422681331634521484e-01 -3.962969779968261719e-01 7.238782644271850586e-01
-3.345288038253784180e-01 1.058685779571533203e-02 -9.033259153366088867e-01 -9.243681430816650391e-01
1.145577430725097656e-02 7.363257408142089844e-01 -1.713467240333557129e-01 -1.288663148880004883e-01
3.833589553833007812e-01 7.423839569091796875e-01 -7.329786419868469238e-01 -9.875518083572387695e-02
-1.355563998222351074e-01 6.614336967468261719e-01 9.523969888687133789e-01 -3.090129494667053223e-01
-2.791959643363952637e-01 -3.619902729988098145e-01 -4.570850133895874023e-01 -1.419555544853210449e-01
-8.301799893379211426e-01 6.676498651504516602e-01 2.280430793762207031e-01 -6.919256448745727539e-01
-1.208400726318359375e-02 3.074213266372680664e-01 -3.067366480827331543e-01 -6.594393253326416016e-01
-2.391784191131591797e-01 -5.991883277893066406e-01 -4.481903910636901855e-01 -9.490152597427368164e-01
-8.669865131378173828e-02 -4.787337779998779297e-01 -1.888282299041748047e-01 -6.125116348266601562e-02
-8.977336883544921875e-01 4.166328907012939453e-02 -1.043505668640136719e-01 -6.470721960067749023e-01
